# column   1     --> step : The current simulation time step.
# column   2     --> time{femtosecond} : The elapsed simulation time.
# column   3     --> conserved{kelvin} : The value of the conserved energy quantity per bead.
# column   4     --> temperature{kelvin} : The current temperature, as obtained from the MD kinetic energy.
# column   5     --> kinetic_md{electronvolt} : The kinetic energy of the (extended) classical system.
# column   6     --> potential{electronvolt} : The physical system potential energy.
    0.00000000e+00     0.00000000e+00    -3.11475358e+08     8.57192984e+03     1.28725924e+00    -2.68422039e+04   
    1.00000000e+01     5.00000000e+00    -3.11474867e+08     8.43507026e+03     6.15020706e-01    -2.68414893e+04   
    2.00000000e+01     1.00000000e+01    -3.11475117e+08     8.45244492e+03     7.00363062e-01    -2.68415963e+04   
    3.00000000e+01     1.50000000e+01    -3.11475114e+08     8.44755808e+03     6.76359472e-01    -2.68415720e+04   
    4.00000000e+01     2.00000000e+01    -3.11475420e+08     8.47395477e+03     8.06016955e-01    -2.68417280e+04   
    5.00000000e+01     2.50000000e+01    -3.11475537e+08     8.43524470e+03     6.15877552e-01    -2.68415479e+04   
    6.00000000e+01     3.00000000e+01    -3.11474905e+08     8.44149427e+03     6.46574689e-01    -2.68415242e+04   
    7.00000000e+01     3.50000000e+01    -3.11475567e+08     8.44630409e+03     6.70200007e-01    -2.68416048e+04   
    8.00000000e+01     4.00000000e+01    -3.11475600e+08     8.43713846e+03     6.25179465e-01    -2.68415626e+04   
    9.00000000e+01     4.50000000e+01    -3.11475176e+08     8.43743732e+03     6.26647455e-01    -2.68415276e+04   
    1.00000000e+02     5.00000000e+01    -3.11475489e+08     8.44017934e+03     6.40115930e-01    -2.68415680e+04   
    1.10000000e+02     5.50000000e+01    -3.11475554e+08     8.44181078e+03     6.48129367e-01    -2.68415816e+04   
    1.20000000e+02     6.00000000e+01    -3.11475036e+08     8.44767401e+03     6.76928862e-01    -2.68415658e+04   
    1.30000000e+02     6.50000000e+01    -3.11475494e+08     8.43656144e+03     6.22345199e-01    -2.68415507e+04   
    1.40000000e+02     7.00000000e+01    -3.11475376e+08     8.42540168e+03     5.67529777e-01    -2.68414857e+04   
    1.50000000e+02     7.50000000e+01    -3.11475144e+08     8.44437340e+03     6.60716662e-01    -2.68415589e+04   
    1.60000000e+02     8.00000000e+01    -3.11475324e+08     8.44772065e+03     6.77157964e-01    -2.68415909e+04   
    1.70000000e+02     8.50000000e+01    -3.11474906e+08     8.44293662e+03     6.53659354e-01    -2.68415313e+04   
    1.80000000e+02     9.00000000e+01    -3.11475381e+08     8.42698571e+03     5.75310338e-01    -2.68414939e+04   
    1.90000000e+02     9.50000000e+01    -3.11474941e+08     8.43725985e+03     6.25775742e-01    -2.68415065e+04   
    2.00000000e+02     1.00000000e+02    -3.11475427e+08     8.44365456e+03     6.57185803e-01    -2.68415798e+04   
    2.10000000e+02     1.05000000e+02    -3.11475644e+08     8.45503574e+03     7.13088872e-01    -2.68416543e+04   
    2.20000000e+02     1.10000000e+02    -3.11474799e+08     8.42974379e+03     5.88857711e-01    -2.68414574e+04   
    2.30000000e+02     1.15000000e+02    -3.11475436e+08     8.42407601e+03     5.61018215e-01    -2.68414844e+04   
    2.40000000e+02     1.20000000e+02    -3.11475626e+08     8.46018284e+03     7.38370808e-01    -2.68416781e+04   
    2.50000000e+02     1.25000000e+02    -3.11475346e+08     8.41225529e+03     5.02956211e-01    -2.68414186e+04   
    2.60000000e+02     1.30000000e+02    -3.11475554e+08     8.44277479e+03     6.52864465e-01    -2.68415864e+04   
    2.70000000e+02     1.35000000e+02    -3.11475638e+08     8.45330809e+03     7.04602849e-01    -2.68416454e+04   
    2.80000000e+02     1.40000000e+02    -3.11475238e+08     8.45675625e+03     7.21539815e-01    -2.68416279e+04   
    2.90000000e+02     1.45000000e+02    -3.11475458e+08     8.42758397e+03     5.78248907e-01    -2.68415035e+04   
    3.00000000e+02     1.50000000e+02    -3.11475433e+08     8.45725483e+03     7.23988765e-01    -2.68416471e+04   
    3.10000000e+02     1.55000000e+02    -3.11475422e+08     8.41756408e+03     5.29032379e-01    -2.68414512e+04   
    3.20000000e+02     1.60000000e+02    -3.11475038e+08     8.40901658e+03     4.87048029e-01    -2.68413761e+04   
    3.30000000e+02     1.65000000e+02    -3.11475530e+08     8.43973062e+03     6.37911841e-01    -2.68415694e+04   
    3.40000000e+02     1.70000000e+02    -3.11475474e+08     8.43598290e+03     6.19503501e-01    -2.68415461e+04   
    3.50000000e+02     1.75000000e+02    -3.11474867e+08     8.41294615e+03     5.06349639e-01    -2.68413807e+04   
    3.60000000e+02     1.80000000e+02    -3.11475410e+08     8.40298245e+03     4.57409069e-01    -2.68413785e+04   
    3.70000000e+02     1.85000000e+02    -3.11475535e+08     8.44613563e+03     6.69372513e-01    -2.68416013e+04   
    3.80000000e+02     1.90000000e+02    -3.11475043e+08     8.41595589e+03     5.21133135e-01    -2.68414106e+04   
    3.90000000e+02     1.95000000e+02    -3.11475409e+08     8.44981858e+03     6.87462761e-01    -2.68416085e+04   
    4.00000000e+02     2.00000000e+02    -3.11475579e+08     8.44716374e+03     6.74422480e-01    -2.68416102e+04   
    4.10000000e+02     2.05000000e+02    -3.11474966e+08     8.44261830e+03     6.52095840e-01    -2.68415350e+04   
    4.20000000e+02     2.10000000e+02    -3.11475357e+08     8.44097687e+03     6.44033309e-01    -2.68415606e+04   
    4.30000000e+02     2.15000000e+02    -3.11475641e+08     8.45263952e+03     7.01318897e-01    -2.68416423e+04   
    4.40000000e+02     2.20000000e+02    -3.11475158e+08     8.43599303e+03     6.19553274e-01    -2.68415190e+04   
    4.50000000e+02     2.25000000e+02    -3.11474766e+08     8.46502357e+03     7.62147944e-01    -2.68416278e+04   
    4.60000000e+02     2.30000000e+02    -3.11475472e+08     8.42299154e+03     5.55691441e-01    -2.68414822e+04   
    4.70000000e+02     2.35000000e+02    -3.11475275e+08     8.45221310e+03     6.99224383e-01    -2.68416087e+04   
    4.80000000e+02     2.40000000e+02    -3.11475048e+08     8.43162197e+03     5.98083129e-01    -2.68414880e+04   
    4.90000000e+02     2.45000000e+02    -3.11475487e+08     8.46915026e+03     7.82417767e-01    -2.68417102e+04   
    5.00000000e+02     2.50000000e+02    -3.11475600e+08     8.43709259e+03     6.24954181e-01    -2.68415625e+04   
    5.10000000e+02     2.55000000e+02    -3.11474717e+08     8.44753449e+03     6.76243591e-01    -2.68415376e+04   
    5.20000000e+02     2.60000000e+02    -3.11475294e+08     8.42939281e+03     5.87133715e-01    -2.68414983e+04   
    5.30000000e+02     2.65000000e+02    -3.11475370e+08     8.44483934e+03     6.63005328e-01    -2.68415807e+04   
    5.40000000e+02     2.70000000e+02    -3.11475145e+08     8.46763030e+03     7.74951900e-01    -2.68416732e+04   
    5.50000000e+02     2.75000000e+02    -3.11475272e+08     8.44761853e+03     6.76656377e-01    -2.68415859e+04   
    5.60000000e+02     2.80000000e+02    -3.11475324e+08     8.43998753e+03     6.39173774e-01    -2.68415529e+04   
    5.70000000e+02     2.85000000e+02    -3.11475212e+08     8.46111995e+03     7.42973819e-01    -2.68416470e+04   
    5.80000000e+02     2.90000000e+02    -3.11475106e+08     8.43961331e+03     6.37335653e-01    -2.68415323e+04   
    5.90000000e+02     2.95000000e+02    -3.11475286e+08     8.43486524e+03     6.14013653e-01    -2.68415245e+04   
    6.00000000e+02     3.00000000e+02    -3.11475386e+08     8.44642082e+03     6.70773382e-01    -2.68415898e+04   
    6.10000000e+02     3.05000000e+02    -3.11474887e+08     8.46253726e+03     7.49935468e-01    -2.68416260e+04   
    6.20000000e+02     3.10000000e+02    -3.11475470e+08     8.42312460e+03     5.56344986e-01    -2.68414826e+04   
    6.30000000e+02     3.15000000e+02    -3.11475595e+08     8.43825906e+03     6.30683743e-01    -2.68415677e+04   
    6.40000000e+02     3.20000000e+02    -3.11475249e+08     8.45678463e+03     7.21679226e-01    -2.68416290e+04   
    6.50000000e+02     3.25000000e+02    -3.11475005e+08     8.43235812e+03     6.01698975e-01    -2.68414880e+04   
    6.60000000e+02     3.30000000e+02    -3.11475288e+08     8.44397072e+03     6.58738735e-01    -2.68415693e+04   
    6.70000000e+02     3.35000000e+02    -3.11475150e+08     8.45494817e+03     7.12658726e-01    -2.68416113e+04   
    6.80000000e+02     3.40000000e+02    -3.11475375e+08     8.46085152e+03     7.41655282e-01    -2.68416598e+04   
    6.90000000e+02     3.45000000e+02    -3.11475362e+08     8.46440606e+03     7.59114798e-01    -2.68416761e+04   
    7.00000000e+02     3.50000000e+02    -3.11474838e+08     8.44430242e+03     6.60368021e-01    -2.68415322e+04   
    7.10000000e+02     3.55000000e+02    -3.11475084e+08     8.45854260e+03     7.30314127e-01    -2.68416233e+04   
    7.20000000e+02     3.60000000e+02    -3.11475004e+08     8.44459784e+03     6.61819081e-01    -2.68415479e+04   
    7.30000000e+02     3.65000000e+02    -3.11475170e+08     8.46771966e+03     7.75390816e-01    -2.68416758e+04   
    7.40000000e+02     3.70000000e+02    -3.11474935e+08     8.42372600e+03     5.59298999e-01    -2.68414395e+04   
    7.50000000e+02     3.75000000e+02    -3.11475228e+08     8.44333412e+03     6.55611828e-01    -2.68415611e+04   
    7.60000000e+02     3.80000000e+02    -3.11475207e+08     8.42932110e+03     5.86781514e-01    -2.68414904e+04   
    7.70000000e+02     3.85000000e+02    -3.11475185e+08     8.44437592e+03     6.60729039e-01    -2.68415625e+04   
    7.80000000e+02     3.90000000e+02    -3.11475345e+08     8.42740961e+03     5.77392479e-01    -2.68414929e+04   
    7.90000000e+02     3.95000000e+02    -3.11475495e+08     8.43378268e+03     6.08696272e-01    -2.68415372e+04   
    8.00000000e+02     4.00000000e+02    -3.11475067e+08     8.43184170e+03     5.99162373e-01    -2.68414907e+04   
    8.10000000e+02     4.05000000e+02    -3.11475296e+08     8.44969648e+03     6.86863011e-01    -2.68415982e+04   
    8.20000000e+02     4.10000000e+02    -3.11475520e+08     8.43584210e+03     6.18811920e-01    -2.68415494e+04   
    8.30000000e+02     4.15000000e+02    -3.11475097e+08     8.43150244e+03     5.97495997e-01    -2.68414917e+04   
    8.40000000e+02     4.20000000e+02    -3.11475326e+08     8.45509897e+03     7.13399411e-01    -2.68416273e+04   
    8.50000000e+02     4.25000000e+02    -3.11475581e+08     8.44042525e+03     6.41323813e-01    -2.68415772e+04   
    8.60000000e+02     4.30000000e+02    -3.11475141e+08     8.42067000e+03     5.44288304e-01    -2.68414422e+04   
    8.70000000e+02     4.35000000e+02    -3.11474725e+08     8.42762488e+03     5.78449855e-01    -2.68414405e+04   
    8.80000000e+02     4.40000000e+02    -3.11475464e+08     8.44617807e+03     6.69581005e-01    -2.68415954e+04   
    8.90000000e+02     4.45000000e+02    -3.11475500e+08     8.43409507e+03     6.10230681e-01    -2.68415391e+04   
    9.00000000e+02     4.50000000e+02    -3.11474942e+08     8.43155763e+03     5.97767088e-01    -2.68414786e+04   
    9.10000000e+02     4.55000000e+02    -3.11475438e+08     8.42679499e+03     5.74373517e-01    -2.68414979e+04   
    9.20000000e+02     4.60000000e+02    -3.11475223e+08     8.43259335e+03     6.02854403e-01    -2.68415079e+04   
    9.30000000e+02     4.65000000e+02    -3.11474949e+08     8.44243144e+03     6.51177966e-01    -2.68415326e+04   
    9.40000000e+02     4.70000000e+02    -3.11475370e+08     8.43598601e+03     6.19518786e-01    -2.68415372e+04   
    9.50000000e+02     4.75000000e+02    -3.11475329e+08     8.44557201e+03     6.66604081e-01    -2.68415807e+04   
    9.60000000e+02     4.80000000e+02    -3.11475336e+08     8.44421798e+03     6.59953280e-01    -2.68415747e+04   
    9.70000000e+02     4.85000000e+02    -3.11475192e+08     8.45438059e+03     7.09870822e-01    -2.68416122e+04   
    9.80000000e+02     4.90000000e+02    -3.11475466e+08     8.45169584e+03     6.96683661e-01    -2.68416226e+04   
    9.90000000e+02     4.95000000e+02    -3.11475125e+08     8.44504968e+03     6.64038487e-01    -2.68415606e+04   
    1.00000000e+03     5.00000000e+02    -3.11475141e+08     8.43864648e+03     6.32586697e-01    -2.68415305e+04   
    1.01000000e+03     5.05000000e+02    -3.11475397e+08     8.44665873e+03     6.71941921e-01    -2.68415920e+04   
    1.02000000e+03     5.10000000e+02    -3.11475316e+08     8.43710179e+03     6.24999342e-01    -2.68415381e+04   
    1.03000000e+03     5.15000000e+02    -3.11475031e+08     8.44512886e+03     6.64427399e-01    -2.68415529e+04   
    1.04000000e+03     5.20000000e+02    -3.11475465e+08     8.41588071e+03     5.20763834e-01    -2.68414467e+04   
    1.05000000e+03     5.25000000e+02    -3.11475320e+08     8.44602336e+03     6.68821101e-01    -2.68415822e+04   
    1.06000000e+03     5.30000000e+02    -3.11474953e+08     8.42102858e+03     5.46049600e-01    -2.68414278e+04   
    1.07000000e+03     5.35000000e+02    -3.11475185e+08     8.46508428e+03     7.62446119e-01    -2.68416642e+04   
    1.08000000e+03     5.40000000e+02    -3.11475501e+08     8.44486600e+03     6.63136258e-01    -2.68415921e+04   
    1.09000000e+03     5.45000000e+02    -3.11475291e+08     8.44711497e+03     6.74182931e-01    -2.68415851e+04   
    1.10000000e+03     5.50000000e+02    -3.11475206e+08     8.43832354e+03     6.31000470e-01    -2.68415346e+04   
    1.11000000e+03     5.55000000e+02    -3.11475418e+08     8.46490779e+03     7.61579232e-01    -2.68416834e+04   
    1.12000000e+03     5.60000000e+02    -3.11474899e+08     8.45353967e+03     7.05740322e-01    -2.68415828e+04   
    1.13000000e+03     5.65000000e+02    -3.11474493e+08     8.45244991e+03     7.00387534e-01    -2.68415425e+04   
    1.14000000e+03     5.70000000e+02    -3.11475475e+08     8.44278051e+03     6.52892580e-01    -2.68415796e+04   
    1.15000000e+03     5.75000000e+02    -3.11475439e+08     8.44173182e+03     6.47741516e-01    -2.68415714e+04   
    1.16000000e+03     5.80000000e+02    -3.11475267e+08     8.44868000e+03     6.81870202e-01    -2.68415907e+04   
    1.17000000e+03     5.85000000e+02    -3.11475411e+08     8.44946347e+03     6.85718514e-01    -2.68416069e+04   
    1.18000000e+03     5.90000000e+02    -3.11475252e+08     8.45150307e+03     6.95736793e-01    -2.68416033e+04   
    1.19000000e+03     5.95000000e+02    -3.11475284e+08     8.43433370e+03     6.11402801e-01    -2.68415216e+04   
    1.20000000e+03     6.00000000e+02    -3.11475438e+08     8.44284945e+03     6.53231222e-01    -2.68415768e+04   
    1.21000000e+03     6.05000000e+02    -3.11475230e+08     8.43543416e+03     6.16808152e-01    -2.68415224e+04   
    1.22000000e+03     6.10000000e+02    -3.11475121e+08     8.44761663e+03     6.76647058e-01    -2.68415728e+04   
    1.23000000e+03     6.15000000e+02    -3.11475291e+08     8.44310187e+03     6.54471038e-01    -2.68415653e+04   
    1.24000000e+03     6.20000000e+02    -3.11475364e+08     8.45175024e+03     6.96950833e-01    -2.68416141e+04   
    1.25000000e+03     6.25000000e+02    -3.11474225e+08     8.45687967e+03     7.22146034e-01    -2.68415411e+04   
    1.26000000e+03     6.30000000e+02    -3.11474928e+08     8.45718518e+03     7.23646659e-01    -2.68416033e+04   
    1.27000000e+03     6.35000000e+02    -3.11475474e+08     8.44488927e+03     6.63250580e-01    -2.68415899e+04   
    1.28000000e+03     6.40000000e+02    -3.11475298e+08     8.44807209e+03     6.78884206e-01    -2.68415904e+04   
    1.29000000e+03     6.45000000e+02    -3.11474745e+08     8.45692655e+03     7.22376295e-01    -2.68415862e+04   
    1.30000000e+03     6.50000000e+02    -3.11475321e+08     8.42873134e+03     5.83884657e-01    -2.68414973e+04   
    1.31000000e+03     6.55000000e+02    -3.11475179e+08     8.42997572e+03     5.89996929e-01    -2.68414912e+04   
    1.32000000e+03     6.60000000e+02    -3.11475260e+08     8.42766724e+03     5.78657943e-01    -2.68414868e+04   
    1.33000000e+03     6.65000000e+02    -3.11475549e+08     8.44896952e+03     6.83292280e-01    -2.68416164e+04   
    1.34000000e+03     6.70000000e+02    -3.11475170e+08     8.44484947e+03     6.63055043e-01    -2.68415635e+04   
    1.35000000e+03     6.75000000e+02    -3.11474973e+08     8.45024529e+03     6.89558700e-01    -2.68415730e+04   
    1.36000000e+03     6.80000000e+02    -3.11475269e+08     8.42973062e+03     5.88793027e-01    -2.68414977e+04   
    1.37000000e+03     6.85000000e+02    -3.11475376e+08     8.44898491e+03     6.83367876e-01    -2.68416015e+04   
    1.38000000e+03     6.90000000e+02    -3.11475029e+08     8.47217207e+03     7.97260542e-01    -2.68416855e+04   
    1.39000000e+03     6.95000000e+02    -3.11474586e+08     8.43902919e+03     6.34466519e-01    -2.68414846e+04   
    1.40000000e+03     7.00000000e+02    -3.11475265e+08     8.43955626e+03     6.37055407e-01    -2.68415457e+04   
    1.41000000e+03     7.05000000e+02    -3.11475257e+08     8.43285732e+03     6.04151002e-01    -2.68415121e+04   
    1.42000000e+03     7.10000000e+02    -3.11474866e+08     8.45585362e+03     7.17106202e-01    -2.68415914e+04   
    1.43000000e+03     7.15000000e+02    -3.11475057e+08     8.41478121e+03     5.15363253e-01    -2.68414061e+04   
    1.44000000e+03     7.20000000e+02    -3.11475364e+08     8.46034656e+03     7.39174975e-01    -2.68416563e+04   
    1.45000000e+03     7.25000000e+02    -3.11475222e+08     8.43233959e+03     6.01607953e-01    -2.68415065e+04   
    1.46000000e+03     7.30000000e+02    -3.11475136e+08     8.44787519e+03     6.77917080e-01    -2.68415754e+04   
    1.47000000e+03     7.35000000e+02    -3.11475109e+08     8.41018470e+03     4.92785720e-01    -2.68413880e+04   
    1.48000000e+03     7.40000000e+02    -3.11475011e+08     8.44475714e+03     6.62601534e-01    -2.68415494e+04   
    1.49000000e+03     7.45000000e+02    -3.11475080e+08     8.42614781e+03     5.71194676e-01    -2.68414638e+04   
    1.50000000e+03     7.50000000e+02    -3.11474844e+08     8.43406534e+03     6.10084671e-01    -2.68414824e+04   
    1.51000000e+03     7.55000000e+02    -3.11475012e+08     8.42809657e+03     5.80766770e-01    -2.68414676e+04   
    1.52000000e+03     7.60000000e+02    -3.11475161e+08     8.46317947e+03     7.53089926e-01    -2.68416528e+04   
    1.53000000e+03     7.65000000e+02    -3.11475128e+08     8.44222464e+03     6.50162190e-01    -2.68415470e+04   
    1.54000000e+03     7.70000000e+02    -3.11475284e+08     8.45006340e+03     6.88665294e-01    -2.68415990e+04   
    1.55000000e+03     7.75000000e+02    -3.11475109e+08     8.42061998e+03     5.44042584e-01    -2.68414392e+04   
    1.56000000e+03     7.80000000e+02    -3.11475329e+08     8.45727240e+03     7.24075083e-01    -2.68416382e+04   
    1.57000000e+03     7.85000000e+02    -3.11475262e+08     8.44847523e+03     6.80864361e-01    -2.68415892e+04   
    1.58000000e+03     7.90000000e+02    -3.11475253e+08     8.42974903e+03     5.88883437e-01    -2.68414965e+04   
    1.59000000e+03     7.95000000e+02    -3.11475169e+08     8.42516224e+03     5.66353669e-01    -2.68414667e+04   
    1.60000000e+03     8.00000000e+02    -3.11474867e+08     8.41762154e+03     5.29314582e-01    -2.68414036e+04   
    1.61000000e+03     8.05000000e+02    -3.11474735e+08     8.44554658e+03     6.66479188e-01    -2.68415295e+04   
    1.62000000e+03     8.10000000e+02    -3.11475247e+08     8.44536866e+03     6.65605289e-01    -2.68415727e+04   
    1.63000000e+03     8.15000000e+02    -3.11475321e+08     8.44884933e+03     6.82701922e-01    -2.68415961e+04   
    1.64000000e+03     8.20000000e+02    -3.11475098e+08     8.45313135e+03     7.03734730e-01    -2.68415979e+04   
    1.65000000e+03     8.25000000e+02    -3.11475145e+08     8.43948861e+03     6.36723121e-01    -2.68415350e+04   
    1.66000000e+03     8.30000000e+02    -3.11474877e+08     8.45108485e+03     6.93682518e-01    -2.68415689e+04   
    1.67000000e+03     8.35000000e+02    -3.11475188e+08     8.44076934e+03     6.43013946e-01    -2.68415450e+04   
    1.68000000e+03     8.40000000e+02    -3.11475096e+08     8.46241185e+03     7.49319459e-01    -2.68416434e+04   
    1.69000000e+03     8.45000000e+02    -3.11475081e+08     8.44242529e+03     6.51147763e-01    -2.68415439e+04   
    1.70000000e+03     8.50000000e+02    -3.11475310e+08     8.42395056e+03     5.60402023e-01    -2.68414729e+04   
    1.71000000e+03     8.55000000e+02    -3.11475104e+08     8.44902711e+03     6.83575175e-01    -2.68415783e+04   
    1.72000000e+03     8.60000000e+02    -3.11474919e+08     8.46463485e+03     7.60238557e-01    -2.68416391e+04   
    1.73000000e+03     8.65000000e+02    -3.11475186e+08     8.44605324e+03     6.68967853e-01    -2.68415708e+04   
    1.74000000e+03     8.70000000e+02    -3.11475088e+08     8.43441392e+03     6.11796850e-01    -2.68415051e+04   
    1.75000000e+03     8.75000000e+02    -3.11475153e+08     8.45114929e+03     6.93999051e-01    -2.68415930e+04   
    1.76000000e+03     8.80000000e+02    -3.11475245e+08     8.43517517e+03     6.15536004e-01    -2.68415224e+04   
    1.77000000e+03     8.85000000e+02    -3.11474992e+08     8.44767321e+03     6.76924975e-01    -2.68415620e+04   
    1.78000000e+03     8.90000000e+02    -3.11475303e+08     8.45130042e+03     6.94741409e-01    -2.68416067e+04   
    1.79000000e+03     8.95000000e+02    -3.11474998e+08     8.45900382e+03     7.32579585e-01    -2.68416182e+04   
    1.80000000e+03     9.00000000e+02    -3.11475072e+08     8.45350212e+03     7.05555898e-01    -2.68415975e+04   
    1.81000000e+03     9.05000000e+02    -3.11475201e+08     8.45639248e+03     7.19752986e-01    -2.68416229e+04   
    1.82000000e+03     9.10000000e+02    -3.11475251e+08     8.45468733e+03     7.11377527e-01    -2.68416188e+04   
    1.83000000e+03     9.15000000e+02    -3.11475018e+08     8.46313906e+03     7.52891413e-01    -2.68416402e+04   
    1.84000000e+03     9.20000000e+02    -3.11474911e+08     8.45252416e+03     7.00752278e-01    -2.68415789e+04   
    1.85000000e+03     9.25000000e+02    -3.11475148e+08     8.45071347e+03     6.91858344e-01    -2.68415904e+04   
    1.86000000e+03     9.30000000e+02    -3.11475291e+08     8.44907690e+03     6.83819712e-01    -2.68415947e+04   
    1.87000000e+03     9.35000000e+02    -3.11475222e+08     8.45034316e+03     6.90039437e-01    -2.68415950e+04   
    1.88000000e+03     9.40000000e+02    -3.11475221e+08     8.43298717e+03     6.04788823e-01    -2.68415096e+04   
    1.89000000e+03     9.45000000e+02    -3.11474967e+08     8.43518854e+03     6.15601666e-01    -2.68414986e+04   
    1.90000000e+03     9.50000000e+02    -3.11474917e+08     8.43883463e+03     6.33510862e-01    -2.68415121e+04   
    1.91000000e+03     9.55000000e+02    -3.11475276e+08     8.45936270e+03     7.34342394e-01    -2.68416439e+04   
    1.92000000e+03     9.60000000e+02    -3.11475152e+08     8.43591498e+03     6.19169865e-01    -2.68415180e+04   
    1.93000000e+03     9.65000000e+02    -3.11475123e+08     8.44886652e+03     6.82786354e-01    -2.68415792e+04   
    1.94000000e+03     9.70000000e+02    -3.11475145e+08     8.44545036e+03     6.66006557e-01    -2.68415643e+04   
    1.95000000e+03     9.75000000e+02    -3.11474801e+08     8.46094499e+03     7.42114405e-01    -2.68416108e+04   
    1.96000000e+03     9.80000000e+02    -3.11475055e+08     8.44953010e+03     6.86045787e-01    -2.68415766e+04   
    1.97000000e+03     9.85000000e+02    -3.11474970e+08     8.44620218e+03     6.69699442e-01    -2.68415529e+04   
    1.98000000e+03     9.90000000e+02    -3.11475183e+08     8.43313762e+03     6.05527827e-01    -2.68415071e+04   
    1.99000000e+03     9.95000000e+02    -3.11475152e+08     8.46600498e+03     7.66968522e-01    -2.68416659e+04   
    2.00000000e+03     1.00000000e+03    -3.11475055e+08     8.43268361e+03     6.03297764e-01    -2.68414939e+04   
    2.01000000e+03     1.00500000e+03    -3.11474980e+08     8.44321132e+03     6.55008672e-01    -2.68415391e+04   
    2.02000000e+03     1.01000000e+03    -3.11475136e+08     8.44076493e+03     6.42992258e-01    -2.68415405e+04   
    2.03000000e+03     1.01500000e+03    -3.11474483e+08     8.43972448e+03     6.37881701e-01    -2.68414791e+04   
    2.04000000e+03     1.02000000e+03    -3.11474964e+08     8.42643803e+03     5.72620186e-01    -2.68414553e+04   
    2.05000000e+03     1.02500000e+03    -3.11475165e+08     8.44159735e+03     6.47081039e-01    -2.68415471e+04   
    2.06000000e+03     1.03000000e+03    -3.11475149e+08     8.45909047e+03     7.33005225e-01    -2.68416316e+04   
    2.07000000e+03     1.03500000e+03    -3.11475058e+08     8.42949507e+03     5.87636042e-01    -2.68414784e+04   
    2.08000000e+03     1.04000000e+03    -3.11474953e+08     8.43478354e+03     6.13612382e-01    -2.68414954e+04   
    2.09000000e+03     1.04500000e+03    -3.11475146e+08     8.44322530e+03     6.55077331e-01    -2.68415535e+04   
    2.10000000e+03     1.05000000e+03    -3.11475145e+08     8.45586820e+03     7.17177820e-01    -2.68416154e+04   
    2.11000000e+03     1.05500000e+03    -3.11475108e+08     8.42543632e+03     5.67699917e-01    -2.68414628e+04   
    2.12000000e+03     1.06000000e+03    -3.11475075e+08     8.45274603e+03     7.01842038e-01    -2.68415941e+04   
    2.13000000e+03     1.06500000e+03    -3.11475083e+08     8.43823447e+03     6.30562968e-01    -2.68415235e+04   
    2.14000000e+03     1.07000000e+03    -3.11474945e+08     8.43777514e+03     6.28306785e-01    -2.68415094e+04   
    2.15000000e+03     1.07500000e+03    -3.11475275e+08     8.42851386e+03     5.82816414e-01    -2.68414923e+04   
    2.16000000e+03     1.08000000e+03    -3.11475012e+08     8.42876305e+03     5.84040422e-01    -2.68414709e+04   
    2.17000000e+03     1.08500000e+03    -3.11475152e+08     8.43730263e+03     6.25985849e-01    -2.68415249e+04   
    2.18000000e+03     1.09000000e+03    -3.11475278e+08     8.44023751e+03     6.40401632e-01    -2.68415502e+04   
    2.19000000e+03     1.09500000e+03    -3.11475114e+08     8.42969466e+03     5.88616357e-01    -2.68414842e+04   
    2.20000000e+03     1.10000000e+03    -3.11474788e+08     8.44927852e+03     6.84810046e-01    -2.68415523e+04   
    2.21000000e+03     1.10500000e+03    -3.11475111e+08     8.43109332e+03     5.95486429e-01    -2.68414908e+04   
    2.22000000e+03     1.11000000e+03    -3.11475106e+08     8.43814234e+03     6.30110424e-01    -2.68415250e+04   
    2.23000000e+03     1.11500000e+03    -3.11474867e+08     8.45051239e+03     6.90870682e-01    -2.68415652e+04   
    2.24000000e+03     1.12000000e+03    -3.11474869e+08     8.43302360e+03     6.04967732e-01    -2.68414795e+04   
    2.25000000e+03     1.12500000e+03    -3.11475005e+08     8.44352539e+03     6.56551319e-01    -2.68415428e+04   
    2.26000000e+03     1.13000000e+03    -3.11475109e+08     8.44893790e+03     6.83136984e-01    -2.68415783e+04   
    2.27000000e+03     1.13500000e+03    -3.11475019e+08     8.44840642e+03     6.80526389e-01    -2.68415680e+04   
    2.28000000e+03     1.14000000e+03    -3.11475294e+08     8.44599011e+03     6.68657757e-01    -2.68415798e+04   
    2.29000000e+03     1.14500000e+03    -3.11475184e+08     8.43947799e+03     6.36670970e-01    -2.68415383e+04   
    2.30000000e+03     1.15000000e+03    -3.11474933e+08     8.45436402e+03     7.09789458e-01    -2.68415898e+04   
    2.31000000e+03     1.15500000e+03    -3.11475257e+08     8.44258679e+03     6.51941061e-01    -2.68415599e+04   
    2.32000000e+03     1.16000000e+03    -3.11475112e+08     8.46355993e+03     7.54958701e-01    -2.68416504e+04   
    2.33000000e+03     1.16500000e+03    -3.11475065e+08     8.46056743e+03     7.40259881e-01    -2.68416317e+04   
    2.34000000e+03     1.17000000e+03    -3.11475249e+08     8.43813853e+03     6.30091709e-01    -2.68415374e+04   
    2.35000000e+03     1.17500000e+03    -3.11475095e+08     8.44712042e+03     6.74209725e-01    -2.68415682e+04   
    2.36000000e+03     1.18000000e+03    -3.11475188e+08     8.48252574e+03     8.48116574e-01    -2.68417501e+04   
    2.37000000e+03     1.18500000e+03    -3.11475356e+08     8.43542877e+03     6.16781650e-01    -2.68415333e+04   
    2.38000000e+03     1.19000000e+03    -3.11475141e+08     8.44454935e+03     6.61580904e-01    -2.68415595e+04   
    2.39000000e+03     1.19500000e+03    -3.11474730e+08     8.46351698e+03     7.54747728e-01    -2.68416173e+04   
    2.40000000e+03     1.20000000e+03    -3.11474948e+08     8.45110294e+03     6.93771401e-01    -2.68415751e+04   
    2.41000000e+03     1.20500000e+03    -3.11475044e+08     8.42342528e+03     5.57821892e-01    -2.68414474e+04   
    2.42000000e+03     1.21000000e+03    -3.11475096e+08     8.45871811e+03     7.31176216e-01    -2.68416252e+04   
    2.43000000e+03     1.21500000e+03    -3.11475290e+08     8.44003446e+03     6.39404268e-01    -2.68415502e+04   
    2.44000000e+03     1.22000000e+03    -3.11475097e+08     8.44722104e+03     6.74703942e-01    -2.68415688e+04   
    2.45000000e+03     1.22500000e+03    -3.11474948e+08     8.41225491e+03     5.02954315e-01    -2.68413843e+04   
    2.46000000e+03     1.23000000e+03    -3.11475108e+08     8.45608647e+03     7.18249938e-01    -2.68416134e+04   
    2.47000000e+03     1.23500000e+03    -3.11475184e+08     8.44658518e+03     6.71580685e-01    -2.68415732e+04   
    2.48000000e+03     1.24000000e+03    -3.11474516e+08     8.46271513e+03     7.50809144e-01    -2.68415949e+04   
    2.49000000e+03     1.24500000e+03    -3.11474827e+08     8.43527233e+03     6.16013258e-01    -2.68414869e+04   
    2.50000000e+03     1.25000000e+03    -3.11475191e+08     8.45376140e+03     7.06829424e-01    -2.68416090e+04   
    2.51000000e+03     1.25500000e+03    -3.11475010e+08     8.44566841e+03     6.67077611e-01    -2.68415537e+04   
    2.52000000e+03     1.26000000e+03    -3.11475287e+08     8.47536980e+03     8.12967444e-01    -2.68417235e+04   
    2.53000000e+03     1.26500000e+03    -3.11475121e+08     8.45353922e+03     7.05738134e-01    -2.68416019e+04   
    2.54000000e+03     1.27000000e+03    -3.11474891e+08     8.45438644e+03     7.09899550e-01    -2.68415863e+04   
    2.55000000e+03     1.27500000e+03    -3.11475224e+08     8.44732115e+03     6.75195690e-01    -2.68415803e+04   
    2.56000000e+03     1.28000000e+03    -3.11475238e+08     8.44138783e+03     6.46051887e-01    -2.68415523e+04   
    2.57000000e+03     1.28500000e+03    -3.11475116e+08     8.45624112e+03     7.19009537e-01    -2.68416148e+04   
    2.58000000e+03     1.29000000e+03    -3.11474985e+08     8.42357267e+03     5.58545861e-01    -2.68414431e+04   
    2.59000000e+03     1.29500000e+03    -3.11474836e+08     8.44603201e+03     6.68863546e-01    -2.68415405e+04   
    2.60000000e+03     1.30000000e+03    -3.11475208e+08     8.43511206e+03     6.15226033e-01    -2.68415190e+04   
    2.61000000e+03     1.30500000e+03    -3.11475283e+08     8.43108166e+03     5.95429181e-01    -2.68415056e+04   
    2.62000000e+03     1.31000000e+03    -3.11474414e+08     8.42470272e+03     5.64096560e-01    -2.68413994e+04   
    2.63000000e+03     1.31500000e+03    -3.11475259e+08     8.45330118e+03     7.04568907e-01    -2.68416127e+04   
    2.64000000e+03     1.32000000e+03    -3.11475084e+08     8.42875699e+03     5.84010658e-01    -2.68414770e+04   
    2.65000000e+03     1.32500000e+03    -3.11475105e+08     8.41951053e+03     5.38593129e-01    -2.68414335e+04   
    2.66000000e+03     1.33000000e+03    -3.11474810e+08     8.45287253e+03     7.02463410e-01    -2.68415719e+04   
    2.67000000e+03     1.33500000e+03    -3.11474635e+08     8.43140013e+03     5.96993459e-01    -2.68414513e+04   
    2.68000000e+03     1.34000000e+03    -3.11474529e+08     8.45036323e+03     6.90138021e-01    -2.68415354e+04   
    2.69000000e+03     1.34500000e+03    -3.11475349e+08     8.45906714e+03     7.32890652e-01    -2.68416488e+04   
    2.70000000e+03     1.35000000e+03    -3.11475048e+08     8.45612379e+03     7.18433209e-01    -2.68416084e+04   
    2.71000000e+03     1.35500000e+03    -3.11474902e+08     8.41194375e+03     5.01425976e-01    -2.68413788e+04   
    2.72000000e+03     1.36000000e+03    -3.11474996e+08     8.43642882e+03     6.21693777e-01    -2.68415071e+04   
    2.73000000e+03     1.36500000e+03    -3.11475016e+08     8.45567373e+03     7.16222583e-01    -2.68416034e+04   
    2.74000000e+03     1.37000000e+03    -3.11474917e+08     8.44015767e+03     6.40009500e-01    -2.68415186e+04   
    2.75000000e+03     1.37500000e+03    -3.11474426e+08     8.44400187e+03     6.58891774e-01    -2.68414952e+04   
    2.76000000e+03     1.38000000e+03    -3.11475117e+08     8.43601709e+03     6.19671446e-01    -2.68415156e+04   
    2.77000000e+03     1.38500000e+03    -3.11475335e+08     8.43657504e+03     6.22412020e-01    -2.68415371e+04   
    2.78000000e+03     1.39000000e+03    -3.11475133e+08     8.42998113e+03     5.90023466e-01    -2.68414873e+04   
    2.79000000e+03     1.39500000e+03    -3.11475157e+08     8.45626726e+03     7.19137918e-01    -2.68416185e+04   
    2.80000000e+03     1.40000000e+03    -3.11475160e+08     8.44898421e+03     6.83364436e-01    -2.68415830e+04   
    2.81000000e+03     1.40500000e+03    -3.11475018e+08     8.45844024e+03     7.29811367e-01    -2.68416171e+04   
    2.82000000e+03     1.41000000e+03    -3.11475268e+08     8.42770417e+03     5.78839323e-01    -2.68414877e+04   
    2.83000000e+03     1.41500000e+03    -3.11475141e+08     8.44680255e+03     6.72648386e-01    -2.68415706e+04   
    2.84000000e+03     1.42000000e+03    -3.11475292e+08     8.45097482e+03     6.93142069e-01    -2.68416041e+04   
    2.85000000e+03     1.42500000e+03    -3.11475156e+08     8.46002971e+03     7.37618638e-01    -2.68416368e+04   
    2.86000000e+03     1.43000000e+03    -3.11474394e+08     8.43463379e+03     6.12876832e-01    -2.68414465e+04   
    2.87000000e+03     1.43500000e+03    -3.11475018e+08     8.45969000e+03     7.35950046e-01    -2.68416233e+04   
    2.88000000e+03     1.44000000e+03    -3.11474596e+08     8.43152922e+03     5.97627526e-01    -2.68414486e+04   
    2.89000000e+03     1.44500000e+03    -3.11474767e+08     8.45893683e+03     7.32250583e-01    -2.68415979e+04   
    2.90000000e+03     1.45000000e+03    -3.11475170e+08     8.45257315e+03     7.00992888e-01    -2.68416015e+04   
    2.91000000e+03     1.45500000e+03    -3.11475240e+08     8.46101303e+03     7.42448628e-01    -2.68416490e+04   
    2.92000000e+03     1.46000000e+03    -3.11475364e+08     8.43235102e+03     6.01664130e-01    -2.68415188e+04   
    2.93000000e+03     1.46500000e+03    -3.11475145e+08     8.44748460e+03     6.75998500e-01    -2.68415743e+04   
    2.94000000e+03     1.47000000e+03    -3.11475184e+08     8.44766716e+03     6.76895258e-01    -2.68415785e+04   
    2.95000000e+03     1.47500000e+03    -3.11475288e+08     8.44158085e+03     6.46999968e-01    -2.68415576e+04   
    2.96000000e+03     1.48000000e+03    -3.11475144e+08     8.47558772e+03     8.14037839e-01    -2.68417123e+04   
    2.97000000e+03     1.48500000e+03    -3.11475523e+08     8.46860118e+03     7.79720745e-01    -2.68417106e+04   
    2.98000000e+03     1.49000000e+03    -3.11475016e+08     8.42970637e+03     5.88673921e-01    -2.68414758e+04   
    2.99000000e+03     1.49500000e+03    -3.11475007e+08     8.44338844e+03     6.55878631e-01    -2.68415423e+04   
    3.00000000e+03     1.50000000e+03    -3.11474940e+08     8.47040002e+03     7.88556438e-01    -2.68416692e+04   
