0    10.13784876    -20.54367078    -0.87231408
10    6.63944756    -12.91939613    -1.42959937
20    13.77286552    -44.86005309    -1.07616993
30    12.63660232    -32.90542917    -0.62739852
40    17.95778008    -16.74513394    -1.89717215
50    13.53280089    -27.33390161    -1.08954717
60    5.00363607    -3.04404212    -0.87379037
70    23.88690238    -30.57176535    -2.04138940
80    14.16022758    -35.61088836    -4.50849983
90    7.27069705    -14.92292228    -1.20332454
100    13.50520604    -20.28135982    -2.40333876
110    25.82553144    -14.42014535    -1.92462382
120    23.15023855    -16.79604469    -2.13999135
130    16.13358487    -3.47594522    -0.47561268
140    7.82113353    -26.84838603    -2.09134554
150    16.37925221    -16.13787560    -2.32056182
160    19.73058462    -7.02362136    -0.51438898
170    -1.20040802    -43.22869214    -6.61589967
180    17.21326278    -21.39915261    -2.28297959
190    8.34348269    -20.87597283    -3.58490051
200    10.21766887    -22.86460690    -2.28968744
210    12.15052726    -39.39755012    -3.67177261
220    12.00760567    -22.03486355    -2.70836011
230    8.38215841    -30.11910552    -2.87273588
240    10.02034200    -28.97714205    -3.41330038
250    9.07883002    -12.39745289    -0.82241375
260    7.96291493    -47.29240277    -4.09297086
270    13.34426142    -19.84892637    -3.56245983
280    18.95169355    -33.71937554    -3.46696050
290    14.91994321    -19.17715243    -1.98414612
300    7.27826377    -20.24972106    -3.01560162
310    10.37462855    -6.51508563    -0.74598775
320    22.56518193    -25.90057922    -2.90018888
330    12.96375006    -23.16069291    -2.69507279
340    17.14639555    -30.82418174    -4.18770128
350    -5.25435647    -23.42350358    -0.52549675
360    16.28358685    -29.75816381    -5.10915556
370    15.72374843    -19.85017112    -2.62145519
380    24.55115439    -27.25722842    -3.55119280
390    9.30822256    -23.16839250    -1.96270234
400    21.18310880    -21.96617148    -3.57204824
410    16.22603578    -13.41965654    -2.96593566
420    10.67266473    -15.76005643    -2.70571396
430    6.59469099    -33.86268433    -3.97486559
440    24.81588193    -16.74754624    -1.96056198
450    7.60916973    -10.15162922    -0.92784104
460    16.17198664    -28.89428991    -2.86107931
470    5.95572398    -19.75489455    -0.95576000
480    6.71446887    -18.52632502    -1.84936665
490    11.01418544    -44.79666031    -4.09889569
500    12.60381938    -24.76274419    -3.40032812
510    18.50033819    -9.68650210    -3.79706185
520    8.45913429    -26.89281229    -4.30180868
530    16.14583549    -33.60340868    -7.16963062
540    12.39571749    -19.89437478    -3.73970254
550    9.95147189    -13.34575795    -2.70046414
560    -3.23862289    -36.56698870    -5.01695319
570    19.24993863    -13.61913560    -2.81453483
580    -1.76236335    -12.69542221    -1.36250955
590    18.38619851    -15.04756723    -3.25209736
600    0.25114564    -18.82905899    -3.43886152
610    5.38237636    -9.39065584    -1.05873773
620    24.60584629    -10.05280141    -4.91225073
630    6.91875749    -14.63782244    -2.50007216
640    10.00631605    -26.29327431    -4.52333899
650    3.23091431    -10.21457066    -1.99532958
660    19.70859254    -12.32315064    -4.07229531
670    15.07757778    -24.27815595    -5.63748813
680    1.72298710    -34.12194486    -5.44209711
690    5.18414698    -17.10984692    -2.41045025
700    18.79249675    -26.24727050    -5.47971028
710    -2.64208530    -27.66131606    -4.40265066
720    10.87092442    -5.56802765    -1.54035823
730    -2.55669276    -18.83444144    -2.62350213
740    5.86153897    -18.51863033    -4.57622975
750    9.51692871    -31.88121168    -4.20350716
760    11.11464856    -27.06792192    -5.29481143
770    12.64798683    -24.25524002    -3.61301982
780    22.71238039    -36.09574570    -6.65681881
790    8.55649212    -30.36292616    -3.79689459
800    12.29240366    -9.43529052    -2.66381258
810    7.20901414    -21.52666255    -2.28108527
820    13.59389045    -34.84554450    -5.55413865
830    9.28914698    -38.77319602    -5.63500510
840    2.83270138    -15.99126141    -3.18445119
850    5.17654574    -26.82773248    -2.96748356
860    -1.22246530    -35.45568274    -3.19029752
870    -1.70555298    -41.95324918    -4.57162264
880    3.65964146    -35.53854432    -5.37876333
890    28.02281870    -12.02799721    -4.85820706
900    8.94871350    -22.77395436    -3.55558248
910    2.26916477    -23.01063239    -4.10051374
920    22.64153616    -2.75154790    -3.70580646
930    12.75210364    -34.36965266    -6.52607831
940    17.54195513    -25.39272501    -6.28686388
950    8.74193510    -19.90563215    -4.40304096
960    8.58094242    -32.43375904    -5.79072658
970    22.89427738    -20.63327584    -4.80805627
980    5.09171472    -11.46736493    -2.85935264
990    13.30812147    -22.25622670    -4.88247740
1000    1.73129615    -17.47456956    -5.26135526
1010    5.73855399    -23.82822209    -3.93630065
1020    12.68228064    -24.65295685    -4.72967144
1030    3.63444463    -11.40428309    -3.71377024
1040    10.05447049    -24.71773155    -6.68509555
1050    -1.40136746    -23.03352868    -4.78562495
1060    14.52325368    -21.94989934    -3.32083790
1070    16.58235419    -6.12472970    -2.49589750
1080    8.59952730    -21.06509015    -5.24086769
1090    22.00421080    -14.02973077    -5.32004934
1100    12.49778318    -36.54242479    -10.03892456
1110    17.48035730    -32.87838263    -12.50128179
1120    -9.68132452    -16.44458821    -2.57657735
1130    10.90042558    -28.50791802    -7.64388704
1140    10.66119382    -20.29696913    -6.77762566
1150    3.11410367    -21.11277190    -7.12211157
1160    7.40018984    -14.25318948    -4.14466358
1170    5.75896694    -14.41708656    -5.73406712
1180    8.48415047    -25.03750727    -6.89389920
1190    4.89183333    -17.40817411    -3.71298041
1200    -4.67165300    -22.51984578    -4.05569030
1210    -2.54369296    -17.54750051    -5.23423810
1220    5.00379292    -17.26429782    -4.68096998
1230    13.01713792    -20.78830700    -7.07268906
1240    1.20878858    -32.36130011    -8.75717723
1250    27.34707320    -31.63066462    -11.17032609
1260    0.11302433    -20.98884785    -3.19802370
1270    9.83831455    -16.54341308    -6.72876798
1280    24.19811829    -14.80302828    -6.02042812
1290    8.71581727    -30.37019628    -9.34129520
1300    22.26901570    -2.20355420    -3.70082499
1310    6.04674833    -25.28940974    -5.27022120
1320    -0.51060512    -27.70280904    -6.21134899
1330    10.81633589    -14.48691716    -4.61662356
1340    2.74228824    -19.18256619    -4.17710732
1350    15.16049077    -27.32048067    -9.82200708
1360    16.52444211    -20.01665643    -6.81745911
1370    3.83581826    -14.01208708    -3.15852482
1380    7.01169401    -24.14106373    -6.97862837
1390    5.73490587    -7.78988015    -0.34496731
1400    -5.09035762    -32.97009734    -6.96818111
1410    -0.37481056    -39.11205735    -9.29471406
1420    2.90855374    -10.72619365    -3.59471424
1430    -9.85504640    -27.75315683    -4.92148864
1440    -7.06007759    -42.18463629    -9.35122806
1450    23.96610542    -23.31747091    -10.28830343
1460    3.97994619    -31.16105798    -8.86671378
1470    5.50846364    -16.58761408    -4.13489180
1480    9.52594034    -20.54417837    -7.85955637
1490    4.51373546    -25.43597551    -6.96718164
1500    15.36385156    -3.81588507    -3.25983057
1510    3.68006419    -29.92393080    -9.39984347
1520    5.34211657    -18.49736813    -4.66733478
1530    20.79647294    -15.54473110    -9.80504796
1540    16.68341621    -30.69058657    -12.89596619
1550    5.34032338    -26.13154766    -6.24369740
1560    4.81153687    -18.16121882    -5.51589715
1570    10.83462312    -20.14541957    -7.66000146
1580    10.04039601    -13.16520354    -5.58780763
1590    25.22068347    4.00987010    -3.95236973
1600    19.37642124    -28.84061672    -12.44336997
1610    6.74103294    -13.82860867    -5.90325833
1620    5.21659965    -32.04503156    -7.49073743
1630    13.89456238    -9.72775613    -4.41597465
1640    11.41367988    -35.51058949    -10.80919513
1650    10.97968925    -13.36693657    -5.79355418
1660    4.86256786    -23.91814682    -5.94413251
1670    11.85552037    -18.21907072    -7.72639319
1680    19.01894829    -11.03975190    -7.85913127
1690    7.77342438    -30.43818715    -10.32469829
1700    6.01979589    -24.86884216    -7.67045721
1710    16.93631604    -29.77180938    -9.70467634
1720    -1.74518949    -32.75370544    -7.71899522
1730    17.93860118    -24.23629067    -8.59605903
1740    26.29917992    -22.83233145    -10.01364199
1750    16.64850937    -22.83485469    -10.33780456
1760    14.46472172    -24.74411602    -10.96564442
1770    -1.20085455    -25.53880619    -8.33428152
1780    7.47728920    -8.83596283    -5.13740910
1790    0.10357215    -24.80584347    -7.22166706
1800    3.04297069    -38.49580068    -11.54108575
1810    4.15866759    -25.83056567    -10.01703203
1820    9.69978929    -22.17213645    -7.61815900
1830    7.63437297    -20.59553589    -7.40299757
1840    -5.59417832    -22.57488824    -5.01141005
1850    11.78695457    -42.41022597    -15.44408767
1860    5.19974636    -20.12194821    -6.59834969
1870    13.00095907    -22.51164863    -10.82870266
1880    6.26828451    -20.85709758    -7.91896137
1890    2.35424253    -28.07546213    -9.14998169
1900    0.76179439    -10.25570497    -2.75513925
1910    11.17464139    -10.60035431    -5.59275175
1920    2.18134968    -41.91916676    -11.96401793
1930    13.52928829    -19.10211691    -9.54769720
1940    3.86783410    -35.75953174    -11.95137903
1950    5.35294668    -24.75086033    -7.81844205
1960    2.94472550    -20.37369400    -7.17178602
1970    15.36413416    -18.17717033    -10.37169230
1980    -2.80062775    -12.83626677    -4.65301598
1990    1.60909819    -20.71562726    -6.13347756
2000    16.97525859    -40.79474969    -16.41491583
2010    12.37054068    -21.56237307    -9.13360358
2020    21.54894601    -8.43901531    -7.76210257
2030    20.91464520    -12.68683300    -9.64723812
2040    10.68518144    -29.44677712    -13.00214992
2050    14.05403612    -16.88927839    -9.60605733
2060    13.97551797    -29.94126901    -14.07738449
2070    2.83145976    -12.48298268    -4.53171298
2080    0.58297445    -25.74899221    -8.82413200
2090    -2.72257549    -28.73857391    -12.47401807
2100    -0.71981807    -20.03897550    -7.66065123
2110    9.36446144    -8.64042971    -6.87092222
2120    8.88782934    -4.64106460    -4.35411591
2130    16.97702105    -29.34475002    -14.39775619
2140    9.33481233    -18.16547108    -9.17926372
2150    -3.79456579    -27.11094167    -9.83446016
2160    -0.53569068    -28.08714064    -11.44769899
2170    7.40640645    -1.97096346    -3.30373472
2180    7.89193481    -7.15651184    -6.46045885
2190    -6.18409214    -16.08190854    -4.23659926
2200    1.84700928    -18.21614127    -8.75433349
2210    -0.87483727    -20.27330025    -10.13115494
2220    10.18528025    -30.58740899    -16.02044677
2230    -3.24262177    -24.83370656    -9.33376154
2240    -13.17777665    -31.61516958    -11.02268110
2250    14.63916724    -12.86057501    -9.39825911
2260    16.12801597    -16.45080249    -10.48953823
2270    -3.04219272    -16.26349229    -9.61035607
2280    7.23895318    -10.68915746    -6.26310576
2290    26.62569029    -16.00979630    -14.06427352
2300    -2.83438151    -34.60911577    -13.46112444
2310    11.47004801    -11.38352284    -7.01949320
2320    10.24783922    -28.32106994    -13.61477421
2330    10.02601926    -17.46456453    -9.81972612
2340    -6.01438145    -24.48605578    -5.88509771
2350    13.09878444    -34.88608731    -15.80960456
2360    4.21558939    -13.86211264    -6.85806667
2370    5.55271195    -28.53742319    -12.43952133
2380    13.75004173    -24.14800176    -12.91545336
2390    -2.46402966    -5.73731397    -2.82229730
2400    21.55691121    -21.54133385    -12.98800312
2410    11.10897646    -26.96341499    -11.84145240
2420    -10.31190094    -24.84949731    -6.81667509
2430    5.08682792    -18.97158504    -9.01244877
2440    -2.35424880    -19.66955481    -7.46430587
2450    2.82645688    -3.87225888    -1.52835544
2460    -6.72313127    -13.90552098    -3.36358048
2470    10.73241600    -32.53638811    -17.67452119
2480    16.84471553    -30.62226727    -16.44999346
2490    3.00169234    -28.90924427    -12.91254669
2500    -16.63528484    -24.12678496    -5.60386970
2510    -0.66880327    -20.59878132    -8.82245683
2520    25.41948342    -17.17473710    -15.43150662
2530    6.95511639    -14.39002753    -8.66041036
2540    15.80760535    -29.68317871    -19.31821183
2550    -1.37051753    -38.12177727    -17.02562417
2560    7.07535628    -21.97916408    -12.43307049
2570    1.69091454    -22.65399088    -11.84486981
2580    5.47739746    -25.68266882    -13.13744772
2590    -8.25754728    -12.44472982    -2.34676869
2600    -3.98276817    -25.76444549    -8.31850765
2610    6.55899013    -20.73189528    -13.32994897
2620    1.18010369    -40.98533845    -19.47834733
2630    5.16310475    -48.31660894    -23.31997807
2640    -1.13933812    -25.09176356    -13.36291522
2650    -1.44303418    -25.96144109    -11.17665432
2660    -25.01503491    -11.72231764    8.94052149
2670    13.66471773    -5.15179629    -6.26894947
2680    9.05147775    -14.89958656    -8.56269310
2690    7.10775890    -21.16751646    -12.04116476
2700    16.38837463    -35.54985970    -21.52216236
2710    -15.67644442    -19.77609509    -3.85861651
2720    6.75275263    -8.10704868    -5.44020802
2730    -7.91123672    -24.68515332    -6.96093918
2740    -1.15992977    -35.09002777    -15.62977777
2750    1.68979840    -18.04026303    -8.29738734
2760    8.00096950    -28.78440988    -15.91319737
2770    1.55156764    -18.62023243    -8.79463829
2780    7.46482075    -27.56827583    -16.78791412
2790    6.47953745    -27.35197701    -13.81865042
2800    2.95805733    -23.94248466    -12.66682763
2810    7.84767883    -21.70430990    -13.11807265
2820    3.30937788    -26.18062757    -12.91187916
2830    -2.23679966    -36.45554629    -15.41251651
2840    -9.59261955    -27.86798108    -8.76249800
2850    -4.84088357    -37.41993354    -16.58170679
2860    -3.62415187    -32.32839080    -15.52490846
2870    5.97718915    -18.29370387    -11.95597660
2880    2.09150067    -25.59622170    -14.62079246
2890    -1.09635150    -13.89683411    -5.67880310
2900    3.39122555    -24.96311636    -12.45483379
2910    6.97300276    -17.41043463    -11.13031399
2920    7.77793818    0.14404147    -3.56266864
2930    0.24822537    -10.98205443    -5.42697044
2940    16.13927065    -24.69568044    -17.86960946
2950    2.56820921    -18.37028006    -8.87550918
2960    7.81961158    -15.95515135    -10.82343384
2970    -8.05404409    -18.79447305    -4.79579038
2980    -0.18817824    -27.23373950    -15.26782047
2990    7.41483390    -19.36155594    -15.05662453
3000    -0.90585103    -23.10986062    -14.26516379
