0    0.51154741    -1.12333232    0.89270913
10    4.72624916    -1.39893048    -0.50101429
20    6.05244225    -1.09124736    -0.12589233
30    2.73585723    -1.63798461    -0.88325707
40    0.95030069    -1.24862953    0.59265640
50    4.91559690    -0.57466309    -0.22499429
60    -7.10249972    -3.68623995    0.82113694
70    4.57174155    -1.64116633    -0.32782951
80    2.62117799    -1.46512563    0.20140397
90    6.34758391    -0.88745482    -1.13484687
100    1.84727260    -1.38899219    0.63118340
110    2.62671739    -1.44013088    0.17332345
120    -0.30410257    -1.02738793    0.74989845
130    8.13209864    -1.22962552    -0.85232916
140    1.46428085    -1.27626130    0.08941469
150    1.86522575    -1.49258391    0.66595684
160    5.36345542    -1.27845041    -1.52422504
170    5.71774093    -1.30633372    -0.44864988
180    2.20890679    -2.55640478    -0.55244714
190    5.83912232    -2.42838395    -0.82907609
200    -5.01328319    -3.32044516    1.84120274
210    6.29054356    -1.19446450    -1.33760769
220    4.12122922    -2.03007677    -0.80451941
230    5.76100175    -1.05515421    -0.77489736
240    -3.94692812    -2.37011064    0.87720709
250    5.44922144    -2.47604913    -2.08945622
260    4.76777378    -2.10132007    -1.71733020
270    0.33381156    -0.52058353    -0.08025346
280    -0.65521034    -0.31315054    2.62910131
290    3.17460936    1.11159595    -0.74194851
300    4.33563596    -1.44869354    -2.03436204
310    2.93997330    -2.59628930    -0.73250114
320    5.10470750    -2.32264294    -2.22708976
330    5.36142946    -1.19589653    -2.09214041
340    4.58876111    -1.75094890    -2.57312533
350    2.02198559    -1.65953553    0.03400146
360    3.85421934    -0.95001285    -1.26173778
370    2.58202438    -0.48475669    -1.33999823
380    4.17517905    -2.82816977    -0.85457428
390    2.27295192    -1.46897311    -0.38833895
400    0.65272389    -1.78029057    -0.36837477
410    -2.55257204    -2.42324021    0.76686627
420    3.61603969    -1.00172677    -1.57381020
430    0.34276925    -4.22087651    -0.77196509
440    2.34722953    1.20430561    0.06410953
450    1.00287115    -1.64168985    -0.19274335
460    3.72850666    -2.11121387    -1.85631480
470    0.85776641    -1.02731574    -0.37309910
480    4.26642139    -3.52392755    -2.14946954
490    3.49304308    -0.77438443    -1.56362362
500    1.64645293    -0.86965964    -0.32764326
510    3.62569648    -2.68083656    -2.51882609
520    4.51560873    -2.15762078    -2.39081665
530    2.15611638    -1.10801821    0.08803409
540    2.76244086    -1.32062320    -1.71244447
550    3.69175259    -0.63516098    -1.92303365
560    4.69322545    -0.25696673    -3.63580666
570    2.86965716    -1.48836038    -1.93485250
580    2.21946473    -1.83383455    -1.54472826
590    3.01045847    -2.72766215    -2.21716586
600    1.36884869    -1.69992694    -0.82760615
610    2.79752122    -2.16412127    -2.75063087
620    2.31150010    -2.86936234    -2.29673497
630    0.55627693    -2.26900572    -1.02028309
640    -1.01910269    -0.43572148    2.04093218
650    -0.33605149    0.23997526    1.05339952
660    1.05022883    -1.35468353    1.05922659
670    1.80408084    1.93596992    -0.71127420
680    4.68188664    -0.72606964    -3.21431448
690    3.91277151    -0.39083936    -1.60762115
700    1.80729234    -1.13378274    -1.45592101
710    4.63825661    -2.18324130    -4.07756254
720    3.16387976    -1.92567011    -2.36596909
730    4.37167820    -1.21875725    -1.67872800
740    2.61729211    -1.94152698    -1.81147462
750    2.98201628    -1.64935821    -2.63904207
760    3.87452787    -1.68134109    -3.25475076
770    5.52705147    -2.22198563    -5.45671159
780    2.83714834    -2.35656825    -2.50601147
790    1.44706053    -0.67951963    0.32226631
800    0.63137423    -0.12716728    0.40061417
810    3.04419340    -2.68233451    -2.12206217
820    2.07509466    -3.22821185    -2.37577417
830    0.35105251    -1.59995948    0.40202218
840    0.58956455    -2.18835009    -0.37958972
850    0.69044386    -1.43352140    -0.88972707
860    1.64178876    -1.51902037    -2.98594872
870    -5.47635171    -1.52349687    6.46948207
880    3.01965872    -2.07155082    -5.89122979
890    3.85437100    -2.33174699    -5.54167683
900    0.26710894    0.79846881    -1.76132713
910    3.31555819    -0.40380436    -6.44305204
920    -0.74922230    -1.09892004    0.00771175
930    1.36978100    -1.82784123    -3.12278687
940    4.22213825    -2.52758585    -6.27458887
950    0.08010863    -0.70797137    -0.56523020
960    1.34238338    -1.61844444    -1.38285041
970    4.10676302    -2.08255027    -6.38930719
980    2.10507343    -1.50017905    -2.42532465
990    1.49058601    -2.59560258    -0.78330911
1000    2.06947894    -1.36600049    -1.94509341
1010    1.85132059    -0.80004286    -2.05983843
1020    3.72216769    -2.32541174    -4.51864839
1030    3.46777908    -1.60447971    -4.81406330
1040    4.72734948    -4.10664966    -7.09643675
1050    -2.97745451    -0.43034200    6.14952766
1060    3.09679567    -1.95304183    -4.94819311
1070    2.28978364    -2.18926904    -4.82938488
1080    3.70812339    -3.34371179    -5.42644062
1090    3.50393232    -2.62862441    -7.23741867
1100    2.74415189    -2.61287507    -5.19891457
1110    2.27438550    -3.03235480    -4.18989239
1120    2.42855138    -1.77402026    -6.16702984
1130    2.02287422    -2.16764294    -5.56096569
1140    1.04840902    -1.84763655    -4.56369756
1150    -1.41024967    -1.62100515    0.95554463
1160    0.43699182    -1.70546793    -3.91376101
1170    0.15670925    -2.11289946    -2.37676438
1180    1.54396432    -3.28197122    -4.54638739
1190    0.86484678    -2.22971342    -4.54553652
1200    2.38689874    -3.49026543    -6.06955831
1210    2.27277285    -4.08676913    -5.77690317
1220    -1.97396431    -0.90886773    1.46858058
1230    -0.99623115    -0.77939822    -1.90431675
1240    3.78246826    -4.64092557    -9.12100700
1250    2.42512254    -3.47983023    -6.19705916
1260    0.90058377    -3.22681405    -3.89536376
1270    2.20844828    -3.68722702    -5.41346224
1280    0.00269470    -2.12146997    -0.59736175
1290    1.03953129    -2.85138045    -0.43096395
1300    2.65938034    -4.36326699    -4.41062764
1310    3.15664024    -4.79693536    -6.05912101
1320    2.99078794    -5.31088220    -4.86687180
1330    1.01821676    -2.82134836    -2.33719083
1340    1.87341242    -4.16373302    -2.87068569
1350    -0.25939964    -1.88375261    1.97103679
1360    2.82908860    -4.74873061    -6.23946286
1370    1.43296880    -3.33561403    -2.13613585
1380    2.96487319    -4.99133690    -5.04670618
1390    -1.86021107    -0.66881821    1.11004975
1400    2.75952402    -4.63503098    -7.52325603
1410    1.84165985    -4.05437615    -6.89235232
1420    0.74831954    -2.67743485    -2.60777503
1430    1.19496275    -3.27106416    -5.88076725
1440    -0.52843113    -1.28537179    -1.63701892
1450    -1.35338815    0.18007346    1.61896393
1460    -0.02517148    -1.38234987    -2.03852062
1470    1.86530059    -3.75016322    -7.60821959
1480    1.92576388    -4.11887651    -8.01173399
1490    1.70247904    -4.02348495    -7.81368100
1500    0.87333014    -3.46849696    -5.80679128
1510    0.73232942    -3.39028239    -3.04668035
1520    -1.46130388    -0.01596941    3.35859410
1530    1.87051253    -4.58801173    -6.36914702
1540    -0.03797865    -1.90112232    -0.88602350
1550    0.36282108    -2.25971775    -2.77190777
1560    0.65408033    -3.41929680    -2.34829981
1570    0.65936442    -3.03033252    -2.53815382
1580    0.42328889    -2.76702439    1.64138500
1590    0.36365398    -2.64756323    -2.36583528
1600    -2.51657709    2.36441838    9.25787471
1610    -0.74832003    -0.23156954    1.76194277
1620    -0.09600973    -2.08536952    -0.54537862
1630    0.22795919    -1.15194267    2.23912727
1640    -0.64689580    -1.06119673    1.14731029
1650    -0.29610279    -3.58537557    -5.59747492
1660    -0.72132365    -2.40290106    -3.34615936
1670    -0.56422585    -3.88582539    -5.80706371
1680    -0.68999649    -3.08751666    -5.00059590
1690    0.25631378    -5.58307788    -6.43979662
1700    -1.67054979    -1.82762958    -5.04490493
1710    -0.82370752    -3.56928859    -5.04060169
1720    -0.63655580    -3.42563786    -5.28028283
1730    -0.28527435    -4.31501253    -6.13076436
1740    -0.06201729    -2.01641162    -1.71423038
1750    -0.67679574    -1.63907514    -2.14899454
1760    -0.26460399    -4.22592461    -6.67244385
1770    -0.58479504    0.78912645    1.06639527
1780    -0.21938444    -0.93062803    -0.49092296
1790    1.36225138    -2.97793989    0.00963307
1800    -0.30746662    -2.48414091    -2.56625536
1810    -0.22515485    -2.10449001    -2.34950887
1820    0.67592906    -0.22332537    1.57835152
1830    0.74716730    -4.00599456    -3.83775939
1840    0.69643799    -4.15135939    -3.72171099
1850    -1.13279604    -2.84264211    -5.25128287
1860    -0.04091388    -4.21585638    -3.50164591
1870    -0.66857637    -2.30131020    -3.69490520
1880    -0.35923738    -2.48082365    -2.65526249
1890    0.57255452    -0.78484285    1.43615526
1900    0.19817497    -3.61349910    -1.37834019
1910    -0.38230561    -2.55355642    -1.66213995
1920    -0.95983737    0.93581406    0.74638264
1930    -0.78959244    -2.96838475    -2.66811669
1940    0.51851319    -2.07821350    1.09490266
1950    -1.08060205    -5.04559927    -4.94466753
1960    -0.84031186    -3.23004094    -2.16875008
1970    -0.36068296    -0.20909824    1.87473136
1980    -1.16248147    -4.44494552    -3.77073602
1990    -0.66656920    -2.59878384    -0.92592326
2000    -0.19986639    -3.89915486    -1.41130409
2010    -0.14143455    0.66012972    2.77211825
2020    -0.42000074    -1.02846241    0.78985059
2030    -2.09587762    -3.96467395    -4.53778658
2040    0.07287079    -3.84821457    -0.85233400
2050    -2.36936395    0.04824434    -1.39055489
2060    -0.86457719    -1.54647310    -0.80171483
2070    -1.66502626    -4.66837055    -5.31434546
2080    1.03267753    -3.18553311    -0.09640793
2090    -2.16633677    -2.41233293    -3.77373747
2100    -1.87500945    -5.16847546    -6.10035837
2110    -0.73916699    -0.56180560    -1.09596771
2120    -2.18446837    -4.23158407    -5.63948739
2130    -1.64184935    -3.59143071    -4.51730782
2140    -1.44229937    -4.35438385    -4.15741781
2150    -1.53977188    -3.59154768    -3.74433370
2160    -0.60011572    -3.12318688    -1.77768374
2170    -1.09217691    -0.76138698    -1.04386676
2180    -0.70569138    0.14955219    -0.31690494
2190    -1.26103377    -1.46626931    -0.98050621
2200    -1.44093759    -3.41750509    -3.06678893
2210    -0.79220589    -1.88324189    -1.43104719
2220    -0.18677063    0.11563152    -0.07244325
2230    -0.85954708    -2.13411849    -1.59587953
2240    -2.05023912    -3.10517411    -2.96856161
2250    -1.25793860    -2.87084841    -2.74890724
2260    -0.57007993    0.13111124    -0.59528461
2270    -1.95228540    -4.66810121    -5.02626680
2280    0.33130247    -0.28558533    0.26760911
2290    -0.35430515    -1.21714638    -0.95292699
2300    -1.47993396    -3.83816170    -3.33926189
2310    -1.42954958    -6.16573353    -4.55797921
2320    -1.31299710    -2.36741052    -2.36849909
2330    -1.73813492    -2.96020746    -3.15519502
2340    -0.51325260    -1.89720855    -1.61284048
2350    -0.84671091    -4.26180745    -3.16573299
2360    -1.68426830    -2.20655926    -2.60544206
2370    -0.64902838    -2.23034960    -1.87490750
2380    -1.41934864    -1.33822245    -1.57368964
2390    0.00156103    -1.74349758    -0.40222846
2400    0.55287523    -0.92461162    1.06040849
2410    -0.64232400    -3.61678156    -2.33596002
2420    -0.83587603    -3.39064353    -2.08709039
2430    -1.63119052    -3.76331294    -2.85848341
2440    0.70498055    -1.83764071    0.28333900
2450    0.00237605    -2.93842025    -0.96752115
2460    -1.56525030    -1.63984732    -2.07306878
2470    -0.44686797    -5.36503834    -3.10883439
2480    -1.89437891    -6.48564291    -4.67217852
2490    -1.47280619    -8.03734094    -4.48919423
2500    0.26786755    -1.92001764    -1.26244377
2510    -1.26923405    -5.88075128    -3.68871083
2520    -1.63646557    -4.05716242    -2.81584707
2530    -1.08975680    -3.69231802    -3.47428627
2540    -0.58682969    -0.67612865    -0.26009464
2550    -0.21622997    -1.27434431    -0.74735089
2560    -1.36221843    -7.74619698    -4.92841001
2570    -1.61153651    -7.31597608    -5.10382312
2580    -1.08113468    -3.27653348    -2.61805193
2590    0.89590575    -0.95913969    0.19183334
2600    0.61848157    0.65842831    1.06433743
2610    1.08738041    -1.09220069    -0.04146841
2620    -0.84100531    -3.19418572    -2.53915619
2630    -0.30507579    -3.86570209    -2.42572722
2640    -0.41011632    0.29154353    0.15268067
2650    -1.49686956    -2.67495416    -1.53062125
2660    -1.58099652    -2.33260450    -2.22101420
2670    -0.09342263    -1.53449165    -1.10562259
2680    -0.85048900    1.65201707    0.78025219
2690    -1.62216665    -1.75025300    -0.75119343
2700    0.67773157    1.33621205    1.57931790
2710    -2.06334831    -6.32997102    -3.37245287
2720    -2.49991280    -4.02675366    -2.84751320
2730    -1.93101747    -6.30859641    -2.54215609
2740    -2.44081953    -7.78914428    -2.82531379
2750    -2.24179274    -7.48810807    -2.69300222
2760    0.18425504    -0.80091564    0.13880425
2770    -0.80937336    -3.47062428    -1.54555108
2780    -2.65897388    -7.39569962    -2.64956466
2790    -2.01622763    -6.54211924    -2.72397691
2800    -0.30624417    -2.75084203    -0.55756399
2810    -2.26239504    -6.79620095    -3.12737689
2820    -2.03827882    -2.51373833    -0.64036478
2830    -2.38962963    -8.28336362    -3.66065682
2840    -1.48297128    -0.87303907    0.26553467
2850    -1.03180474    -2.68581264    -0.89732764
2860    -2.75462703    -3.97454041    -2.34675017
2870    -1.69338199    -6.24240341    -2.09544387
2880    -1.24479519    -5.79632361    -2.74219573
2890    -1.68684948    -6.47490190    -3.20234137
2900    -0.80836807    -3.31740904    -1.65019061
2910    -2.57907161    -6.07811574    -3.56517833
2920    -2.63867785    -6.53930315    -3.59393408
2930    -1.30488952    -4.28183039    -2.19760957
2940    -1.90774512    -4.46447896    -1.79624477
2950    -1.22154362    -3.81417743    -1.91065997
2960    -0.75657555    -3.75155218    -1.90838118
2970    -2.50004483    -5.60079107    -2.31333062
2980    0.60978060    -1.21130267    -0.96592821
2990    -3.36487299    -9.31895579    -3.83695913
3000    -0.92936701    -2.72751870    -0.82501586
3010    0.88120388    0.99873824    1.19767598
3020    -0.02294365    -2.50098970    0.13490383
3030    0.00937876    -1.50577900    0.93844782
3040    -1.06273885    -3.75925053    -0.05376351
3050    1.87622971    2.33284088    1.83145577
3060    0.61409353    -0.60520152    1.02707437
3070    -0.37505524    -2.20506633    -0.23198384
3080    -2.87287479    -7.20621815    -1.37750271
3090    -1.18923591    -3.05396129    0.08294669
3100    -0.52922275    -1.40316245    1.20581139
3110    -3.08707387    -6.99124110    -1.21361866
3120    -1.81764400    -4.06101838    -0.22776923
3130    -2.48516942    -4.65428627    0.40060971
3140    -0.94776687    -2.69310547    0.45995419
3150    -3.56249969    -9.58548069    -2.19651496
3160    -0.57145285    -4.06790095    -0.49789539
3170    0.36154349    -1.41824149    -0.04755547
3180    -2.04125467    -5.98880325    -0.74933950
3190    -1.42105708    -3.36272381    0.64045250
3200    -1.33571317    -4.36957383    0.03634955
3210    -2.49909075    -6.48525765    -0.12791400
3220    -1.77946007    -6.09515775    -1.22878314
3230    -3.89099052    -9.59125644    -1.25571208
3240    -2.66036296    -6.92940260    -0.38282405
3250    1.16015700    -0.03189549    0.84640969
3260    -1.02275030    -4.25455805    -0.07728722
3270    -0.19527863    -3.39691598    0.56868669
3280    -1.45421397    -5.07569579    -0.35643756
3290    -1.70573745    -4.92178757    1.05015999
3300    -0.81321134    -2.36808749    1.17123365
3310    -0.65504334    -3.19530862    -0.22304653
3320    -0.94910419    -3.69062039    0.16448985
3330    -3.73691034    -9.20079960    -0.38799600
3340    -1.76029981    -6.15214193    -0.42916178
3350    -2.35109366    -6.82305940    -1.20544860
3360    -1.14595476    -5.26647276    -1.21129814
3370    -0.60918603    -4.06348336    -0.52815353
3380    -2.48406962    -7.97237436    -0.82327352
3390    -1.14606072    -5.21461104    -0.86567625
3400    0.97615661    -0.93618945    0.62258364
3410    -1.88114480    -5.92697158    0.47004320
3420    -2.55885004    -7.79992070    0.05456392
3430    -3.21746641    -8.37238582    -0.29886570
3440    0.03669194    -1.52259008    1.48476540
3450    -1.38401985    -4.67495540    1.93829507
3460    -0.57077567    -3.94242128    -0.56112949
3470    0.49300492    -1.97203368    -0.94837532
3480    -1.38348139    -4.68905195    0.27113044
3490    2.15393875    2.51677579    0.56121999
3500    -1.65351599    -5.74562212    0.35476610
3510    -2.39300238    -6.62973218    0.36152217
3520    -0.97890259    -5.39521546    0.83486033
3530    -1.44862661    -5.67952178    -0.01168297
3540    0.35454868    -2.63534210    0.43396451
3550    -1.73876170    -6.34945540    2.09115240
3560    -0.83011279    -4.74342485    0.62591480
3570    -1.15871318    -6.76369854    0.58710158
3580    0.21597962    -4.56203525    2.02265879
3590    -0.50459466    -4.93795773    0.47010561
3600    0.38915522    -4.40103056    1.07025424
3610    1.73740521    -1.18992981    -0.35869350
3620    3.28445221    1.03427736    -0.62946079
3630    -2.51329978    -8.66145771    -0.09058217
3640    -0.22841357    -6.44659324    1.88342855
3650    2.87377825    0.41337337    0.55042291
3660    0.50990792    -2.27467071    -0.16630445
3670    -0.29287003    -3.41357534    -0.38105893
3680    -2.71981313    -7.38178993    0.10747146
3690    -0.28527854    -2.90433965    -0.87555124
3700    2.70829599    1.32532007    1.14205875
3710    -2.28448846    -5.97322988    -0.42094731
3720    0.04466328    -3.35947293    0.66921952
3730    0.84179956    -1.90890313    1.17444506
3740    1.29157213    -1.51026684    0.73492800
3750    0.57722565    -2.06253376    0.16488767
3760    0.97334054    -0.72871940    -1.08042350
3770    -2.82711482    -7.89689701    0.46260749
3780    -0.99422847    -4.86159590    -0.53709438
3790    -2.47178520    -7.79972623    -0.32072902
3800    -0.88479304    -4.88292696    0.65230441
3810    -2.12688179    -6.67636250    0.23307767
3820    1.77641565    1.06250522    -0.70480497
3830    -1.28583024    -4.61797310    -0.32929668
3840    -0.02218130    -1.70270247    -0.81084813
3850    0.43093349    -2.54660963    1.55346484
3860    -2.11572264    -6.78884811    1.02945060
3870    -0.29339363    -3.30254144    -0.50084018
3880    0.16118461    -2.82507292    -0.07246503
3890    0.29929000    -1.94887296    -1.30441484
3900    -1.77865149    -5.59467210    -0.20260420
3910    1.13935643    -0.74143164    -1.58454739
3920    -0.94931817    -5.94975006    0.74273693
3930    -1.09132933    -5.02812248    -1.03430141
3940    -0.83468362    -4.53434820    -0.60459778
3950    -0.93892041    -3.26608557    -2.04871511
3960    -2.33228743    -8.14216561    0.79082055
3970    -2.00560977    -6.49406091    -0.69081540
3980    -1.53918659    -7.27767389    0.43448387
3990    -3.45916977    -11.12184908    1.49817289
4000    -3.26961617    -10.85761522    1.23996844
4010    -1.49585154    -8.18758810    1.77980061
4020    -3.44040876    -11.06017942    1.70932826
4030    -1.69496278    -6.80498590    1.11202290
4040    -2.29078088    -8.72848595    1.42126238
4050    -0.72682995    -6.89393221    2.50833818
4060    -1.83291878    -6.69299442    0.96083869
4070    -1.53212492    -5.90614662    1.14906002
4080    1.04888633    -0.89273997    1.11961697
4090    0.82355552    -1.35952245    0.44028204
4100    -1.69555258    -6.38481651    0.94797907
4110    1.55849892    1.70936154    -0.54922844
4120    0.25918998    -1.04120930    -1.22417663
4130    0.27906698    -0.09894225    -1.20804509
4140    -0.56745841    -2.82598419    -0.29089348
4150    0.17882101    -1.25807020    0.18828929
4160    0.06900903    -0.59658192    -0.52889243
4170    0.95772148    -0.87132972    0.23585844
4180    -1.24877929    -3.04888142    -0.17809674
4190    -0.90553946    -4.14824091    0.05689855
4200    -0.78686623    -3.38675896    0.78546013
4210    -2.39502139    -7.98674723    0.73759826
4220    -1.47248350    -6.15689136    1.31872292
4230    -0.24878699    -4.41672137    0.70799888
4240    -1.56929061    -5.40693468    0.58957981
4250    -2.38461474    -9.08737924    2.08948425
4260    0.42355888    -3.28393156    1.58170835
4270    0.35743488    -3.24048098    0.90288647
4280    0.63005536    -3.31345033    1.62343045
4290    -1.46448964    -5.84476615    0.36634033
4300    -2.80110924    -9.33458371    1.96267611
4310    -1.07893230    -6.31718499    1.69710379
4320    -0.49541782    -4.92282798    1.57091655
4330    0.73085817    -1.66084139    1.40284920
4340    -0.35585468    -1.76304846    -1.65004214
4350    -1.98990747    -6.36462924    0.30171081
4360    -1.20399720    -4.45739602    0.00561661
4370    -2.02865231    -7.11777598    0.30682141
4380    -2.02781417    -8.05734531    1.30127468
4390    -2.46919888    -9.00550782    0.91818004
4400    -0.78396459    -6.30671732    1.08884763
4410    -3.13983635    -9.87477377    1.36695775
4420    -0.84141713    -1.97712415    -1.40931537
4430    -1.64790474    -5.27497925    1.43852327
4440    -2.79071962    -6.19326097    0.03693027
4450    -2.55922278    -7.89844859    0.83271029
4460    -1.74953693    -3.93542144    -0.19639286
4470    -1.83104653    -5.31337849    -0.04440030
4480    -2.92775284    -8.27437789    0.51567216
4490    2.70557593    5.16826394    -0.78832114
4500    -1.45645335    -4.06776256    -0.08811804
4510    -2.65687203    -7.78091369    1.29842359
4520    -0.46773579    -3.38110193    -0.04933494
4530    -3.82923002    -11.54563113    0.83729382
4540    2.75383061    2.76377141    -0.25680029
4550    -2.23663520    -7.82416100    0.50906711
4560    0.86529209    -1.97437472    0.01558846
4570    1.47663550    1.94285477    -1.29235430
4580    0.00534125    -1.67354764    -0.37314466
4590    -1.68264218    -7.55345894    1.09688332
4600    -1.39539616    -7.23047067    1.15666678
4610    0.06911243    -6.30442120    2.28672100
4620    -2.85609870    -10.25297425    1.62972010
4630    -0.71892354    -1.76461773    -0.28574258
4640    -0.69347691    -4.16889020    0.52176047
4650    1.06090597    -3.10732386    1.40877099
4660    -2.19148640    -6.18947683    0.47827587
4670    -3.15510444    -7.32508492    1.36181665
4680    -2.55074935    -7.06344140    0.93280725
4690    -3.93829596    -10.89020582    1.91698053
4700    0.99447176    2.64202774    -0.84322270
4710    -0.89154730    -5.86076019    1.19664940
4720    -0.91729281    -4.01881948    0.87389332
4730    -2.18752509    -7.36451214    1.41437811
4740    1.11785994    2.13656177    -0.73968041
4750    -0.81915675    -5.22787050    1.39033856
4760    -3.58467730    -12.56222412    2.46081447
4770    -3.02913589    -10.47774084    2.11978241
4780    -0.19495151    -3.15648255    0.26054094
4790    -0.18112545    -2.94110663    -0.03473506
4800    -0.08989110    -4.65050510    0.89914034
4810    0.40396982    -0.89091378    -0.32525896
4820    0.14959599    0.18577777    -0.55257063
4830    0.63284909    -1.09842581    -0.20552015
4840    -0.89648838    -5.91268469    1.13835359
4850    -1.08091456    -6.91770924    1.87011200
4860    0.69237710    -1.98514792    0.69438617
4870    -0.58815527    -2.77260988    0.72084745
4880    0.58807484    3.00637785    -0.77704013
4890    -0.95322647    -3.81038587    0.98746529
4900    -2.97322797    -9.28259244    3.07648403
4910    -1.61931255    -4.39792761    1.57519996
4920    -2.05191890    -6.01982869    1.82615955
4930    -0.87754122    -4.31789135    1.84243491
4940    -2.14999066    -7.95988895    2.92411572
4950    0.01734304    -1.29404576    0.82913860
4960    -0.75297493    -4.41259935    1.44406123
4970    -0.40809771    -2.96521117    0.65315264
4980    -1.98350769    -8.12130612    2.89923579
4990    -0.43640321    -2.61290895    1.21454869
5000    0.59763469    -0.07379511    -0.02642290
5010    0.52722616    -0.73405666    0.52005405
5020    -0.54064484    -2.25720815    1.15976455
5030    -0.89888852    -4.36566735    2.43134115
5040    -0.60652026    -2.67773735    1.26094659
5050    -1.21973651    -7.67423856    3.13178887
5060    -1.37953228    -5.14462668    1.39303174
5070    -0.88346574    -7.75012153    2.84177643
5080    -1.23368647    -7.27172723    2.35803403
5090    -1.61238137    -9.54940102    4.08944663
5100    0.01673485    -2.99412089    1.57212822
5110    -1.43010927    -9.25835432    3.47349954
5120    -0.36576085    -5.40455959    2.17831065
5130    -0.43845060    -3.45098729    1.90261621
5140    -0.30421858    -3.73014450    1.70584312
5150    -0.01970949    0.32926273    0.38059344
5160    -0.77733501    -3.12768738    1.75638839
5170    1.33880341    5.60508386    -1.22426538
5180    1.21514616    4.23414769    -0.30181185
5190    -1.16987662    -3.95503169    1.19501184
5200    -0.11211444    0.60914982    -0.23428957
5210    -1.04205584    -5.03208036    1.68376275
5220    -0.77488725    0.83867672    -0.62625070
5230    -1.70507653    -6.96248203    2.73474484
5240    -1.20728938    -5.18875929    2.30015182
5250    -0.71156006    -3.01784642    2.14017548
5260    -0.19176593    6.20012743    -2.68971412
5270    0.28759749    5.81617257    -1.19303913
5280    -1.03799148    -4.93065702    2.56219169
5290    -1.32010367    -2.38052539    0.10375333
5300    -0.83146370    -1.93722659    1.29204450
5310    -0.62728612    -2.50337871    2.75670107
5320    -0.16934682    -0.58336905    0.91033219
5330    -0.49366203    0.05048062    -0.90646025
5340    -0.91826936    -4.65855891    2.54308065
5350    -0.43058604    -4.41835129    1.39152665
5360    -0.89921491    -7.63869100    3.07191242
5370    -1.15948844    -2.25126471    1.04834031
5380    -0.60738819    -5.64070388    3.49447261
5390    -0.34498284    -1.45232103    -0.25973113
5400    -0.50937379    -8.96417279    3.37334000
5410    -0.61375464    -3.83300344    1.05816470
5420    -0.23904685    -0.29275474    0.55325044
5430    -0.44638217    -0.75602904    2.38821724
5440    -1.15932917    -7.77310236    4.13757452
5450    -0.86651529    -0.97098512    0.66580512
5460    -0.16997991    -2.10355872    1.81280631
5470    -0.34425962    0.52109851    0.44380123
5480    -0.82982040    -7.07160682    3.29324812
5490    -0.03445069    -3.51060508    2.06003434
5500    -0.70229693    -5.26542132    3.26753012
5510    -0.47992934    -5.44711008    3.83660642
5520    -0.55416270    2.13699565    -0.76393437
5530    -0.24698922    -4.07694526    1.98775074
5540    0.11491413    -1.29203173    1.51051906
5550    -0.23809211    0.63298748    -0.06067650
5560    0.91284990    1.37784430    0.52192472
5570    -0.87742873    1.78528786    -1.25943314
5580    -0.11961855    -1.40257126    1.49266636
5590    -1.07058136    -8.74026240    3.43678516
5600    -0.42804788    -3.02099998    2.76554421
5610    -0.23484797    -0.23860033    -0.28482851
5620    -0.54271347    -6.11903760    3.92303303
5630    -0.76045711    -1.58347649    1.50662231
5640    0.49978059    -0.77461189    1.79791051
5650    -0.62274021    -3.33246558    2.56877321
5660    -1.09260204    -1.89947362    1.44582820
5670    -0.71530050    -1.75140121    1.86107666
5680    -0.10405902    -6.84020610    3.96613288
5690    0.36347988    -2.72853292    1.99719522
5700    1.18861705    0.18475413    0.92123243
5710    -1.02379124    -6.64799316    4.43194551
5720    -0.75584816    -5.04888367    2.79070947
5730    0.29351690    -5.75590956    3.69024376
5740    -0.06057309    -5.80966527    2.90671098
5750    -0.08447908    -2.67273732    1.48071716
5760    0.45474947    -3.59869374    1.31159603
5770    0.36187686    -0.85975533    0.48339886
5780    -0.80895730    -8.63222982    5.16424060
5790    0.55246375    -0.28484156    -0.17685802
5800    -0.03143376    -2.85262902    0.49406357
5810    0.61113342    -3.95207863    2.15719873
5820    0.09547726    -3.74994656    2.77379537
5830    0.57205253    -0.64336697    -0.08730314
5840    1.02319516    -0.14776564    0.69718948
5850    1.22349512    4.84238343    -2.99968658
5860    -0.80279855    -6.71215805    4.33724898
5870    0.49719128    1.13928175    -1.00859898
5880    -0.12168234    3.03030859    -2.70386443
5890    -0.44047395    -6.07273807    3.28366731
5900    -1.08820105    -7.48228104    3.76977318
5910    -0.56383709    4.03559004    -3.13742324
5920    -0.69110890    -4.56753655    1.81386451
5930    0.47521110    -1.16081302    -0.59781010
5940    -1.21389254    -2.69147609    0.63628678
5950    -0.91469222    -2.49639959    0.06907216
5960    0.64650079    7.68533221    -6.61568535
5970    0.44742271    -1.64025224    0.01917942
5980    -0.47607504    -6.97513397    2.51147475
5990    -1.53420595    -4.52798511    2.51359886
6000    -0.69910121    -5.23692891    2.40336901
6010    0.17037952    -2.00041344    0.60099590
6020    -0.16101660    -4.23205730    2.30663961
6030    0.34623337    4.01778058    -2.96705609
6040    0.30880787    -3.12220335    1.63039550
6050    0.69019258    1.52098062    -1.27035681
6060    0.88588567    -2.78540442    2.03445558
6070    1.39764941    5.06972962    -3.10663650
6080    0.03561411    -4.50820764    2.27154148
6090    -0.93779793    -4.45888645    3.01699537
6100    -0.98545788    -5.37867953    3.12495512
6110    -0.61493150    -4.93747030    2.14072558
6120    -0.61408968    -5.19369987    1.95287563
6130    -0.33081382    -2.24418016    0.70340460
6140    1.04758609    -2.00634430    -0.64236581
6150    -1.92080837    -7.10014882    3.65487683
6160    -0.50193987    -4.96162260    1.42411336
6170    -0.15759679    -4.53785536    0.55042337
6180    -0.32521056    -6.62530211    2.39647773
6190    -1.34694900    -8.83968028    4.25126491
6200    0.18684959    -6.18674453    1.43002714
6210    -0.53507998    -9.37770649    4.40986645
6220    2.07432659    -0.07819306    -1.89339032
6230    -0.47060009    -3.57012336    2.02669062
6240    0.21324711    -4.20776732    1.31313896
6250    0.37069514    -3.94287574    1.24724227
6260    0.93486847    -3.79774015    0.32435508
6270    -0.80414302    -5.43111262    2.57906057
6280    -0.55600004    -4.39099942    1.84348520
6290    1.11191398    0.91038441    -2.07598019
6300    -0.07968914    -0.97408261    -0.13590565
6310    -0.56119899    -3.26528067    0.52627897
6320    -0.09073440    -0.85850739    -0.82741903
6330    0.72910219    -2.61002019    -0.94428069
6340    -0.77830169    -4.03693674    1.40973548
6350    -0.65418556    -5.68034834    1.75132210
6360    -0.18731257    -4.04425982    0.24364503
6370    -0.48565897    -3.05525459    0.89253353
6380    -0.00778830    -3.25351522    0.67801960
6390    -0.31678094    -3.60723442    1.16000489
6400    -0.10293729    -1.76278330    -0.43852597
6410    -0.07303363    -3.61392456    2.94402681
6420    0.24549084    -6.14418333    2.94130150
6430    0.72450823    -5.71198187    1.72980747
6440    0.55347129    -3.61695199    0.74288613
6450    0.60431643    -3.08530525    0.73321713
6460    0.58040894    -4.00882412    0.97010996
6470    0.09452280    1.48947389    -0.94469625
6480    0.27650909    -2.92037786    1.21234530
6490    -1.02708907    -2.15269506    1.94992526
6500    0.66271537    -3.38820939    0.94845877
6510    0.45960092    -5.86483655    2.66296521
6520    -0.20301183    -0.06518843    -0.52057949
6530    -0.21376868    -3.09310373    1.41788097
6540    -0.25225139    -5.64236092    4.02808921
6550    -0.17994323    -4.18057429    2.19282430
6560    -0.33343851    -4.80774050    3.26769312
6570    -0.38588138    -7.29605006    4.16382716
6580    0.15205282    -6.82175793    3.75845845
6590    0.03161409    -3.07811586    0.97825103
6600    0.21712466    -2.53466474    0.13784418
6610    0.14425980    -1.20526864    -1.12305290
6620    0.62917909    -7.27519751    4.12396639
6630    0.75706818    -6.97158418    4.03074164
6640    0.66966432    -2.39815243    -0.35477983
6650    0.91845744    -4.45005318    1.82741102
6660    0.92943351    -5.56947357    2.94334994
6670    -0.14943289    -2.74902457    0.95539782
6680    1.33302798    -4.06718190    -0.09482350
6690    0.13967186    0.49726996    -1.26223711
6700    0.53961426    -5.77583692    3.28717504
6710    0.45775881    -4.41601942    2.02661017
6720    -0.68477697    4.20340987    -4.11703289
6730    -0.04415716    -0.87151436    0.93766287
6740    0.49925696    -3.73270382    2.79726161
6750    0.86713204    -1.96606668    -1.21473343
6760    0.85660827    -6.07115910    4.47842936
6770    0.75887868    -3.16149555    0.82704201
6780    0.96557020    -6.67113810    4.72293940
6790    0.62701192    -5.73071442    3.71245011
6800    0.45305494    -5.00172640    4.10079229
6810    0.62231019    -5.00018758    3.22159264
6820    0.68405962    -5.55132619    2.95481991
6830    0.72138803    -3.23036479    1.29797293
6840    0.78892747    -6.41990061    4.99531939
6850    0.70120265    -5.59487882    5.52011066
6860    0.48442331    -3.58802151    -0.34681923
6870    0.83377603    -5.54954389    3.45122079
6880    0.54709125    -4.70244038    3.03925219
6890    0.97814329    -5.96558929    3.20175589
6900    -0.13497603    -3.39825607    1.89111139
6910    1.26054525    -4.90562703    1.85686019
6920    0.66289084    -1.18416000    -1.99538282
6930    0.82341211    -2.93585101    -0.54899973
6940    -0.62369671    -0.99465043    0.90189239
6950    1.56434405    -3.76372993    1.88458897
6960    0.45740225    -1.54645701    0.29623532
6970    0.90701266    0.01672551    2.05786532
6980    1.85100146    -5.01798442    4.94583742
6990    1.94408719    -2.10527764    0.06413869
7000    1.41567267    -3.21587790    2.86260623
7010    -0.23804289    0.10800109    -0.00736481
7020    2.14622726    -2.84288541    1.64182355
7030    1.87306566    -4.06116242    3.80773240
7040    0.91642461    -2.42180980    0.38442439
7050    0.30302922    -0.44469769    -2.45774653
7060    1.63495187    -2.39915967    3.21117529
7070    0.56198569    -2.40320587    0.68167500
7080    -1.16414549    1.65334670    -2.34445307
7090    1.73704674    -1.69262262    -1.02285558
7100    0.78692311    -0.74460593    -1.99543281
7110    -0.16680258    -0.00053534    -1.95499522
7120    2.22810955    -3.36327912    2.97077940
7130    2.21811012    -3.84763637    3.03915232
7140    2.59126559    -5.29259096    3.70190451
7150    1.98065533    -2.56519580    2.82206736
7160    1.35576119    -2.02906554    2.00637070
7170    2.45094432    -4.18984146    3.70928786
7180    2.50753413    -3.06358028    1.94762787
7190    0.54679070    -0.50029803    -1.30442589
7200    -1.27678766    1.00428614    -0.67653002
7210    2.94666785    -5.66548850    4.38549778
7220    1.75893601    -2.51283286    0.47079499
7230    1.62478140    -1.90637659    0.16184676
7240    2.26987362    -3.17882418    1.62523059
7250    0.63950147    -2.68257678    1.90727634
7260    -2.19600489    1.38077607    -3.50063494
7270    1.55438959    -3.17769416    1.49888961
7280    1.65227587    -3.46957127    1.44674923
7290    0.21071761    -1.64307649    -2.03452648
7300    -1.64836112    1.01561372    -4.27775959
7310    1.55592881    -1.71065734    -0.75679287
7320    1.86203045    -3.12465908    1.03185617
7330    3.22878069    -5.13998283    2.91905081
7340    2.57188974    -2.95560547    0.81844592
7350    0.74594172    -0.96180141    -1.64279707
7360    1.91988963    -2.63938415    0.96946507
7370    3.72954615    -6.74334187    4.70921092
7380    1.70751290    -3.08572229    1.40510833
7390    1.27432093    -0.55313474    -0.54416905
7400    -2.07300912    0.55190229    -1.30048844
7410    0.14420222    -0.90157930    -2.75632964
7420    2.68912601    -1.89098516    -1.91303279
7430    2.26560157    -2.58385464    3.18128073
7440    -0.21184933    -0.21334131    -4.76639250
7450    1.41680665    -2.85399895    1.89762887
7460    2.31387261    -4.05588249    3.29847261
7470    0.47695262    -1.64427423    1.41366075
7480    1.74810505    -2.34553700    -0.46924441
7490    1.16299818    -1.53370485    0.40352369
7500    1.95647265    -3.05057663    -0.21710393
7510    3.50976390    -5.41667992    5.96160403
7520    2.61091200    -4.83006944    4.78846735
7530    2.20974241    -3.82097857    1.64053952
7540    1.01727081    -2.83299093    2.00495721
7550    1.94055575    -4.06559472    4.27087812
7560    1.75412646    -3.77821040    1.22131276
7570    2.87109309    -5.73714612    3.20214042
7580    0.71252301    -2.67507825    0.06314306
7590    3.23161727    -5.33555419    4.75543026
7600    2.88503243    -5.09902680    5.49416042
7610    0.00432604    -1.34799563    -2.92490827
7620    3.00740987    -3.93558469    4.00226195
7630    1.17224116    -2.02878768    -0.30792384
7640    2.38054904    -3.98565874    4.94571337
7650    -0.45438958    -1.20692616    -2.04336267
7660    1.45096132    -2.34795740    0.07703914
7670    0.13419214    -0.30686743    -0.98474014
7680    2.17226321    -3.91158451    3.45467468
7690    2.44372204    -3.40370151    3.79665842
7700    1.12419989    -2.49669708    2.89853666
7710    0.10199569    -1.26467463    0.27438265
7720    -0.30600887    -1.20643532    -1.01037395
7730    0.64314116    -2.15137169    1.89488342
7740    0.36532816    -1.36381876    1.35494927
7750    -0.47428103    -1.16745525    -0.86583600
7760    0.73041118    -3.07967053    1.65870176
7770    -0.62386935    -1.05751137    0.59641118
7780    0.95640195    -3.62714134    3.41988778
7790    -0.03902845    -2.18399697    1.38730841
7800    -0.55780977    -2.64771257    0.87181047
7810    0.40478646    -3.39062572    1.44691278
7820    0.42695527    -3.53122589    1.66538371
7830    -0.22834742    -3.31727795    -1.04557100
7840    0.10307097    -2.88342457    0.93200015
7850    -0.14508652    -1.47438250    0.34569766
7860    2.01255655    -4.84643649    5.39287862
7870    1.38527423    -3.00544514    3.92708306
7880    1.16294541    -3.19192723    1.70178914
7890    1.10527225    -2.59278546    2.35272574
7900    -1.77526958    -0.22932063    -3.00983335
7910    0.74419694    -2.71935996    1.98371125
7920    0.11041311    -1.98853509    0.93547282
7930    2.89440830    -4.62444314    5.24524099
7940    0.33593648    -1.95225383    1.71890756
7950    0.73523001    -2.37303504    2.89538553
7960    -0.51618867    -1.22611068    0.03988247
7970    1.60473372    -2.84135816    4.51660647
7980    0.46575584    -2.38313111    1.70886507
7990    -0.65268455    -0.12929029    -0.88883912
8000    1.42953275    -3.89537138    3.59654176
8010    0.49461521    -3.03518176    1.45557494
8020    0.70815230    -2.44684981    2.05854474
8030    0.00674298    -2.05686784    0.77523083
8040    -5.90161524    5.39586819    -10.57812105
8050    1.60019636    -4.20770833    3.44860909
8060    2.68334579    -4.50027666    4.59448285
8070    2.22178588    -4.51438813    3.95460519
8080    1.51975719    -2.83587175    2.75837424
8090    0.14355667    -1.62662775    1.21816140
8100    2.42509894    -4.75800116    4.08915840
8110    1.54145142    -4.07041400    2.84902478
8120    1.66882911    -4.65534856    2.93560571
8130    0.10851697    -3.08473841    0.79812583
8140    -0.84355096    -1.10850379    0.08238996
8150    1.65004483    -4.19821190    3.16030439
8160    2.12977199    -5.13050570    4.78178794
8170    0.87723859    -3.09061670    2.17551610
8180    0.84914066    -4.33877096    2.50070714
8190    1.90127150    -4.64340347    4.22711939
8200    1.92039366    -4.07164577    4.67307176
8210    3.87998738    -5.60368708    6.69035796
8220    3.33164909    -4.66197410    6.32062863
8230    2.24113511    -4.04062137    3.85828546
8240    0.75689117    -3.18918402    1.22038213
8250    1.97614198    -2.05833056    3.70115358
8260    4.42124973    -5.74256964    6.84453789
8270    3.28889117    -3.76356641    4.93878408
8280    3.65626914    -5.34868231    6.00397893
8290    2.50634610    -2.26340187    3.29566546
8300    3.19566097    -3.15555962    4.36066329
8310    1.70539333    -3.29631525    1.99487981
8320    4.61118162    -3.82792511    6.33349021
8330    4.36254148    -5.10625645    6.26701352
8340    -2.04482348    0.53963039    -0.89380936
8350    5.75847401    -5.20616751    7.79171211
8360    2.53070337    -3.27193525    4.71916872
8370    1.46809198    -3.35065964    3.38761296
8380    0.42900958    -2.13154841    2.16465423
8390    -1.76891290    -0.00353929    -0.37582148
8400    3.98898304    -5.40002642    6.43393916
8410    -0.69532049    -1.32380615    1.61523634
8420    0.43745615    -3.03597478    2.67457169
8430    -1.02082945    -1.63764219    1.28546484
8440    -0.60891837    -2.20014899    1.28805099
8450    0.45728216    -3.58086808    1.40643782
8460    2.30938156    -4.91678351    3.84558455
8470    3.38065531    -4.66524411    4.73366852
8480    1.84574086    -3.31129574    2.62911942
8490    3.01650295    -4.39029416    3.42365862
8500    3.02759798    -3.64178022    3.55584574
8510    4.39569968    -3.20106021    3.73707114
8520    5.58128451    -4.44311093    5.11027375
8530    3.89886839    -2.44213976    2.06757249
8540    2.11716321    -1.59439300    1.00817703
8550    2.12064350    -1.30602860    1.43784734
8560    4.86315465    -3.62073206    3.62687712
8570    3.97921185    -2.59327264    3.08195061
8580    1.80245787    -1.10735483    2.02933843
8590    5.25692956    -5.15634900    4.68165884
8600    4.12436865    -3.28966476    3.41047311
8610    -2.81955122    -0.10998849    -1.03351351
8620    -3.39949403    0.00732467    -1.87636426
8630    3.33810461    -3.96390584    4.49178049
8640    2.38703916    -3.66386114    2.70139148
8650    2.11949090    -2.97095305    3.19309457
8660    -2.15423046    -1.13536118    -1.88220362
8670    -1.76140641    -3.10304351    -1.65029778
8680    1.57104251    -2.22258210    2.19785993
8690    0.50300400    -0.75896589    1.44515479
8700    4.25565255    -3.30458911    3.78039148
8710    4.20377040    -4.73359814    4.34936101
8720    0.55696240    -2.06605287    0.66836277
8730    2.73688185    -2.36525085    2.95220476
8740    3.17470547    -3.62021681    3.09354806
8750    4.84255766    -4.13581974    3.79302265
8760    -4.22908409    -0.07790594    -4.29950361
8770    -1.33987394    -1.13325486    -1.41549798
8780    2.06056623    -2.82843451    1.04429845
8790    3.24745927    -2.50825283    2.31026974
8800    3.46181648    -1.14979547    2.37105687
8810    4.20551106    -2.39270707    1.47589118
8820    6.41606208    -3.48158776    4.81523492
8830    3.21344412    -3.06240898    1.04249220
8840    -0.66882894    -0.30148434    0.48903559
8850    -2.94362096    0.29100714    -0.63229741
8860    1.60679667    -2.19390585    0.87523215
8870    0.92036768    -1.43270932    -0.59031221
8880    -1.21772777    -1.62476640    -1.09202424
8890    5.41645119    -2.17537918    2.37976353
8900    2.77021365    -2.91192751    2.69185103
8910    4.27857649    -3.92227550    3.27486409
8920    2.54740733    -2.83294741    1.25439865
8930    2.18012363    -2.72546590    1.67044308
8940    -0.89836213    -1.41787169    -0.39120661
8950    1.95607962    -2.20569387    1.69598304
8960    2.84071193    -2.04080659    0.64688949
8970    4.31776050    -3.57402026    2.51899541
8980    -1.63164053    -0.26968412    -0.44308336
8990    0.60135397    -1.17264080    0.38194353
9000    2.74125425    -2.57289057    1.91141755
9010    -1.39053429    0.12575598    -0.82033099
9020    4.45116569    -2.89495839    2.95228318
9030    -0.96622386    -0.26437650    -1.73384554
9040    -0.00119293    -0.02245611    -0.08025870
9050    -4.80842349    0.85337892    -2.34636414
9060    2.62465148    -2.48574200    1.68548138
9070    2.99071458    -2.22494013    2.47383962
9080    4.75903877    -3.11671488    3.91554326
9090    4.29405198    -2.19886123    2.07956781
9100    3.35076868    -3.56879152    2.70615988
9110    2.56373258    -2.01365548    0.90601711
9120    3.65963185    -2.54715111    1.39131805
9130    2.47256571    -2.60132073    2.05104467
9140    5.99549476    -2.56960333    4.60688849
9150    6.17593891    -2.18429995    4.69621511
9160    2.04040935    -1.83814975    1.67931539
9170    -1.96958626    0.69884607    -0.88481777
9180    -0.00465998    -0.72786307    -0.45525027
9190    0.56798410    0.02814223    1.46340334
9200    0.91323816    -1.32719507    -0.07199896
9210    1.59256572    -2.01334465    0.35016068
9220    3.10045739    -1.52439975    0.52186186
9230    -2.64603967    0.52710262    -2.85395729
9240    2.59040825    -1.16455155    2.47097381
9250    1.41146961    -0.43760225    0.30819213
9260    -1.29025323    0.89507507    -0.17834349
9270    3.84856573    -1.92487178    3.37266085
9280    5.78251073    -2.48634878    4.31121722
9290    5.75002783    -3.22202561    4.05894548
9300    1.83060478    -1.50917607    1.12920664
9310    2.94468872    -0.54120847    1.85302903
9320    1.86473710    -1.31587820    1.43745498
9330    2.47227217    -1.63122191    1.19376813
9340    4.84081781    -2.47348809    3.90722229
9350    4.78275154    -2.34337833    3.87707980
9360    3.24053388    -0.94759618    2.34745075
9370    1.45704640    -1.12194340    2.44831610
9380    4.04598660    -2.84465967    3.46545814
9390    3.33459015    -2.36843499    3.21917202
9400    6.07823612    -3.64693529    5.54683053
9410    0.26573220    -0.87538527    0.02366775
9420    4.96693415    -3.01026602    5.03613872
9430    2.65513185    -2.43655959    2.65025473
9440    2.76209665    -2.44765529    2.31241434
9450    3.42182200    -1.78996557    2.79011542
9460    2.22593519    -2.23381539    2.63928955
9470    1.13388552    -1.45455690    0.70245121
9480    6.58415555    -2.14504463    5.22903448
9490    4.89394198    -1.80598845    3.74240677
9500    -0.41272943    0.08164463    -0.12461011
9510    1.47177923    -1.34438731    -0.30494295
9520    2.12415197    -1.39108656    1.17813385
9530    3.87606436    -2.29013625    2.29061346
9540    3.28917342    -1.63791184    3.47513526
9550    4.75410957    -3.15698851    3.48616113
9560    1.91670213    -1.52524098    1.06280191
9570    -3.37751883    0.87700269    -3.04798619
9580    3.11324565    -2.03947365    2.92765623
9590    4.90391097    -2.56758592    4.44608202
9600    1.04245747    -2.15064093    0.77823937
9610    7.31937186    -4.30126067    6.26884338
9620    6.16548728    -3.44576153    5.96027227
9630    6.53251731    -3.68275212    5.39542092
9640    0.41678923    -1.64540584    0.78362782
9650    6.88703585    -3.62593197    6.51885454
9660    2.86045155    -1.71851770    3.55601199
9670    -0.05674213    -0.46119161    1.13943540
9680    6.52879729    -3.94368301    5.01543655
9690    7.04409104    -3.28202758    5.94416552
9700    1.30827004    -0.88144285    2.93422374
9710    5.57828417    -2.86472255    4.62682426
9720    7.14698238    -3.10662127    5.60025029
9730    4.56586623    -3.44931684    3.00766933
9740    -0.66219881    -1.43922872    -0.00937963
9750    2.56315070    -1.95319332    1.85705951
9760    3.78620770    -2.66408468    2.51888257
9770    1.75218251    -1.54762823    1.07355761
9780    3.88653920    -2.64312033    2.44590372
9790    0.55904958    -1.92874447    -0.05038027
9800    2.49985198    -2.51270954    1.72339752
9810    -1.05679085    -1.15715494    -0.14895843
9820    5.37762443    -3.34287016    4.23785374
9830    4.19834421    -4.15571964    2.39134660
9840    5.45356680    -2.81526219    3.42237525
9850    -8.61427547    1.27943370    -6.17249715
9860    -2.20509193    -1.37140637    -1.94216271
9870    3.96859284    -2.87888713    4.03775114
9880    4.61287077    -2.22598578    4.66797134
9890    6.50728303    -3.10820005    4.59193936
9900    -0.08569627    -0.90390047    -0.40643152
9910    5.34462567    -2.22503505    5.24276263
9920    1.54033425    -1.28704514    2.23018626
9930    3.76955624    -1.83772290    3.19210717
9940    6.01108627    -2.75714724    4.14261969
9950    8.46183456    -2.71836824    6.92915313
9960    0.69703039    -0.59559261    0.90011199
9970    0.87263111    0.58839043    1.71320791
9980    5.15991007    -1.21891722    4.47148135
9990    3.28493151    -0.41347493    2.83287395
10000    4.16664260    -1.14825526    3.33940065
10010    1.94887620    -1.21501857    2.94312044
10020    1.76599498    -0.96829302    1.12903795
10030    3.03693389    -1.45564117    1.97206679
10040    3.24851786    -1.10023726    3.56814968
10050    3.19722902    -1.73665556    2.12786937
10060    6.73648953    -2.81378518    5.37065833
10070    3.78501239    -1.55234664    3.84039808
10080    2.81772348    -0.63397614    2.42498441
10090    5.51639496    -1.75010762    4.10914264
10100    3.43444502    -2.15490629    1.22094424
10110    3.87656163    -1.95698265    2.34756546
10120    3.02497365    -1.97564974    1.24228783
10130    6.33832213    -3.31938126    2.95536421
10140    -0.16339958    -0.98908332    0.14465061
10150    0.56989659    -1.92627713    0.36997240
10160    3.10922180    -1.93472790    1.97092487
10170    -1.82241195    0.00558845    -0.69925371
10180    4.50317894    -1.53742295    3.78090036
10190    5.32437777    -2.19080465    2.84377752
10200    6.01999866    -3.20501683    4.60216330
10210    6.16855165    -4.07117962    4.85041032
10220    3.31890377    -2.64744872    2.12737986
10230    5.26815902    -2.31664986    4.18567616
10240    -1.14364031    -1.59338928    -2.08134199
10250    1.26429444    -3.49672146    0.46594526
10260    3.93531369    -1.06268828    2.44342616
10270    3.37722093    -3.89527625    1.62472528
10280    6.47059091    -2.70645684    4.19804965
10290    4.04988065    -3.20478278    1.71493972
10300    -2.28376525    -0.72373199    -0.78101802
10310    8.31454928    -3.01982739    2.73631088
10320    4.17759516    -1.89148725    0.97964816
10330    3.13792136    -2.41580481    0.59274576
10340    2.82702824    -2.43260171    0.46886404
10350    4.22046399    -1.10815622    1.36738641
10360    -0.26774702    -0.03794524    -0.14181802
10370    4.38436973    -2.04396961    2.60325948
10380    -0.88571172    -2.80631022    -2.45715531
10390    4.35949559    -1.14971371    1.00247876
10400    7.38996122    -3.66585880    2.82448962
10410    3.29751296    -1.45025060    0.56071611
10420    -0.38091614    -1.49965186    -1.07669405
10430    3.05403980    -2.84972480    0.24151891
10440    5.88713080    -3.03698825    1.97981851
10450    3.18148654    -2.68791851    1.02244115
10460    3.28869110    -3.13187773    1.02906425
10470    5.98096008    -4.54533622    2.21459625
10480    -1.60289008    -0.72414434    -0.15266272
10490    2.68139714    -3.06216558    1.02303512
10500    -0.40121417    -1.01168012    0.51995822
10510    2.78270217    -3.89331694    -0.03669024
10520    6.12986835    -3.43514725    2.04447171
10530    2.58942019    -2.37643593    1.29384303
10540    3.32174549    -3.54059075    1.47934323
10550    -1.69259681    0.18397960    0.20614013
10560    2.93485500    -2.24792497    1.32201966
10570    5.36475423    -2.76453100    2.26487527
10580    1.14013660    -2.37775047    0.79247085
10590    -2.08127323    -1.57515061    -0.12473804
10600    4.10546436    -2.71436829    0.86041424
10610    7.04201775    -3.46999920    2.40205721
10620    2.18844418    -2.18371920    0.99404675
10630    6.73350458    -4.47702442    1.86157370
10640    7.72512169    -4.24917540    2.71182471
10650    4.83119251    -3.50490809    0.89868960
10660    5.61469791    -3.57653387    1.78820245
10670    5.02042663    -3.37986276    0.99199360
10680    4.69881141    -2.79573282    0.49976844
10690    -1.03097623    -0.71958896    -1.07753277
10700    3.05043839    -2.78451413    0.52100685
10710    2.81124389    -3.62148199    1.14032271
10720    5.27371674    -3.22716323    1.89450416
10730    6.50386115    -3.25289754    1.92362048
10740    3.14400134    -2.86906831    0.82051895
10750    5.72960039    -3.83071457    1.43203414
10760    7.82580845    -4.02051013    2.02872333
10770    -0.40241479    -0.02122374    -0.27462628
10780    3.67566067    -1.49299924    1.58846841
10790    3.73975571    -0.82931212    1.77605906
10800    1.19510405    0.00632293    0.65779585
10810    7.21063200    -3.54691763    1.76769815
10820    4.45296839    -2.16326763    1.40830396
10830    4.61683726    -1.82493169    1.76321149
10840    4.93853388    -2.09023230    2.27623371
10850    4.20798438    -2.40177721    1.37652203
10860    2.22474057    -2.49975556    1.09314361
10870    1.05644690    -2.26978798    0.04559561
10880    5.83764692    -4.53306296    1.04578630
10890    1.83712639    -3.78918028    0.85044056
10900    2.27287830    -2.23615629    1.31384825
10910    5.87888472    -4.45489573    2.56995433
10920    -4.55473944    -0.64402382    -0.45091944
10930    3.44916046    -2.64471944    0.71656016
10940    2.00405477    -0.35444549    -0.31484210
10950    1.87550258    -3.76449502    1.30490940
10960    7.58643166    -4.39908207    2.27233757
10970    5.75925115    -3.23767621    1.41883003
10980    3.23873739    -2.63282364    1.27823822
10990    0.39272747    -2.63454686    -0.09488008
11000    -3.14174741    -2.43123352    -0.77405530
11010    3.63841617    -2.29689776    1.01365643
11020    4.64688840    -4.86011550    2.16573524
11030    0.07585970    -3.86703355    0.51967785
11040    2.67218226    -3.45419158    0.59558639
11050    3.96112004    -4.15569353    1.05645027
11060    2.35672648    -3.16504066    0.07144958
11070    2.69212673    -4.30956606    0.62404979
11080    -1.74030473    -1.95896226    -0.59396420
11090    2.58891879    -1.85575794    0.80488459
11100    1.06979441    -4.40897500    0.05724761
11110    3.56620915    -1.80769680    0.61848437
11120    -2.88111752    0.40990431    -2.15631097
11130    6.50095411    -3.25312327    0.40151113
11140    -2.78456341    0.02917815    -1.41377399
11150    0.13164459    -0.35559106    -0.76473633
11160    3.23326388    -1.95006903    0.46454505
11170    -3.85289055    -2.10328034    -1.38674540
11180    1.98730488    -1.78068314    -0.21842933
11190    5.87497958    -2.20485679    1.97742887
11200    0.12400289    -0.56943118    -1.19628200
11210    3.52147483    -1.34185398    -0.94264572
11220    0.34950681    -1.04408132    -1.57733936
11230    2.14222350    -1.93377842    0.33087556
11240    1.79466912    -2.34831832    0.74057439
11250    3.31879138    -1.77642237    1.18674733
11260    4.33290611    -2.06342455    1.21068740
11270    1.65417365    -3.32070423    1.53396499
11280    3.44235805    -1.94003969    1.33812709
11290    -1.08929338    -2.38522447    -0.28289799
11300    1.22928605    -2.30131350    1.03975322
11310    4.75239707    -1.86373471    1.45210835
11320    5.77903792    -2.36241882    1.91725016
11330    0.72945844    -2.20969918    0.58916582
11340    5.31411278    -2.00411065    1.62641848
11350    3.44837666    -3.91148855    0.80823235
11360    4.59690224    -1.92630285    1.40590007
11370    2.28555013    -2.33907640    1.64588915
11380    2.98360084    -1.62803730    1.14739844
11390    2.77910669    -2.10504078    0.77761026
11400    5.09341819    -2.20399618    1.62164069
11410    -4.14878941    -1.38681805    -0.67632254
11420    -5.47214163    -0.48784837    -1.81660057
11430    -1.64561889    -1.81926970    0.13233683
11440    1.89754023    -1.52492810    0.52686733
11450    4.64060797    -0.57280278    0.30305911
11460    5.85802335    -2.05027146    1.52663228
11470    6.99270939    -1.45832905    1.23028624
11480    4.75286800    -2.11167617    1.16875331
11490    3.34289992    -0.89834397    0.42712131
11500    5.24421086    -1.32632500    0.53855834
11510    0.85589531    -2.45428342    0.45964118
11520    5.08258950    -2.37784909    0.99548238
11530    -0.32299658    -2.06452174    -0.79066355
11540    3.08837440    -2.91068701    1.15686557
11550    2.88109903    -1.91811556    0.53716511
11560    6.80294767    -1.30981609    0.13774734
11570    0.14508244    -2.09659634    0.58571439
11580    5.95223251    -1.64516658    1.07892376
11590    8.21168814    -1.45765352    1.49722062
11600    -1.24069031    -1.37396409    -1.63040056
11610    6.76344575    -2.54445358    1.32094165
11620    5.88838582    -1.45093127    0.21709269
11630    6.50909462    -2.01397695    1.20674744
11640    0.22502321    -1.84289140    0.02212349
11650    2.30939745    -1.57114469    0.01531353
11660    1.96463881    -1.45521772    -0.04867806
11670    1.97846575    -1.12000911    -0.05872609
11680    0.61900051    -1.27859268    -0.10564899
11690    2.15956126    -1.52705815    0.05198665
11700    6.61316068    -1.23450764    1.11568531
11710    -2.09598011    -1.67633495    -0.67754279
11720    8.13310803    -0.71911097    0.15476496
11730    3.20568874    -1.37631947    0.33995341
11740    9.18402879    -0.80407946    1.52936357
11750    6.74390863    -1.16402429    1.01364337
11760    3.20541403    -1.77697622    0.57222492
11770    7.40135593    -1.01342856    1.12939757
11780    1.17468073    -1.26821904    0.13804164
11790    0.01762075    -1.13105707    0.31519502
11800    8.11128204    -0.83017537    0.77878431
11810    1.26195788    -1.28961176    0.26658687
11820    3.06655498    -1.48153452    0.61289710
11830    3.26016026    -1.05812738    -0.21162545
11840    2.43525380    -1.94533866    0.52818299
11850    4.94008477    -2.05775263    1.16071385
11860    5.18545311    -1.06986798    0.45514908
11870    -0.29653524    -1.77401787    0.44280439
11880    -3.74068576    -1.72808054    -0.38175746
11890    1.46300339    -1.94407473    0.28892350
11900    1.67713439    -1.64641601    -0.15796790
11910    7.03097634    -1.55544580    0.95358017
11920    5.72620432    -2.04733245    0.99843699
11930    3.59763890    -2.30374205    0.47646400
11940    1.93348562    -2.04365215    -0.36210169
11950    1.24997606    -1.82294344    0.13747405
11960    5.50269750    -1.98940264    0.43193355
11970    5.44469246    -1.84109601    1.24144450
11980    -0.63128151    -2.03344667    -0.42406785
11990    3.13380437    -2.88155938    0.88814137
12000    2.54431937    -2.02504291    -0.83648733
12010    6.59275218    -2.04855964    0.26893190
12020    1.24503958    -2.28721235    -0.40262274
12030    7.79681000    -1.60676885    -0.11900587
12040    -1.99692274    -2.13417526    -0.20829989
12050    -2.43801095    -1.62040571    -1.97514266
12060    1.31378396    -1.92718189    0.25946427
12070    3.54056850    -1.43589551    1.27610409
12080    6.56669900    -0.56195566    0.05573366
12090    1.09028368    -1.38113672    1.66587717
12100    3.57452332    -0.76430279    0.62751469
12110    7.05656586    -1.08591862    0.37540728
12120    2.00487250    -1.12950907    -0.41355518
12130    -2.77464151    -2.55674511    0.90974716
12140    -4.04175197    -1.05613774    -1.94478488
12150    -0.53203275    -1.17914784    -1.52535903
12160    5.28769035    -0.68246640    0.03633946
12170    -3.19674035    -1.45072131    -0.50620301
12180    -2.66526863    -1.36619699    -0.09517273
12190    -0.49458461    -1.07022881    -0.24771304
12200    0.26160049    -1.91604047    0.33615447
12210    8.34684180    -0.94101564    -0.41158974
12220    3.13329251    -0.97278680    0.37139675
12230    1.53427915    -2.49148380    0.66198048
12240    -2.27384428    -1.77078488    -1.82931766
12250    1.71788813    -2.01368785    0.24330768
12260    2.13882851    -1.86201100    -0.09364824
12270    2.10679587    -2.07735808    -0.55590627
12280    0.48948866    -2.33081206    -0.23008429
12290    -2.87477356    -3.02464613    -0.90557583
12300    3.21074599    -2.07660219    0.23442415
12310    4.74222280    -1.68388806    -0.43400861
12320    5.28793556    -1.00886827    -0.77321981
12330    -4.33050857    -0.99181031    -2.65348048
12340    0.12371205    -1.69246778    1.20035716
12350    4.15166947    -0.89739003    0.92022317
12360    2.27230086    -1.77537713    1.69824495
12370    -0.00759531    -2.16436959    1.31627341
12380    0.17068235    -2.20543817    0.15734833
12390    3.40443867    -2.06097822    -0.23522259
12400    -3.39363509    -2.31827494    -0.91649896
12410    1.57359708    -2.14857535    -0.17884824
12420    2.28023926    -1.32951985    -0.37994591
12430    1.80504508    -1.56740117    0.07017401
12440    3.77358410    -1.93111788    1.24928157
12450    4.21429165    -1.80034667    1.24916827
12460    3.61701876    -1.46030488    0.44729123
12470    2.74560081    -1.74712046    0.87500862
12480    2.91790914    -1.71736827    0.82740038
12490    5.07729563    -2.15569615    -0.05178685
12500    -0.55760894    -2.38258639    2.22052387
12510    2.79521399    -2.24714796    0.54380218
12520    -1.07891593    -2.94142063    3.01015362
12530    4.88439483    -1.50392111    0.94955929
12540    7.39961344    -1.15074622    0.95851974
12550    6.11948724    -1.27634988    1.56557940
12560    3.39619686    -1.24266090    -0.57241378
12570    5.02661328    -1.15401254    2.23883079
12580    4.69218454    -0.86364356    0.88875553
12590    -0.81019044    -1.92421096    2.04209209
12600    2.39212752    -1.19429509    -0.17777452
12610    0.97995914    -2.02075540    1.72666061
12620    -4.79037122    -2.23563422    -0.39333324
12630    2.15023283    -1.53493378    0.60840605
12640    2.92789565    -1.78358213    1.49419981
12650    5.05107159    -1.19604873    0.58262571
12660    -1.38486901    -2.18454960    2.90717181
12670    2.92655684    -1.56790609    0.95228901
12680    1.66580840    -1.45532462    -1.65194333
12690    1.45495730    -1.91116082    2.56842928
12700    3.48395549    -1.62404010    1.43798474
12710    1.98717332    -2.02266513    0.79967182
12720    4.67754457    -1.35789968    -0.04638208
12730    5.78391657    -1.54805268    -0.50715432
12740    5.66691077    -1.52276318    1.08667806
12750    3.50958318    -1.57687363    1.83370886
12760    1.17055707    -1.85007856    1.16002103
12770    1.05747119    -2.05098266    3.45387118
12780    6.10435180    -1.46491192    -0.22941095
12790    -1.16771857    -1.47801414    0.76250490
12800    2.72291069    -1.83304355    0.48469760
12810    3.38245494    -1.45443459    0.75249307
12820    5.18150587    -1.16699040    -1.29562171
12830    3.46587043    -0.93302356    1.17883821
12840    1.11412817    -1.17260843    2.81659578
12850    3.04675101    -0.67651014    -0.15602870
12860    3.49275498    -0.44591824    -0.92038828
12870    2.86918670    -0.65444482    1.08686788
12880    2.62586567    -0.89660267    -0.40693944
12890    3.22691306    -0.95959168    0.20001914
12900    0.92997468    -1.28494422    -0.19770941
12910    -2.43551807    -1.79283566    0.77774201
12920    0.91936453    -1.00400062    2.60237016
12930    3.77665303    -1.41767849    0.94363521
12940    2.49813664    -1.14592114    -0.64412846
12950    -1.96655382    -1.56115558    0.90107301
12960    3.00857931    -1.11731753    0.54602698
12970    0.99204070    -1.24824479    3.05130544
12980    4.53732060    -0.99116808    0.21046682
12990    2.61954274    -1.06325828    0.49929491
13000    2.98848972    -0.91820738    1.65121793
13010    -3.12713930    -1.12736605    3.31714042
13020    -0.04390487    -1.60045104    0.78801940
13030    1.77587009    -1.28891332    0.48663764
13040    1.23000118    -1.53500958    -1.06341658
13050    -2.20163150    -1.07056226    2.38238437
13060    7.50873182    -0.62700753    -1.47435419
13070    2.24955545    -0.43324211    1.64198852
13080    0.97718622    -0.93427294    1.01675177
13090    2.63989569    -0.82508607    0.56161073
13100    3.62734793    -0.35619444    0.71653087
13110    1.16241106    -0.26547177    2.74595153
13120    -1.35732465    -0.66707550    1.14198121
13130    4.03629494    -0.25906761    -0.36602472
13140    -4.92718666    -0.63710261    1.44408479
13150    1.81775099    -0.72606732    -0.44461726
13160    1.62922881    0.02011010    -0.09740790
13170    3.55866001    -0.56927518    -1.94651893
13180    1.10540986    0.41978366    2.42787891
13190    5.05233410    0.03992641    -0.69019894
13200    -5.23481885    0.13690979    3.94787882
13210    0.15503126    -0.80356318    1.54159415
13220    -8.75632674    -0.97005420    2.71555299
13230    -0.88025782    -0.71728103    1.11461797
13240    5.33034234    -0.81742206    -0.24823668
13250    3.98833374    -0.98084832    0.00602064
13260    1.52295335    -1.20141524    0.93882288
13270    5.09734164    -0.26111714    0.57882920
13280    -0.14807820    -1.89529237    0.35422927
13290    -1.68523925    -1.86429860    0.14405951
13300    -4.39243869    -1.82405805    1.05581893
13310    1.08368254    -1.35256497    -0.18873183
13320    2.25084201    -0.73568938    0.53742478
13330    2.64553390    -1.60831027    -0.42848327
13340    2.26842771    -0.65628567    0.84704204
13350    0.28915930    -0.23236247    2.56648287
13360    -1.55156190    -1.32578664    0.89709415
13370    1.77987776    -0.99447307    -0.30832525
13380    4.38456724    -0.33870032    -1.23287546
13390    1.32816158    0.21881844    0.58254984
13400    3.78303790    -0.02547527    -0.91985060
13410    3.14452235    0.44287109    0.72111334
13420    -1.06605604    -0.23004446    0.84748322
13430    -4.29201280    0.01279724    2.25744035
13440    2.08947116    -0.40082061    -0.25392427
13450    1.02692714    -0.88705980    0.32050532
13460    0.85170000    -0.83602457    -0.56111643
13470    0.10478358    -0.85628118    0.16488264
13480    1.93193809    -0.80910930    0.73570494
13490    8.03064111    0.06974368    0.03708771
13500    1.07022613    -0.81852085    0.74166765
13510    1.87666048    -0.95459002    -0.07100441
13520    6.00368782    -0.56412059    0.19007021
13530    6.02128913    -0.54961816    -0.43105883
13540    0.85081518    -0.31038862    0.38149636
13550    0.90135538    -0.04580011    1.28303067
13560    4.20222901    -0.25756402    -0.03663325
13570    6.58593530    -0.48770145    -1.23873429
13580    0.08409926    -0.57071938    -0.24072706
13590    6.94551553    -0.55447654    -2.65860385
13600    3.07753907    -0.77367937    -1.34046261
13610    5.57282506    -0.46562388    -1.37496927
13620    -1.97916024    -0.52444726    0.79567258
13630    4.91772040    -0.38336735    -1.37151185
13640    -0.31329684    -1.23644726    -0.18108186
13650    3.59901314    -0.43252823    -0.57111884
13660    7.03166370    -0.95174797    -1.90447907
13670    3.87537310    -0.72663092    -0.87241287
13680    3.38578380    -1.42072346    -0.06115078
13690    0.02931442    -0.60298506    1.58616923
13700    1.27516607    -0.39383564    0.51623322
13710    -3.03636565    -0.73653803    1.50250741
13720    -4.08345351    -0.40508281    3.38512112
13730    0.30188522    -1.28601967    -0.55435818
13740    1.47257034    -1.09229189    -1.01556511
13750    1.76316246    -1.56211843    0.87814741
13760    0.92892176    -1.19627146    0.60940027
13770    2.13231531    -0.52290482    0.33068631
13780    4.97272941    -1.94063985    -2.95497932
13790    1.17981447    -1.48604113    -1.16963002
13800    6.43148443    -1.47840373    -2.67186487
13810    -0.24439392    -1.07655515    -0.47319272
13820    0.46323793    -1.34938782    -0.14607545
13830    3.09658852    -1.60630408    -1.39673929
13840    6.52630289    -0.66239652    -1.78647863
13850    3.27745794    -1.57431862    -3.10150911
13860    1.46572636    -1.26174448    0.18389023
13870    0.96853365    -0.92559998    0.18891118
13880    -4.16724404    -0.34586643    2.64635091
13890    -1.58494703    -1.16919287    -0.24594402
13900    4.40554397    -1.54737546    -2.79252316
13910    2.63296889    -1.12560139    -0.53320739
13920    4.63149844    -1.03884140    -1.47020509
13930    4.23546769    -1.03233015    0.07092869
13940    4.58461728    -2.40319700    -2.98795393
13950    -1.99440926    -0.59803164    0.62846134
13960    -4.04608489    -0.79877233    1.03066667
13970    0.69494440    -1.18436266    0.03084466
13980    0.78401924    -1.66029441    -0.60335535
13990    4.28671027    -1.93515824    -1.39825445
14000    1.83023532    -1.92939739    -1.20570088
14010    1.04906437    -1.45369646    -0.16072660
14020    1.20356654    -1.66977854    -0.49264568
14030    2.47992329    -1.50052003    -1.10137025
14040    3.64031835    -1.24012985    -0.81054955
14050    -1.10010894    -1.12823411    1.14271737
14060    3.23530351    -1.81866036    -0.45864705
14070    4.51494787    -2.70593236    -3.29223485
14080    5.31135659    -2.44684274    -2.37820176
14090    6.47741678    -2.65842454    -3.27143651
14100    8.84122034    -2.30271291    -3.43676740
14110    6.86294538    -2.88273993    -3.93016238
14120    0.38664820    -1.59266189    -0.68526315
14130    3.17652607    -1.84745142    -1.96782767
14140    6.47415639    -1.47956580    -2.80833001
14150    4.97223828    -2.44153074    -2.78061198
14160    5.37408078    -2.02512670    -2.85588365
14170    1.06825422    -2.03817628    -0.67240450
14180    6.04690693    -2.42709347    -2.37990544
14190    2.34064844    -2.38363200    -0.62170750
14200    2.55566395    -2.10314223    -1.05500017
14210    -2.56600946    -0.96701222    2.08505106
14220    1.79240197    -1.55518701    -0.68766175
14230    7.50069389    -2.27997556    -3.57335253
14240    -2.35923470    -1.23827762    0.81091157
14250    1.09134275    -1.46374362    -0.60170998
14260    3.63149559    -2.59136734    -1.67351436
14270    2.23010292    -2.05492682    -1.67507077
14280    6.50956315    -2.16627482    -2.87682145
14290    3.68820790    -2.76938819    -2.14641598
14300    1.41141720    -1.64904339    -0.84454680
14310    3.48515978    -2.39203626    -2.53855975
14320    4.02271561    -2.13593867    -1.80416338
14330    -1.31261563    -1.90332690    -0.14516632
14340    3.40489011    -2.47716961    -1.75074550
14350    1.17755260    -1.90072357    0.22293375
14360    -0.06132953    -1.77505276    -1.18308367
14370    1.57738365    -2.61162335    -1.62745540
14380    5.98088762    -3.31290667    -2.53059875
14390    -6.48714690    -1.24354012    2.22516312
14400    1.39994781    -2.04478452    -1.10140924
14410    1.83591211    -1.27078782    -1.44359454
14420    -6.65264491    -0.54007146    2.17261870
14430    2.81369935    -1.39323890    -1.72296061
14440    4.28689065    -2.58129768    -3.17218960
14450    3.21333476    -1.96675125    -2.33734211
14460    4.45115125    -2.14023047    -3.13304691
14470    7.36187615    -2.33490762    -4.32740745
14480    1.01784511    -2.05311075    -1.17071291
14490    6.62001695    -2.48470757    -3.84312520
14500    7.04771691    -2.65963110    -4.45998714
14510    0.32466043    -2.25710596    -1.00853635
14520    2.89673165    -2.17452928    -1.86014047
14530    -0.75864776    -1.80822534    0.87995098
14540    0.88233430    -2.07736055    -0.98432571
14550    3.56966184    -2.79879078    -1.93858405
14560    3.44396091    -2.85419843    -1.83150047
14570    5.14045069    -3.04978177    -3.35233448
14580    2.59960426    -2.88002978    -1.96900526
14590    0.53767129    -2.51048750    -1.03991729
14600    1.68834660    -2.87328080    -0.76758917
14610    3.16132390    -3.17166742    -1.58964167
14620    1.50901279    -1.96105016    -1.53264540
14630    2.25607241    -1.59532066    -2.10644601
14640    2.16161015    -2.92386953    -0.31548329
14650    3.85701960    -2.63267399    -2.07717151
14660    0.73703436    -2.09020704    -0.07875268
14670    -2.26984631    -2.46904988    2.38380564
14680    3.80944074    -1.84819801    -2.58947001
14690    -3.39445097    -2.63122731    2.68057936
14700    1.14338656    -2.42899325    -1.33276958
14710    1.63796095    -2.31984488    -1.03849704
14720    6.74711465    -2.92825979    -3.78673023
14730    -1.07620979    -2.28074116    -0.04661453
14740    8.50702690    -3.55779693    -4.62759049
14750    7.33140950    -3.64581097    -3.66169727
14760    0.38894405    -2.56430583    -0.82959233
14770    6.23743840    -3.76391619    -4.13430376
14780    -4.00282288    -1.86295290    0.97799447
14790    3.07923053    -2.78234010    -2.72855191
14800    3.43053675    -2.81683178    -1.07627368
14810    3.83647242    -2.84267108    -1.90448371
14820    1.93994425    -2.21586824    -1.30388657
14830    -0.38439286    -1.29615615    1.23639519
14840    7.57645047    -3.69251636    -4.63544315
14850    -2.84220871    -1.48237214    0.98784769
14860    0.47075453    -2.56703521    0.72732277
14870    1.47310308    -2.51755106    -0.95518298
14880    3.36482736    -2.32809315    -1.45460066
14890    4.69177008    -2.42238101    -2.08667243
14900    0.00445237    -1.30815557    1.32367498
14910    3.22009500    -1.72681627    -0.78766576
14920    6.03835260    -2.74787648    -2.32698859
14930    1.46668264    -1.80850070    0.30085435
14940    2.53042938    -2.14540962    -0.60477731
14950    5.44636950    -3.02067961    -2.35165300
14960    -0.19468592    -1.81220353    0.41839061
14970    7.89385132    -3.42369263    -3.43470085
14980    4.60152144    -2.70854343    -2.46438039
14990    -2.88247871    -0.79748323    1.09817143
15000    4.53307448    -2.67616634    -1.82593015
15010    -2.10285026    -1.24282932    0.68672226
15020    2.47875704    -1.60417127    -0.86265877
15030    1.37694178    -1.84963744    -0.86525302
15040    6.02200378    -3.20626164    -3.90295196
15050    6.49679557    -3.07538405    -3.75597324
15060    0.54902187    -1.07913608    -0.38366466
15070    7.78926937    -2.90356280    -3.71686152
15080    6.59105392    -2.71914948    -2.60365275
15090    4.46740780    -2.39857271    -3.23098478
15100    3.63667174    -2.53014021    -2.31287942
15110    -0.89534521    -0.63157045    0.53660615
15120    2.11991079    -1.52988348    -0.94341481
15130    3.18064280    -2.18161926    -2.09051745
15140    -1.44299258    -0.76564783    0.11249118
15150    4.63603429    -2.48158499    -3.05459750
15160    2.72771416    -1.65255844    -0.80032720
15170    1.94782233    -1.93292022    -0.97422979
15180    8.38094874    -4.24928940    -5.01178877
15190    2.65166267    -1.31950714    0.16986466
15200    -0.96423312    -1.04422679    0.48849861
15210    4.61291631    -2.49569497    -1.77789535
15220    4.64655175    -3.58905462    -3.80303572
15230    2.69979834    -3.17815650    -2.08163332
15240    2.17576218    -2.30605982    -1.28854270
15250    2.24097515    -1.32869716    -0.09718040
15260    6.25696981    -3.97422492    -4.99465265
15270    -0.68668766    0.46577091    2.02420552
15280    1.11672316    -1.61572188    -1.20000689
15290    3.52766195    -3.51578003    -2.63006227
15300    -11.79249699    3.10925908    5.49751778
15310    -1.52437878    0.23224790    1.35891807
15320    5.41276244    -2.39053832    -3.77057351
15330    2.06829127    -0.53857884    -0.59192272
15340    0.17502704    -0.58202660    -0.64345731
15350    3.80457436    -0.52539386    -0.83503633
15360    1.96852622    -1.29244814    -1.21521218
15370    5.00613299    -2.06520302    -3.34918016
15380    0.25068420    -0.38558954    -0.57482156
15390    2.39454562    -1.42164253    -1.88325775
15400    0.45873038    -0.55178118    -0.34601240
15410    0.68086852    -0.20430751    -0.87835393
15420    2.13317057    -0.32967473    -0.42532961
15430    3.09293991    -0.76396415    -0.63283699
15440    -0.66547932    -0.30150018    0.40366647
15450    2.40141091    -0.96239988    -0.68656590
15460    1.36506911    -2.44665063    0.04498728
15470    4.97870801    -2.80367695    -2.72926142
15480    3.05859227    -1.63389763    -1.55158521
15490    -1.67536995    0.30990627    1.79898374
15500    3.00890272    -2.52228655    -2.40439343
15510    2.37222702    -2.92029399    -1.98573695
15520    4.90042319    -1.38298358    -2.11347977
15530    2.75199035    -0.63113943    -0.92515886
15540    2.25029958    -1.18312104    -1.93079154
15550    3.76960911    -1.38147636    -3.13059757
15560    2.29208638    -1.64507297    -1.89339216
15570    5.35630429    -2.74002752    -3.40795584
15580    0.42033293    0.10722479    0.33094260
15590    1.36589345    -1.72590642    -0.96952549
15600    -1.76897276    0.92737521    2.05528984
15610    0.57953213    -0.71392536    -0.78156652
15620    0.15629797    -0.07689764    0.67609967
15630    -0.38761094    1.07136503    1.22065442
15640    -0.54971168    0.82055180    1.52125462
15650    1.23178716    -0.61433023    -1.32450412
15660    1.70872760    -1.69579933    -1.31205734
15670    0.52970810    -1.16651108    -0.30994184
15680    1.59043248    -1.99786240    -2.01649293
15690    5.96671101    -3.03432132    -4.99699450
15700    2.89882988    -2.27316336    -3.09702464
15710    3.09466575    -1.95593053    -2.90540765
15720    3.67865514    -3.65755612    -4.32221559
15730    -4.13429952    1.34295102    3.38823389
15740    2.20098154    -1.31590589    -1.57829856
15750    3.85774315    -1.45770737    -2.39139987
15760    3.24711713    -2.63811492    -2.04219780
15770    3.94028989    -2.06275175    -3.49783421
15780    -3.85603379    2.21995016    4.30617145
15790    -0.00566961    0.24986294    0.69914939
15800    3.64592121    -1.23944728    -2.53575189
15810    2.93237016    -1.05186694    -1.88042533
15820    2.91869153    -0.97525656    -1.38093113
15830    3.70273079    -1.71933871    -2.11322284
15840    0.80797629    -0.66152396    1.02958737
15850    4.10978009    -2.15091684    -2.84644706
15860    2.67397179    -1.45579323    -1.53498120
15870    5.99070905    -3.21971719    -3.93187914
15880    0.00641020    1.39519113    1.40953844
15890    2.45205857    -2.80581880    -2.13901734
15900    1.59680173    -2.31017834    -2.04239192
15910    2.74074891    -2.02567572    -2.53717965
15920    -1.24524051    0.97933682    1.01818726
15930    3.67574666    -3.36471185    -4.02656364
15940    -2.28728419    -0.86898920    0.45576971
15950    0.21495197    -0.75038131    -0.41049355
15960    1.37962116    -2.81385828    -2.41927099
15970    -0.25838849    0.06683558    0.21933920
15980    -0.58186667    -0.16095682    0.12158642
15990    -2.42747452    -0.33755723    1.39709849
16000    1.40203327    -2.85378943    -2.39523603
16010    4.02927353    -3.90815073    -4.90271668
16020    0.78269079    0.03201358    0.08065336
16030    4.60361764    -2.94342902    -3.92353229
16040    4.83021086    -2.90201207    -4.49474621
16050    0.71726083    -1.30725011    -0.56895552
16060    5.80135568    -4.07039530    -4.96005138
16070    6.22943132    -4.31311216    -5.06390333
16080    4.86432063    -4.88704917    -4.17992529
16090    2.33909674    -3.13954338    -1.45608257
16100    3.96764853    -4.12505041    -3.94634717
16110    3.12728899    -1.12193837    -1.30915870
16120    0.05057262    1.67592657    2.01226754
16130    5.29166056    -3.91519101    -4.74443671
16140    -2.35544457    3.75363349    4.54135302
16150    2.76052002    -1.67002586    -2.39893206
16160    3.44093860    -3.47757820    -4.25764455
16170    -0.05722735    -0.46493795    -0.46476491
16180    2.36793574    -3.34252282    -4.05734784
16190    3.09056417    -2.61682582    -3.44054381
16200    1.95217485    -2.93691526    -2.97861578
16210    4.82107056    -5.05268698    -6.10801679
16220    -0.06198928    -1.23360056    -1.09726254
16230    1.25664029    -2.69966422    -2.47604984
16240    1.51600155    -0.97579658    -1.06212433
16250    2.36653097    -2.65628990    -3.03066387
16260    5.10370525    -4.59422177    -5.53394575
16270    4.00240576    -2.73291169    -3.27816657
16280    3.72795137    -4.10014868    -3.93753294
16290    3.34393843    -2.75007918    -2.07385892
16300    1.10060969    -1.97795808    -0.77027770
16310    2.66364901    -2.85580637    -0.05992263
16320    1.09138444    -3.10321205    -1.14190238
16330    2.43389260    -3.09976727    -1.23120631
16340    0.34247583    -1.33566173    1.19657152
16350    -1.78099370    -1.31795221    1.44468215
16360    1.10916537    -3.02755768    -1.01152033
16370    3.49271996    -3.44064186    -2.04582636
16380    1.76132687    -2.35474412    -1.27944122
16390    0.96012742    -2.57812881    -1.15420130
16400    2.27578442    -1.45444021    -1.59964875
16410    1.58746766    -2.94965719    -2.07000364
16420    0.69286983    -3.55788940    -2.38185969
16430    4.01750877    -5.66252333    -5.96926089
16440    4.88986607    -5.28165136    -6.16728082
16450    3.17121409    -3.94588305    -3.02500106
16460    0.55005552    -0.83546753    -0.29178270
16470    2.08045670    -3.46678172    -2.34787014
16480    2.02030397    -3.77807844    -3.71543688
16490    3.74087406    -4.18422867    -4.33027576
16500    4.58063696    -5.61434294    -5.48518335
16510    2.34474276    -2.80100195    -2.70542196
16520    0.73214356    -3.01320430    -1.86304113
16530    1.41433930    -2.44721415    -0.38588627
16540    -2.94396297    0.52320935    4.40638112
16550    -4.26787835    0.54787343    6.23559739
16560    3.02877013    -5.84737551    -4.93569351
16570    0.65714272    -2.64478112    0.22030788
16580    -1.34017244    -1.28524275    2.83799879
16590    1.22678660    -3.20156909    -0.58992709
16600    0.26348047    -3.02447169    -1.32615734
16610    -0.33810148    -1.61163405    1.46627948
16620    0.78908534    -2.63455683    -1.49409501
16630    1.11468798    -2.30931143    -0.79624282
16640    -0.15294062    -1.31445850    0.31371857
16650    1.31104843    -0.83724273    0.25726314
16660    1.75079342    -2.89294247    -2.97340637
16670    2.48905538    -3.96248738    -4.55987917
16680    2.41758455    -3.12284664    -2.79042478
16690    1.24133084    -2.38528179    -2.03260623
16700    1.29550575    -2.79534762    -2.46143912
16710    -0.36380748    -1.72766362    0.64916718
16720    2.67391340    -4.24892329    -4.38164555
16730    0.04083197    -2.03891861    -0.22168683
16740    2.14241140    -3.97628192    -3.00251080
16750    0.22821639    -1.63613339    0.36399583
16760    0.87139835    -3.32066518    -1.42746301
16770    0.07186420    -0.90875598    1.30873220
16780    1.65819968    -1.96351342    1.94786018
16790    -0.30374018    -3.92102710    -2.84499722
16800    0.35109686    -3.72234243    -1.19757131
16810    1.04442114    -4.18207341    -1.77538647
16820    -0.65778371    -2.62912359    1.06014390
16830    3.67152454    -7.03931558    -6.76704974
16840    2.03416855    -5.68838518    -4.18892076
16850    3.29077581    -6.58619298    -6.31824426
16860    3.10198657    -6.31522277    -5.43706376
16870    2.02963646    -3.86671637    -2.46196155
16880    1.52025511    -1.56288774    -1.19756431
16890    1.26490681    -2.66681357    -0.67594455
16900    3.00411067    -5.44751882    -5.29587602
16910    1.30469245    -4.03731420    -2.54612224
16920    4.28599894    -6.75594207    -7.13156237
16930    1.94056580    -3.14398955    -2.27749266
16940    2.88763834    -4.96581897    -7.01382133
16950    2.81993191    -4.84314132    -4.71724602
16960    2.55160779    -4.47002941    -5.03581199
16970    3.44155261    -4.55278341    -4.65974636
16980    3.07597460    -4.94125203    -6.78245648
16990    2.67668122    -4.06588630    -4.92384238
17000    0.85455731    -2.88898970    -1.87810241
17010    -1.52112441    1.59506587    3.92658665
17020    1.16785480    -3.94848778    -2.47891473
17030    1.98366316    -4.58392154    -3.99520033
17040    -4.35631010    5.76211826    12.81622969
17050    1.41647218    -2.73288010    -2.49942219
17060    0.63928714    -2.66840605    -0.92510350
17070    1.01962324    -3.84384534    -2.42246744
17080    1.48968500    -4.16100755    -2.54280879
17090    3.93580996    -6.59535576    -6.87626781
17100    0.82688882    0.24031639    2.35959450
17110    -0.39562464    -0.99052473    2.62531838
17120    1.13247499    -1.44128627    -0.65405458
17130    -2.62812007    4.02091384    9.19716264
17140    0.47230111    -2.14178369    -1.00110911
17150    1.20750395    -1.78089429    -0.34255013
17160    0.48380519    -2.28994423    -0.14760019
17170    0.99080456    1.36337670    -0.03493650
17180    1.04489788    -4.26153756    -4.37581921
17190    1.02344127    -2.37110800    -2.90417501
17200    -0.18663618    0.12476053    0.63703843
17210    0.43126675    -3.44847308    -3.37073203
17220    0.76609683    -1.00340133    0.49109277
17230    0.51357918    -4.84414476    -2.83525170
17240    1.15299463    -2.40895617    -3.08168255
17250    0.86164107    -3.19610760    -2.90104165
17260    -0.17792440    -2.02017515    -0.07113225
17270    1.10319363    -3.99537547    -3.96095705
17280    -0.80243536    4.59095070    5.64965977
17290    -0.85595428    3.75449147    6.48928406
17300    1.82351752    -6.37528574    -6.08450082
17310    -0.55345714    -1.29467135    0.80244621
17320    1.02253786    -2.46634884    -0.79285788
17330    1.73474503    -1.02060527    -0.09199650
17340    1.70538363    -3.93669716    -3.92612423
17350    -1.21777214    -1.36519027    5.90609348
17360    0.11441544    -0.56009672    1.05395197
17370    1.11320342    -1.69478890    -0.68109547
17380    1.13721534    -2.43791193    -3.05722746
17390    -1.48682200    6.12761132    9.55998381
17400    0.61569220    -4.65440145    -2.62067321
17410    0.83836671    -5.43318710    -4.44223895
17420    -0.44098438    -2.50438830    -2.03328620
17430    -0.21410846    0.34536154    1.19072663
17440    0.86614157    -4.83992445    -4.41052699
17450    0.96943666    -2.70897535    -0.97945285
17460    0.30997615    -0.89022535    2.41749775
17470    0.05877761    -0.42357949    -0.35912267
17480    -0.18606610    -3.77988315    -2.64582724
17490    1.22337623    -4.83062152    -5.14874841
17500    1.12727374    -3.48583538    -3.68482383
17510    0.96272511    -5.72611751    -6.34527656
17520    0.40686139    -4.68469155    -4.59042142
17530    0.91883040    -5.10367802    -2.83316921
17540    1.30539328    -6.27018941    -4.52843655
17550    1.17528917    -1.11787079    -2.00359708
17560    2.59610408    0.59692256    2.86185195
17570    1.08527070    -5.18937000    -4.06980018
17580    0.40678356    -0.55394744    1.71735009
17590    0.73291190    -4.10288827    -2.00790645
17600    1.21532419    -6.26267419    -3.62271529
17610    1.45810241    1.79817756    5.02562611
17620    0.68411631    -9.80378635    -5.62217954
17630    0.72306874    -1.88057545    0.63086442
17640    1.51569028    -4.32104983    -2.53880221
17650    -0.36890816    -1.80044348    0.99600998
17660    0.46525389    -7.06120951    -5.29510409
17670    0.10345792    -7.71642905    -6.28615707
17680    1.63130546    -4.72922108    -3.69040607
17690    0.38612613    -4.36962263    -4.02897941
17700    0.79501104    0.25801716    1.58740853
17710    1.06890390    -4.79150857    -3.42723505
17720    0.33197703    -1.23241769    0.18940374
17730    0.88773172    -3.86545933    -3.39074245
17740    0.07134443    -4.45184470    -2.64748894
17750    -0.09755902    -3.44464738    -3.12262135
17760    0.56976799    -4.21874948    -2.45613549
17770    0.60322201    -1.34605712    0.50305693
17780    0.65120054    -3.45771569    -0.27245743
17790    -0.28899611    -7.96138432    -4.33684197
17800    -0.63502502    -5.96736422    -3.01268615
17810    0.47033489    -3.91554340    -1.90348394
17820    1.34382709    -1.87454520    0.10639871
17830    0.46730053    -1.84154292    0.02121111
17840    -0.10992621    -6.23387520    -3.87279231
17850    -0.23613499    -3.79878631    -1.39370376
17860    0.55227990    0.38673151    -0.18573568
17870    -0.58319206    -5.97802577    -3.90306108
17880    -0.13938396    -5.44365962    -2.70223050
17890    0.52285349    -2.62997918    -0.40695115
17900    0.72033468    -0.25264494    -1.30911976
17910    -0.32938090    -3.26234785    -4.98275381
17920    0.06994734    -3.19708228    -2.94802123
17930    0.37727045    -3.97307591    -2.30121185
17940    0.16936531    -2.47254111    -1.90506977
17950    0.58673098    0.07272136    -0.84321995
17960    -0.08675886    -1.85953362    -3.41366160
17970    -0.10334287    -1.27362542    -1.89695517
17980    -0.22084871    -4.06820519    -2.59761575
17990    1.26171364    2.01254704    0.75989231
18000    0.31831164    -0.16569478    -0.68948803
18010    -0.97953073    -3.72495366    -4.23254466
18020    0.54546397    -1.63284028    0.51139996
18030    -1.26717088    -5.00145117    -3.75107512
18040    -1.48567113    -7.18639756    -4.37461247
18050    0.39676198    3.13426018    2.06520108
18060    -0.74012336    -2.03934721    -1.28691784
18070    0.15295250    -1.89361022    0.80548674
18080    -1.02203650    -4.39863547    -3.48741840
18090    -1.18153505    -5.46686887    -2.93738976
18100    0.72479056    -2.80788237    1.05838714
18110    0.07089286    0.01772521    0.18080727
18120    -0.02120092    -2.76815854    -0.46853532
18130    -0.45049523    -0.35827621    -0.29219342
18140    0.10460801    -4.00771582    -1.58454224
18150    -1.23322322    -6.16123059    -3.65164160
18160    -0.82984425    -3.55078081    -3.36867652
18170    -0.29935429    -3.66865295    -2.86170466
18180    -0.54357872    -3.77977731    -2.19273294
18190    -0.82797557    -5.86152623    -3.18877317
18200    -0.94000252    -6.43182477    -3.10392320
18210    1.67805893    0.03249022    2.64593970
18220    -1.25823201    -7.21478346    -3.59280237
18230    -1.78576687    -6.61221766    -4.01461193
18240    -2.13997894    -7.55052864    -4.80769027
18250    -0.30003578    -2.94689808    -0.43104150
18260    -2.93378834    -9.18942004    -5.44317745
18270    -1.81674382    -2.86146497    -2.47938740
18280    -2.35654855    -6.62917189    -3.65650502
18290    -2.52307367    -7.71765253    -4.06246079
18300    -1.09841091    -4.19207305    -0.41374828
18310    -1.33327023    -3.66222236    -1.01959439
18320    -1.19322600    -2.34725873    -0.66549752
18330    0.21061160    -2.64230306    1.09112861
18340    -0.36695312    -2.52740424    0.55789881
18350    -1.39384650    -6.72327585    -0.80802752
18360    0.10283725    -5.54356138    -0.23623280
18370    -0.43429451    -3.80972661    -0.27188323
18380    0.31011841    -1.41013731    0.00768115
18390    -0.62909304    -4.24635569    -1.43431410
18400    0.33952465    1.79591604    0.72925961
18410    2.61526370    5.44442833    4.40261402
18420    -0.41739825    1.17012458    -0.22805087
18430    1.92439695    -0.70791094    2.26273446
18440    1.25542637    -2.17906215    -0.23390426
18450    -1.84348257    -5.40410665    -4.04039589
18460    -0.14951312    0.17011155    -0.84451009
18470    -1.62447697    -4.94026984    -2.72023258
18480    -2.08531620    -2.52325148    -1.67812176
18490    -1.00579612    -2.06244652    -0.81478641
18500    -0.69240154    -0.96475617    -0.24008295
18510    -1.29850079    -2.46186753    -1.72991151
18520    0.17357730    -0.31227084    1.55844477
18530    -1.09048024    -4.96489920    -1.55668240
18540    -2.19139209    -6.65181492    -2.61935979
18550    -2.66777192    -3.61389498    -2.18151343
18560    -0.73238350    -0.49814035    -0.84688405
18570    -0.17392220    -2.53759872    -0.44322063
18580    -1.12475186    -2.13331719    -1.08199922
18590    -2.14298005    -3.65664111    -2.26611330
18600    -3.80428998    -4.45477960    -3.83752156
18610    -1.10804836    -0.85540150    -1.31901477
18620    -3.62705836    -9.31195422    -4.20019613
18630    -2.81827054    -4.47308666    -3.42690993
18640    -3.06712459    -5.28647682    -3.05906163
18650    1.27091582    2.83226699    1.65827595
18660    -1.51454444    -5.03954793    -1.27074214
18670    0.76701028    1.26135352    0.57643477
18680    -1.24863615    -4.21006521    -1.70501126
18690    0.04626926    1.43309189    0.94621100
18700    -1.54268449    1.67499956    -1.09570594
18710    2.13188657    0.12114143    1.87097067
18720    -1.74769858    -6.23206992    -0.92886199
18730    0.35087026    -0.17238549    0.54592261
18740    -2.55667177    -7.24716825    -1.87196935
18750    -0.94869700    -3.66717223    -0.91901930
18760    -2.11725420    -3.90196203    -1.34036994
18770    -1.93198819    -2.17168826    -1.12391575
18780    -0.16666852    -2.55496387    0.12777408
18790    -1.98643483    -4.46964638    -0.61420567
18800    -1.68562236    -2.65867688    -0.97774547
18810    -2.99674445    -7.42046470    -2.36254613
18820    -2.35043636    -6.78625515    -1.40781631
18830    -2.37691231    -3.20901595    -1.63107943
18840    -1.97078571    -6.66006095    -0.60119228
18850    -3.96970493    -8.20025809    -2.38547856
18860    -0.78261708    -2.64092607    0.11524591
18870    -4.02417021    -2.32017798    -1.86551047
18880    -2.98623249    -5.30856319    -1.08341395
18890    -3.36726729    -6.01114196    -1.35150048
18900    -1.03714140    -0.04778866    0.24812558
18910    -1.19805584    0.14059083    0.04358052
18920    -2.41363253    -5.71756383    -0.77360071
18930    -2.47997861    -3.72648971    -1.25487946
18940    -0.91169767    -1.24365325    0.05215241
18950    -2.31228101    -3.54794667    -0.79906891
18960    -1.02767341    -4.04325296    -0.16644478
18970    -2.39551491    -4.75007537    -0.90039663
18980    -0.94643885    -2.13646195    -0.13134827
18990    1.97102394    4.85452889    0.52928601
19000    -1.65801180    -6.70930880    -0.30611082
19010    -1.11839274    -2.49856181    -0.70541744
19020    2.85311580    2.31084123    0.76742635
19030    -2.22466863    -4.26901039    -1.40480709
19040    -0.49272845    0.49970818    -0.86144155
19050    -1.79087946    -3.36079798    -0.77346911
19060    -1.87176160    -1.64211756    -1.26649459
19070    -1.24746705    -1.15125571    -0.71318492
19080    0.87787286    -2.31199533    0.60661528
19090    -0.44184041    -2.02607834    -0.38019489
19100    -2.93844248    -5.98735423    -0.93320800
19110    -1.95802974    -5.82199819    -0.33060911
19120    -2.03487865    -3.81635445    -1.09700121
19130    -4.12207871    -7.80035440    -1.28116420
19140    -1.73738786    -5.06402891    -0.36506382
19150    1.61999610    -0.87727990    1.31538227
19160    -3.58907501    -5.62837856    -1.33429605
19170    -3.10191845    -5.64161306    -1.19904376
19180    -1.74166108    -4.12434592    -0.45152720
19190    0.58053946    -0.58373898    0.00464369
19200    -0.45247603    -3.38165828    0.06455900
19210    3.42113810    4.29641364    -0.36802826
19220    -2.82226813    -5.58558178    -0.57970815
19230    0.61035438    -2.80921654    0.66057867
19240    -3.61201454    -7.58716660    -1.03291355
19250    -3.07898202    -8.34362212    -0.19833869
19260    -2.66176331    -6.67484895    -0.37371423
19270    2.72421317    1.88158710    0.39663127
19280    -1.56025599    -4.77061620    -0.07602932
19290    -2.20426173    -4.42399563    -0.44309844
19300    -1.52351655    -2.63883458    -0.15295527
19310    -3.45859336    -4.57746698    -0.94010567
19320    -1.81799151    -3.40503229    -0.26152192
19330    0.53275257    -1.83634306    0.06219176
19340    -1.23532304    -0.53978591    -0.74302559
19350    -1.43984909    -2.65017807    -0.32127361
19360    -4.88409011    -5.63850566    -0.99916816
19370    -2.58180329    -2.24709205    -0.84707552
19380    -1.12041321    -2.29996110    -0.20385408
19390    -4.38600298    -5.60207448    -0.60146988
19400    -0.42634390    -2.16969537    0.33959368
19410    -2.23829768    -3.39990555    0.24286874
19420    -2.30547296    -3.54876383    -0.02055031
19430    -3.60729131    -6.63685738    0.17688723
19440    -2.94521949    -2.67962274    -1.05806542
19450    -0.71679450    -4.40652934    0.03246074
19460    -3.05414654    -6.78473788    -0.19755916
19470    1.51433879    -0.50425670    0.12214698
19480    -3.06170955    -4.74609266    -0.86712130
19490    -2.36290994    -3.33861020    -0.89869557
19500    -3.20761887    -4.96676068    -0.51882536
19510    -2.10062007    -2.66790473    -0.28249540
19520    -3.38874623    -4.94656415    0.00424065
19530    -0.85153197    -3.32605762    0.30290365
19540    0.87920787    -0.45569288    0.04194139
19550    -1.41796904    -2.70852011    -0.14873911
19560    0.57766553    -0.11742686    -0.42077589
19570    1.46113080    3.23731895    -0.85461556
19580    -1.37613298    -2.75615413    0.15083205
19590    -2.10504712    -4.21159726    0.39825053
19600    -1.82806464    -2.86559850    0.13054410
19610    -1.15837817    -5.39079390    1.29998585
19620    -1.35042946    -3.89668164    1.00011480
19630    -2.61858020    -3.50141224    0.24297001
19640    -1.76232213    -2.60060865    0.46648284
19650    3.24572452    0.80233217    0.05873042
19660    -3.62317691    -7.12206516    1.10130752
19670    0.93983501    -1.69996197    0.31027846
19680    -0.84111661    -5.20992065    1.42898787
19690    3.77177807    2.76102084    -0.09579311
19700    0.45841741    -3.45282970    0.87687986
19710    0.58671044    -2.59125680    0.69920642
19720    -4.77505388    -7.63191761    1.67657281
19730    -1.58254942    -3.94978973    0.95209710
19740    -2.04721468    -4.42885361    1.28108521
19750    -2.03318804    -3.86809702    0.65349167
19760    -2.91831329    -5.56302387    0.95548043
19770    -0.79313718    0.26932006    -0.00017729
19780    -0.38467214    -0.68315694    0.38821037
19790    -2.29143110    -3.37831232    0.71416684
19800    -3.73136540    -4.26238276    0.35821348
19810    0.64606077    0.67592587    -0.46321880
19820    -1.42376699    -1.66446622    -0.00133876
19830    0.06962892    -0.57639562    0.14270673
19840    -0.93838354    -3.72632984    0.86039442
19850    -3.15135063    -5.36839915    1.34527964
19860    -3.50228148    -5.81806140    1.03146070
19870    -1.60666162    -1.67297819    -0.02665654
19880    -3.25259055    -7.49365121    1.84154877
19890    -2.59110619    -3.58931883    0.04359622
19900    -1.46233066    -2.84406243    0.06930857
19910    -0.98877691    -2.40275614    0.20285762
19920    -1.59224708    -2.93996582    0.33928776
19930    0.17588977    -1.05291566    -0.00494062
19940    -1.96400851    -4.37108368    1.26095119
19950    -4.78872288    -7.38363077    2.39387869
19960    -1.97307836    -4.48899240    1.40023999
19970    -0.58435180    -1.02001756    0.10142113
19980    -2.88878236    -5.29716068    2.20727424
19990    -1.61416737    -2.76588273    0.61040751
20000    -3.65446206    -5.30741929    1.53529070
