0    3.11389760    -1.32415036    -0.39479838
10    1.47121113    -1.66305253    0.55658072
20    5.88348814    -0.86780260    -0.85297380
30    7.44630859    -2.52623476    -0.82579073
40    2.43951304    -1.06822786    -0.02482446
50    1.34448579    -0.86856546    0.08843129
60    5.55850283    -1.28139085    -0.59113316
70    2.01660612    -1.06393884    0.89618445
80    3.56848497    -1.54979614    -0.37275905
90    3.00982014    -1.18816236    0.28538864
100    1.02547747    -1.46982862    0.24813424
110    2.53388493    -1.04684130    0.29485290
120    6.43578248    -1.15720047    -1.21375232
130    5.00048322    -1.61912164    -0.52809676
140    3.75337044    -1.89970283    -1.12526982
150    2.63723993    -1.91438463    -0.33036501
160    5.09187681    -0.90312585    -0.24697503
170    0.30385532    -0.72737420    0.97473039
180    4.18604545    -2.50003990    -1.17291006
190    4.34608275    -2.13245288    -1.32486100
200    5.73260873    -1.89478940    -1.35725057
210    2.69513689    -1.08209079    -1.07862218
220    0.73675296    -2.26363083    -0.62961854
230    1.62262584    -1.48320755    -0.84091080
240    2.90921051    0.01688330    -0.07348480
250    0.53767959    -1.06917807    0.15561622
260    5.53417519    -1.50128413    -1.44041946
270    1.75467016    -1.76650096    -0.72656668
280    2.77394599    -1.68329788    -0.62563829
290    1.39167274    -0.56843643    -0.44087424
300    4.19687103    -0.74285763    -1.32780855
310    1.38032655    -1.57228551    -1.15026494
320    2.94579066    -1.84352497    -1.07445331
330    4.80511041    -0.88799680    -2.07128617
340    3.39350195    -1.08659491    -1.70608216
350    2.07581040    -0.89258884    -0.72048707
360    1.57268353    -0.82908958    -0.17934668
370    2.26934114    -1.29293910    0.00663710
380    4.24104692    -1.46124821    -1.12230532
390    0.92794092    -0.82997958    -0.35002796
400    3.60463906    -1.13437053    -1.81461317
410    1.70832031    -2.16100368    -1.23054722
420    4.49714168    -0.93420806    -2.44717638
430    3.03885203    -1.91567312    -1.45981011
440    3.14555770    -1.26307456    -1.83692138
450    1.19287670    0.11000960    0.33548973
460    -0.37954911    -1.56248558    0.86724902
470    2.85339147    -0.14611012    -1.27673511
480    1.28733488    -2.23744510    -0.57085377
490    -0.00651326    -1.95709403    0.07752873
500    -0.15607541    -1.21617203    0.52098405
510    0.59409471    -1.11381268    0.52621621
520    2.90403020    -2.06921827    -1.65749525
530    3.63707765    -1.82613345    -2.30247864
540    0.11448301    -2.59590964    -0.20007962
550    2.91242082    -2.47750971    -1.65456081
560    3.11633404    -1.99113180    -2.07130275
570    2.70368996    -1.49076191    -1.79947426
580    3.41506307    -1.43527132    -2.26521089
590    4.00805425    -1.55788609    -2.94839483
600    1.89308761    -0.42320377    -1.44387122
610    3.07559426    0.06558459    -1.82213293
620    1.98780659    0.02748587    -1.07557948
630    2.99552191    -1.05804940    -2.26432256
640    3.77079772    -1.37329193    -2.16984300
650    1.37259632    -0.47683292    -0.97702411
660    1.34203607    -0.79676336    -0.61230814
670    3.05528664    -0.11581860    -2.10592793
680    3.74224216    -0.74402002    -2.45620177
690    3.77242387    -1.55762697    -3.05121506
700    3.69577802    -1.04068213    -2.75518466
710    3.45399694    -0.79888594    -3.20969319
720    2.74512642    -0.78734124    -1.55581958
730    4.27114033    -1.69875473    -3.21185896
740    3.66242213    -1.95457367    -2.92621593
750    2.60852255    -1.84136148    -2.01740776
760    2.50673096    -1.36266634    -1.08244579
770    3.25705026    -2.35279023    -2.39470112
780    3.86743924    -2.24828488    -3.65934196
790    4.12038585    -1.75392412    -4.16381166
800    2.09139415    -1.58084941    -1.89198549
810    1.96991375    -2.33680182    -0.89400474
820    -0.64872688    -2.85860041    1.17830080
830    -1.10716607    -0.60788161    1.92951452
840    -0.68511047    -1.66049975    1.02765311
850    0.85067824    -1.71967907    -1.74754466
860    1.59693639    -1.88910559    -2.29253794
870    1.96850534    -1.79382907    -2.68689665
880    -0.19826691    -1.58676212    -0.94645351
890    1.25598958    -0.79720390    -2.89049163
900    0.12578723    -1.85452430    -1.46276782
910    0.44403860    -1.61492967    -1.93460128
920    0.26404774    -1.45381977    -0.98181874
930    0.83705286    -1.61851300    -1.89717131
940    0.00560297    -1.58001991    -0.37142571
950    2.09534130    -1.51103747    -4.24889042
960    2.01975077    -2.20171515    -3.21981819
970    0.75884449    -1.01608359    -0.74140058
980    2.16641694    -2.17942855    -3.03021874
990    1.26116314    -1.35422134    -1.31725800
1000    0.15398811    -1.51318951    0.12592343
1010    0.32612886    -0.49879373    0.19296504
1020    1.38703470    -1.85042154    -0.85231305
1030    2.58746145    -2.24611348    -3.70277964
1040    2.12968162    -2.02851254    -3.10152640
1050    2.65900241    -2.37624317    -4.62714140
1060    1.84144272    -1.64038694    -4.06257795
1070    1.32595095    -1.91038173    -2.81822870
1080    1.86390579    -2.37276949    -3.41569276
1090    0.65256270    -1.84016511    -1.49085965
1100    -0.89881574    -1.47459779    1.11861393
1110    -2.27525441    -0.42131979    2.76233240
1120    1.58817225    -2.23439613    -4.19602209
1130    0.34325440    -1.53591578    -1.35542386
1140    0.64478278    -1.55913911    -3.57127154
1150    -0.79993239    -1.69591769    -0.18999470
1160    0.89672138    -2.36284177    -4.03938288
1170    0.31751093    -1.94220546    -2.02511259
1180    -0.24915261    -1.42343750    -2.13567190
1190    1.09394102    -1.99989734    -4.06367259
1200    1.88672830    -2.27179535    -5.15961858
1210    1.29154793    -2.56793168    -3.59610194
1220    1.02128520    -2.00036919    -2.82365335
1230    2.76256815    -3.51852264    -5.90198092
1240    0.30153655    -2.04210419    -0.73070930
1250    0.06511354    -1.96796051    -1.42342837
1260    0.60053699    -2.11697567    -2.69878328
1270    1.64880860    -2.60158478    -3.60287150
1280    -0.35965945    -1.27317502    0.83706815
1290    1.20129450    -2.33360504    -3.04322038
1300    -1.52300362    -0.36249968    0.28798667
1310    -1.80464604    -0.24444346    2.49841276
1320    -0.18648575    -1.88785008    -1.47982026
1330    -0.38940627    -2.13203026    -0.51325634
1340    0.07977646    -2.27163497    -2.70846359
1350    0.35897721    -2.74531037    -1.81314421
1360    -0.60963946    -1.28900217    0.73870259
1370    -0.37001924    -1.10037162    -1.70080757
1380    0.57192510    -2.32125218    -1.44630861
1390    1.26162060    -3.35984150    -3.49969948
1400    -1.18823195    -1.52813955    1.33321387
1410    0.74930744    -2.88259074    -3.00222546
1420    1.67598933    -3.63507367    -5.70698782
1430    0.02258284    -1.61862415    0.05280490
1440    1.01510611    -2.42035550    -2.31081969
1450    -0.12663833    -1.15380656    1.56695941
1460    1.53761663    -2.79608861    -2.62487790
1470    0.89930157    -2.43492708    -3.05464422
1480    1.29734989    -3.29639874    -2.77369545
1490    0.34109207    -2.22654765    -0.81597957
1500    0.02431104    -2.33946445    -2.63269425
1510    0.97372260    -3.58718623    -5.48025286
1520    -0.47890417    -1.91493867    0.35903484
1530    0.25466835    -2.16181121    -2.42613165
1540    -1.99848133    0.76907574    2.18415509
1550    0.06139834    -2.30635980    -3.33526024
1560    -0.56212249    -1.20936351    -1.06499659
1570    0.45092121    -3.18680449    -4.83874558
1580    -0.53704481    -1.81734280    -1.78779215
1590    -0.86813875    -0.30775815    3.39721960
1600    0.20425467    -2.91620525    -1.98484434
1610    0.67777995    -4.04665239    -2.34273869
1620    0.07947770    -3.04343398    -2.08865691
1630    -0.75155098    -1.10425115    -0.64876803
1640    0.00353082    -2.65277721    -3.74703921
1650    0.55303614    -3.16364180    -4.70105781
1660    0.71325905    -3.80162805    -4.54440671
1670    -0.07898551    -2.61108642    -2.83715117
1680    0.53491230    -3.22401654    -1.48771192
1690    -0.07240596    -3.10212333    -3.79442033
1700    -0.72236245    -2.83811169    -3.64794878
1710    -0.84043560    -2.74240754    -2.38143419
1720    -0.53138570    -3.74119804    -2.95255009
1730    -0.86729662    -2.53118283    -1.66918109
1740    -0.87841582    -2.26503149    -1.42221002
1750    -0.72244765    -3.46438546    -3.56541715
1760    -1.35972993    -2.05340777    -2.21691778
1770    -0.85988390    -3.59328322    -4.28659955
1780    -0.67585502    -3.51804764    -3.93493729
1790    -0.86228142    -3.36235879    -3.57580905
1800    0.15543287    -4.54345717    -4.54417882
1810    -0.31725369    -1.92826791    -0.45253716
1820    -0.83845664    -2.64636184    -3.77028665
1830    0.59129115    -4.19533778    -3.49912192
1840    -0.33603875    -3.50118648    -5.12557186
1850    0.14729279    -0.90213064    0.07632779
1860    -0.40660292    -2.53057303    -3.49411956
1870    -0.36424484    -4.08832043    -4.84650371
1880    -1.31028168    -1.56054580    -2.43416203
1890    -0.64272764    -2.81569128    -2.38575643
1900    -0.43555464    -1.56890621    0.61772879
1910    -0.37870584    -4.27971650    -3.52029762
1920    -1.03317134    -3.47674649    -3.78827056
1930    -0.93549263    -3.04760759    -2.80280608
1940    -1.39697375    -2.06018966    -2.97679481
1950    -1.11523398    -3.69514099    -3.96675047
1960    -1.06437048    -3.70849394    -3.53250953
1970    -0.84897980    -0.77521641    0.31201346
1980    -0.70250310    -3.50563579    -2.11462924
1990    -1.92981813    -0.70367406    -1.39213377
2000    -0.91608512    -2.33591160    -1.82128172
2010    -1.00411689    -2.11617972    -1.77240682
2020    -1.32693714    -2.85160489    -3.37123348
2030    -1.20572206    -0.79342986    -1.39220258
2040    -0.36960383    -1.29962431    -0.71567723
2050    0.24010338    -3.88189788    -2.28265442
2060    -0.94001174    1.24687424    0.34335113
2070    -0.32938428    -4.29238184    -3.43218804
2080    -0.58811086    -4.62395609    -3.04405509
2090    -0.80262325    -1.58663124    -0.99881972
2100    -1.16851436    -3.31691349    -3.02839759
2110    -1.51539825    -3.32280524    -3.84477124
2120    0.65569665    -2.49024680    0.15947140
2130    -0.24811983    -1.46266700    -1.34230876
2140    -0.96467484    -3.68384880    -3.02728219
2150    -1.20553379    -3.86520981    -3.47075093
2160    0.19787765    -2.31678373    -0.67133794
2170    -1.19431524    -3.58454670    -3.33059807
2180    -0.44183258    -2.79291856    -1.98615919
2190    -1.04389466    -2.46556423    -2.90917895
2200    -1.19493013    -1.23071500    -2.61195545
2210    -1.17453138    -4.15986781    -4.14745720
2220    -1.00880749    -2.08696454    -2.34668301
2230    -0.19295431    -2.22478695    -1.03465420
2240    -1.51110567    -4.24429594    -3.26046907
2250    -0.32075138    -3.50314572    -1.20662942
2260    -0.23165970    -3.66544449    -0.90976307
2270    -1.57186609    -2.27447835    -2.16793401
2280    -0.20346276    -0.77066934    0.61799256
2290    -2.02931347    -4.18630412    -3.41556346
2300    -0.98506257    -1.37559772    -0.93655030
2310    -0.85326300    -1.05453082    -0.89581569
2320    -0.89588283    -3.06637287    -1.84507774
2330    -1.74945902    0.42025096    -1.15021786
2340    -1.46949226    -1.79723657    -1.57987813
2350    -1.02026181    -3.18110254    -2.28173821
2360    -0.72457271    -0.46322658    -0.75310828
2370    -0.85440304    -1.29881986    -0.77688944
2380    -1.14912515    -3.67622239    -2.91776669
2390    -0.59390563    -2.74972072    -2.08040071
2400    -1.55485283    -2.77969838    -2.81759087
2410    -1.72812810    -2.64443000    -2.60441928
2420    -1.54694015    -3.92439857    -2.91601379
2430    -0.22638915    -3.86323755    -2.29007915
2440    -0.69466432    0.52500431    -0.12914326
2450    -1.26240647    -3.80006896    -2.89998352
2460    -0.22457862    -2.34531001    -1.45984750
2470    -0.87984137    -3.83235314    -2.63110187
2480    0.46638269    -1.12493572    0.20437330
2490    -0.63919512    -3.92406284    -2.79935102
2500    0.99620921    -2.36189905    -0.63043607
2510    0.32423112    -2.15847596    -1.78085409
2520    -0.58345415    -5.20887326    -3.35793162
2530    -1.40122619    -5.34735170    -4.22608922
2540    -0.72790065    -3.37295795    -2.50915131
2550    -0.76690268    -2.26575464    -1.74518094
2560    -0.23567450    -3.27064937    -2.10599472
2570    -0.95850996    -4.72840173    -3.19794169
2580    -1.20356899    -3.52334465    -2.39144059
2590    -1.80243897    -0.65472172    -1.24547262
2600    -1.06816443    -2.13412129    -1.44480629
2610    -0.93349912    -4.47205389    -2.14593190
2620    -0.49893403    -3.67956836    -1.34980670
2630    -1.81424948    -3.76780612    -2.57663312
2640    -0.96390961    -1.67215142    -1.20261629
2650    -1.41049672    -0.40376696    -0.73002513
2660    -1.13505780    -1.81195832    -1.33129766
2670    -1.75616599    -4.20208947    -2.82627011
2680    -0.94585505    -2.47898536    -1.69968436
2690    -0.57325734    -1.21040518    -0.57171972
2700    -1.45409346    -4.54324406    -3.09439182
2710    -1.00955251    -2.36072468    -1.50123876
2720    -1.55088718    -3.63254347    -2.43354519
2730    -0.48420989    -1.87770819    -1.59786061
2740    -1.20936053    -3.47353241    -2.08958824
2750    -1.61362454    -4.12493884    -2.95489746
2760    -1.62696406    -4.49502277    -2.80255347
2770    -1.11464568    -2.59506246    -1.61075361
2780    -1.49889512    -2.81904871    -1.58861362
2790    -2.57938746    -6.44864604    -3.58879718
2800    -1.29358349    -3.69002613    -1.21491027
2810    -1.50437354    -1.91966025    -0.42748313
2820    -1.41200756    -2.16110110    -0.36181393
2830    -2.11514707    -4.73411334    -1.34187721
2840    -1.91751097    -5.62931767    -2.29520024
2850    -0.81992675    -2.66622376    -0.74640108
2860    -2.20965230    -6.45896626    -2.86263722
2870    -1.81963021    -5.51250917    -2.14385625
2880    -0.81032570    -3.31522956    -1.60411491
2890    -2.29689262    -3.39620955    -2.49341524
2900    -2.07656195    -4.15238460    -2.49209967
2910    -2.13762633    -2.80907358    -2.27343544
2920    -2.15528818    -2.28678084    -1.72314002
2930    -2.81688137    -5.14909940    -3.27243812
2940    -2.18824292    -3.31893890    -2.38315731
2950    -1.40969275    -1.90419600    -1.34696426
2960    -3.01598081    -4.52476687    -2.30541850
2970    -1.89237180    -4.60619927    -2.11907478
2980    -2.44991378    -2.05847158    -1.52592629
2990    -2.31903527    -4.07765505    -1.64072765
3000    -1.60169424    -2.08369609    -0.61902631
3010    -2.02676958    -3.33374131    -0.92553551
3020    -2.53994486    -5.72336380    -1.28550667
3030    -1.88088088    -5.58175193    -1.56902297
3040    -0.83349588    -2.30103576    -0.09772446
3050    -1.73613894    -5.71421101    -1.20182962
3060    -1.95652290    -4.63855929    -0.62251508
3070    -1.10548624    -3.60220336    -0.71919871
3080    -1.65997706    -5.22750089    -1.04614778
3090    -1.54588935    -5.31827320    -0.94402153
3100    -1.20933043    -3.02177586    -0.49053813
3110    -0.97362708    -2.85089687    -0.36571696
3120    -1.06038673    -1.67484192    0.25687594
3130    -1.57402686    -3.60577641    -0.33611279
3140    -0.08350822    1.12591574    1.03448570
3150    -1.98233092    -4.49547903    -0.65858538
3160    -2.96618274    -6.62588821    -1.04163244
3170    -1.25276029    -2.99344815    -0.18030985
3180    -2.24675357    -5.70576646    -0.63837237
3190    -1.72603275    -4.24732976    -0.66640872
3200    -3.38373111    -6.29909058    -0.36157004
3210    -0.14545499    -1.40579214    0.00487786
3220    -0.94192732    -2.46676150    -0.31161786
3230    -2.17413551    -6.08504193    -1.14760033
3240    -2.42238840    -6.64823141    -0.32044710
3250    0.97269118    -0.54733681    0.45814846
3260    -1.44354722    -5.42279528    0.33259555
3270    -0.57848474    -3.65786175    0.24911379
3280    -1.76588217    -5.71741320    0.33508720
3290    -0.24379941    -4.03163041    0.92849843
3300    1.25606890    -1.65888780    0.29145263
3310    -1.28270081    -5.74722470    -0.49351230
3320    1.25765631    -1.29676313    1.12926909
3330    -0.71440657    -3.81535695    0.61590262
3340    -0.94202773    -4.53104430    0.03925489
3350    0.29513553    -1.05653834    1.25070170
3360    -0.24729199    -2.41880357    0.01591634
3370    -2.06991163    -5.88482198    0.42808559
3380    -1.66726087    -4.70310180    2.59518768
3390    3.66736371    4.97007467    1.93435495
3400    -1.79132668    -4.69575040    0.74289711
3410    -2.16211272    -4.96130605    0.19873379
3420    -1.16730841    -2.57592104    0.63492376
3430    -0.15430897    -1.18654514    0.38240048
3440    -3.05924586    -7.55527822    1.00545212
3450    -1.38550737    -4.68886211    0.37441821
3460    -2.62807579    -6.79184387    0.53349326
3470    -0.16217471    -3.07764959    1.80607636
3480    0.20907781    -1.73114754    -0.22105803
3490    0.31855316    -2.02317582    2.08943690
3500    -1.38314952    -5.15335976    0.34851631
3510    -1.40399289    -5.45550336    1.23009586
3520    0.35896562    -1.84289822    2.20942170
3530    -1.85062303    -5.51631427    -0.03352537
3540    -1.37648895    -4.32755669    -0.03516922
3550    0.39181006    -0.29235115    0.61304449
3560    -1.71459621    -4.66883343    -0.26094502
3570    -1.99980579    -5.79303168    -0.32430516
3580    -1.84931003    -4.43346391    0.16317013
3590    0.39751061    -0.78447952    0.41730266
3600    -0.04763241    -1.88214593    0.49505266
3610    -0.16693380    -0.95717093    -0.99606252
3620    -2.29946293    -6.12556401    0.65386405
3630    -2.33105641    -5.77208930    0.20557581
3640    0.66886655    0.66208045    -0.33979257
3650    -1.12862948    -4.56486837    0.73491569
3660    -2.14632832    -6.29950363    0.26979219
3670    -0.48575836    -3.76620561    1.13502552
3680    1.81790741    1.16455108    -0.42575568
3690    -1.40979521    -6.71888581    1.23355893
3700    -1.75453273    -7.22717495    0.36529009
3710    -0.22198411    -4.38610843    0.04426371
3720    0.38240586    -2.68037694    -0.27625957
3730    2.16890128    0.62772151    0.02347327
3740    -0.69619444    -5.15669693    -0.83715605
3750    0.50960145    -3.02167771    0.58480548
3760    -0.95455296    -6.12865118    0.48803800
3770    0.69824903    -3.00536406    1.07218925
3780    -0.71445977    -5.04056533    0.40451204
3790    -1.96173292    -7.38130865    0.17261972
3800    0.45823812    -1.72231082    0.95729426
3810    -1.05903969    -5.04810843    1.76564334
3820    -1.48157725    -5.02019267    1.40336422
3830    -0.63663817    -2.37335255    0.04752473
3840    -0.20406355    -1.53365724    -0.48609022
3850    -1.53704958    -4.69547847    0.98944508
3860    -1.83346343    -5.94683694    0.41519465
3870    0.02473462    -0.51803663    -0.65451723
3880    -1.15218076    -3.65580861    0.66952700
3890    -0.53162365    -2.38600979    0.07929911
3900    -1.04119652    -4.30318089    0.08606662
3910    -1.17177428    -5.46791084    0.06787136
3920    -0.44845330    -3.47293521    1.79025448
3930    -0.78897483    -5.71919609    0.41484203
3940    -1.60670840    -7.56234057    1.29772665
3950    -0.82317530    -6.43723519    1.50173167
3960    -1.14924246    -6.42902247    0.72107091
3970    -1.54790702    -7.46965379    0.54538995
3980    -0.55474741    -2.14110912    1.38994251
3990    -0.85031968    -4.03063325    0.85801455
4000    -0.66102267    -3.75033446    0.34958609
4010    -0.20720976    -4.01825442    -1.54583883
4020    -0.40333214    -2.70848770    1.27068584
4030    -0.05650603    -1.97389897    0.22835359
4040    -1.57320207    -6.32463165    1.13104335
4050    -0.58377776    -2.29563180    1.47853834
4060    -0.46175239    -2.59819876    0.01667106
4070    -2.06069967    -7.10673650    0.81111853
4080    -1.00830029    -1.29066490    2.81959222
4090    -1.14704578    -5.15663587    -0.14664681
4100    -1.19292409    -5.16556824    0.45044735
4110    -1.29608227    -4.53554712    1.80839049
4120    -1.21180193    -5.65900901    0.90301595
4130    0.42435870    1.28036737    0.47126003
4140    -0.73226400    -4.12427763    -0.16282522
4150    -0.56791970    -3.55390220    0.28352425
4160    -1.23877757    -4.96134120    0.96228480
4170    -1.22340845    -4.12530338    0.50916790
4180    -0.84066209    -4.03569279    0.74104997
4190    -1.38057161    -5.49924706    1.21455823
4200    -1.74284552    -5.17694173    1.77531802
4210    -1.03152759    -2.84028036    0.64910937
4220    -2.14326054    -7.48436101    1.04556420
4230    -1.31171688    -3.89812741    0.49733252
4240    -1.41768808    -3.18311726    0.78192901
4250    -1.43563384    -2.26129874    1.16395086
4260    -1.77204975    -2.78107084    1.10232456
4270    -1.59764720    -2.82555087    0.65205740
4280    -1.29468010    -2.58116705    0.82816119
4290    -1.02451420    -2.52817765    0.72900049
4300    -2.40207179    -5.22580716    1.26404123
4310    -0.90979862    -0.27641037    -0.15007539
4320    -1.16764785    0.75550518    -0.05818768
4330    -2.05867223    -4.45710664    1.49533226
4340    -1.47265125    -3.00463497    0.50023485
4350    -1.40661339    -0.71449031    -0.25078555
4360    -0.93995346    -2.64333555    1.02059358
4370    -1.44251333    -3.87963222    1.47336092
4380    -0.77591307    -2.35232723    0.09085634
4390    -0.69809658    -3.49400833    -0.04471355
4400    -1.22048158    -6.72687436    0.36249088
4410    -1.34608936    -5.83805202    1.19782893
4420    -0.83118797    -3.95692674    0.62928692
4430    -1.51605504    -7.53240346    1.44782839
4440    -0.56025502    -2.61801209    1.55037098
4450    -1.10451181    -6.91456213    1.32399785
4460    -1.13620994    -4.93532102    1.61234224
4470    -1.24297337    -7.42989792    2.16291859
4480    -1.24039573    -4.08418423    1.54425057
4490    -1.55536445    -5.72489728    2.28726890
4500    -0.72187773    3.55055319    1.36243238
4510    -1.42225676    -2.83678425    1.70915232
4520    -1.35265778    -2.22704974    1.47081926
4530    -1.41589919    -3.32959463    0.54724760
4540    -1.61513894    -1.37087762    0.79767518
4550    -2.19502371    -5.16626370    1.14336781
4560    -1.99025331    -2.88038538    0.49890630
4570    -2.07076049    -5.19412652    1.74852344
4580    -1.96774406    -5.05694031    2.00216117
4590    -2.18047886    -7.12740000    1.72578066
4600    -1.70094281    -3.84341035    0.67703391
4610    -1.99928785    -4.73375390    1.90544750
4620    -1.54857754    -0.99031479    2.42554875
4630    -1.72707433    -7.16917354    1.65133227
4640    -1.83205226    -5.94372007    2.32293003
4650    -1.19699083    0.91931782    -0.89663266
4660    -1.35334839    -0.55803376    2.40296188
4670    -1.69744400    -6.34343586    2.10935904
4680    -1.54962112    -7.36390583    2.16713409
4690    -1.05238463    -1.82731802    0.86183100
4700    -0.63113795    4.01071039    -2.53349926
4710    -1.39122068    -6.16635952    2.10670425
4720    -1.15206846    -0.72637329    0.80649305
4730    -1.34642744    -3.16608372    2.16832137
4740    -1.09411942    -5.63839037    1.15010101
4750    -1.11236646    -4.85100149    1.49283618
4760    -0.84061171    -0.10384619    -1.61840050
4770    -1.05752131    -2.10723585    2.58403809
4780    -0.80404703    -2.41030428    2.66354922
4790    -0.75950333    -5.17095674    2.17154060
4800    -0.84968356    -5.45475108    2.46208255
4810    -0.48508279    -3.46745688    -0.30574015
4820    -1.03434213    -0.56677694    1.88999391
4830    -0.96507764    -3.08102684    1.10189281
4840    -1.17649564    -3.45672446    2.82958029
4850    -1.23926877    -2.18115738    2.02345177
4860    -1.45326994    -6.83687442    3.05927674
4870    -0.87233464    -1.00159481    3.20703869
4880    -1.17580260    -3.39469987    2.79696893
4890    -1.20608805    -3.84102791    1.81395919
4900    -1.21335722    -0.31525117    -0.31370276
4910    -1.09994688    -2.55164639    1.19243566
4920    -1.33729294    -4.15317380    0.83028844
4930    -1.62012829    -1.72940061    -0.40861378
4940    -0.93851698    -0.23189690    -0.40852080
4950    -1.74427942    -2.72030110    0.31704384
4960    -1.33243774    -4.19346133    2.18175953
4970    -0.69918338    -2.95385716    1.67206921
4980    -0.74433432    -2.44011175    1.06212747
4990    -0.67531037    -3.94556152    2.25740222
5000    0.42930954    -0.45390268    0.77570873
5010    0.19530966    -3.89664016    3.38067313
5020    0.01874831    -4.66305695    1.91286888
5030    0.01658967    -4.04817406    1.81069703
5040    0.20370859    -4.69727655    2.46145782
5050    0.13048884    -4.44801630    1.49830105
5060    0.85767461    -3.54397271    1.98223208
5070    1.20434613    -3.41496106    2.53353687
5080    -0.05307735    -4.20952709    1.14200030
5090    0.51064329    -4.21334187    1.94435296
5100    0.10959741    -5.11605323    2.83335164
5110    -0.52802573    -5.42213935    2.79954664
5120    -0.20959872    -3.30431978    2.01941458
5130    0.07654567    -2.51979854    1.68489166
5140    -1.15197741    -3.95262719    0.19167834
5150    1.13476047    0.39147698    0.48868275
5160    0.07526101    -3.40850130    2.42499903
5170    0.58068557    -3.68239385    3.53751029
5180    -0.05327732    -4.34126051    4.35051300
5190    1.42797480    -3.43891880    4.60270848
5200    -0.37150912    -2.96186354    2.43108604
5210    -1.64149279    -5.33120063    3.16126381
5220    -1.48961773    -3.62257612    2.01590292
5230    -1.30390369    -3.55590578    1.41755005
5240    -0.20353428    -4.66445311    3.67854387
5250    -0.06983004    -3.47051135    2.53988114
5260    0.30425193    -4.29460406    3.27063974
5270    -0.04734712    -2.05924633    1.36066974
5280    -0.59289223    -4.01277861    2.34742644
5290    0.57533963    -2.21751638    1.55279167
5300    1.18989491    -2.66559791    3.21036578
5310    0.72475984    -1.63553421    1.18340280
5320    -0.05145623    -4.67153215    3.02599755
5330    0.56447078    -2.46276126    1.53008239
5340    1.54527747    -3.51701141    3.39138706
5350    2.79669221    -0.27556183    0.67909862
5360    0.90276574    -4.75415130    3.35832530
5370    2.15144974    -1.53782192    1.72091337
5380    0.43361405    -3.83290742    2.43071797
5390    0.87394546    -3.37431588    1.48447018
5400    0.28502260    -2.69743836    1.42784451
5410    -0.81590362    -4.16572451    0.94918253
5420    -0.95702809    -8.09504590    5.14609239
5430    0.74846809    -0.72847183    -0.40047361
5440    0.00875846    -3.48056068    1.54012256
5450    2.23019983    0.99935451    -0.22959745
5460    -0.36644830    -1.36638889    -0.60498215
5470    -0.04982213    -3.64670682    1.14012123
5480    0.74117306    -4.71588088    3.37123388
5490    0.81856431    -0.55419526    -0.99022276
5500    0.06489695    -3.17864508    0.70198604
5510    0.58344067    -2.58645137    1.17776211
5520    -0.37011964    -1.82314668    -0.65126391
5530    0.12093431    -2.24790894    0.47237556
5540    0.87328886    -3.94774242    2.90742445
5550    -0.36402607    -3.10278277    0.81085094
5560    -0.28393202    -6.75348845    3.94281149
5570    0.10797087    -5.12262974    4.07621285
5580    -0.62017399    -5.71957423    3.49238660
5590    0.79664177    -2.00920278    1.94448814
5600    -0.41998644    -4.50369934    2.52663552
5610    -0.07922094    -4.44413093    2.58880230
5620    -0.02975397    -2.27548818    0.79193340
5630    -0.41095303    -1.96997012    0.18621256
5640    0.41129029    -3.82965955    3.41624040
5650    0.18218149    -4.59877039    3.87307675
5660    0.33994390    -5.11240615    5.00881795
5670    -0.36358394    -4.05509904    2.58216209
5680    0.39721986    -2.73544549    2.12087582
5690    0.05134432    -3.12029561    2.27364958
5700    -0.67253631    -4.34972553    2.10244754
5710    -0.43638234    -5.29822256    3.58899043
5720    -0.49626743    -1.43363172    -0.22252077
5730    -0.03439433    -1.69024426    0.79304906
5740    -0.42336488    -4.35742715    2.02147715
5750    -0.15318759    -3.59628495    1.63226370
5760    0.24715783    -2.47836522    1.52646924
5770    0.48123938    -0.15006512    0.47529644
5780    0.71791370    -1.65015460    1.03248267
5790    -0.60906565    -0.41883046    -1.04052723
5800    -0.11759269    -3.26975835    2.19886097
5810    0.19589120    -3.21686808    2.56495981
5820    0.29653342    -4.38964033    2.15419087
5830    0.06608741    -2.17076183    1.00538339
5840    0.00149399    -3.55716646    2.96905665
5850    0.12923483    -3.90863182    2.54817077
5860    -0.07341656    -4.16504766    2.68703766
5870    0.20893815    -3.87342466    2.36945130
5880    -0.70680044    -1.60980698    -0.54207121
5890    1.62320705    -1.94276759    1.89289016
5900    -0.26698068    -3.35429321    1.75142988
5910    0.22601160    -3.85203474    2.57417598
5920    1.32628283    -1.59245068    1.59819286
5930    0.62113061    -3.06954573    2.70506372
5940    -0.02570867    -3.54170836    2.16535552
5950    -0.31779217    -1.61182486    0.79622825
5960    -0.08810143    -3.71936490    2.94762425
5970    -0.03284994    0.64761265    0.09345897
5980    -0.04635053    -4.39114881    4.13929720
5990    -0.30155824    -5.85102409    4.76458396
6000    -0.74850014    -5.15735063    4.07342311
6010    -0.81746757    -4.54887586    4.05675404
6020    -1.25123394    -4.32896065    3.04285097
6030    -0.75803324    -2.76026945    2.75782252
6040    -1.90025383    -0.59501168    -0.91965176
6050    -0.45012095    -1.29856959    1.36374504
6060    -0.75597873    -3.46991950    2.93140223
6070    -0.21798245    -4.54485925    2.93012913
6080    0.25085464    -3.54585306    2.49283773
6090    0.46006423    -0.39576344    -0.01916590
6100    -0.03614199    -4.69034767    3.20997086
6110    -0.72577587    0.62474816    -2.32797478
6120    0.37382313    -3.69171283    2.31292068
6130    0.02457546    -3.41570225    2.19644165
6140    -0.12587297    -4.60110091    3.09307880
6150    0.75974248    -3.32921720    2.43919175
6160    -0.14678097    -4.39936600    2.73073016
6170    -0.62540783    -0.88504853    -1.03485838
6180    0.51446492    -2.88570357    2.17637810
6190    -1.12281355    -4.11200994    1.42171864
6200    -0.72508803    -7.18787445    5.28711857
6210    -0.05275715    -1.95589105    1.09277604
6220    1.02305705    -3.59982316    2.83358174
6230    -0.30970016    -4.69220175    3.67973952
6240    0.15611472    -2.24641750    1.73725304
6250    -0.00459486    -5.11336748    3.93568856
6260    1.68522531    -2.82924819    3.53221493
6270    1.74423620    -2.19619251    2.16983453
6280    1.67720637    -2.91869917    3.09252638
6290    -1.64472697    -0.64659788    -1.54833161
6300    -0.54109856    -4.87417611    3.42039783
6310    -0.06410291    -5.35215068    4.33784823
6320    -0.29699026    -3.46865605    2.15254379
6330    0.24709929    -4.80040095    3.67074564
6340    0.57596385    -3.95157490    2.95284379
6350    1.30677521    -3.05133034    2.63707379
6360    1.14358704    -2.02870535    1.19863839
6370    1.05941352    -5.57241921    4.85535003
6380    1.27136215    -4.05744209    3.27448918
6390    0.25839069    -2.22460212    1.48980576
6400    0.83847595    -1.00615406    1.20625394
6410    1.48272123    -3.92307913    4.12972051
6420    1.19219449    -2.53280044    2.40285859
6430    1.93354635    -3.41526681    4.16895703
6440    0.39277935    -5.22722298    4.39301816
6450    1.14981571    -3.09415136    2.91385922
6460    0.70122772    -4.23573206    3.87576183
6470    0.66230449    -4.41969899    4.56209185
6480    1.14498390    0.05715819    0.38533648
6490    1.36738567    -3.01775244    4.10105249
6500    1.10029542    -1.41379147    2.19451876
6510    0.81231467    -4.71783455    4.91787204
6520    0.20757564    -5.33745023    3.77561086
6530    1.81724148    -5.53356647    5.18647807
6540    0.53560628    -4.77358586    2.84413797
6550    0.94964137    -3.97613191    2.52982009
6560    0.56491865    -4.57412847    2.35512043
6570    1.15664645    -3.94592040    2.26518643
6580    0.56413223    -1.09201576    -0.80660240
6590    1.17459764    -5.85345994    5.15309086
6600    0.45047986    -4.29629789    3.13960852
6610    0.90514106    -3.33693149    2.87155814
6620    0.82931076    -1.51478930    1.51437989
6630    0.79346103    -2.36171504    2.24003958
6640    -0.24111293    -1.26532022    0.26790478
6650    0.93266322    -4.15973203    4.48695525
6660    0.98814871    -3.41557365    3.54310722
6670    1.02619970    -3.71138833    3.83210870
6680    0.74687594    -3.37351422    3.04349169
6690    -1.01652560    -2.41827797    0.28974692
6700    -0.33310037    -4.24417006    3.47836798
6710    1.85826889    -2.77842867    3.90199776
6720    0.57168249    -1.00435296    1.00264239
6730    -0.47196786    -1.06214560    1.63641927
6740    1.23318905    -2.39449274    2.93234651
6750    1.39616172    -1.01353667    2.25929395
6760    0.87619180    -0.45857784    0.55412646
6770    1.91640045    -3.03299665    3.67325456
6780    0.69594622    -1.49214627    1.08783791
6790    0.85582709    1.11000987    -2.01769986
6800    1.28122860    -1.22389887    1.42463847
6810    1.19362540    -3.26224600    4.00453637
6820    1.64253210    -1.89009714    2.34398844
6830    0.87761645    -1.59728861    1.91196749
6840    0.63896918    -2.57475867    2.60281867
6850    1.26972599    -0.97952329    1.42915947
6860    2.32942898    -2.66944294    2.93270685
6870    0.21683787    -0.81040840    -0.11787753
6880    1.92260403    -1.55507812    1.11626783
6890    1.91746570    -3.03849994    3.77174258
6900    0.97793068    -1.10577878    0.67648497
6910    1.59693383    -2.32790404    2.99466516
6920    0.68403149    -2.00692254    1.20133502
6930    1.99714183    -3.36045063    4.25885512
6940    4.02150504    -2.50665706    2.66182810
6950    3.34563681    -2.80771042    3.11494351
6960    -0.17829416    -0.37097045    -1.93172105
6970    3.03944249    -2.75238170    2.77148595
6980    2.14259962    -3.02858838    3.15861344
6990    2.52810633    -2.71575585    2.45478092
7000    3.42368732    -4.00116346    4.46834084
7010    2.03884050    -3.93130712    4.03916446
7020    1.61573275    -2.19788875    1.28705578
7030    2.53144459    -3.10844208    3.54034470
7040    2.02415739    -2.95834916    2.64811571
7050    2.75618912    -3.41425771    4.10281853
7060    1.94149005    -3.35726784    4.39041411
7070    1.54921316    -2.24134675    1.88783392
7080    2.01153702    -2.94048213    4.51545969
7090    2.14795700    -1.69712027    2.36221377
7100    0.30616242    -2.17759424    1.80179181
7110    3.12920033    -3.24512892    5.34649412
7120    1.10332061    -2.50672407    3.04725746
7130    1.32670258    -2.23868433    3.00019216
7140    1.44410263    -2.23647554    2.67657597
7150    3.29022884    -2.61323779    4.73047598
7160    2.87939375    -2.05198455    3.45422735
7170    2.18217295    -1.71609887    2.84457669
7180    0.38639409    -0.02179000    -1.53815387
7190    3.21039309    -2.36011911    3.98881057
7200    2.06556691    -2.13351695    3.10604187
7210    3.82738157    -1.97941529    3.85665857
7220    2.00056033    -2.45053459    3.39392763
7230    2.52919841    -1.94631833    3.38325022
7240    -1.88974271    -1.41656745    0.47834347
7250    0.52757166    -1.02312476    -0.18927253
7260    1.68659462    -1.26598131    1.90435923
7270    4.00702099    -2.29828704    4.35478111
7280    3.06854555    -2.49862449    3.69172820
7290    0.80375060    -0.76464639    0.12874127
7300    2.21337665    -1.67467862    2.89487355
7310    1.50655531    -2.19630330    2.97496746
7320    1.11099796    -2.26446950    3.49840565
7330    2.56054412    -1.70754968    2.95466434
7340    1.43814028    -1.93832633    3.17804902
7350    2.47762432    -3.12781673    5.37605475
7360    -0.84327400    -1.20938036    0.99858407
7370    0.36378584    -1.59634190    1.68732287
7380    -3.42017271    -0.61800538    -1.28559035
7390    0.34060212    -2.80657898    3.54281921
7400    0.75285003    -2.62498938    3.47236478
7410    0.66810375    -2.13237246    2.53346252
7420    0.78823152    -3.15984304    4.23505250
7430    0.68133579    -2.05738567    1.76074248
7440    -3.82094310    -1.52984180    -0.34410882
7450    0.79623539    -1.88205330    1.64811584
7460    0.30054987    -2.09599585    1.30657201
7470    1.13952224    -1.91942381    1.51390094
7480    0.85270362    -1.56959086    0.72567669
7490    1.17697168    -2.54167155    1.82349934
7500    0.28250308    -1.77647393    0.49256116
7510    2.90143375    -3.21078716    4.79372658
7520    2.57813650    -2.85967129    3.74569059
7530    2.10458416    -2.82408027    3.35799527
7540    0.13970430    -2.77223201    2.60849223
7550    2.08728694    -2.59965707    3.45530336
7560    3.07094471    -2.30368668    3.83528249
7570    2.26675966    -2.29532738    3.46394167
7580    3.48139075    -1.44560702    2.73104291
7590    1.98019546    -1.68597370    2.26255051
7600    -2.16132397    -1.14150071    -0.39930748
7610    -4.07785113    -1.70375632    -0.24554863
7620    -0.81684634    -2.68953778    3.46926305
7630    1.84997041    -1.60364243    2.45503748
7640    3.12405127    -1.85767437    3.13930446
7650    -0.30959784    -1.70668547    0.45538220
7660    0.33454117    -1.71999904    1.75762893
7670    1.60064219    -0.90160314    0.43334908
7680    -2.34652679    -2.18098602    1.40947780
7690    -0.13763391    -1.76326636    2.64532456
7700    1.16208061    -2.14774058    3.03570397
7710    0.46692769    -0.77629415    0.52615096
7720    0.62372895    -1.71667078    1.22147806
7730    2.80595762    -1.14684941    0.98267960
7740    0.70574015    -1.48834876    1.32991755
7750    -1.58918466    -0.41003913    -2.16503725
7760    2.90275085    -1.53883471    2.40632845
7770    -0.01134052    -1.50560657    2.20755173
7780    1.98308869    -1.09907445    1.65140010
7790    -1.51589006    -1.64206089    1.30178755
7800    -3.60586632    -0.85949871    -0.36951827
7810    3.92118804    -0.44596531    0.19947760
7820    5.42657493    -0.70648265    0.57545595
7830    2.55863262    -0.71548979    0.67809337
7840    2.28180002    -0.77120777    0.34058831
7850    0.91938823    -1.22457574    1.91911312
7860    2.47733746    -0.84976984    0.43099780
7870    2.87306653    -0.63713160    0.44429979
7880    1.44139865    -1.20150144    2.11526671
7890    1.13793945    -1.04233555    0.83829010
7900    2.09555065    -1.38963074    2.12936250
7910    0.40384878    -1.18937467    2.10707110
7920    1.19821219    -1.57575847    4.73675754
7930    2.89762550    -0.56098913    0.77982062
7940    1.04462177    -1.63094109    3.83539342
7950    2.23710063    -1.18013058    3.04683074
7960    2.19918429    -1.29785236    1.68054560
7970    2.05566405    -1.30406610    2.46589272
7980    2.03813907    -1.32363691    2.10176610
7990    1.91674560    -1.14740085    1.42792219
8000    3.07133339    -1.21199226    0.93882219
8010    1.11213256    -1.54323194    2.17864548
8020    2.88244862    -1.04232854    2.45133160
8030    -0.21532288    -1.80776196    0.75401741
8040    1.88297741    -1.32834505    1.84457157
8050    2.03123870    -1.60702265    1.51362004
8060    1.42511514    -0.94458327    1.43541019
8070    1.44951116    -1.20268465    1.48646090
8080    2.16436979    -0.64031418    1.10047937
8090    3.51857370    -0.63271196    -0.27837729
8100    2.89356661    -0.40099813    0.45892151
8110    3.92169837    -0.01476504    2.24199406
8120    0.89271406    -0.42337910    0.75244451
8130    2.19370519    0.00201203    1.25261321
8140    1.92743522    -0.17980245    1.27600910
8150    1.71542690    -0.32745377    2.00054351
8160    -0.05712595    -0.36295067    1.32163585
8170    2.78789789    -0.20502335    1.19710975
8180    -0.38262388    -0.55737417    0.92233512
8190    0.11095227    -0.52934683    1.24812632
8200    1.56768065    -0.42931581    0.04009294
8210    -1.21998306    -0.83774861    1.43717487
8220    -4.72122176    -1.54621632    0.20276660
8230    -0.57289485    -0.56515477    0.88927479
8240    0.34758633    -0.48693421    1.35161235
8250    2.27352330    -0.50531817    2.30579893
8260    -0.13760654    -0.90227818    0.72352528
8270    2.79570059    -0.47946001    1.29512995
8280    1.61126780    -0.77404693    1.29331987
8290    2.83793757    -0.63580390    0.27909722
8300    3.29782167    -0.24105771    0.78623381
8310    0.73257980    -0.77685425    1.20773726
8320    3.25880065    -0.07722082    2.89599598
8330    0.49829627    -0.89280891    0.92893918
8340    2.30660270    -0.03430684    -0.54963894
8350    1.37952658    -0.04827989    1.78024228
8360    3.34748860    0.38692201    2.56442149
8370    1.12068047    0.01242356    -0.78619127
8380    -0.45308796    -0.40316053    1.58450117
8390    1.67373339    0.42662716    -0.44408725
8400    1.28840678    -0.00165741    1.87398242
8410    -0.57860407    -0.07884475    1.85307592
8420    1.30167155    -0.05021526    2.36576036
8430    1.27602929    -0.10050196    0.39612252
8440    0.86630101    -0.84171378    0.97227885
8450    1.50879894    -0.69919987    -1.82783612
8460    1.87960125    -0.36589219    2.73021767
8470    -0.76620711    -1.52431555    -1.85545105
8480    -2.46487260    -2.32091684    -0.05519035
8490    0.75457503    -1.18915605    0.63049800
8500    -1.72180085    -1.92736852    1.40278343
8510    2.04594274    -0.84149399    2.58518797
8520    1.57949243    -0.79678211    1.25952472
8530    -2.59641551    -2.35679577    0.54358478
8540    3.18354820    -0.26033230    1.08696941
8550    0.25505023    -1.71385312    -2.44032437
8560    -1.88351648    -1.88673490    0.58578318
8570    2.63584830    -0.37868533    0.81783553
8580    1.66697320    -0.39695776    0.88713927
8590    1.84566091    -0.32267631    3.04186322
8600    -1.48144169    -1.25511702    -0.73978433
8610    -1.04129138    -1.24615729    -1.32119407
8620    1.90960890    0.00480382    0.21460693
8630    1.55476415    0.00782471    -0.42556044
8640    0.74998308    -0.12398103    -0.49986404
8650    2.60785324    0.83457537    0.39523379
8660    0.51516491    0.04679759    1.23697260
8670    1.01961909    0.20013385    -2.80829134
8680    1.67914117    0.36201203    -2.59879643
8690    -1.06526925    -0.57055384    0.02741478
8700    2.74598816    0.23390481    -2.71896092
8710    3.93407427    1.14403456    0.28606777
8720    -0.46340271    -1.14947700    -1.89985422
8730    3.87984032    0.22202226    -1.20732836
8740    2.06091761    0.28747507    -0.08248705
8750    2.89215853    1.13148207    1.98107998
8760    1.58651946    -0.04894566    -0.56900752
8770    0.77239467    -0.60772173    -1.25510815
8780    -1.88786571    -1.35530132    0.45593302
8790    2.84366108    0.75143809    0.79763275
8800    -0.73292508    -0.63700340    0.74893051
8810    2.62259429    0.53305901    -0.47073537
8820    0.42374177    0.26758712    2.45319167
8830    1.06746353    0.05665925    2.27607330
8840    1.83458128    0.49713914    1.56900086
8850    3.40033873    1.07709084    2.57773675
8860    1.88866475    0.54593909    1.93973786
8870    2.25441940    0.53328636    1.59373712
8880    3.30253135    0.96683878    0.47397800
8890    1.68417827    0.03121731    0.74066738
8900    2.54141564    0.14530716    -0.13440707
8910    2.67509157    0.94867885    0.26374929
8920    -0.63548929    -0.85736743    0.26749079
8930    1.36737931    -0.67349186    -1.27346912
8940    -1.17392501    -1.84205263    -0.36456124
8950    0.23112442    -0.38650924    1.68532716
8960    -0.22474491    -1.03411770    0.87325979
8970    -0.33299611    -0.87273126    0.97930314
8980    3.24632898    0.08137437    -2.30607533
8990    -0.56411585    -1.40929685    -0.33172252
9000    -0.33736249    -0.54186256    2.28986065
9010    0.31032235    -0.94817601    0.85788636
9020    -1.42772715    -1.01998554    1.14210292
9030    0.54066008    0.10830455    2.01522080
9040    2.28261886    1.27573406    1.45638351
9050    1.59078122    1.21863607    2.25951271
9060    0.92638288    0.50099348    0.88849459
9070    2.95848960    1.50733827    1.04798083
9080    2.88118548    1.99799825    2.09512168
9090    0.29888259    0.79032795    2.45854801
9100    -0.92992099    -1.16880545    0.14571359
9110    0.84533958    0.40526883    1.69588638
9120    1.16783767    0.32805218    -0.66947232
9130    0.71610387    0.01107280    0.79159353
9140    -0.66946584    -0.33016154    1.32300448
9150    2.35855998    1.19289308    0.58768675
9160    0.87286350    -0.31005850    -1.54231656
9170    2.41448750    0.10458314    -2.55488743
9180    1.98670834    0.34867754    0.05584204
9190    2.62847412    1.20962677    1.41537973
9200    0.91189363    -0.12752457    -0.30661270
9210    2.43228918    0.42264387    -0.70567748
9220    1.52046792    -0.25871366    -2.36252960
9230    1.17024435    -0.23032456    -0.98692025
9240    1.37945471    -0.05326260    -0.43175559
9250    -1.29260599    -0.86608558    2.24694978
9260    -0.51588311    -1.14819041    0.74737476
9270    1.49522879    0.33615942    1.10601912
9280    2.31268629    0.28305149    0.24741111
9290    1.60439388    1.02595606    2.53624879
9300    -0.79555468    -1.09921415    1.63495883
9310    1.64421923    0.66594940    1.31309935
9320    0.79426404    -0.05550112    0.36765112
9330    2.46670306    1.12940970    1.13174315
9340    1.55234389    0.61624948    1.31221871
9350    1.52480772    0.76258637    1.13655932
9360    -0.08534020    -1.31086138    -1.73968886
9370    -2.89042669    -1.99762237    0.40072233
9380    -0.96571073    -1.83168800    -1.66221998
9390    2.32884046    0.52121452    -0.41237784
9400    1.76735789    0.75345579    0.43608655
9410    1.18779595    0.19349640    0.03776866
9420    0.13214610    -2.04308298    -2.41351184
9430    3.00891212    1.58548943    -0.25833274
9440    1.70486414    0.71706460    -0.15171466
9450    2.55583938    0.88536134    -1.06271192
9460    1.16080373    0.20420398    0.30674092
9470    -1.54220676    -2.04671981    -1.11912677
9480    1.87554505    0.10378183    -0.89802041
9490    2.14530922    1.56887171    1.82937078
9500    1.12735099    0.42135671    1.30733994
9510    -1.88367521    -1.06375051    1.39012006
9520    3.33543839    0.19176215    -1.69381508
9530    0.41350747    -1.31217772    -1.13906151
9540    2.04111551    0.96244879    0.80486689
9550    0.46462293    -0.72165854    -0.91401434
9560    -1.08796786    -0.52996432    0.71106264
9570    1.33948453    0.92749894    0.89642762
9580    1.84472707    1.62722953    0.89520467
9590    1.39729708    0.96201667    0.01424776
9600    -0.30950652    0.98801366    1.47879759
9610    1.65109214    2.44421304    1.43972356
9620    1.90974158    1.34673010    0.06258553
9630    1.18112787    0.09088461    -1.01846918
9640    -2.08862447    -0.49867890    1.85069230
9650    1.12412682    0.54163604    0.04310300
9660    0.69794286    -0.44556223    -0.43812056
9670    -0.24440758    -0.32124925    0.43595067
9680    2.31501592    1.69461275    -0.03057404
9690    1.16474784    -0.45002033    -0.43954918
9700    -0.15347225    -0.86510001    0.00509026
9710    2.00460298    1.13484251    -0.13524681
9720    0.00481770    -0.54624249    -0.13378362
9730    2.29173822    -0.17725610    -0.77828665
9740    2.43411106    1.35326849    0.78711049
9750    0.45357388    -2.09167153    -1.10154041
9760    2.42911986    0.46210842    -0.17996871
9770    1.17191480    -1.04034210    -0.21296917
9780    2.36126253    1.42825269    0.38854793
9790    -1.83069997    -1.97873129    0.49005449
9800    -1.42175783    -0.59644500    1.69612382
9810    2.69184000    1.49521241    -0.42926431
9820    2.00690004    0.60177213    -0.33104987
9830    -0.40261014    1.11308306    1.34081348
9840    -0.47184112    -0.34735485    -0.00526067
9850    1.35005423    1.06528343    -0.01857592
9860    2.50068930    2.67145140    0.13753738
9870    -1.14541887    0.00117565    0.48036057
9880    -0.29104618    0.15615134    -0.27330729
9890    2.00100621    -0.51428422    -1.70571913
9900    0.02715015    1.19713741    0.80595927
9910    1.85912994    1.35173233    -0.36542449
9920    -0.34616326    1.05568873    1.05361280
9930    1.48277780    -0.17788216    -0.65059626
9940    3.66350607    2.40279773    0.03182459
9950    -0.18008251    -1.46235395    0.09495693
9960    4.63977726    -0.25231470    -1.67350618
9970    2.17344497    0.96561846    0.78173022
9980    3.01856372    0.89207264    -0.10227335
9990    1.24532154    -1.28238556    -0.65497510
10000    1.55104628    1.60640686    0.72007195
10010    2.96149398    0.05456736    -1.02879624
10020    -0.77686488    -1.37037397    0.55330024
10030    0.63869076    1.87735186    1.61852242
10040    2.54965790    0.59333440    -1.07259667
10050    1.75637871    -0.36167544    -1.22948318
10060    0.50487513    0.75242336    0.36435124
10070    -1.36977496    0.01945477    0.73971718
10080    0.40750897    0.62104163    -0.20201892
10090    2.08756279    1.72358523    -1.11300448
10100    0.71571818    -0.79861133    -1.75538570
10110    1.23408694    0.57087105    -1.49273483
10120    1.31697684    -0.23959417    -1.50949067
10130    1.42127881    1.42772708    -0.55882174
10140    -0.94232252    -0.61204798    -0.19572599
10150    1.07935683    1.97138134    -0.20252899
10160    0.60044492    -0.30919796    -1.20002942
10170    -1.49065950    0.28064910    1.39442244
10180    -1.86495134    -1.97077072    0.64149199
10190    -1.65316734    -0.98215647    1.48851236
10200    -0.63083949    0.62281012    1.67116947
10210    1.09673701    -0.13428001    0.48355727
10220    1.21205209    -0.59606275    0.11062461
10230    -1.52876145    -3.26602811    0.67632056
10240    1.05840952    0.58954044    1.26115300
10250    3.67804774    0.78207412    -0.50402789
10260    2.02865313    0.72848256    1.17292998
10270    3.43453575    0.15544511    -1.09158588
10280    -0.83394070    -1.34104700    1.95182735
10290    3.14225017    2.59604234    0.62325108
10300    -1.38266143    -1.41890196    1.72054164
10310    2.07219744    1.91529030    0.10154887
10320    0.26449424    -2.47049744    -1.29143696
10330    1.51279822    1.20991337    -0.29505165
10340    0.57181539    0.07297286    -0.23841070
10350    2.47427865    0.82768748    -1.85743547
10360    1.44918677    2.87457971    0.51622331
10370    2.03289612    2.63256236    -0.17420073
10380    1.91084946    1.41315408    -0.80834116
10390    1.94263885    2.27519209    -0.59246701
10400    1.79671834    1.12976513    -1.50404463
10410    2.29176247    2.48146319    -0.73396699
10420    3.54255984    1.85076714    -1.85657863
10430    -0.14780289    -0.78582129    0.35174768
10440    0.45240610    -0.65940121    0.24782185
10450    1.53120809    -0.39566484    -0.85177840
10460    -0.74756365    -1.00425950    1.54701854
10470    -0.61640031    -2.12348666    0.56461978
10480    2.49256214    0.81707654    -0.52709001
10490    2.20939388    1.81588128    0.51650508
10500    4.34581238    0.98821376    -2.25925147
10510    0.06411004    -1.81064846    0.24537870
10520    1.97703689    -0.81435157    -0.92745671
10530    -1.97370997    -1.12469262    2.17661966
10540    0.80069067    -0.02534125    -0.17784223
10550    -0.14342368    0.21183372    0.63766853
10560    0.78226874    0.40784814    -0.37815648
10570    2.01799786    0.05835664    -1.73996024
10580    -0.51610333    0.33885712    0.27207338
10590    0.14262315    1.05532946    0.11254627
10600    1.28177736    0.59482074    -1.40424217
10610    1.53658200    0.91140573    -1.66082784
10620    1.36493979    2.90334290    -0.61131084
10630    -0.37259073    -0.48873820    -0.22593436
10640    0.89785957    1.24387050    -1.01990195
10650    -0.19951887    -0.42442385    -0.46010716
10660    -0.17742335    0.34357006    -0.16726888
10670    -0.60105148    -0.42054974    0.27943838
10680    -0.22840826    -0.71728732    0.17058379
10690    -1.42618353    -1.83246267    1.08885582
10700    -0.98924239    -1.34621437    0.84748636
10710    1.28229466    1.01382182    -0.07852057
10720    0.95475767    1.04968654    0.23010238
10730    1.73802274    1.12317607    -0.83843838
10740    1.11142838    -0.15205193    -0.14585505
10750    2.05846658    1.30652436    -0.46587119
10760    2.96757056    1.99155528    -1.50453906
10770    0.34049585    0.12441666    -0.65508531
10780    1.02189306    1.26287316    -0.51603685
10790    2.26519901    2.79885701    -1.95158194
10800    1.37695156    1.45203834    -1.00038468
10810    -1.45616109    -1.71198135    0.77541853
10820    0.92154281    2.35902197    -0.36111488
10830    -1.96612531    -0.40498080    1.16786565
10840    1.82028685    3.00206627    -1.54902709
10850    1.15786051    2.27007997    -1.79799945
10860    0.08377695    -1.09641914    -1.34723117
10870    -0.74223419    -0.10541614    0.39156244
10880    -1.70708187    -1.71739824    1.42204280
10890    -0.96403860    0.66597030    0.74529602
10900    1.27378817    -0.02621851    -1.87492318
10910    1.63584644    -0.12736724    -1.47937687
10920    1.37330528    1.13881010    -1.47103459
10930    0.73403024    0.86857352    -0.17629441
10940    0.10733467    -1.23807580    0.16086032
10950    0.72752771    0.58051300    -0.87938486
10960    2.43011547    1.45363809    -1.57462499
10970    1.38419010    -0.71415145    -0.97258271
10980    1.95581659    2.66238023    -1.26912728
10990    3.00649888    1.68061227    -2.72917830
11000    2.11237371    2.46271374    -2.33506331
11010    1.45609366    2.85399923    -2.05481328
11020    0.89840130    2.12782914    -1.48870576
11030    -0.65715647    -0.21584042    -0.50618377
11040    -0.81862691    1.28455489    0.02794465
11050    -3.12534507    -5.06181838    1.30076223
11060    0.80783565    -1.07912846    -2.84627657
11070    -0.31251113    -0.84393914    -1.21997006
11080    -2.49296801    -0.62427616    0.60913373
11090    0.58908883    0.96655439    -2.29603399
11100    0.05245354    0.37243785    -1.62403981
11110    0.42035603    1.20304834    -1.84664060
11120    -0.92556085    -2.15553875    0.01930152
11130    0.97797705    0.08292344    -2.42141045
11140    -0.13362010    2.18805599    -0.62787014
11150    1.42532489    2.82279925    -2.02079166
11160    1.36394153    0.83842028    -2.06379721
11170    1.53822614    3.43370514    -1.45651316
11180    0.04000342    -0.57966851    0.84987926
11190    1.81186970    1.77442503    -1.98775478
11200    0.25015947    -3.56297843    -0.01580801
11210    1.51427199    1.15261214    -1.40711481
11220    1.63464882    0.50353749    -0.81456885
11230    -0.23876045    -2.98360716    0.64366558
11240    0.32564988    -1.60005144    0.22146755
11250    0.93686461    1.52787794    -1.45746152
11260    1.27973190    -1.29844520    -2.25914563
11270    1.11498450    2.02454993    -1.42844284
11280    1.10286159    2.59427798    -2.24313116
11290    0.53114114    1.36389506    -1.64711709
11300    -0.51949256    -2.03313124    0.15892565
11310    0.80550474    0.60229966    -2.26781324
11320    -1.82813422    -3.31016178    1.47574083
11330    -2.56769168    -0.36857305    2.27753516
11340    0.45899543    2.71475843    -1.11586728
11350    -0.04922781    0.81759786    -1.26803965
11360    -0.47996520    0.97665528    -0.83091136
11370    0.62568986    0.41057195    -2.25371463
11380    0.95879952    2.14210994    -2.31888312
11390    -0.56374624    0.68909024    -0.05159169
11400    0.17396914    0.81005935    -0.27810022
11410    1.31238346    -0.89377421    -2.70447483
11420    0.37220392    -0.56178152    -0.42841327
11430    0.36444322    -0.76834412    -0.87355507
11440    1.13237628    0.16319319    -1.29967359
11450    -0.02692188    -0.41920466    -0.58871687
11460    1.64445733    -1.45065539    -2.98637545
11470    0.06696126    0.52502939    -1.04794439
11480    -0.02931710    2.04681764    -0.86048144
11490    -0.76610258    1.10610040    -0.84126423
11500    -0.16336583    1.26763806    -1.09209004
11510    -1.22857237    0.17012123    0.42924504
11520    -0.48487578    1.70922542    -0.08232093
11530    -0.24791024    0.85223080    -0.62890429
11540    0.09390429    3.00748424    -0.64269333
11550    0.25480166    1.91898070    -1.53399889
11560    0.26945291    -0.53798652    -1.49955985
11570    0.08683129    1.27196563    -1.20740043
11580    -0.07605366    3.01481050    0.06463798
11590    0.52527875    2.30413272    -0.46663305
11600    -0.24302740    1.01529923    1.05299244
11610    0.33176138    1.11624069    -1.48567635
11620    -0.50078435    0.49511480    -0.17993948
11630    -0.23819897    1.11425355    -1.04484920
11640    0.04002635    -1.20162106    -0.70217218
11650    1.50926031    -0.22263403    -3.38321621
11660    0.89727506    -0.82905324    -1.63076894
11670    0.04200872    -0.23011599    0.07810114
11680    1.34532926    -0.96856988    -2.50816019
11690    1.02962476    -1.89002959    -2.20481454
11700    1.51941262    -0.24970039    -3.60810932
11710    1.45704194    1.08578886    -2.88850687
11720    1.25856949    -0.79153078    -2.61432322
11730    0.58776007    -0.59243504    -1.18698813
11740    1.57682844    0.09570492    -4.32140889
11750    0.65004571    2.61930762    -2.10922990
11760    0.03310520    1.60074021    -1.58727286
11770    -0.81519829    0.79877570    -0.55395844
11780    -0.45832601    1.98923962    -0.59985342
11790    -1.16412871    1.85570723    -0.21170566
11800    -0.86705368    0.21113452    -0.78801993
11810    -0.98524107    0.89203228    0.01179321
11820    -0.60438382    2.34460106    -0.80343401
11830    -0.99040482    0.34476130    0.32456880
11840    -0.19136924    0.84535536    -1.07696489
11850    0.08014698    1.62851193    -0.67520822
11860    -0.05935682    1.88307403    -0.70238257
11870    0.50488535    0.40125588    -2.00374947
11880    1.00908659    -0.22311945    -3.02075468
11890    0.59491070    0.90545839    -0.89795091
11900    -0.08119031    -2.60945147    0.07628478
11910    1.43647538    2.18806279    -1.65128163
11920    1.06603717    1.05944372    -1.44923947
11930    0.78216544    1.05362287    -0.98345993
11940    0.99984724    0.85857981    -1.16920911
11950    1.25035261    0.34142773    -2.28230278
11960    0.47863968    -0.46938567    -0.31084341
11970    0.28215610    -0.32068005    -1.05428195
11980    0.81500937    0.21966041    -1.60376732
11990    1.21226592    -0.77874068    -3.98945835
12000    0.28649717    -0.53851425    0.21331553
12010    1.58268880    0.96968970    -3.79045350
12020    1.00027219    -1.11593127    -2.15268462
12030    0.77654626    0.35732893    -1.70811319
12040    1.55487881    0.77398089    -3.69194966
12050    0.56095777    -0.54138733    -0.82051391
12060    1.15055538    -1.37253506    -3.17478965
12070    1.02954697    -0.99705792    -1.48125601
12080    0.41164882    -1.59106262    1.56244804
12090    0.96920051    -0.22951281    -0.85435797
12100    1.12113440    1.01396491    0.78726509
12110    0.91388878    -1.20816925    0.87662597
12120    1.38400718    0.20575197    -1.18100068
12130    1.49073510    -0.04048224    -1.38123268
12140    1.14596610    -0.21678352    -0.07826705
12150    2.12248569    -0.59051733    -4.76245862
12160    2.18698820    0.31298110    -3.16235225
12170    1.36542627    -0.52072074    -0.46706553
12180    2.21818776    0.20786751    -3.60448700
12190    0.02261475    -2.74346517    1.81755760
12200    2.47424678    3.30656436    -2.51690281
12210    1.01219080    1.31102002    0.38964380
12220    0.25047728    -0.69258129    1.55579268
12230    1.53003875    1.70690515    -2.90488205
12240    1.28773176    0.78974555    -3.21880660
12250    1.04588879    0.94953032    -1.42367777
12260    1.08171555    -0.08505189    -2.33249771
12270    1.30771355    0.89825157    -2.90505019
12280    0.61668583    0.38708888    0.59410837
12290    1.40302550    1.45361817    -3.70115603
12300    0.99239030    0.85625807    -2.93376117
12310    0.99382711    2.00109590    -0.24256435
12320    0.38871576    -0.83357164    -0.45315967
12330    0.33329846    -1.82688161    -0.57529113
12340    1.20608311    -0.26859092    -4.18963818
12350    1.43394681    0.62580149    -2.55117357
12360    0.42464521    -2.08110301    -2.71129122
12370    0.54962311    -2.16964686    -3.54650453
12380    -0.22170216    -2.19519117    1.42444600
12390    1.24122140    0.81838289    -3.11854860
12400    1.04104232    -0.23033557    -2.61414372
12410    1.28523138    0.80255797    -2.11349545
12420    1.20338778    0.83884692    -2.93855037
12430    1.07900271    0.47394043    -1.38468756
12440    0.62959925    -0.65451505    0.16113370
12450    0.93668363    0.10991048    -2.52915167
12460    0.87200550    -0.28070866    -2.81939885
12470    0.47158234    -0.74818818    -1.75884132
12480    0.61812602    0.51569073    -0.35790442
12490    1.13298402    0.01911151    -4.94442930
12500    0.30339308    -0.97265746    1.05104693
12510    0.24786405    -1.36056976    -0.02217475
12520    0.82735737    0.30959164    -0.34942194
12530    0.74082118    -0.27381636    0.07678223
12540    0.79471858    -0.96134745    -0.10841875
12550    1.02339982    -1.13625356    -2.39720501
12560    1.14682833    -0.04687786    -0.72841202
12570    1.31037758    0.57013933    -2.30735352
12580    0.62484210    -2.90845425    0.54316783
12590    1.40239991    -0.74442038    -2.20421061
12600    0.95560796    -0.39972363    -1.55282031
12610    0.96142970    -1.25422620    -0.84684574
12620    0.54065536    -1.12791252    -0.87098368
12630    0.64817339    -0.14871841    -0.56200827
12640    0.37129133    -0.99153081    -1.27553787
12650    0.13439172    -1.03953880    1.19922217
12660    0.50246629    0.46392591    -1.51563187
12670    0.23160820    -0.63164227    0.05917203
12680    0.66707418    0.65474395    -1.57834092
12690    -0.01496111    -1.24708724    -0.44122130
12700    0.34853380    -0.37497978    -2.38745307
12710    0.03544894    -0.76842941    -0.95470368
12720    0.43102802    0.16557398    -2.90049203
12730    0.05820629    -1.35931948    -0.85840038
12740    0.06479280    -0.61244861    3.04501286
12750    0.01055904    -2.48347102    -2.82562557
12760    -0.00348931    -2.61332254    -0.38767868
12770    0.24423879    1.06160499    -1.25683651
12780    0.41982844    -0.10136623    0.97543018
12790    0.12674466    -0.53980569    -1.83925385
12800    0.13497587    -1.36207251    1.65937188
12810    0.43494232    -0.69487106    0.51937658
12820    0.52855364    -0.66844121    3.07505707
12830    0.47706782    -2.76820009    -1.17883117
12840    0.56250381    -1.55017767    1.02396890
12850    0.52299845    -0.79271279    -2.29778828
12860    0.46255597    0.40777909    1.17692300
12870    0.47473207    0.49337300    -0.13934497
12880    -0.02957092    -1.28305836    -3.53544357
12890    0.11415503    -0.56065780    -0.88165711
12900    -0.07246360    -3.87122850    -0.68161919
12910    -0.07928768    -0.76796376    -1.07138463
12920    -0.27334730    -0.32887737    -2.11402065
12930    -0.08142348    -0.95001346    0.34679652
12940    -0.69922405    -1.22034055    -3.31412753
12950    -0.67593453    -3.27183021    -2.82164529
12960    -0.81388183    -0.84533824    -3.88323426
12970    -0.53304612    0.88686167    -0.89959120
12980    -0.91874784    -0.75526349    -1.81032299
12990    -0.76149999    0.64436100    -2.12550135
13000    -1.01293816    -1.00405610    -3.79888368
13010    -0.49074918    2.11093519    -2.04086824
13020    -0.77815442    0.32035429    -1.95254932
13030    -0.45961592    -0.28686706    0.03569169
13040    -0.10210397    1.48875084    0.19060999
13050    -0.82190981    -1.55816202    -3.04974798
13060    0.28241635    0.18444653    1.01857658
13070    -0.20401980    -0.75014179    -0.01136420
13080    -0.45068376    2.02825338    -2.96940310
13090    0.11605038    -0.94436141    1.06381819
13100    0.41524938    1.80418022    -0.38272261
13110    0.19857766    -0.70552510    -1.96430623
13120    0.15460932    2.03565688    -1.75171570
13130    -0.43321010    0.90410354    -3.23076486
13140    -0.01902968    1.37980398    -1.15700666
13150    0.78074215    -0.43792757    0.97270870
13160    -0.27834173    -2.98077050    -0.72493729
13170    0.56667027    1.60898198    1.16881879
13180    -0.51987889    1.36406153    -1.37008934
13190    -0.55362602    -0.75723988    -1.57405418
13200    0.12368351    -1.03104360    0.70017967
13210    -1.05173749    -1.91325162    -3.81394916
13220    -0.55466593    -0.02671821    -1.26407995
13230    -0.77200245    -2.28253469    -1.07164518
13240    -0.35431488    0.29680676    0.25993736
13250    -0.41317019    -0.42092052    0.55233016
13260    0.04476442    0.10916934    0.92969956
13270    0.35196808    -0.16113831    1.85242887
13280    -0.27899231    -0.39963127    -1.57429984
13290    -0.90996550    0.15218171    -4.37169176
13300    -0.08574629    -0.49479592    -1.27195398
13310    0.16978826    -2.29512963    0.38590296
13320    -0.19653698    -2.98322027    -2.64012536
13330    -0.11625536    0.33081386    -2.16867011
13340    0.55259968    0.26911778    -0.09938851
13350    0.26455130    0.73503175    -0.52686652
13360    -0.89656119    -0.84608601    -2.69903497
13370    -0.97523996    0.28034698    -2.94284139
13380    -0.58774834    0.12152729    -1.89836514
13390    -0.96810492    -0.91038323    -3.04156583
13400    -0.14346132    1.48081312    -1.54598948
13410    -0.60032374    0.58436676    -1.88757867
13420    -0.70254266    0.60616061    -1.71193413
13430    -0.78680317    -1.06293999    -0.85197015
13440    -0.00131768    1.12885725    -1.43630579
13450    0.31133896    1.12371113    -0.65235015
13460    0.12532072    0.70091167    -2.07501603
13470    0.25575353    1.93263978    -2.25548893
13480    0.01155846    -0.44258126    0.01406336
13490    -0.22019884    0.51643978    -2.16326486
13500    -0.51835698    0.18748197    -2.59838487
13510    -0.13502104    -0.38189020    -1.87359858
13520    0.34256564    0.46467349    -0.78571741
13530    0.53133153    -1.64268691    2.10310142
13540    0.21584360    -0.71441203    0.56370036
13550    -0.14438976    -0.05076099    -2.03848815
13560    -0.21568351    -0.13926599    -2.37645394
13570    -0.07990346    -1.11152350    -1.32091813
13580    0.37418867    -0.96256123    0.52552813
13590    -0.18376017    0.43296696    -2.53487691
13600    1.37786520    -1.06763923    2.87235490
13610    0.70998904    1.94835232    -2.22693489
13620    1.00386110    -0.58804053    1.03742611
13630    0.49515448    0.96298731    -1.43469039
13640    0.20433899    0.52438432    -1.32401178
13650    -0.37452230    -1.14144158    -0.07006340
13660    0.47059829    0.72842355    -0.93448164
13670    1.48897851    1.47784241    0.35324825
13680    -0.22509873    -0.40083440    -2.41053559
13690    -0.04709441    -0.91646060    0.46638490
13700    -0.31937381    0.57787319    -2.24388154
13710    -1.27958814    0.52277563    -3.34401705
13720    -0.88612901    -1.62574241    -1.31692311
13730    -1.00893726    -2.23188800    -0.17585217
13740    0.43738161    0.65821755    0.22175772
13750    -0.40083208    0.50615592    -2.24180829
13760    -2.54820589    -3.52034005    -3.54269685
13770    0.33628380    0.05734827    -1.09403271
13780    0.32080326    -2.80188143    2.77522202
13790    0.31967402    0.60714552    -2.66172860
13800    -0.72905471    -2.41546071    -1.51555670
13810    1.27682091    0.01446940    -0.65600788
13820    0.15783058    -1.42175617    -1.17999437
13830    -1.41532471    -3.23617743    -4.22490959
13840    2.23446732    0.07893526    1.38795346
13850    0.51042968    0.60038471    -2.63913697
13860    0.81451124    0.08627426    -1.38720338
13870    -0.70274325    -0.31111972    -3.27544757
13880    -0.95771620    -1.07157749    -3.57535126
13890    -0.77070419    -1.11978473    -2.58927632
13900    -1.40683424    -0.98402204    -3.26622878
13910    -0.32436121    -1.93744466    0.60429934
13920    -0.92301364    -1.24685205    -1.23538656
13930    -1.31010818    -3.48400005    0.05073585
13940    0.30710428    -0.14332675    -0.66852837
13950    -1.50236322    -0.84281807    -4.51564148
13960    -0.20793840    0.09573028    -2.28752076
13970    0.68103600    0.45586838    0.58233044
13980    -0.62006165    0.79603561    -2.84213824
13990    1.57235203    -0.33535550    3.07386139
14000    -0.67633722    0.46936558    -3.40650954
14010    2.16499321    0.44434550    3.66442558
14020    0.76287446    0.40986232    0.21030573
14030    2.63356934    1.03484023    3.03542334
14040    -0.19940456    0.94639298    -4.17549428
14050    0.07433781    0.04351844    -3.84048473
14060    -0.47884928    -2.03642946    -2.09048098
14070    0.93394523    -1.10916493    0.58210324
14080    -0.18449758    -0.46919113    -2.31089415
14090    -0.72660800    -0.79769868    -3.62760741
14100    0.22418342    -1.10579999    -1.22460344
14110    -0.88959966    -3.04873791    -1.97279843
14120    -0.33230261    -2.07397791    -0.65068434
14130    -1.44513530    -2.26072441    -2.80976404
14140    -1.48177196    -1.38496796    -2.74539072
14150    -0.62745684    -1.26822950    -1.55463529
14160    0.46177509    -1.10561375    0.69532390
14170    -0.28291577    -1.29447342    -0.23284010
14180    -1.31203714    -0.75181972    -2.73267636
14190    -1.82798549    -1.04230603    -2.66902117
14200    -2.01901428    -1.55192781    -3.08730339
14210    -0.38594622    0.77015478    -2.01022229
14220    -0.77882912    -2.37939284    0.12226769
14230    -1.26051393    0.35588014    -3.12340357
14240    -0.62984530    -1.31878490    -0.87980889
14250    1.22928383    -2.07499404    3.80044311
14260    0.20929922    -1.62341537    0.96786276
14270    -0.44178326    -1.88578806    -1.34709475
14280    0.25287398    -2.32771887    -0.22632213
14290    -0.14441542    -0.34354318    -2.32962549
14300    0.46664368    -1.31715870    -0.07246766
14310    -0.11722339    -0.15836868    -2.01433700
14320    -0.16367741    -1.96236795    0.24269124
14330    0.10620559    -2.44902908    1.20346513
14340    -0.69242231    -0.23547480    -2.14235728
14350    -1.18632862    -1.75954202    -2.73042081
14360    -0.17248669    -0.70942047    -0.96181679
14370    -1.30259426    -1.73919990    -1.81808044
14380    -1.36151935    -0.19712343    -3.26134108
14390    -0.29586543    -0.69493638    -0.93969116
14400    0.98426021    -1.45622450    1.96872278
14410    -1.02346646    0.38117328    -3.63116227
14420    -0.74820306    -0.72166442    -1.63233519
14430    -1.69857280    -1.33641015    -3.00404597
14440    -0.88432173    -2.16605295    -0.73513564
14450    -0.70002192    0.79075605    -2.96088382
14460    -0.88792940    -1.40731024    -2.01599189
14470    -0.83258988    0.48919150    -3.31481219
14480    -0.36717824    0.06434230    -2.43561422
14490    0.51570611    -0.07874335    0.44986563
14500    -0.30205733    0.45463973    -1.65552018
14510    -0.19201282    0.55679565    -0.95164209
14520    -0.99224435    -2.95912311    -0.66558400
14530    0.73041891    -1.25925126    1.32567508
14540    -0.50853083    -1.30843202    -0.97393256
14550    -0.98304400    -1.55636683    -1.94364634
14560    -1.96600840    -2.96400869    -2.39333233
14570    1.00811632    -1.40856425    1.30735904
14580    1.37782264    -2.61488041    2.68569445
14590    0.80928396    -0.50890412    -0.40340437
14600    -1.36725552    -1.14510137    -3.83355844
14610    -1.14688276    -2.55634951    -3.05562593
14620    -0.06034906    -1.50763971    -0.62934073
14630    -0.14856172    -1.17735498    -1.94081111
14640    0.73496523    0.03458503    -1.59986036
14650    -0.56017072    -0.51667119    -3.42164537
14660    -0.33843397    -1.04159963    -2.16206403
14670    -0.40512204    -0.98730947    -1.61804561
14680    -0.13345159    -0.97297830    -1.08849445
14690    0.40042509    -0.90502298    -0.15282782
14700    -0.69948697    -0.81620538    -2.17417876
14710    0.47789287    -0.27455639    -0.05319896
14720    -0.65551668    -0.60303159    -1.93638640
14730    -0.36987656    -0.30721423    -1.22071210
14740    -0.15431791    -2.73997555    0.21820515
14750    -1.23013406    -3.31833546    -1.57212216
14760    -0.12297858    -1.34128105    -0.31637193
14770    -1.14433252    -0.88149575    -1.93626618
14780    0.91889822    -1.19349173    1.40756933
14790    -1.29912834    -2.26380537    -1.79577351
14800    -1.41061248    -0.95973115    -3.01237263
14810    -1.12755480    -2.69064960    -1.87529434
14820    -0.76335213    -1.91258139    -2.05368590
14830    1.21771772    -1.29036389    1.11159023
14840    -1.91995420    -2.19934898    -4.09820832
14850    -0.72574920    -1.95592435    -2.73712844
14860    -1.88342469    -2.07152085    -4.18052946
14870    -0.95634341    -2.26609964    -2.70450207
14880    -1.22008087    -1.04103703    -2.42222612
14890    -1.94919477    -1.01280091    -3.84954929
14900    -0.99261651    -2.91138261    -1.35569976
14910    -0.71012427    -1.81413465    -1.26467494
14920    -0.57141822    -2.42582514    -0.78637288
14930    -0.61599074    -1.23273587    -0.95613259
14940    -1.20064650    0.07926604    -2.03228970
14950    -1.27632864    0.06999602    -1.83507422
14960    -1.09396279    0.89826290    -1.87131317
14970    -1.82240191    -0.19812111    -2.97021207
14980    -1.22369511    -0.31610308    -1.69575390
14990    1.92429710    2.25626545    2.57729098
15000    -0.53734797    0.24907688    -0.78275023
15010    0.09410268    0.13246557    -0.31300963
15020    -1.72171555    -0.16415647    -2.62112721
15030    -1.05415671    0.15912293    -2.12555432
15040    0.40525713    -4.18288927    1.81515389
15050    3.14345967    0.95141332    4.48471727
15060    0.69131670    0.90964684    -0.08027434
15070    -1.00662820    -2.20654420    -1.38611307
15080    -0.89532600    -0.81949343    -2.01502029
15090    -0.88393852    -4.16424685    -0.91312603
15100    -1.16898132    -0.35049876    -2.03015073
15110    -0.46070461    -1.25449297    -1.04354568
15120    -1.06693873    -1.26060342    -1.77535528
15130    -0.74062153    -1.11112322    -1.32096391
15140    -2.11143483    -1.14519138    -3.11386089
15150    -0.67174010    -0.69403571    -0.81791411
15160    -1.23989013    -0.86188529    -1.24722547
15170    -0.18847684    -0.21194831    -0.12125814
15180    -2.15731533    -1.99096344    -3.07320497
15190    -0.18381450    -0.74336775    -0.92388408
15200    -2.84590737    -4.36139107    -3.04401557
15210    -1.15244661    0.04326333    -1.32929242
15220    -1.11249724    -1.52602904    -1.33048813
15230    -1.85184569    -1.08551226    -2.41250478
15240    -1.29533930    -0.86182844    -1.88657213
15250    1.91519878    0.12382038    2.20442246
15260    -0.10386123    -0.94432166    -0.71434970
15270    0.34383448    0.03122316    0.47428218
15280    -0.10867161    -1.00324155    -0.42468178
15290    0.59541205    0.96088014    0.48968526
15300    -0.49772380    -0.24878954    -1.07884806
15310    -0.44317035    -0.06672523    -0.96265824
15320    -0.20329477    0.78999452    -0.88218246
15330    -1.60716776    -3.38195791    -2.35290779
15340    -1.98773550    -3.54544731    -2.89936657
15350    -0.92953175    -2.58626225    -1.97243649
15360    -1.81091165    -0.62584766    -2.96931128
15370    -1.25213837    -3.21857675    -1.93859085
15380    -3.16338099    -1.02209806    -4.11661472
15390    -2.19672761    -3.08243877    -2.99616408
15400    -2.57928662    -0.66007958    -2.96964513
15410    -2.15624563    0.15011115    -2.85159732
15420    -1.44015207    1.32042069    -1.85976995
15430    -1.95138974    -0.23730566    -2.37305018
15440    -1.69250222    0.38984928    -2.09764048
15450    -1.47387343    -0.28748256    -1.52052755
15460    -1.34356480    -2.96865489    -1.11857996
15470    -1.94336930    -0.85100622    -1.88215769
15480    -1.80577085    0.31414234    -1.81125509
15490    -0.57778159    -0.62066803    -0.62126982
15500    -1.16860338    -1.41366848    -1.34100619
15510    0.12297946    0.35928508    -0.01619876
15520    -0.31012778    -2.98487532    -1.05803942
15530    0.92888837    -1.35846548    0.59843880
15540    -0.22008866    -1.00066684    -0.48007524
15550    -1.36281434    -2.18212698    -1.91698588
15560    -0.68097494    -3.12078790    -1.59625168
15570    -1.73127621    -1.94516373    -2.69024561
15580    -1.97934961    -2.23159899    -2.77875190
15590    -1.37942792    -2.11862260    -2.70570386
15600    -0.19336052    -0.91034781    -1.59339963
15610    0.29775120    -5.01472837    -1.35428631
15620    0.51906341    -3.17739507    -0.46562299
15630    -1.52877638    -1.96519498    -2.36272072
15640    0.37134642    -2.91451664    -0.71803285
15650    -1.08344911    -3.12858642    -2.20128140
15660    1.51207398    -0.61287411    0.50280405
15670    -0.35820586    -3.16369468    -1.38741858
15680    1.58550262    -1.48522921    0.57940326
15690    -0.92717617    -2.64801573    -2.07151685
15700    -0.73620409    -3.65450396    -1.83569334
15710    1.14437480    -0.00200080    -0.32529839
15720    -0.28753082    -2.09718213    -0.78847629
15730    -0.71207735    -1.81147993    -1.28516771
15740    0.17250064    -1.27802449    -0.51832455
15750    -2.09814550    -3.92049798    -2.89394315
15760    1.79757629    0.49834384    1.80991828
15770    -0.77194243    -0.91122179    -1.39983552
15780    -1.27850677    -2.54261007    -1.37514885
15790    -1.70507079    -3.13218089    -2.08921051
15800    -0.45680634    -1.01668482    -0.51134692
15810    -0.78365883    -1.86327967    -1.09198493
15820    -0.80237155    -1.95043689    -1.11262104
15830    -1.74250630    -1.85022832    -2.00593456
15840    -1.71294826    -3.23514274    -1.86275116
15850    1.32808166    -2.04983767    0.86378510
15860    -0.56711550    -0.82165343    -1.16134570
15870    -0.97581668    -2.74668115    -1.73216141
15880    -0.37134737    -1.55729903    -1.17797413
15890    -0.68845039    -2.08158644    -1.34874354
15900    -1.13223322    -2.91327813    -2.11703174
15910    -0.62779881    -1.67907281    -1.94392105
15920    -1.25932122    -5.04106182    -2.71449930
15930    1.17182630    -1.62932357    -0.36638769
15940    0.87489752    0.16944550    -0.48168191
15950    0.09590007    0.62436295    -1.05778832
15960    0.23902796    -0.13095731    -0.86142511
15970    -0.37200571    -3.34426152    -1.47751511
15980    -1.04137447    -0.76313415    -2.45633182
15990    -1.09264849    -2.56475915    -1.71300975
16000    -2.00725404    -2.97791739    -2.21902820
16010    -1.27888294    -1.21574067    -1.67241736
16020    -1.07676573    -1.73164686    -1.59717899
16030    -1.91640989    -2.51496114    -2.48609801
16040    -2.27389266    -3.96635636    -2.74320827
16050    -1.85030099    -6.37422787    -2.20679742
16060    -0.75785357    0.05895789    -0.93439707
16070    1.94391019    -0.33070839    1.19497462
16080    0.06753899    -1.45477294    -0.25492572
16090    -1.09706137    -1.79161748    -1.29608095
16100    0.24132003    1.54924685    -0.27398238
16110    -1.10679325    -0.58416657    -1.65392996
16120    -1.31386997    -2.09325990    -1.28483060
16130    -1.93132798    -0.67341810    -2.24853061
16140    -2.73361966    -1.95038827    -2.98252607
16150    -1.80072497    -4.38103620    -1.16037039
16160    -0.74794802    -1.20758020    -0.58121682
16170    -2.25615098    -0.74570751    -2.18761954
16180    -1.45734314    -1.75475397    -1.47156085
16190    -1.86381140    -3.95582371    -1.51381307
16200    -2.25427112    -3.27753483    -1.53744518
16210    -1.29231944    -3.09891249    -0.91409656
16220    -0.76733838    -2.09500243    -0.55092315
16230    -1.58984817    -2.96502209    -1.43165155
16240    -2.09282849    -2.31966554    -1.93831429
16250    -1.69773640    -3.01542223    -1.74914284
16260    -0.04954606    -1.69587279    -0.22089047
16270    -0.60573681    -4.55929912    0.28019030
16280    -1.47358164    -1.22108705    -1.72507800
16290    -1.58481729    -4.41559556    -0.93783285
16300    -1.46774466    -1.33779362    -2.27240518
16310    -0.02182694    0.03283765    -1.37805011
16320    -1.83919288    -1.62129473    -2.73701363
16330    0.62178860    -0.71770834    -0.71425231
16340    -2.13983141    -0.64352335    -3.54124199
16350    -1.30556960    -1.55787107    -2.20618582
16360    -1.28006627    -1.91223794    -2.09114397
16370    -1.96550996    -3.09739687    -2.31120259
16380    -0.52719960    -0.74418432    -2.10280181
16390    -0.52232387    -0.92376742    -1.14731473
16400    -0.01383341    -1.02669249    -1.33245882
16410    -0.83955831    -2.02020075    -1.47173014
16420    -0.10108735    -2.87471446    -0.14480036
16430    0.39581546    -2.66178453    0.26497923
16440    0.24191570    -1.43018487    -0.17725960
16450    0.71394864    -0.39006427    -0.50077448
16460    0.03276595    -0.97632474    -0.88962203
16470    -0.87411927    -2.48773696    -1.31573457
16480    -0.12092752    -2.56635673    -0.28848072
16490    -1.39824038    -3.13090990    -1.31934728
16500    0.62676933    -1.66845008    -0.18896201
16510    1.14050130    -1.97253973    0.89805136
16520    0.27355972    -0.27188770    -0.71236117
16530    -1.84818096    -3.24234182    -1.32635929
16540    -1.85860063    -2.64406188    -1.52978520
16550    -2.16497002    -1.52913421    -1.72478346
16560    0.69984745    0.05325671    0.58505928
16570    -1.73579925    -1.68402043    -0.97756159
16580    -0.93872421    -0.88924702    -0.31581897
16590    -1.88154886    -1.61330632    -1.02918620
16600    -0.68331437    -1.05186964    -0.25759805
16610    -0.99503036    -0.03767364    -1.33745287
16620    -1.02841955    -1.42211986    -0.98900363
16630    -0.96127592    -0.86123231    -1.86586882
16640    -0.57957020    -1.77259375    -0.86563728
16650    1.11331288    -0.49865779    -0.23193335
16660    -0.06132051    -0.74530018    -1.48619002
16670    -0.38748167    -1.28517629    -2.17499717
16680    -1.11545545    -0.83307398    -2.93141486
16690    -0.86604010    -0.59424322    -3.50227140
16700    0.44840665    -0.74233567    -1.45160493
16710    -0.22563282    -1.23117331    -2.04650522
16720    -0.69049705    -1.33712567    -1.93957327
16730    -2.42584134    -2.15968593    -3.22983078
16740    -1.72741823    -2.30229129    -2.01772183
16750    -1.95134559    -2.70706118    -1.43307802
16760    2.14548757    -0.69631190    1.80323512
16770    -1.39738327    -2.17873663    -0.80088486
16780    2.76240777    1.16990174    2.06385480
16790    -0.58277632    0.14549654    -1.04380887
16800    -0.15453607    -1.21960661    0.98519115
16810    -1.84375546    -1.07910088    -1.03999366
16820    -2.49033639    -0.67873504    -2.02206437
16830    -3.39766109    -2.20162390    -1.55449382
16840    -1.98235455    -1.95049831    -0.98511823
16850    -1.32410441    -0.76213842    -0.92578276
16860    -0.91755923    0.36651554    -1.21207390
16870    -1.93021799    -2.56945154    -0.78874972
16880    -0.61068022    -0.36189110    -1.04825290
16890    -2.31783909    -1.55420811    -2.12029552
16900    -1.13927147    -1.55509430    -1.21852310
16910    -1.57236353    -2.33840730    -1.25759087
16920    -0.36099705    -0.68582097    -1.28101515
16930    -2.86638252    -4.81722869    -1.95788646
16940    -1.19045143    -2.50490992    -0.95469589
16950    -2.58535377    -0.53727189    -3.25978043
16960    -1.24057659    -4.09896348    0.06744213
16970    -1.07327391    -0.67400773    -1.61380233
16980    -0.24034052    0.49657398    -1.21611624
16990    -0.75562421    0.30390473    -1.52112744
17000    -2.14321729    -0.29551480    -2.38872137
17010    -4.08553515    -2.10905879    -3.22198681
17020    -3.12302237    -0.90266945    -2.72984659
17030    -2.97470545    -2.20858461    -2.02342283
17040    -2.48282923    -0.69518409    -1.93355853
17050    0.32416864    0.48196975    0.05504246
17060    -1.57682780    -1.18103933    -0.58893604
17070    0.33791933    0.94411276    0.13987738
17080    -0.06384070    -0.20818916    -0.17485069
17090    -1.42824699    -0.37050960    -1.05612828
17100    -2.42004894    -1.13240329    -1.48075689
17110    -2.63593323    -2.06121251    -1.23193081
17120    -0.98959695    0.04348897    -0.83271887
17130    0.03635570    -2.11301930    0.77258301
17140    -2.87940228    -2.11950871    -1.75980180
17150    -2.50232237    -3.68656970    -1.05055218
17160    -2.25387025    -1.20184515    -1.78823568
17170    -1.66024639    -2.12275997    -0.49173715
17180    0.13255005    -4.59230457    1.07419382
17190    -0.48867632    -0.59469799    -0.43500909
17200    -2.00041415    -0.08738728    -1.97444141
17210    -0.34353897    0.59581880    -1.08665380
17220    -0.61328807    -0.33230522    -1.12097149
17230    2.70801948    1.58012559    -0.07400650
17240    -2.32035050    0.29177477    -2.74180866
17250    -2.10954867    -2.08167914    -1.38452758
17260    -3.12959481    -0.50565007    -3.10043598
17270    -3.95383351    -1.69260660    -2.94536906
17280    -0.27580756    -0.73341816    -0.55619090
17290    -2.40398960    -1.77775735    -1.54792327
17300    -1.81426991    -0.13680340    -2.13286503
17310    -3.08219605    -1.81550420    -2.07207151
17320    -2.07032394    -1.44862090    -1.02287045
17330    -3.46719894    -1.69359624    -2.18162832
17340    -3.83237868    -0.93024576    -3.12637111
17350    -3.48520581    -1.59318708    -2.40676649
17360    -2.94699448    -1.30742754    -1.67973727
17370    -3.05539852    0.38846641    -2.44630817
17380    -2.70123363    0.25486048    -2.54732876
17390    -1.66158614    -0.21060300    -1.35842564
17400    -1.91980994    -0.53205919    -1.80968075
17410    -0.54698658    -2.15190154    0.22369232
17420    -1.50915250    -0.22808100    -1.50804056
17430    -1.44323512    -0.71969286    -1.30690901
17440    -2.66095402    -2.31653594    -1.44826475
17450    -0.97591841    -0.61382103    -1.01782854
17460    -2.42244626    -1.91046419    -1.29935455
17470    -1.17658604    -0.54047085    -1.70209158
17480    1.15134513    0.05066048    -0.47511608
17490    -3.48676272    -0.50780937    -2.72580297
17500    -1.05869606    -0.30121092    -1.49645118
17510    -2.15341247    -1.63009615    -1.58594813
17520    -2.86047733    -0.42769291    -2.73922356
17530    -2.02958074    -0.65369829    -2.33496666
17540    -1.34895733    -1.37414622    -1.22340897
17550    -1.63417841    -0.60538486    -1.98035010
17560    -2.67571673    -1.05922231    -2.29063277
17570    -1.24913862    -0.64490484    -1.03799113
17580    -2.52689158    -2.03157693    -1.56891365
17590    -2.38460192    -1.62047766    -1.44388425
17600    -1.89487035    -0.96133166    -1.34225922
17610    0.84282090    -2.78874609    1.66858369
17620    0.03760636    -0.39277532    -0.93729691
17630    -1.39076482    -2.14903082    -0.43029788
17640    -2.35630287    -1.12448088    -1.45585236
17650    -1.49554279    -1.21050648    -0.73539146
17660    -2.26588994    -1.73583001    -1.06463011
17670    -0.11957925    -0.25907707    -0.94554504
17680    -1.29428578    -1.35735135    -0.80603333
17690    -2.52009454    -1.01683946    -1.41735635
17700    -4.11818816    -1.25985378    -2.40505597
17710    -2.84458409    -0.95910125    -1.56650228
17720    -5.66104257    -0.96913205    -3.16899589
17730    -2.08111939    -0.62163611    -1.11802426
17740    -5.35922695    -1.52573144    -2.31832451
17750    -3.15987400    -1.20926369    -0.83905760
17760    -1.90484154    -0.31965290    -1.05340879
17770    -4.74715014    -1.29877068    -1.69752433
17780    -2.82358315    -0.22205054    -1.68323193
17790    -3.77887626    -2.39709176    -0.49876955
17800    -1.96837462    -1.58780843    0.27384879
17810    -1.21134772    -0.52676288    -0.36159900
17820    -4.36222165    -1.79975021    -0.98752466
17830    -2.79966097    -2.19078136    -0.44907497
17840    -0.23910865    -0.56999442    -0.02677675
17850    -3.44463745    -0.12990801    -2.21389409
17860    -4.45695360    -1.22518629    -1.94216020
17870    0.69325901    0.46637200    -0.58896539
17880    -3.46844737    -2.67650160    -0.36098294
17890    -4.09387315    -3.08486314    -0.38390295
17900    -5.31443401    -1.64340574    -2.31840655
17910    -3.14016839    -1.57567655    -1.57587395
17920    1.25513328    0.56160380    -1.50231998
17930    0.38689424    -0.96565678    -0.65104316
17940    0.54834294    -0.80534144    -1.07177138
17950    0.36155995    -1.06719245    -1.32821816
17960    -2.83957101    -1.96422724    -1.17888802
17970    -1.81925711    -1.36122166    -0.83713660
17980    -3.09999585    -1.35880464    -1.32676550
17990    -0.89959275    -1.12729107    -0.57538949
18000    1.61062895    0.43049658    -0.50441687
18010    1.24169598    0.17733900    -0.19480765
18020    -1.78261188    -0.98958317    -0.47750482
18030    -2.04477246    -0.75123596    -0.65316383
18040    -4.01465950    -1.13807415    -0.61999203
18050    -3.67769358    -1.09227221    -0.82940631
18060    -2.11895440    -0.46405456    -0.61524572
18070    -1.73875505    -0.88046451    -0.35441632
18080    -3.35012920    -1.33877156    -0.90914373
18090    -3.09517744    -0.96145626    -1.98870803
18100    -4.74603761    -2.07377700    -1.27823385
18110    -2.66337143    -0.87737825    -2.00093936
18120    -3.04061759    -1.38386591    -1.46518842
18130    -3.99913954    -1.36808978    -2.14669656
18140    -3.22549446    -1.26992195    -2.19217658
18150    -4.08722554    -2.37041107    -1.32732237
18160    -1.61014538    -1.46161654    -1.49343678
18170    1.20991765    -1.40454409    -0.06228442
18180    -1.14730785    -1.91853054    -0.30630835
18190    -3.29875839    -1.33883688    -2.30467834
18200    3.22198322    -0.27568228    -0.47461454
18210    -1.29616866    -1.75476394    -0.53076920
18220    -0.44531848    -0.57205110    -1.73630091
18230    -1.88955672    -0.65345256    -1.53718510
18240    -0.43880870    0.03383972    -1.70979755
18250    -1.89097088    -1.22904017    -0.25324997
18260    -4.09016394    -1.15427505    -1.52118340
18270    -4.24919836    -0.51865661    -2.34600904
18280    -0.90213282    -0.60120758    -0.60773935
18290    -0.12183073    -0.36811307    0.23661170
18300    -1.59650857    0.55495105    -1.97658982
18310    -5.25079685    -0.59719650    -1.65596826
18320    -2.93136204    -0.44920413    -1.07370220
18330    -2.87314525    0.04762045    -2.95461936
18340    -2.07584046    -0.46223103    -1.96385662
18350    -4.54558949    -0.92489996    -2.21821913
18360    -0.11605706    -1.39883104    -0.20067007
18370    -3.40899524    -1.48901457    -1.86311250
18380    -1.80971149    -1.14780743    -1.82111734
18390    -1.51612219    -0.55038973    -2.96642275
18400    1.44250065    -0.34276041    -2.32369899
18410    -4.94763561    -1.76561337    -1.75270526
18420    -2.14513469    -2.19025124    0.08076606
18430    -1.19324268    -1.51323776    -1.64125119
18440    -0.91493950    -1.65046280    -1.54047142
18450    -1.86658279    -1.32388535    -1.78430451
18460    -1.10861928    -0.40540350    -2.65032915
18470    -2.63812891    -1.51069080    -0.70453298
18480    -4.06055666    -1.34566425    -0.83060962
18490    -0.90326863    -0.69901968    -0.98008498
18500    -3.23024882    -0.88018076    -1.22228978
18510    -1.89401017    -0.66022272    -1.93581339
18520    0.72261026    -0.85590912    0.30395627
18530    -3.22519074    -0.79593555    -1.29058169
18540    -1.62803536    0.11487213    -1.33972992
18550    -2.43718930    -0.51787883    -0.97624507
18560    1.14312261    -0.02019077    -0.32395438
18570    -3.71616782    -0.32625645    -1.96656478
18580    -1.84825740    -1.52304789    1.28649406
18590    -2.62120236    -1.00504082    -0.67501933
18600    -0.56940514    -0.25646669    -0.90529109
18610    0.31268912    -1.32680708    0.61575678
18620    -1.80837237    -1.09365972    -0.51059809
18630    -2.57500464    -1.12551330    -0.18227849
18640    -0.63507033    -1.30751189    -0.23935295
18650    0.51177316    -0.78307176    -0.63819211
18660    -1.58943437    -2.25205995    1.37146912
18670    -3.75475073    -2.51622620    1.18431014
18680    0.13285704    -1.56040400    -0.14798775
18690    1.88739325    -0.83733894    -1.90201256
18700    -0.97016828    -1.20440775    -1.50789292
18710    -2.40293789    -2.16903582    0.63882417
18720    -0.33887927    -1.54847359    -0.55702955
18730    -1.59995506    -1.61851341    0.18205182
18740    -1.36955759    -1.37649761    -0.92480358
18750    -1.35795506    -1.32145661    -0.23991304
18760    -0.19804135    -0.75506988    -1.19584054
18770    -2.16545918    -1.35462444    -0.00903649
18780    -2.83603299    -1.00052977    -1.08397026
18790    -0.45704119    -0.26538037    -1.32006472
18800    -1.56653238    -1.61901742    1.82557094
18810    -1.54020153    -0.92227537    0.18691987
18820    0.67398848    0.90484477    -2.39070467
18830    -2.88158419    -0.41693022    -1.75223261
18840    -3.19085843    -1.47722730    0.18721953
18850    -4.57080668    -1.46302076    -0.36645873
18860    -3.42001450    -1.57015485    -0.36912937
18870    -3.52311760    -2.15916081    0.72867140
18880    -1.63547103    -2.22336004    0.38242254
18890    -2.69822739    -2.85115361    1.09204119
18900    -2.76064538    -3.70998630    2.34238588
18910    -1.61735735    -3.29469573    1.70170026
18920    -1.79385903    -2.69327295    0.09680019
18930    -0.08954681    -1.87523511    -1.21831062
18940    -1.04809798    -3.15699539    0.89196763
18950    -2.22167553    -2.15758420    -0.76082388
18960    0.30037406    -2.55536463    1.13335381
18970    -1.03356485    -2.42171780    -0.00541241
18980    -1.13070610    -2.57379961    1.00944236
18990    -0.86008082    -1.98042281    -0.33458043
19000    0.07253891    -1.58557206    -1.13489431
19010    -4.00075075    -2.50187561    0.15870563
19020    -0.39267202    -2.01920458    0.47183326
19030    -0.34863887    -1.58862849    -0.32381966
19040    -2.65284327    -1.82351087    -0.44620850
19050    -0.24418122    -1.33317764    -0.70343142
19060    -0.79131756    -1.38931053    -0.15193450
19070    -4.14837335    -2.91029473    1.86009027
19080    -2.44420918    -2.44846749    2.02661547
19090    -0.64503212    -0.82586728    -1.70013899
19100    -2.73579088    -2.72941543    2.54204974
19110    -2.35244564    -2.40148182    1.48442175
19120    -3.33898254    -1.99621848    0.08693459
19130    -2.10724483    -2.68003173    1.27031890
19140    -2.94762806    -3.91039989    4.19583872
19150    -1.87951054    -2.19543975    -0.03923222
19160    1.59800387    -2.13134905    2.09574846
19170    -0.36110681    -2.22932962    0.62109874
19180    -0.83578093    -2.20502237    0.44384664
19190    -1.98692578    -3.21472812    2.74075041
19200    -0.60585730    -1.95308404    0.32078121
19210    -1.71818218    -2.10417993    -0.07252750
19220    -2.36718889    -3.30195433    1.88675978
19230    -0.62043346    -2.52654927    0.89388479
19240    -1.48254004    -3.15010190    2.24119195
19250    -2.90995248    -2.69062223    0.12266272
19260    -1.01583531    -2.02848188    -0.11634470
19270    -1.59220536    -2.33485283    0.57957658
19280    -2.13494313    -2.39965700    0.31652806
19290    -1.93513316    -2.83266813    1.43951053
19300    -2.37798158    -2.57086192    -0.15635584
19310    -1.48843642    -2.58032079    -0.15719362
19320    -2.05830496    -3.97641011    3.27851096
19330    -1.84924896    -2.17972677    -1.02399998
19340    -2.44077629    -3.36401590    1.60251237
19350    -1.37455455    -2.33100030    -0.97774955
19360    -0.92464002    -2.46910401    -0.23549705
19370    -1.97216777    -3.49102530    1.27874301
19380    -2.18219523    -3.38430102    1.81776311
19390    0.19681034    -2.19160633    -0.59319297
19400    -0.91629730    -2.68785593    0.21313218
19410    0.92269032    -1.72370026    -0.49742288
19420    -1.09645416    -2.64940544    2.24225996
19430    2.18522397    -0.43660847    -1.43089717
19440    -1.37509098    -1.95167506    -0.61505241
19450    0.67499309    -1.31415508    -0.76934873
19460    -1.20758952    -2.42212238    0.83196443
19470    -0.40928967    -2.27558254    1.21284966
19480    -0.06125940    -2.41233379    1.35523817
19490    0.78707873    -2.25674475    1.72393943
19500    1.42305794    -1.68215554    -0.51821596
19510    0.62267099    -1.74239974    0.21656310
19520    2.11959302    -0.29791355    -2.67536185
19530    0.53903998    -1.65368883    -0.36674748
19540    -2.23956880    -3.08435648    1.69669674
19550    0.32678658    -1.80788337    1.33409633
19560    -0.21289659    -2.46098167    2.41958839
19570    -1.32316475    -2.10338267    -0.76472762
19580    -0.87571183    -2.68177814    2.19577186
19590    -2.93753011    -3.60742722    1.44526923
19600    -2.81924944    -3.23761543    0.40229926
19610    -0.52420141    -1.33823384    -3.00713165
19620    -0.61361069    -2.35891990    0.27508059
19630    -2.14660907    -3.29070654    0.56038249
19640    -1.54313999    -2.63649177    -0.86091719
19650    -1.84068425    -3.52334775    2.04718429
19660    0.85821426    -1.08339493    -2.63504575
19670    -0.83931969    -2.35745296    0.02315884
19680    0.24516565    -1.73222026    -1.66288598
19690    0.86733733    -1.03765161    -1.63730191
19700    -0.42510221    -1.68785154    -2.08910948
19710    -1.61520954    -3.58605985    3.11184332
19720    -1.15461689    -2.90381274    0.46531615
19730    -1.02074491    -2.61375195    1.42935192
19740    -1.24596790    -2.50598659    0.13237083
19750    0.91580024    -0.91939439    0.25323102
19760    -2.11597405    -3.65634328    1.38235677
19770    -0.98027276    -3.31021408    1.95459030
19780    0.36167712    -2.29092376    1.83439640
19790    0.20846050    -1.04602874    -2.04009799
19800    1.21923508    -1.58653925    1.00446546
19810    -0.92688213    -2.98631453    0.69789559
19820    0.56059497    -1.18056600    -1.64723804
19830    -0.17966223    -2.77958281    1.56111657
19840    0.36338480    -1.53382617    -0.04796149
19850    1.95561831    0.01697069    -1.82882342
19860    -1.01160797    -2.83971398    0.52856834
19870    -1.26557298    -3.64410644    0.69264800
19880    -0.42629282    -2.15435437    -1.78163488
19890    -1.55355163    -4.05376259    0.26109417
19900    0.45075074    -2.14997428    -0.63186964
19910    -0.22861025    -3.17287883    0.74124992
19920    -0.21998516    -3.73891547    2.91102987
19930    -1.39473368    -3.99663519    0.19015724
19940    0.45008731    -3.47711623    4.58523173
19950    -0.61608750    -3.74426528    1.68507792
19960    -0.93842016    -3.66980680    0.06028725
19970    -1.17820740    -3.78562931    1.43996100
19980    1.25333340    -0.83053632    -2.45332950
19990    -1.84108071    -4.67505025    1.52985583
20000    -1.44240095    -4.32723452    2.02802193
