# column   1     --> step : The current simulation time step.
# column   2     --> time{femtosecond} : The elapsed simulation time.
# column   3     --> conserved{kelvin} : The value of the conserved energy quantity per bead.
# column   4     --> temperature{kelvin} : The current temperature, as obtained from the MD kinetic energy.
# column   5     --> kinetic_md{electronvolt} : The kinetic energy of the (extended) classical system.
# column   6     --> potential{electronvolt} : The physical system potential energy.
    0.00000000e+00     0.00000000e+00    -9.66656557e+07     2.45831190e+04     4.91949187e-01    -8.33054321e+03   
    1.00000000e+00     5.00000000e-01    -9.66656506e+07     2.45743565e+04     4.77224834e-01    -8.33052805e+03   
    2.00000000e+00     1.00000000e+00    -9.66656354e+07     2.45488260e+04     4.34323768e-01    -8.33048384e+03   
    3.00000000e+00     1.50000000e+00    -9.66656183e+07     2.45180142e+04     3.82548248e-01    -8.33043058e+03   
    4.00000000e+00     2.00000000e+00    -9.66656090e+07     2.44948120e+04     3.43559760e-01    -8.33039080e+03   
    5.00000000e+00     2.50000000e+00    -9.66656124e+07     2.44862488e+04     3.29170343e-01    -8.33037670e+03   
    6.00000000e+00     3.00000000e+00    -9.66656243e+07     2.44900401e+04     3.35541142e-01    -8.33038409e+03   
    7.00000000e+00     3.50000000e+00    -9.66656358e+07     2.44974317e+04     3.47961816e-01    -8.33039751e+03   
    8.00000000e+00     4.00000000e+00    -9.66656403e+07     2.44996193e+04     3.51637887e-01    -8.33040157e+03   
    9.00000000e+00     4.50000000e+00    -9.66656371e+07     2.44927787e+04     3.40142928e-01    -8.33038980e+03   
    1.00000000e+01     5.00000000e+00    -9.66656294e+07     2.44790544e+04     3.17080941e-01    -8.33036607e+03   
    1.10000000e+01     5.50000000e+00    -9.66656216e+07     2.44642590e+04     2.92218990e-01    -8.33034054e+03   
    1.20000000e+01     6.00000000e+00    -9.66656173e+07     2.44544673e+04     2.75765271e-01    -8.33032372e+03   
    1.30000000e+01     6.50000000e+00    -9.66656178e+07     2.44532586e+04     2.73734185e-01    -8.33032173e+03   
    1.40000000e+01     7.00000000e+00    -9.66656228e+07     2.44604169e+04     2.85762746e-01    -8.33033419e+03   
    1.50000000e+01     7.50000000e+00    -9.66656303e+07     2.44722163e+04     3.05590279e-01    -8.33035466e+03   
    1.60000000e+01     8.00000000e+00    -9.66656372e+07     2.44830179e+04     3.23741189e-01    -8.33037341e+03   
    1.70000000e+01     8.50000000e+00    -9.66656405e+07     2.44876432e+04     3.31513349e-01    -8.33038147e+03   
    1.80000000e+01     9.00000000e+00    -9.66656380e+07     2.44838149e+04     3.25080393e-01    -8.33037482e+03   
    1.90000000e+01     9.50000000e+00    -9.66656298e+07     2.44737920e+04     3.08238021e-01    -8.33035727e+03   
    2.00000000e+01     1.00000000e+01    -9.66656196e+07     2.44640881e+04     2.91931824e-01    -8.33034008e+03   
    2.10000000e+01     1.05000000e+01    -9.66656139e+07     2.44624124e+04     2.89115949e-01    -8.33033678e+03   
    2.20000000e+01     1.10000000e+01    -9.66656180e+07     2.44727108e+04     3.06421291e-01    -8.33035444e+03   
    2.30000000e+01     1.15000000e+01    -9.66656302e+07     2.44916649e+04     3.38271459e-01    -8.33038733e+03   
    2.40000000e+01     1.20000000e+01    -9.66656429e+07     2.45099370e+04     3.68975489e-01    -8.33041913e+03   
    2.50000000e+01     1.25000000e+01    -9.66656486e+07     2.45176451e+04     3.81927980e-01    -8.33043258e+03   
    2.60000000e+01     1.30000000e+01    -9.66656449e+07     2.45099841e+04     3.69054637e-01    -8.33041938e+03   
    2.70000000e+01     1.35000000e+01    -9.66656342e+07     2.44894100e+04     3.34482215e-01    -8.33038389e+03   
    2.80000000e+01     1.40000000e+01    -9.66656214e+07     2.44639596e+04     2.91715932e-01    -8.33034002e+03   
    2.90000000e+01     1.45000000e+01    -9.66656114e+07     2.44435201e+04     2.57369683e-01    -8.33030481e+03   
    3.00000000e+01     1.50000000e+01    -9.66656072e+07     2.44360392e+04     2.44798943e-01    -8.33029188e+03   
    3.10000000e+01     1.55000000e+01    -9.66656102e+07     2.44448561e+04     2.59614731e-01    -8.33030695e+03   
    3.20000000e+01     1.60000000e+01    -9.66656195e+07     2.44676170e+04     2.97861794e-01    -8.33034601e+03   
    3.30000000e+01     1.65000000e+01    -9.66656326e+07     2.44969087e+04     3.47082891e-01    -8.33039635e+03   
    3.40000000e+01     1.70000000e+01    -9.66656446e+07     2.45225873e+04     3.90232897e-01    -8.33044054e+03   
    3.50000000e+01     1.75000000e+01    -9.66656504e+07     2.45354947e+04     4.11922170e-01    -8.33046273e+03   
    3.60000000e+01     1.80000000e+01    -9.66656463e+07     2.45315708e+04     4.05328609e-01    -8.33045578e+03   
    3.70000000e+01     1.85000000e+01    -9.66656333e+07     2.45144171e+04     3.76503687e-01    -8.33042584e+03   
    3.80000000e+01     1.90000000e+01    -9.66656189e+07     2.44940567e+04     3.42290450e-01    -8.33039038e+03   
    3.90000000e+01     1.95000000e+01    -9.66656121e+07     2.44814197e+04     3.21055617e-01    -8.33036856e+03   
    4.00000000e+01     2.00000000e+01    -9.66656171e+07     2.44816424e+04     3.21429832e-01    -8.33036936e+03   
    4.10000000e+01     2.05000000e+01    -9.66656293e+07     2.44911691e+04     3.37438274e-01    -8.33038643e+03   
    4.20000000e+01     2.10000000e+01    -9.66656404e+07     2.45008198e+04     3.53655054e-01    -8.33040360e+03   
    4.30000000e+01     2.15000000e+01    -9.66656445e+07     2.45019467e+04     3.55548740e-01    -8.33040584e+03   
    4.40000000e+01     2.20000000e+01    -9.66656407e+07     2.44910355e+04     3.37213769e-01    -8.33038719e+03   
    4.50000000e+01     2.25000000e+01    -9.66656322e+07     2.44705682e+04     3.02820851e-01    -8.33035206e+03   
    4.60000000e+01     2.30000000e+01    -9.66656227e+07     2.44470006e+04     2.63218283e-01    -8.33031163e+03   
    4.70000000e+01     2.35000000e+01    -9.66656157e+07     2.44276991e+04     2.30784421e-01    -8.33027860e+03   
    4.80000000e+01     2.40000000e+01    -9.66656134e+07     2.44181495e+04     2.14737405e-01    -8.33026235e+03   
    4.90000000e+01     2.45000000e+01    -9.66656166e+07     2.44200935e+04     2.18004091e-01    -8.33026589e+03   
    5.00000000e+01     2.50000000e+01    -9.66656242e+07     2.44309418e+04     2.36233344e-01    -8.33028478e+03   
    5.10000000e+01     2.55000000e+01    -9.66656334e+07     2.44446815e+04     2.59321285e-01    -8.33030866e+03   
    5.20000000e+01     2.60000000e+01    -9.66656399e+07     2.44542865e+04     2.75461412e-01    -8.33032536e+03   
    5.30000000e+01     2.65000000e+01    -9.66656394e+07     2.44551303e+04     2.76879322e-01    -8.33032673e+03   
    5.40000000e+01     2.70000000e+01    -9.66656308e+07     2.44480201e+04     2.64931397e-01    -8.33031405e+03   
    5.50000000e+01     2.75000000e+01    -9.66656186e+07     2.44397006e+04     2.50951583e-01    -8.33029902e+03   
    5.60000000e+01     2.80000000e+01    -9.66656113e+07     2.44393256e+04     2.50321394e-01    -8.33029775e+03   
    5.70000000e+01     2.85000000e+01    -9.66656150e+07     2.44522661e+04     2.72066376e-01    -8.33031982e+03   
    5.80000000e+01     2.90000000e+01    -9.66656281e+07     2.44757064e+04     3.11454959e-01    -8.33036034e+03   
    5.90000000e+01     2.95000000e+01    -9.66656422e+07     2.44998679e+04     3.52055504e-01    -8.33040215e+03   
    6.00000000e+01     3.00000000e+01    -9.66656491e+07     2.45140253e+04     3.75845384e-01    -8.33042654e+03   
    6.10000000e+01     3.05000000e+01    -9.66656461e+07     2.45126320e+04     3.73504167e-01    -8.33042394e+03   
    6.20000000e+01     3.10000000e+01    -9.66656360e+07     2.44976514e+04     3.48331017e-01    -8.33039789e+03   
    6.30000000e+01     3.15000000e+01    -9.66656239e+07     2.44767158e+04     3.13151220e-01    -8.33036167e+03   
    6.40000000e+01     3.20000000e+01    -9.66656147e+07     2.44591718e+04     2.83670495e-01    -8.33033140e+03   
    6.50000000e+01     3.25000000e+01    -9.66656115e+07     2.44522177e+04     2.71984994e-01    -8.33031944e+03   
    6.60000000e+01     3.30000000e+01    -9.66656151e+07     2.44583842e+04     2.82347127e-01    -8.33033011e+03   
    6.70000000e+01     3.35000000e+01    -9.66656243e+07     2.44747793e+04     3.09897140e-01    -8.33035845e+03   
    6.80000000e+01     3.40000000e+01    -9.66656360e+07     2.44941189e+04     3.42395096e-01    -8.33039196e+03   
    6.90000000e+01     3.45000000e+01    -9.66656455e+07     2.45073365e+04     3.64605604e-01    -8.33041499e+03   
    7.00000000e+01     3.50000000e+01    -9.66656481e+07     2.45072503e+04     3.64460853e-01    -8.33041507e+03   
    7.10000000e+01     3.55000000e+01    -9.66656412e+07     2.44922070e+04     3.39182350e-01    -8.33038919e+03   
    7.20000000e+01     3.60000000e+01    -9.66656268e+07     2.44678918e+04     2.98323537e-01    -8.33034709e+03   
    7.30000000e+01     3.65000000e+01    -9.66656124e+07     2.44454153e+04     2.60554393e-01    -8.33030809e+03   
    7.40000000e+01     3.70000000e+01    -9.66656070e+07     2.44355715e+04     2.44012972e-01    -8.33029107e+03   
    7.50000000e+01     3.75000000e+01    -9.66656138e+07     2.44424277e+04     2.55534101e-01    -8.33030318e+03   
    7.60000000e+01     3.80000000e+01    -9.66656280e+07     2.44609237e+04     2.86614389e-01    -8.33033548e+03   
    7.70000000e+01     3.85000000e+01    -9.66656408e+07     2.44803160e+04     3.19200841e-01    -8.33036918e+03   
    7.80000000e+01     3.90000000e+01    -9.66656461e+07     2.44905898e+04     3.36464836e-01    -8.33038690e+03   
    7.90000000e+01     3.95000000e+01    -9.66656430e+07     2.44872878e+04     3.30916178e-01    -8.33038108e+03   
    8.00000000e+01     4.00000000e+01    -9.66656345e+07     2.44724932e+04     3.06055537e-01    -8.33035549e+03   
    8.10000000e+01     4.05000000e+01    -9.66656248e+07     2.44527245e+04     2.72836639e-01    -8.33032143e+03   
    8.20000000e+01     4.10000000e+01    -9.66656174e+07     2.44356891e+04     2.44210616e-01    -8.33029217e+03   
    8.30000000e+01     4.15000000e+01    -9.66656146e+07     2.44273696e+04     2.30230765e-01    -8.33027795e+03   
    8.40000000e+01     4.20000000e+01    -9.66656173e+07     2.44300818e+04     2.34788303e-01    -8.33028274e+03   
    8.50000000e+01     4.25000000e+01    -9.66656248e+07     2.44417385e+04     2.54375965e-01    -8.33030297e+03   
    8.60000000e+01     4.30000000e+01    -9.66656342e+07     2.44565655e+04     2.79290934e-01    -8.33032870e+03   
    8.70000000e+01     4.35000000e+01    -9.66656412e+07     2.44674161e+04     2.97524140e-01    -8.33034754e+03   
    8.80000000e+01     4.40000000e+01    -9.66656415e+07     2.44692240e+04     3.00562152e-01    -8.33035060e+03   
    8.90000000e+01     4.45000000e+01    -9.66656337e+07     2.44621333e+04     2.88647016e-01    -8.33033802e+03   
    9.00000000e+01     4.50000000e+01    -9.66656220e+07     2.44521683e+04     2.71902019e-01    -8.33032026e+03   
    9.10000000e+01     4.55000000e+01    -9.66656141e+07     2.44480643e+04     2.65005750e-01    -8.33031268e+03   
    9.20000000e+01     4.60000000e+01    -9.66656159e+07     2.44555534e+04     2.77590334e-01    -8.33032542e+03   
    9.30000000e+01     4.65000000e+01    -9.66656265e+07     2.44731349e+04     3.07133849e-01    -8.33035588e+03   
    9.40000000e+01     4.70000000e+01    -9.66656387e+07     2.44928092e+04     3.40194181e-01    -8.33038999e+03   
    9.50000000e+01     4.75000000e+01    -9.66656452e+07     2.45051880e+04     3.60995334e-01    -8.33041135e+03   
    9.60000000e+01     4.80000000e+01    -9.66656432e+07     2.45049774e+04     3.60641395e-01    -8.33041083e+03   
    9.70000000e+01     4.85000000e+01    -9.66656348e+07     2.44933329e+04     3.41074249e-01    -8.33039053e+03   
    9.80000000e+01     4.90000000e+01    -9.66656243e+07     2.44765342e+04     3.12845997e-01    -8.33036140e+03   
    9.90000000e+01     4.95000000e+01    -9.66656162e+07     2.44626206e+04     2.89465816e-01    -8.33033732e+03   
    1.00000000e+02     5.00000000e+01    -9.66656133e+07     2.44579374e+04     2.81596312e-01    -8.33032920e+03   
    1.01000000e+02     5.05000000e+01    -9.66656165e+07     2.44647841e+04     2.93101315e-01    -8.33034099e+03   
    1.02000000e+02     5.10000000e+01    -9.66656251e+07     2.44805772e+04     3.19639873e-01    -8.33036826e+03   
    1.03000000e+02     5.15000000e+01    -9.66656364e+07     2.44985582e+04     3.49854798e-01    -8.33039945e+03   
    1.04000000e+02     5.20000000e+01    -9.66656462e+07     2.45099720e+04     3.69034257e-01    -8.33041947e+03   
    1.05000000e+02     5.25000000e+01    -9.66656496e+07     2.45074667e+04     3.64824467e-01    -8.33041556e+03   
    1.06000000e+02     5.30000000e+01    -9.66656434e+07     2.44888528e+04     3.33545905e-01    -8.33038375e+03   
    1.07000000e+02     5.35000000e+01    -9.66656288e+07     2.44593986e+04     2.84051724e-01    -8.33033299e+03   
    1.08000000e+02     5.40000000e+01    -9.66656129e+07     2.44304874e+04     2.35469762e-01    -8.33028305e+03   
    1.09000000e+02     5.45000000e+01    -9.66656053e+07     2.44140939e+04     2.07922465e-01    -8.33025484e+03   
    1.10000000e+02     5.50000000e+01    -9.66656106e+07     2.44159356e+04     2.11017320e-01    -8.33025839e+03   
    1.11000000e+02     5.55000000e+01    -9.66656248e+07     2.44321380e+04     2.38243447e-01    -8.33028684e+03   
    1.12000000e+02     5.60000000e+01    -9.66656392e+07     2.44519340e+04     2.71508287e-01    -8.33032135e+03   
    1.13000000e+02     5.65000000e+01    -9.66656463e+07     2.44641500e+04     2.92035810e-01    -8.33034249e+03   
    1.14000000e+02     5.70000000e+01    -9.66656442e+07     2.44628424e+04     2.89838541e-01    -8.33034011e+03   
    1.15000000e+02     5.75000000e+01    -9.66656356e+07     2.44491331e+04     2.66801640e-01    -8.33031633e+03   
    1.16000000e+02     5.80000000e+01    -9.66656250e+07     2.44294086e+04     2.33657095e-01    -8.33028227e+03   
    1.17000000e+02     5.85000000e+01    -9.66656166e+07     2.44118059e+04     2.04077801e-01    -8.33025197e+03   
    1.18000000e+02     5.90000000e+01    -9.66656132e+07     2.44028568e+04     1.89039939e-01    -8.33023664e+03   
    1.19000000e+02     5.95000000e+01    -9.66656153e+07     2.44053186e+04     1.93176685e-01    -8.33024096e+03   
    1.20000000e+02     6.00000000e+01    -9.66656223e+07     2.44174850e+04     2.13620886e-01    -8.33026200e+03   
    1.21000000e+02     6.05000000e+01    -9.66656314e+07     2.44339552e+04     2.41297136e-01    -8.33029046e+03   
    1.22000000e+02     6.10000000e+01    -9.66656388e+07     2.44477427e+04     2.64465372e-01    -8.33031427e+03   
    1.23000000e+02     6.15000000e+01    -9.66656406e+07     2.44533448e+04     2.73878979e-01    -8.33032384e+03   
    1.24000000e+02     6.20000000e+01    -9.66656350e+07     2.44497246e+04     2.67795740e-01    -8.33031727e+03   
    1.25000000e+02     6.25000000e+01    -9.66656246e+07     2.44414189e+04     2.53838939e-01    -8.33030242e+03   
    1.26000000e+02     6.30000000e+01    -9.66656163e+07     2.44362812e+04     2.45205641e-01    -8.33029307e+03   
    1.27000000e+02     6.35000000e+01    -9.66656160e+07     2.44405176e+04     2.52324451e-01    -8.33030016e+03   
    1.28000000e+02     6.40000000e+01    -9.66656241e+07     2.44543391e+04     2.75549841e-01    -8.33032409e+03   
    1.29000000e+02     6.45000000e+01    -9.66656351e+07     2.44717016e+04     3.04725350e-01    -8.33035421e+03   
    1.30000000e+02     6.50000000e+01    -9.66656420e+07     2.44843321e+04     3.25949476e-01    -8.33037603e+03   
    1.31000000e+02     6.55000000e+01    -9.66656416e+07     2.44867737e+04     3.30052329e-01    -8.33038010e+03   
    1.32000000e+02     6.60000000e+01    -9.66656354e+07     2.44789731e+04     3.16944300e-01    -8.33036645e+03   
    1.33000000e+02     6.65000000e+01    -9.66656271e+07     2.44654873e+04     2.94282967e-01    -8.33034308e+03   
    1.34000000e+02     6.70000000e+01    -9.66656203e+07     2.44527092e+04     2.72810896e-01    -8.33032102e+03   
    1.35000000e+02     6.75000000e+01    -9.66656173e+07     2.44459944e+04     2.61527544e-01    -8.33030948e+03   
    1.36000000e+02     6.80000000e+01    -9.66656188e+07     2.44477796e+04     2.64527342e-01    -8.33031261e+03   
    1.37000000e+02     6.85000000e+01    -9.66656243e+07     2.44569131e+04     2.79875150e-01    -8.33032843e+03   
    1.38000000e+02     6.90000000e+01    -9.66656321e+07     2.44690633e+04     3.00292037e-01    -8.33034952e+03   
    1.39000000e+02     6.95000000e+01    -9.66656394e+07     2.44781132e+04     3.15499320e-01    -8.33036536e+03   
    1.40000000e+02     7.00000000e+01    -9.66656428e+07     2.44784737e+04     3.16105149e-01    -8.33036625e+03   
    1.41000000e+02     7.05000000e+01    -9.66656393e+07     2.44678502e+04     2.98253662e-01    -8.33034810e+03   
    1.42000000e+02     7.10000000e+01    -9.66656295e+07     2.44491931e+04     2.66902524e-01    -8.33031591e+03   
    1.43000000e+02     7.15000000e+01    -9.66656183e+07     2.44301047e+04     2.34826799e-01    -8.33028287e+03   
    1.44000000e+02     7.20000000e+01    -9.66656128e+07     2.44190158e+04     2.16193206e-01    -8.33026376e+03   
    1.45000000e+02     7.25000000e+01    -9.66656169e+07     2.44200090e+04     2.17862104e-01    -8.33026578e+03   
    1.46000000e+02     7.30000000e+01    -9.66656281e+07     2.44300033e+04     2.34656293e-01    -8.33028354e+03   
    1.47000000e+02     7.35000000e+01    -9.66656392e+07     2.44406494e+04     2.52545863e-01    -8.33030238e+03   
    1.48000000e+02     7.40000000e+01    -9.66656436e+07     2.44435724e+04     2.57457586e-01    -8.33030768e+03   
    1.49000000e+02     7.45000000e+01    -9.66656397e+07     2.44352027e+04     2.43393279e-01    -8.33029328e+03   
    1.50000000e+02     7.50000000e+01    -9.66656302e+07     2.44183301e+04     2.15040979e-01    -8.33026410e+03   
    1.51000000e+02     7.55000000e+01    -9.66656200e+07     2.44001543e+04     1.84498663e-01    -8.33023268e+03   
    1.52000000e+02     7.60000000e+01    -9.66656136e+07     2.43885426e+04     1.64986552e-01    -8.33021262e+03   
    1.53000000e+02     7.65000000e+01    -9.66656132e+07     2.43885681e+04     1.65029408e-01    -8.33021262e+03   
    1.54000000e+02     7.70000000e+01    -9.66656184e+07     2.44006693e+04     1.85363996e-01    -8.33023341e+03   
    1.55000000e+02     7.75000000e+01    -9.66656273e+07     2.44207410e+04     2.19092221e-01    -8.33026791e+03   
    1.56000000e+02     7.80000000e+01    -9.66656369e+07     2.44417377e+04     2.54374659e-01    -8.33030402e+03   
    1.57000000e+02     7.85000000e+01    -9.66656435e+07     2.44561860e+04     2.78653261e-01    -8.33032886e+03   
    1.58000000e+02     7.90000000e+01    -9.66656438e+07     2.44590798e+04     2.83515975e-01    -8.33033376e+03   
    1.59000000e+02     7.95000000e+01    -9.66656366e+07     2.44503970e+04     2.68925632e-01    -8.33031854e+03   
    1.60000000e+02     8.00000000e+01    -9.66656244e+07     2.44359132e+04     2.44587194e-01    -8.33029315e+03   
    1.61000000e+02     8.05000000e+01    -9.66656135e+07     2.44250181e+04     2.26279362e-01    -8.33027391e+03   
    1.62000000e+02     8.10000000e+01    -9.66656107e+07     2.44258516e+04     2.27679946e-01    -8.33027507e+03   
    1.63000000e+02     8.15000000e+01    -9.66656177e+07     2.44404999e+04     2.52294627e-01    -8.33030028e+03   
    1.64000000e+02     8.20000000e+01    -9.66656302e+07     2.44636737e+04     2.91235520e-01    -8.33034030e+03   
    1.65000000e+02     8.25000000e+01    -9.66656411e+07     2.44858469e+04     3.28494942e-01    -8.33037850e+03   
    1.66000000e+02     8.30000000e+01    -9.66656455e+07     2.44984673e+04     3.49701943e-01    -8.33040008e+03   
    1.67000000e+02     8.35000000e+01    -9.66656427e+07     2.44978065e+04     3.48591550e-01    -8.33039873e+03   
    1.68000000e+02     8.40000000e+01    -9.66656351e+07     2.44857492e+04     3.28330776e-01    -8.33037782e+03   
    1.69000000e+02     8.45000000e+01    -9.66656261e+07     2.44681040e+04     2.98680007e-01    -8.33034739e+03   
    1.70000000e+02     8.50000000e+01    -9.66656186e+07     2.44519689e+04     2.71567007e-01    -8.33031963e+03   
    1.71000000e+02     8.55000000e+01    -9.66656149e+07     2.44432840e+04     2.56973014e-01    -8.33030472e+03   
    1.72000000e+02     8.60000000e+01    -9.66656163e+07     2.44449815e+04     2.59825491e-01    -8.33030769e+03   
    1.73000000e+02     8.65000000e+01    -9.66656228e+07     2.44559083e+04     2.78186572e-01    -8.33032661e+03   
    1.74000000e+02     8.70000000e+01    -9.66656323e+07     2.44709280e+04     3.03425424e-01    -8.33035267e+03   
    1.75000000e+02     8.75000000e+01    -9.66656406e+07     2.44827229e+04     3.23245428e-01    -8.33037321e+03   
    1.76000000e+02     8.80000000e+01    -9.66656429e+07     2.44851584e+04     3.27338055e-01    -8.33037749e+03   
    1.77000000e+02     8.85000000e+01    -9.66656372e+07     2.44767644e+04     3.13232832e-01    -8.33036290e+03   
    1.78000000e+02     8.90000000e+01    -9.66656266e+07     2.44619859e+04     2.88399341e-01    -8.33033715e+03   
    1.79000000e+02     8.95000000e+01    -9.66656181e+07     2.44487029e+04     2.66078882e-01    -8.33031410e+03   
    1.80000000e+02     9.00000000e+01    -9.66656174e+07     2.44431796e+04     2.56797642e-01    -8.33030475e+03   
    1.81000000e+02     9.05000000e+01    -9.66656243e+07     2.44459947e+04     2.61528056e-01    -8.33031008e+03   
    1.82000000e+02     9.10000000e+01    -9.66656336e+07     2.44520131e+04     2.71641171e-01    -8.33032100e+03   
    1.83000000e+02     9.15000000e+01    -9.66656391e+07     2.44541991e+04     2.75314561e-01    -8.33032514e+03   
    1.84000000e+02     9.20000000e+01    -9.66656379e+07     2.44482018e+04     2.65236707e-01    -8.33031496e+03   
    1.85000000e+02     9.25000000e+01    -9.66656312e+07     2.44346733e+04     2.42503667e-01    -8.33029166e+03   
    1.86000000e+02     9.30000000e+01    -9.66656228e+07     2.44184981e+04     2.15323215e-01    -8.33026375e+03   
    1.87000000e+02     9.35000000e+01    -9.66656163e+07     2.44061070e+04     1.94501433e-01    -8.33024237e+03   
    1.88000000e+02     9.40000000e+01    -9.66656142e+07     2.44025627e+04     1.88545634e-01    -8.33023623e+03   
    1.89000000e+02     9.45000000e+01    -9.66656173e+07     2.44095433e+04     2.00275677e-01    -8.33024823e+03   
    1.90000000e+02     9.50000000e+01    -9.66656247e+07     2.44246531e+04     2.25665899e-01    -8.33027426e+03   
    1.91000000e+02     9.55000000e+01    -9.66656340e+07     2.44421329e+04     2.55038743e-01    -8.33030443e+03   
    1.92000000e+02     9.60000000e+01    -9.66656413e+07     2.44548965e+04     2.76486406e-01    -8.33032651e+03   
    1.93000000e+02     9.65000000e+01    -9.66656428e+07     2.44575256e+04     2.80904295e-01    -8.33033105e+03   
    1.94000000e+02     9.70000000e+01    -9.66656365e+07     2.44492278e+04     2.66960873e-01    -8.33031657e+03   
    1.95000000e+02     9.75000000e+01    -9.66656247e+07     2.44351124e+04     2.43241562e-01    -8.33029183e+03   
    1.96000000e+02     9.80000000e+01    -9.66656136e+07     2.44243179e+04     2.25102675e-01    -8.33027273e+03   
    1.97000000e+02     9.85000000e+01    -9.66656103e+07     2.44251985e+04     2.26582522e-01    -8.33027393e+03   
    1.98000000e+02     9.90000000e+01    -9.66656172e+07     2.44402082e+04     2.51804413e-01    -8.33029975e+03   
    1.99000000e+02     9.95000000e+01    -9.66656305e+07     2.44640533e+04     2.91873286e-01    -8.33034096e+03   
    2.00000000e+02     1.00000000e+02    -9.66656425e+07     2.44865884e+04     3.29740876e-01    -8.33037987e+03   
    2.01000000e+02     1.00500000e+02    -9.66656474e+07     2.44984001e+04     3.49589096e-01    -8.33040013e+03   
    2.02000000e+02     1.01000000e+02    -9.66656438e+07     2.44953681e+04     3.44494109e-01    -8.33039473e+03   
    2.03000000e+02     1.01500000e+02    -9.66656345e+07     2.44798850e+04     3.18476713e-01    -8.33036791e+03   
    2.04000000e+02     1.02000000e+02    -9.66656237e+07     2.44589742e+04     2.83338545e-01    -8.33033184e+03   
    2.05000000e+02     1.02500000e+02    -9.66656154e+07     2.44409922e+04     2.53121817e-01    -8.33030091e+03   
    2.06000000e+02     1.03000000e+02    -9.66656121e+07     2.44325028e+04     2.38856440e-01    -8.33028636e+03   
    2.07000000e+02     1.03500000e+02    -9.66656146e+07     2.44361631e+04     2.45007128e-01    -8.33029273e+03   
    2.08000000e+02     1.04000000e+02    -9.66656223e+07     2.44499278e+04     2.68137069e-01    -8.33031652e+03   
    2.09000000e+02     1.04500000e+02    -9.66656326e+07     2.44677205e+04     2.98035566e-01    -8.33034731e+03   
    2.10000000e+02     1.05000000e+02    -9.66656412e+07     2.44816181e+04     3.21388866e-01    -8.33037140e+03   
    2.11000000e+02     1.05500000e+02    -9.66656438e+07     2.44851835e+04     3.27380208e-01    -8.33037761e+03   
    2.12000000e+02     1.06000000e+02    -9.66656382e+07     2.44767711e+04     3.13244037e-01    -8.33036300e+03   
    2.13000000e+02     1.06500000e+02    -9.66656270e+07     2.44609007e+04     2.86575760e-01    -8.33033536e+03   
    2.14000000e+02     1.07000000e+02    -9.66656167e+07     2.44461805e+04     2.61840222e-01    -8.33030974e+03   
    2.15000000e+02     1.07500000e+02    -9.66656141e+07     2.44403251e+04     2.52000850e-01    -8.33029967e+03   
    2.16000000e+02     1.08000000e+02    -9.66656203e+07     2.44453822e+04     2.60498713e-01    -8.33030871e+03   
    2.17000000e+02     1.08500000e+02    -9.66656310e+07     2.44566638e+04     2.79456089e-01    -8.33032859e+03   
    2.18000000e+02     1.09000000e+02    -9.66656392e+07     2.44660669e+04     2.95257020e-01    -8.33034510e+03   
    2.19000000e+02     1.09500000e+02    -9.66656410e+07     2.44670739e+04     2.96949079e-01    -8.33034694e+03   
    2.20000000e+02     1.10000000e+02    -9.66656363e+07     2.44580147e+04     2.81726217e-01    -8.33033131e+03   
    2.21000000e+02     1.10500000e+02    -9.66656281e+07     2.44422186e+04     2.55182679e-01    -8.33030407e+03   
    2.22000000e+02     1.11000000e+02    -9.66656200e+07     2.44259063e+04     2.27771853e-01    -8.33027596e+03   
    2.23000000e+02     1.11500000e+02    -9.66656149e+07     2.44153740e+04     2.10073499e-01    -8.33025782e+03   
    2.24000000e+02     1.12000000e+02    -9.66656147e+07     2.44145702e+04     2.08722833e-01    -8.33025645e+03   
    2.25000000e+02     1.12500000e+02    -9.66656196e+07     2.44236153e+04     2.23922066e-01    -8.33027207e+03   
    2.26000000e+02     1.13000000e+02    -9.66656282e+07     2.44385848e+04     2.49076502e-01    -8.33029797e+03   
    2.27000000e+02     1.13500000e+02    -9.66656371e+07     2.44527972e+04     2.72958835e-01    -8.33032262e+03   
    2.28000000e+02     1.14000000e+02    -9.66656418e+07     2.44595412e+04     2.84291299e-01    -8.33033436e+03   
    2.29000000e+02     1.14500000e+02    -9.66656390e+07     2.44554783e+04     2.77464099e-01    -8.33032729e+03   
    2.30000000e+02     1.15000000e+02    -9.66656290e+07     2.44430900e+04     2.56646954e-01    -8.33030560e+03   
    2.31000000e+02     1.15500000e+02    -9.66656168e+07     2.44302306e+04     2.35038261e-01    -8.33028295e+03   
    2.32000000e+02     1.16000000e+02    -9.66656104e+07     2.44260638e+04     2.28036467e-01    -8.33027539e+03   
    2.33000000e+02     1.16500000e+02    -9.66656145e+07     2.44353275e+04     2.43603021e-01    -8.33029131e+03   
    2.34000000e+02     1.17000000e+02    -9.66656269e+07     2.44548854e+04     2.76467782e-01    -8.33032525e+03   
    2.35000000e+02     1.17500000e+02    -9.66656401e+07     2.44753366e+04     3.10833679e-01    -8.33036075e+03   
    2.36000000e+02     1.18000000e+02    -9.66656467e+07     2.44865537e+04     3.29682580e-01    -8.33038017e+03   
    2.37000000e+02     1.18500000e+02    -9.66656442e+07     2.44831685e+04     3.23994213e-01    -8.33037427e+03   
    2.38000000e+02     1.19000000e+02    -9.66656348e+07     2.44667589e+04     2.96419783e-01    -8.33034588e+03   
    2.39000000e+02     1.19500000e+02    -9.66656233e+07     2.44443382e+04     2.58744374e-01    -8.33030721e+03   
    2.40000000e+02     1.20000000e+02    -9.66656142e+07     2.44248073e+04     2.25925074e-01    -8.33027361e+03   
    2.41000000e+02     1.20500000e+02    -9.66656107e+07     2.44152846e+04     2.09923368e-01    -8.33025730e+03   
    2.42000000e+02     1.21000000e+02    -9.66656138e+07     2.44185498e+04     2.15410079e-01    -8.33026306e+03   
    2.43000000e+02     1.21500000e+02    -9.66656224e+07     2.44321613e+04     2.38282561e-01    -8.33028667e+03   
    2.44000000e+02     1.22000000e+02    -9.66656333e+07     2.44493945e+04     2.67240947e-01    -8.33031657e+03   
    2.45000000e+02     1.22500000e+02    -9.66656420e+07     2.44618233e+04     2.88126174e-01    -8.33033820e+03   
    2.46000000e+02     1.23000000e+02    -9.66656439e+07     2.44629315e+04     2.89988264e-01    -8.33034024e+03   
    2.47000000e+02     1.23500000e+02    -9.66656372e+07     2.44515012e+04     2.70780988e-01    -8.33032044e+03   
    2.48000000e+02     1.24000000e+02    -9.66656243e+07     2.44329668e+04     2.39636236e-01    -8.33028819e+03   
    2.49000000e+02     1.24500000e+02    -9.66656124e+07     2.44172054e+04     2.13150944e-01    -8.33026068e+03   
    2.50000000e+02     1.25000000e+02    -9.66656092e+07     2.44131176e+04     2.06281974e-01    -8.33025353e+03   
    2.51000000e+02     1.25500000e+02    -9.66656169e+07     2.44230956e+04     2.23048823e-01    -8.33027096e+03   
    2.52000000e+02     1.26000000e+02    -9.66656304e+07     2.44413978e+04     2.53803424e-01    -8.33030289e+03   
    2.53000000e+02     1.26500000e+02    -9.66656416e+07     2.44577659e+04     2.81308172e-01    -8.33033136e+03   
    2.54000000e+02     1.27000000e+02    -9.66656448e+07     2.44634993e+04     2.90942397e-01    -8.33034127e+03   
    2.55000000e+02     1.27500000e+02    -9.66656398e+07     2.44557771e+04     2.77966094e-01    -8.33032786e+03   
    2.56000000e+02     1.28000000e+02    -9.66656300e+07     2.44381791e+04     2.48394893e-01    -8.33029744e+03   
    2.57000000e+02     1.28500000e+02    -9.66656198e+07     2.44182215e+04     2.14858391e-01    -8.33026303e+03   
    2.58000000e+02     1.29000000e+02    -9.66656130e+07     2.44038663e+04     1.90736139e-01    -8.33023832e+03   
    2.59000000e+02     1.29500000e+02    -9.66656117e+07     2.44005179e+04     1.85109559e-01    -8.33023258e+03   
    2.60000000e+02     1.30000000e+02    -9.66656162e+07     2.44092272e+04     1.99744531e-01    -8.33024760e+03   
    2.61000000e+02     1.30500000e+02    -9.66656251e+07     2.44263877e+04     2.28580687e-01    -8.33027721e+03   
    2.62000000e+02     1.31000000e+02    -9.66656351e+07     2.44450362e+04     2.59917293e-01    -8.33030940e+03   
    2.63000000e+02     1.31500000e+02    -9.66656414e+07     2.44576268e+04     2.81074429e-01    -8.33033110e+03   
    2.64000000e+02     1.32000000e+02    -9.66656403e+07     2.44595753e+04     2.84348550e-01    -8.33033429e+03   
    2.65000000e+02     1.32500000e+02    -9.66656315e+07     2.44520507e+04     2.71704447e-01    -8.33032088e+03   
    2.66000000e+02     1.33000000e+02    -9.66656194e+07     2.44420378e+04     2.54878866e-01    -8.33030301e+03   
    2.67000000e+02     1.33500000e+02    -9.66656122e+07     2.44386326e+04     2.49156831e-01    -8.33029667e+03   
    2.68000000e+02     1.34000000e+02    -9.66656153e+07     2.44471937e+04     2.63542784e-01    -8.33031132e+03   
    2.69000000e+02     1.34500000e+02    -9.66656272e+07     2.44653901e+04     2.94119697e-01    -8.33034292e+03   
    2.70000000e+02     1.35000000e+02    -9.66656401e+07     2.44843828e+04     3.26034686e-01    -8.33037595e+03   
    2.71000000e+02     1.35500000e+02    -9.66656466e+07     2.44943003e+04     3.42699881e-01    -8.33039318e+03   
    2.72000000e+02     1.36000000e+02    -9.66656441e+07     2.44898682e+04     3.35252236e-01    -8.33038551e+03   
    2.73000000e+02     1.36500000e+02    -9.66656347e+07     2.44726875e+04     3.06382141e-01    -8.33035584e+03   
    2.74000000e+02     1.37000000e+02    -9.66656233e+07     2.44497262e+04     2.67798387e-01    -8.33031627e+03   
    2.75000000e+02     1.37500000e+02    -9.66656144e+07     2.44297705e+04     2.34265196e-01    -8.33028197e+03   
    2.76000000e+02     1.38000000e+02    -9.66656111e+07     2.44197896e+04     2.17493365e-01    -8.33026491e+03   
    2.77000000e+02     1.38500000e+02    -9.66656143e+07     2.44224200e+04     2.21913467e-01    -8.33026960e+03   
    2.78000000e+02     1.39000000e+02    -9.66656230e+07     2.44350992e+04     2.43219436e-01    -8.33029166e+03   
    2.79000000e+02     1.39500000e+02    -9.66656340e+07     2.44509905e+04     2.69922778e-01    -8.33031932e+03   
    2.80000000e+02     1.40000000e+02    -9.66656429e+07     2.44615526e+04     2.87671216e-01    -8.33033783e+03   
    2.81000000e+02     1.40500000e+02    -9.66656448e+07     2.44601918e+04     2.85384489e-01    -8.33033571e+03   
    2.82000000e+02     1.41000000e+02    -9.66656377e+07     2.44457806e+04     2.61168205e-01    -8.33031088e+03   
    2.83000000e+02     1.41500000e+02    -9.66656239e+07     2.44241715e+04     2.24856732e-01    -8.33027338e+03   
    2.84000000e+02     1.42000000e+02    -9.66656110e+07     2.44059906e+04     1.94305804e-01    -8.33024172e+03   
    2.85000000e+02     1.42500000e+02    -9.66656073e+07     2.44009172e+04     1.85780612e-01    -8.33023287e+03   
    2.86000000e+02     1.43000000e+02    -9.66656154e+07     2.44116990e+04     2.03898079e-01    -8.33025168e+03   
    2.87000000e+02     1.43500000e+02    -9.66656298e+07     2.44323217e+04     2.38552218e-01    -8.33028758e+03   
    2.88000000e+02     1.44000000e+02    -9.66656418e+07     2.44518529e+04     2.71371962e-01    -8.33032144e+03   
    2.89000000e+02     1.44500000e+02    -9.66656454e+07     2.44609296e+04     2.86624278e-01    -8.33033700e+03   
    2.90000000e+02     1.45000000e+02    -9.66656404e+07     2.44563537e+04     2.78935092e-01    -8.33032888e+03   
    2.91000000e+02     1.45500000e+02    -9.66656304e+07     2.44416284e+04     2.54190997e-01    -8.33030327e+03   
    2.92000000e+02     1.46000000e+02    -9.66656202e+07     2.44243207e+04     2.25107340e-01    -8.33027331e+03   
    2.93000000e+02     1.46500000e+02    -9.66656137e+07     2.44123389e+04     2.04973342e-01    -8.33025262e+03   
    2.94000000e+02     1.47000000e+02    -9.66656130e+07     2.44107876e+04     2.02366573e-01    -8.33024995e+03   
    2.95000000e+02     1.47500000e+02    -9.66656181e+07     2.44202366e+04     2.18244634e-01    -8.33026627e+03   
    2.96000000e+02     1.48000000e+02    -9.66656272e+07     2.44366733e+04     2.45864567e-01    -8.33029467e+03   
    2.97000000e+02     1.48500000e+02    -9.66656366e+07     2.44530917e+04     2.73453720e-01    -8.33032307e+03   
    2.98000000e+02     1.49000000e+02    -9.66656418e+07     2.44624088e+04     2.89110025e-01    -8.33033917e+03   
    2.99000000e+02     1.49500000e+02    -9.66656394e+07     2.44609447e+04     2.86649669e-01    -8.33033650e+03   
    3.00000000e+02     1.50000000e+02    -9.66656291e+07     2.44509985e+04     2.69936240e-01    -8.33031891e+03   
    3.01000000e+02     1.50500000e+02    -9.66656163e+07     2.44405994e+04     2.52461791e-01    -8.33030033e+03   
    3.02000000e+02     1.51000000e+02    -9.66656094e+07     2.44394186e+04     2.50477701e-01    -8.33029775e+03   
    3.03000000e+02     1.51500000e+02    -9.66656138e+07     2.44525866e+04     2.72604938e-01    -8.33032025e+03   
    3.04000000e+02     1.52000000e+02    -9.66656273e+07     2.44767423e+04     3.13195732e-01    -8.33036201e+03   
    3.05000000e+02     1.52500000e+02    -9.66656415e+07     2.45016843e+04     3.55107771e-01    -8.33040514e+03   
    3.06000000e+02     1.53000000e+02    -9.66656484e+07     2.45164879e+04     3.79983545e-01    -8.33043061e+03   
    3.07000000e+02     1.53500000e+02    -9.66656455e+07     2.45154760e+04     3.78283093e-01    -8.33042867e+03   
    3.08000000e+02     1.54000000e+02    -9.66656358e+07     2.45003655e+04     3.52891659e-01    -8.33040244e+03   
    3.09000000e+02     1.54500000e+02    -9.66656244e+07     2.44783633e+04     3.15919667e-01    -8.33036448e+03   
    3.10000000e+02     1.55000000e+02    -9.66656159e+07     2.44582778e+04     2.82168299e-01    -8.33033000e+03   
    3.11000000e+02     1.55500000e+02    -9.66656130e+07     2.44468185e+04     2.62912307e-01    -8.33031050e+03   
    3.12000000e+02     1.56000000e+02    -9.66656163e+07     2.44463178e+04     2.62070935e-01    -8.33030994e+03   
    3.13000000e+02     1.56500000e+02    -9.66656244e+07     2.44542247e+04     2.75357470e-01    -8.33032392e+03   
    3.14000000e+02     1.57000000e+02    -9.66656343e+07     2.44642436e+04     2.92193132e-01    -8.33034161e+03   
    3.15000000e+02     1.57500000e+02    -9.66656419e+07     2.44687963e+04     2.99843404e-01    -8.33034991e+03   
    3.16000000e+02     1.58000000e+02    -9.66656431e+07     2.44622946e+04     2.88918125e-01    -8.33033910e+03   
    3.17000000e+02     1.58500000e+02    -9.66656360e+07     2.44442420e+04     2.58582790e-01    -8.33030815e+03   
    3.18000000e+02     1.59000000e+02    -9.66656229e+07     2.44205236e+04     2.18726829e-01    -8.33026717e+03   
    3.19000000e+02     1.59500000e+02    -9.66656111e+07     2.44012599e+04     1.86356433e-01    -8.33023378e+03   
    3.20000000e+02     1.60000000e+02    -9.66656083e+07     2.43953706e+04     1.76460130e-01    -8.33022364e+03   
    3.21000000e+02     1.60500000e+02    -9.66656165e+07     2.44049815e+04     1.92610196e-01    -8.33024050e+03   
    3.22000000e+02     1.61000000e+02    -9.66656303e+07     2.44239535e+04     2.24490324e-01    -8.33027356e+03   
    3.23000000e+02     1.61500000e+02    -9.66656410e+07     2.44418695e+04     2.54596028e-01    -8.33030459e+03   
    3.24000000e+02     1.62000000e+02    -9.66656434e+07     2.44503140e+04     2.68786047e-01    -8.33031899e+03   
    3.25000000e+02     1.62500000e+02    -9.66656380e+07     2.44469606e+04     2.63151133e-01    -8.33031289e+03   
    3.26000000e+02     1.63000000e+02    -9.66656287e+07     2.44355857e+04     2.44036991e-01    -8.33029297e+03   
    3.27000000e+02     1.63500000e+02    -9.66656200e+07     2.44232215e+04     2.23260339e-01    -8.33027145e+03   
    3.28000000e+02     1.64000000e+02    -9.66656151e+07     2.44166603e+04     2.12235041e-01    -8.33026000e+03   
    3.29000000e+02     1.64500000e+02    -9.66656154e+07     2.44198125e+04     2.17531886e-01    -8.33026532e+03   
    3.30000000e+02     1.65000000e+02    -9.66656208e+07     2.44324264e+04     2.38728074e-01    -8.33028699e+03   
    3.31000000e+02     1.65500000e+02    -9.66656298e+07     2.44501741e+04     2.68550918e-01    -8.33031758e+03   
    3.32000000e+02     1.66000000e+02    -9.66656391e+07     2.44660495e+04     2.95227738e-01    -8.33034506e+03   
    3.33000000e+02     1.66500000e+02    -9.66656444e+07     2.44729988e+04     3.06905140e-01    -8.33035719e+03   
    3.34000000e+02     1.67000000e+02    -9.66656420e+07     2.44672723e+04     2.97282492e-01    -8.33034737e+03   
    3.35000000e+02     1.67500000e+02    -9.66656316e+07     2.44511152e+04     2.70132488e-01    -8.33031932e+03   
    3.36000000e+02     1.68000000e+02    -9.66656179e+07     2.44327751e+04     2.39314119e-01    -8.33028732e+03   
    3.37000000e+02     1.68500000e+02    -9.66656092e+07     2.44226654e+04     2.22325877e-01    -8.33026958e+03   
    3.38000000e+02     1.69000000e+02    -9.66656112e+07     2.44272889e+04     2.30095079e-01    -8.33027752e+03   
    3.39000000e+02     1.69500000e+02    -9.66656226e+07     2.44450792e+04     2.59989627e-01    -8.33030840e+03   
    3.40000000e+02     1.70000000e+02    -9.66656359e+07     2.44674528e+04     2.97585857e-01    -8.33034714e+03   
    3.41000000e+02     1.70500000e+02    -9.66656437e+07     2.44841838e+04     3.25700223e-01    -8.33037593e+03   
    3.42000000e+02     1.71000000e+02    -9.66656432e+07     2.44889661e+04     3.33736384e-01    -8.33038392e+03   
    3.43000000e+02     1.71500000e+02    -9.66656364e+07     2.44817706e+04     3.21645106e-01    -8.33037124e+03   
    3.44000000e+02     1.72000000e+02    -9.66656272e+07     2.44676343e+04     2.97890726e-01    -8.33034670e+03   
    3.45000000e+02     1.72500000e+02    -9.66656197e+07     2.44535956e+04     2.74300496e-01    -8.33032246e+03   
    3.46000000e+02     1.73000000e+02    -9.66656163e+07     2.44455979e+04     2.60861174e-01    -8.33030872e+03   
    3.47000000e+02     1.73500000e+02    -9.66656180e+07     2.44463608e+04     2.62143158e-01    -8.33031015e+03   
    3.48000000e+02     1.74000000e+02    -9.66656243e+07     2.44545216e+04     2.75856402e-01    -8.33032441e+03   
    3.49000000e+02     1.74500000e+02    -9.66656331e+07     2.44650973e+04     2.93627612e-01    -8.33034294e+03   
    3.50000000e+02     1.75000000e+02    -9.66656407e+07     2.44713021e+04     3.04054070e-01    -8.33035403e+03   
    3.51000000e+02     1.75500000e+02    -9.66656428e+07     2.44675288e+04     2.97713574e-01    -8.33034787e+03   
    3.52000000e+02     1.76000000e+02    -9.66656369e+07     2.44525909e+04     2.72612098e-01    -8.33032225e+03   
    3.53000000e+02     1.76500000e+02    -9.66656249e+07     2.44313965e+04     2.36997387e-01    -8.33028560e+03   
    3.54000000e+02     1.77000000e+02    -9.66656137e+07     2.44131726e+04     2.06374434e-01    -8.33025401e+03   
    3.55000000e+02     1.77500000e+02    -9.66656107e+07     2.44062948e+04     1.94817046e-01    -8.33024220e+03   
    3.56000000e+02     1.78000000e+02    -9.66656181e+07     2.44128912e+04     2.05901447e-01    -8.33025392e+03   
    3.57000000e+02     1.78500000e+02    -9.66656304e+07     2.44274471e+04     2.30360949e-01    -8.33027944e+03   
    3.58000000e+02     1.79000000e+02    -9.66656396e+07     2.44406153e+04     2.52488569e-01    -8.33030236e+03   
    3.59000000e+02     1.79500000e+02    -9.66656409e+07     2.44451212e+04     2.60060255e-01    -8.33031004e+03   
    3.60000000e+02     1.80000000e+02    -9.66656348e+07     2.44395319e+04     2.50668003e-01    -8.33030013e+03   
    3.61000000e+02     1.80500000e+02    -9.66656253e+07     2.44281433e+04     2.31530907e-01    -8.33028017e+03   
    3.62000000e+02     1.81000000e+02    -9.66656169e+07     2.44181083e+04     2.14668275e-01    -8.33026259e+03   
    3.63000000e+02     1.81500000e+02    -9.66656129e+07     2.44159078e+04     2.10970468e-01    -8.33025854e+03   
    3.64000000e+02     1.82000000e+02    -9.66656146e+07     2.44246976e+04     2.25740705e-01    -8.33027346e+03   
    3.65000000e+02     1.82500000e+02    -9.66656215e+07     2.44431446e+04     2.56738795e-01    -8.33030505e+03   
    3.66000000e+02     1.83000000e+02    -9.66656316e+07     2.44657837e+04     2.94781017e-01    -8.33034397e+03   
    3.67000000e+02     1.83500000e+02    -9.66656414e+07     2.44847391e+04     3.26633449e-01    -8.33037666e+03   
    3.68000000e+02     1.84000000e+02    -9.66656466e+07     2.44925693e+04     3.39791110e-01    -8.33039027e+03   
    3.69000000e+02     1.84500000e+02    -9.66656437e+07     2.44856283e+04     3.28127569e-01    -8.33037835e+03   
    3.70000000e+02     1.85000000e+02    -9.66656325e+07     2.44665997e+04     2.96152324e-01    -8.33034541e+03   
    3.71000000e+02     1.85500000e+02    -9.66656181e+07     2.44443024e+04     2.58684278e-01    -8.33030670e+03   
    3.72000000e+02     1.86000000e+02    -9.66656087e+07     2.44297210e+04     2.34181971e-01    -8.33028140e+03   
    3.73000000e+02     1.86500000e+02    -9.66656103e+07     2.44298850e+04     2.34457593e-01    -8.33028181e+03   
    3.74000000e+02     1.87000000e+02    -9.66656214e+07     2.44436720e+04     2.57625067e-01    -8.33030593e+03   
    3.75000000e+02     1.87500000e+02    -9.66656347e+07     2.44627649e+04     2.89708420e-01    -8.33033916e+03   
    3.76000000e+02     1.88000000e+02    -9.66656428e+07     2.44769559e+04     3.13554638e-01    -8.33036370e+03   
    3.77000000e+02     1.88500000e+02    -9.66656424e+07     2.44797972e+04     3.18329074e-01    -8.33036844e+03   
    3.78000000e+02     1.89000000e+02    -9.66656353e+07     2.44711713e+04     3.03834296e-01    -8.33035334e+03   
    3.79000000e+02     1.89500000e+02    -9.66656258e+07     2.44562332e+04     2.78732580e-01    -8.33032742e+03   
    3.80000000e+02     1.90000000e+02    -9.66656178e+07     2.44423106e+04     2.55337364e-01    -8.33030333e+03   
    3.81000000e+02     1.90500000e+02    -9.66656142e+07     2.44356424e+04     2.44132194e-01    -8.33029182e+03   
    3.82000000e+02     1.91000000e+02    -9.66656160e+07     2.44390995e+04     2.49941513e-01    -8.33029778e+03   
    3.83000000e+02     1.91500000e+02    -9.66656226e+07     2.44512826e+04     2.70413731e-01    -8.33031882e+03   
    3.84000000e+02     1.92000000e+02    -9.66656318e+07     2.44670184e+04     2.96855805e-01    -8.33034606e+03   
    3.85000000e+02     1.92500000e+02    -9.66656400e+07     2.44791848e+04     3.17299985e-01    -8.33036721e+03   
    3.86000000e+02     1.93000000e+02    -9.66656432e+07     2.44816112e+04     3.21377264e-01    -8.33037156e+03   
    3.87000000e+02     1.93500000e+02    -9.66656387e+07     2.44722193e+04     3.05595383e-01    -8.33035540e+03   
    3.88000000e+02     1.94000000e+02    -9.66656281e+07     2.44547717e+04     2.76276767e-01    -8.33032516e+03   
    3.89000000e+02     1.94500000e+02    -9.66656172e+07     2.44375170e+04     2.47282251e-01    -8.33029522e+03   
    3.90000000e+02     1.95000000e+02    -9.66656130e+07     2.44286713e+04     2.32418140e-01    -8.33028000e+03   
    3.91000000e+02     1.95500000e+02    -9.66656180e+07     2.44314069e+04     2.37014980e-01    -8.33028502e+03   
    3.92000000e+02     1.96000000e+02    -9.66656282e+07     2.44420735e+04     2.54938853e-01    -8.33030383e+03   
    3.93000000e+02     1.96500000e+02    -9.66656368e+07     2.44529812e+04     2.73268003e-01    -8.33032290e+03   
    3.94000000e+02     1.97000000e+02    -9.66656393e+07     2.44573814e+04     2.80662054e-01    -8.33033051e+03   
    3.95000000e+02     1.97500000e+02    -9.66656353e+07     2.44530507e+04     2.73384764e-01    -8.33032289e+03   
    3.96000000e+02     1.98000000e+02    -9.66656277e+07     2.44427396e+04     2.56058214e-01    -8.33030491e+03   
    3.97000000e+02     1.98500000e+02    -9.66656202e+07     2.44321582e+04     2.38277446e-01    -8.33028648e+03   
    3.98000000e+02     1.99000000e+02    -9.66656156e+07     2.44271344e+04     2.29835495e-01    -8.33027764e+03   
    3.99000000e+02     1.99500000e+02    -9.66656157e+07     2.44312279e+04     2.36714133e-01    -8.33028453e+03   
    4.00000000e+02     2.00000000e+02    -9.66656204e+07     2.44443924e+04     2.58835560e-01    -8.33030706e+03   
    4.01000000e+02     2.00500000e+02    -9.66656286e+07     2.44628544e+04     2.89858810e-01    -8.33033878e+03   
    4.02000000e+02     2.01000000e+02    -9.66656373e+07     2.44802481e+04     3.19086865e-01    -8.33036876e+03   
