0    -0.22191714    -0.35263928    0.56796137
10    -0.25214450    1.07581249    0.57870085
20    -0.21148278    2.57533300    0.56354264
30    -0.03730462    2.83300625    0.58671857
40    -0.68165399    -1.78539308    0.31518132
50    -0.53549484    -0.96056045    0.39736515
60    -0.07940712    -0.91803367    0.19886327
70    -0.17205915    2.30844218    0.57989731
80    -0.19412493    -0.49702364    0.36418931
90    0.03156137    0.64826813    0.47962313
100    0.01508140    0.98703806    0.74127153
110    0.82766413    0.80489425    0.41290883
120    -0.13324310    2.98376832    0.73340043
130    0.28904198    1.29640605    0.67515467
140    0.70049753    -0.04569262    0.53472684
150    0.06070302    1.56730959    0.61497488
160    -0.03880932    0.31298319    0.69755932
170    0.50275881    0.20370215    0.44244909
180    -0.17335330    3.80457908    0.71943588
190    -0.30990327    3.63949676    0.60533606
200    -0.38897305    3.63667239    0.75474119
210    0.26901782    0.31663613    0.20973873
220    -0.45612562    3.04054505    0.48078403
230    0.62088109    -2.22830845    0.10527416
240    -0.68643470    3.11897319    0.45859707
250    -0.03378348    0.23886789    0.28625181
260    0.54211473    -0.53930385    0.30845335
270    0.41995121    -0.43626769    0.29833177
280    -0.75976169    2.30996104    0.33669879
290    -0.54280924    1.96804653    0.07565648
300    0.05114851    0.64028752    0.17904156
310    -0.43015183    1.80640523    0.57224383
320    1.01607761    -2.48267176    0.58720360
330    -0.48234222    2.47656831    0.32460740
340    -0.18947354    0.76996464    0.61760985
350    -0.00944514    1.17189620    0.53558444
360    0.33879685    -0.79161393    0.91712449
370    -0.62983009    2.55663545    0.67169325
380    0.69777362    -1.29946147    0.74797381
390    -0.25444933    1.37334878    0.66432444
400    -0.23872101    1.55615698    0.46603742
410    -0.27241043    1.64159117    0.60595717
420    0.05574856    0.79584047    0.81479853
430    -0.56694743    1.89782823    0.63297451
440    -0.11166421    0.20336418    0.68852323
450    -1.22192542    3.41388512    0.14518218
460    -0.17137737    0.23913295    0.50766735
470    -0.83683582    3.07476795    0.24057922
480    -0.69023482    2.95813005    0.21541750
490    -0.31886868    1.64836751    0.23138547
500    -0.08910905    1.43658571    0.30274720
510    1.46850836    -3.54713195    1.01565176
520    0.17160798    0.19447051    0.44280021
530    -0.07706961    0.81659716    0.25596823
540    0.33659644    -0.63784509    0.82876025
550    -0.50865885    2.26837313    0.23231052
560    -0.83567214    2.22035497    0.06782492
570    0.30677353    -0.57201515    0.65135402
580    0.43580683    -1.01691700    0.72752228
590    -0.90566179    2.36270000    0.04441704
600    -0.85828417    1.99548492    0.06063894
610    -0.39715827    0.76315204    0.39046471
620    -0.38907037    0.52254437    0.49125784
630    -0.07894227    1.01086128    0.34742226
640    0.59270893    -0.79217835    0.83712926
650    -0.66547691    2.44337337    -0.10474513
660    -0.17512896    1.15919306    0.30831527
670    1.09497401    -0.13701314    0.38349107
680    -0.70634217    2.70157726    -0.20176775
690    -0.66309045    2.94359835    -0.32392019
700    -0.14241694    1.53204398    -0.08924002
710    -0.93292271    1.77362231    0.19598017
720    0.17386900    0.39751294    0.18336711
730    -1.41453241    3.04577714    -0.52693460
740    -1.18409234    2.76118155    -0.48692698
750    -0.61252110    1.08763372    -0.06708440
760    0.25520096    0.11247778    0.19201637
770    -1.55514080    2.55083865    -0.43497025
780    -0.92704768    0.80563728    0.34866157
790    1.07147407    -1.75660522    0.78610595
800    -1.60769753    2.02607952    -0.15175414
810    -1.72703608    1.92216919    -0.47191975
820    -0.71767752    0.66020460    0.05411137
830    0.56352796    -2.15488782    1.24414281
840    -0.17554891    -0.27181806    0.78332151
850    -1.90881326    2.10623119    -0.22290749
860    0.18714436    -0.29908111    0.77855624
870    -0.87889947    0.49140597    0.51791384
880    -0.58725858    1.03341251    -0.07252712
890    -2.03818448    2.31230215    -0.36199631
900    -0.83838930    1.01032474    0.30123659
910    1.77028255    -0.65756460    0.50487531
920    -0.28685281    1.15848486    -0.15596900
930    -1.07524262    1.35477041    -0.56078483
940    -0.35816559    1.16258255    -0.07689336
950    1.23546690    -0.99464617    0.23586266
960    0.51166417    0.20484968    0.09955468
970    -1.76889415    2.58816541    -0.53202187
980    1.86295203    -0.39261882    0.52958507
990    -1.62914830    2.38952768    -0.30929483
1000    -2.16087145    2.57005560    -0.30997076
1010    -1.10086796    1.21846790    0.36528595
1020    -1.37163696    1.20481958    0.50351463
1030    -0.04132620    -0.07385848    0.74816689
1040    -0.00135035    0.20036423    0.73035700
1050    1.74276670    -1.04823578    1.44512319
1060    -2.16266649    1.83120030    0.28460803
1070    0.79796439    0.00219816    1.18386929
1080    -0.03671811    -0.01453115    0.82416605
1090    2.84393483    -2.19050437    1.69985769
1100    2.30753136    -1.26255561    1.16723552
1110    -0.68463046    0.46454240    0.14920736
1120    -2.49207604    1.51917334    -0.17349733
1130    2.04954853    -0.87722992    0.82682421
1140    -0.00097941    0.85322027    0.09508167
1150    -1.80229091    1.15237170    -0.46280470
1160    -0.68706068    0.69773691    -0.01980311
1170    -2.22740918    1.47093423    -0.40580585
1180    -0.85536054    0.63723865    0.35206839
1190    0.26212936    0.26324059    0.35949817
1200    2.23384631    -0.28920356    0.97455438
1210    0.42120229    0.59331681    0.57630749
1220    -2.84513634    1.52347527    -0.34016158
1230    -0.09269055    0.30226161    0.57520645
1240    -3.36868691    1.23154933    -0.10342014
1250    -1.30956083    0.38271264    0.69337486
1260    -3.10536260    1.00836081    -0.21896369
1270    -1.39673346    0.74219297    0.18234896
1280    -2.75217730    1.08445549    -0.16886095
1290    0.30229085    -0.09729083    1.03415895
1300    -2.87890119    0.96636685    -0.20812872
1310    0.22411809    0.09186322    0.38450712
1320    0.71336307    0.10716297    0.55949457
1330    1.94323798    -0.49222863    0.80690701
1340    3.31241652    -0.49703409    1.17813455
1350    -0.45271460    1.07527911    -0.01969756
1360    -1.06607326    0.54325887    -0.06576918
1370    -1.03708544    0.45861664    -0.19759982
1380    -1.39549509    0.30013961    -0.07591078
1390    -2.50783276    1.10436003    -0.73065516
1400    1.58211003    -0.03123890    0.91772881
1410    -2.71416806    1.16354941    -0.66651199
1420    -1.05852115    0.68685096    -0.00229856
1430    1.81033388    0.12636680    0.99751305
1440    -2.91195123    1.14968097    -0.51929492
1450    3.53930478    0.19276748    1.44339115
1460    -2.88694080    0.51792267    -0.24759284
1470    -0.89130058    0.38551107    0.42557579
1480    -2.88107576    0.55973717    -0.10999867
1490    -2.75967896    0.52347797    -0.18560323
1500    -1.06770740    0.20384046    0.55869736
1510    0.73474364    -0.02355833    0.91110120
1520    -2.38830366    0.45247136    -0.41897238
1530    5.61868211    -0.49445320    2.12608173
1540    -1.00991296    0.08824092    0.37258871
1550    0.70306139    -0.20004693    0.84212449
1560    0.06772402    -0.08980371    0.55959955
1570    -2.66612501    0.25518086    -0.84242013
1580    -2.80796101    0.37372152    -0.94454220
1590    -2.33594400    0.54027515    -0.71753586
1600    -1.80335690    0.37161665    -0.61811715
1610    0.27203092    -0.04097101    0.39942538
1620    -2.49556240    0.45592506    -0.50471482
1630    -2.38167505    0.50995393    -0.51923914
1640    -2.18113178    0.58310694    -0.48301466
1650    -0.85001133    0.16988649    0.23652672
1660    -2.74440824    0.52557409    -0.79399514
1670    -2.53102398    0.65106937    -0.49915805
1680    -2.84432385    0.61296573    -0.41531600
1690    2.06202294    0.55530466    1.37459254
1700    -2.24169699    0.58809671    -0.25013901
1710    -1.27228921    0.75601030    -0.15959541
1720    -1.28965401    0.56151223    0.16359262
1730    -2.42608226    0.27806917    -0.28358288
1740    -0.99692267    0.47421143    0.46048573
1750    -2.34629489    0.80255868    -0.45741367
1760    -1.05652105    0.79880653    -0.11854027
1770    2.30650929    1.01493402    1.17959984
1780    -1.02110568    0.65198088    -0.67882472
1790    -2.83722325    0.00305015    -1.04252094
1800    1.86346348    1.15485564    0.65117653
1810    -2.79610592    0.07392524    -0.96525409
1820    0.44654787    0.38299141    -0.15718781
1830    -2.47670889    -0.20884218    -1.04985998
1840    -1.01637162    0.46704137    -0.54604795
1850    -1.56276112    -0.43806787    -0.23932095
1860    0.29106863    0.34281823    0.67621996
1870    -1.41778514    -0.10682194    -0.17031432
1880    -1.16238745    0.02838627    -0.10414362
1890    -1.94197510    -0.23502583    -0.39519719
1900    0.18231317    0.26283995    0.51779316
1910    1.11779931    0.40624757    1.20086194
1920    -0.84423870    0.14673561    0.58019628
1930    1.42217869    0.33336716    1.34473392
1940    -2.39051837    -0.43150947    -0.04932466
1950    -0.28976222    0.57462755    0.54398005
1960    -0.54502936    0.61074769    0.55900084
1970    2.60053184    0.59323329    1.89145631
1980    -1.62384358    -0.26162836    0.21485979
1990    -2.45163487    -0.06248836    -0.17989355
2000    -2.68453234    -0.44110905    -0.25240785
2010    -1.49048543    -0.02299613    0.29198759
2020    1.03451513    0.77833402    1.29179434
2030    -3.00194894    -0.57986646    -0.45193918
2040    1.58906611    1.89664553    0.59559641
2050    -1.44780515    -0.57418081    0.02326205
2060    -0.25853438    0.01330258    0.57618861
2070    1.69220553    0.90454905    1.47091472
2080    -1.70811667    -0.62544493    -0.12657850
2090    -0.90453451    -0.23784225    0.09972268
2100    0.65646348    1.16120435    0.77591494
2110    0.88666533    1.04460548    0.86391702
2120    3.37629392    2.93256168    2.05492224
2130    -2.38279206    -1.39059033    -0.22576390
2140    -1.02326454    -0.65231387    0.35506377
2150    0.81770511    0.41469596    0.70995823
2160    -1.90833946    -1.10234202    -0.14920046
2170    0.37211518    0.39176111    0.62976222
2180    -1.07724457    -0.04684313    0.15297280
2190    1.57770132    1.43750311    1.01207512
2200    -2.37932919    -1.47069498    -0.71555566
2210    -2.58471639    -1.65335292    -0.84297412
2220    -0.50724768    -0.51598347    -0.27865034
2230    -2.68625943    -1.08508879    -1.09327079
2240    -2.70257613    -1.45193214    -1.20301953
2250    0.20564638    0.45421141    0.04061184
2260    0.32537773    0.54685637    0.20535352
2270    -1.03231932    -0.61263146    -0.70378857
2280    -0.98644973    -0.84948834    -0.24310210
2290    -0.70936372    -0.57243045    -0.12246501
2300    -0.83199283    -0.46298284    0.01747360
2310    0.46482145    0.46145654    0.54568378
2320    -2.09910493    -1.36362947    -0.50502686
2330    -0.37661390    -0.08240857    0.49923113
2340    -1.96666804    -1.87309657    -0.41874704
2350    -1.92855714    -2.17971681    -0.30683170
2360    0.38737688    0.31612224    0.93177978
2370    0.54645816    0.64186916    1.24879421
2380    -2.19368522    -2.01404694    -0.19616731
2390    -0.86753367    -0.80408312    0.30427817
2400    -2.08284298    -2.57006092    -0.55583239
2410    2.86404663    2.78980837    1.41758032
2420    -1.99808092    -1.84131108    -0.62398670
2430    -1.98363115    -1.71978917    -0.47363280
2440    -0.07947337    0.58714328    0.20677634
2450    -2.16877149    -2.03843529    -0.72949859
2460    0.04819940    0.18222070    0.29942978
2470    -2.15400371    -1.86405392    -0.82132015
2480    0.10554892    0.81002718    0.33312379
2490    0.27373600    0.34370109    0.59127510
2500    2.50728658    2.79070296    1.11789643
2510    -1.77856023    -2.16371083    -0.43239580
2520    -0.67439085    -0.75626122    -0.16688704
2530    1.65937295    1.72321732    1.02926622
2540    0.40120441    0.61974753    0.89564308
2550    0.25099074    0.46345177    0.56890843
2560    -1.72495722    -2.06189344    -0.28881646
2570    0.13437172    -0.04001706    0.50541134
2580    -1.75144529    -2.11819480    -0.40731555
2590    2.13107830    2.26919075    1.22346634
2600    -0.84262613    -1.00107072    -0.04867071
2610    -0.72710307    -0.93781785    0.22690328
2620    -1.21047063    -1.21317226    0.02318063
2630    -0.42044823    0.95650786    0.32626632
2640    -1.80456621    -1.71696923    -0.46432338
2650    -0.67360351    -0.82541355    0.03135074
2660    0.05837206    -0.26695446    0.52169083
2670    -2.06102485    -2.11909526    -0.33047833
2680    -2.14172408    -2.92191150    -0.33213841
2690    -1.74789951    -1.76794694    -0.28905488
2700    0.56439098    0.74872923    0.70221460
2710    -0.43832964    -0.36537190    0.10406016
2720    -0.40517350    -0.93536802    0.46873667
2730    -1.42091735    -2.40932985    -0.11608947
2740    -1.20207953    -2.40442826    -0.12928862
2750    -1.27024525    -2.37369464    -0.02098319
2760    0.36067934    0.03090587    0.47237181
2770    -0.33241010    -1.06754468    0.32633929
2780    -1.33734979    -2.01994604    0.14180413
2790    -0.71666746    -1.38729355    0.28494216
2800    0.12040797    -0.37374064    0.63209770
2810    1.45654315    2.95848643    1.13005894
2820    0.10531578    0.18570321    0.63919152
2830    0.64860493    1.20267240    1.05962141
2840    -0.37234333    0.44240388    0.63040414
2850    -1.45278170    -2.43703273    0.19577583
2860    -0.34307602    -0.12574645    0.42337806
2870    -1.49250516    -2.16259821    -0.01445518
2880    -1.53393832    -2.57510930    0.08846502
2890    -1.28807918    -2.30945922    -0.04524562
2900    -1.19890630    -2.56030322    -0.05551382
2910    0.12859884    -0.62242050    0.19291960
2920    -0.02139389    -1.09621611    -0.04728913
2930    -0.82295464    -2.40929299    -0.25961332
2940    -0.26729730    -0.74745251    -0.03740969
2950    -0.26010419    -0.86880440    -0.10934500
2960    0.20534047    -1.29308304    -0.08127403
2970    -0.60560521    -2.70315467    -0.33048746
2980    -0.14496226    -0.91651859    0.22069625
2990    0.11974672    -1.37808908    0.13923102
3000    -0.77463960    -2.68223884    -0.16174673
3010    -0.05992411    0.17097155    0.31675263
3020    -1.15495409    -2.19375416    -0.20435764
3030    -0.97162205    -2.62051114    -0.20153698
3040    -0.59291226    1.26824105    0.15427586
3050    0.19193627    3.23915905    0.74274063
3060    -1.06362625    -1.56705953    -0.11181336
3070    -0.41857969    -0.92133618    -0.03471511
3080    -0.24040019    -0.86688299    0.15908802
3090    -0.42553584    -0.55794195    0.12373290
3100    -0.42085441    1.25399233    0.21438252
3110    0.46888247    3.98333330    0.23601287
3120    -0.70517408    -2.61570155    -0.18171297
3130    -0.69017135    -2.24338582    -0.05559141
3140    0.09291238    -1.08764923    0.27855396
3150    0.02258324    2.19100674    0.23526010
3160    0.26218696    1.30284432    0.39225184
3170    0.50624929    2.79704058    0.47455952
3180    0.10212319    -2.20130899    0.28264268
3190    0.50885153    3.71370255    0.87358659
3200    0.01358277    -2.38293154    0.36935938
3210    0.25399599    2.97128903    1.04397351
3220    0.39135862    -1.16268290    0.49920588
3230    -0.08875392    -0.49816066    0.54711099
3240    -0.15410731    -2.43181241    0.45090600
3250    -0.14896115    -2.40604677    0.50376571
3260    0.10846771    -0.83990639    0.69897688
3270    -0.18135947    -2.61114536    0.49173538
3280    -0.29984015    1.33773316    0.55404169
3290    -0.16018872    0.44400013    0.62421808
3300    -0.59368243    -0.86677268    0.71272905
3310    -0.10686545    -1.34332920    0.57298351
3320    -0.26547463    0.59314706    0.46107694
3330    -0.23186188    0.69892258    0.63206347
3340    -1.08405462    4.59519385    0.80611927
3350    -0.16901090    -2.81714642    0.33718842
3360    -0.57789773    1.27433268    0.52513423
3370    0.26570599    -1.07789038    0.57219225
3380    0.06709043    -1.05539674    0.52073589
3390    0.52298857    -3.10093684    0.30486549
3400    0.56610173    -2.69774059    0.50567890
3410    0.56804000    -1.14701138    0.57775118
3420    0.59231617    -3.02734560    0.47905649
3430    0.25374349    -1.15762800    0.43513073
3440    1.02179825    -3.30697281    0.30749966
3450    0.59316671    0.36869588    0.28167821
3460    0.43577526    0.40594500    0.51739958
3470    0.35941326    -1.36184286    0.34896428
3480    0.28751185    -1.42793469    0.34939570
3490    0.36797198    -0.92777401    0.42236140
3500    0.73346580    -2.90270601    0.15284921
3510    0.18004949    -1.08255933    0.26582447
3520    0.90694970    -3.13374392    0.40614344
3530    0.97312898    -3.14876319    0.49582820
3540    1.07294535    -2.79112284    0.57456238
3550    0.76156106    -1.91121645    0.49677948
3560    0.27674835    0.36723039    0.35615181
3570    0.43583788    0.42681683    0.58403657
3580    1.05791971    -2.45355043    0.48336978
3590    0.33429043    -1.36816596    0.46140673
3600    0.09482610    -1.04891877    0.36802473
3610    -0.89261503    2.30645141    0.22735135
3620    0.11068018    -0.07670516    0.19883578
3630    -0.87472853    0.53767230    0.31832548
3640    0.20126713    -0.84643039    0.25111022
3650    -0.01041367    -1.16148150    0.01640217
3660    -0.23531530    0.01279853    -0.03466484
3670    0.23405963    -1.22356444    0.13179019
3680    -1.09085890    1.76065139    0.04833419
3690    0.00604275    -0.72036692    0.32695335
3700    0.57482365    -2.19311790    0.50796833
3710    -1.27832131    3.24967542    0.24469920
3720    0.95284094    -2.26058302    0.57919786
3730    0.89009681    -2.02123605    0.76741908
3740    1.14089417    -2.22650784    0.65086085
3750    0.86509484    -2.06788621    0.76626582
3760    0.21375360    -0.63941738    0.74487367
3770    0.92543286    -2.03138350    0.88165761
3780    0.93810877    -2.15780780    0.90883493
3790    1.00844792    -2.04587854    0.84132501
3800    0.12110987    -0.76100949    0.63072261
3810    1.19038285    -1.97356671    0.64311797
3820    -0.38959140    0.70247049    0.10204613
3830    1.22624127    -2.08431983    0.54183761
3840    -1.09185124    1.65163398    0.00005778
3850    -0.44834211    1.01809006    0.45556854
3860    -0.35551656    0.27422210    0.00482145
3870    -0.45497330    0.70466591    -0.06217049
3880    -2.23007919    2.87131444    -0.25845215
3890    0.54813377    -0.29380430    0.35969493
3900    -0.81128647    1.88972368    0.23763265
3910    1.24433658    -1.96920070    0.66900293
3920    0.21850759    -0.92616231    0.22836134
3930    -0.75334320    1.62591782    0.05596239
3940    -1.14672827    0.79616973    0.09530910
3950    0.84121374    -0.39965720    0.57165169
3960    -0.39403007    0.83451155    0.42562478
3970    1.43740661    -0.58392302    0.43568906
3980    0.99049832    -0.79141232    0.31280808
3990    1.38190748    -1.28193348    0.41910599
4000    1.13614639    -0.31790191    0.65210245
4010    0.25776083    0.81393708    0.54450715
4020    1.56216191    -0.51215863    0.74061339
4030    -0.90401302    1.85509556    0.22396471
4040    -0.00247436    0.65790596    0.49345684
4050    0.72563203    -0.56905433    0.59107742
4060    1.59200276    -1.76094923    0.95642806
4070    1.00473434    -0.65174162    0.97422943
4080    -0.71806145    0.84475275    0.73099180
4090    1.36821923    -1.78598478    1.04008922
4100    0.70630418    -0.80564190    0.67180057
4110    -0.71735882    0.98535057    0.54529221
4120    1.11835723    -0.33285147    0.83027630
4130    0.93048383    -0.83123391    0.98848107
4140    0.16019195    0.04322662    0.59951485
4150    1.09118409    -0.96142526    0.77342866
4160    -0.47803784    0.28070453    0.46352688
4170    -1.10699379    0.65422212    0.19354052
4180    -0.29103520    0.10362583    0.77837390
4190    2.37144015    -1.82556810    1.08382999
4200    0.54899837    -0.78861727    0.74842856
4210    2.19386573    -1.58728922    0.87214941
4220    -0.35744760    0.08442786    0.33365207
4230    1.62220766    -1.22065037    0.68379076
4240    2.02098477    -1.73236887    0.67820872
4250    1.04823366    -0.93665917    0.34795605
4260    0.10390256    0.11352520    0.03558628
4270    1.31594530    -1.02133261    0.25342082
4280    -0.39956950    0.44522796    -0.00425436
4290    1.36476419    -0.77727683    0.26184040
4300    2.33593786    -1.70325828    0.43698571
4310    0.76605030    -0.82319213    0.01352437
4320    0.39768895    -0.39727336    -0.21105832
4330    0.52943727    -0.32984893    0.22962093
4340    -0.84224694    0.27061268    0.04432615
4350    2.29317066    -1.34268314    0.90160386
4360    0.59359188    0.05747975    0.39412930
4370    0.89825021    -0.32107983    0.62943204
4380    0.17866608    -0.15155556    0.38732800
4390    2.30727692    -1.09411239    1.00379200
4400    2.42054723    -0.92657853    1.08398788
4410    0.56544508    0.51363938    0.58453942
4420    2.41603849    -1.25011122    1.32809878
4430    1.14223374    -0.21788347    0.81503243
4440    -0.61662698    0.53923959    0.28005516
4450    1.56467231    -0.46659166    0.94634656
4460    1.14708618    -0.33864148    0.78225016
4470    1.09549707    -0.48185961    0.94631543
4480    0.13870523    0.35931433    0.72474371
4490    2.80006179    -1.00831702    1.20106994
4500    -2.41547171    1.09369232    0.17703023
4510    2.29375755    -0.58465024    1.03337778
4520    -0.71151417    0.30782353    0.62403148
4530    1.52342166    -0.42335066    0.89196415
4540    -0.81605482    0.74845610    0.42163592
4550    2.32955141    -0.64292278    0.90357286
4560    2.31278612    -0.63407784    0.77100501
4570    1.05735784    0.16375923    0.39737990
4580    0.85166559    0.19723663    0.56681652
4590    2.91098721    -0.76848671    1.01353238
4600    1.16167001    0.25337380    0.46558300
4610    2.81428038    -0.93304207    0.59140530
4620    -0.10706008    0.45710859    -0.42862096
4630    0.00143917    0.52850308    -0.17832345
4640    3.00698024    -0.77006382    0.63614622
4650    3.52551151    -0.73507814    0.71968561
4660    3.10290147    -0.34764211    0.61605892
4670    0.15345772    0.57381595    -0.06993259
4680    -0.27865219    0.61224685    -0.14425366
4690    -1.42815577    1.02523333    -0.55612733
4700    3.04971868    -0.16654471    1.18117448
4710    1.40919362    0.38826201    0.66251811
4720    -1.65592967    0.80128356    0.31875711
4730    2.38152855    -0.01681832    0.99819356
4740    2.05206251    -0.32771807    1.15301932
4750    0.75663266    0.53489768    0.98955391
4760    0.62047232    0.12628850    1.12724515
4770    -0.58915403    0.29478135    0.94152998
4780    -1.72184322    0.78935223    0.50713762
4790    1.49996284    -0.11574008    1.00039259
4800    -2.00138656    0.69514513    0.11966762
4810    -3.38699345    0.42911895    0.02403328
4820    1.35609225    -0.02418337    1.01710917
4830    2.13179966    0.00264179    1.25452193
4840    -0.42992577    0.42752692    0.31456252
4850    0.67407634    0.18656169    0.49362882
4860    0.89864243    0.37192550    0.42946074
4870    -2.11232562    -0.02003522    0.24701863
4880    1.18511340    -0.07805625    0.65374336
4890    1.63364379    0.17604658    0.72526707
4900    1.30571640    0.31979471    0.69663969
4910    -1.95274995    -0.48301171    0.04133415
4920    1.10443214    0.26109723    0.75456759
4930    3.27084592    0.45719655    1.05449865
4940    2.87758826    0.23483417    1.25245991
4950    1.13119825    -0.01623897    0.84073447
4960    1.26261258    -0.11652038    0.74625946
4970    1.08643169    0.34489041    0.52553403
4980    2.19544808    0.22146253    0.96091745
4990    1.22623892    0.50977431    0.64054754
5000    0.89264343    0.55472870    0.69472798
5010    1.04573557    0.16008590    0.16492329
5020    0.99989955    0.21776583    0.29717726
5030    2.16431657    0.67371791    0.30288369
5040    2.10793310    0.95560836    0.35824216
5050    1.19417875    1.03554481    0.24534093
5060    2.12407195    1.17314155    0.49893331
5070    -0.86275860    0.44875480    -0.23870918
5080    1.41702083    0.40893678    0.51464653
5090    2.08317843    0.61639225    0.70574869
5100    2.08358749    0.95437569    0.87810887
5110    2.26312440    0.82713333    1.04634721
5120    -1.72341906    0.36160801    0.00060494
5130    0.49170330    -0.08546816    0.99427747
5140    2.55137870    0.96199775    1.16457113
5150    -0.74065190    -0.45853368    0.72838364
5160    3.16016788    1.20514606    1.53740800
5170    2.79625780    0.98664231    1.52767441
5180    3.05505874    1.06612790    1.47433272
5190    -0.04990730    0.17512295    0.66072180
5200    1.10117530    0.49966767    1.00009384
5210    -0.39984817    0.86959542    0.19778137
5220    2.55118597    1.03913549    1.31511160
5230    1.00209631    0.74905386    0.91522476
5240    0.64162514    0.29495259    0.76931241
5250    2.35966251    1.38967127    0.82214139
5260    1.75265926    0.80616897    0.84555788
5270    2.40876203    1.40453881    0.69747801
5280    -1.00397868    -0.41370781    0.13525335
5290    1.16308843    1.01673794    0.49671396
5300    2.62833321    1.70687010    0.90501638
5310    2.15050324    1.35651697    0.61582301
5320    -0.82449076    0.70598694    -0.37578106
5330    -0.53054481    0.53018100    -0.06855467
5340    1.61528565    1.24847960    0.70650857
5350    2.02573924    1.41147593    1.07633579
5360    0.76138561    1.15143256    0.50408858
5370    0.97109570    0.68412740    0.65050680
5380    2.30230858    1.66826707    0.88995724
5390    -0.44288058    -0.27371381    0.29459230
5400    0.98396442    0.90426702    0.62641829
5410    -0.06768768    -0.29392225    0.68350928
5420    0.08433793    0.36818039    0.34854614
5430    -0.07365850    0.12350890    0.34506904
5440    -1.56824760    -1.59693942    0.17494300
5450    -0.92629293    -0.48820897    -0.16148307
5460    1.31646713    0.60673489    0.60551428
5470    -2.19809396    -1.49468507    -0.41616917
5480    -0.16045116    -0.25144959    -0.01243032
5490    0.96813118    0.78270448    0.32922101
5500    1.09422246    0.44468237    1.18255758
5510    0.91611668    0.64640844    0.38714156
5520    1.01030767    0.54545889    1.23305045
5530    -0.16419962    -0.48555320    0.89487363
5540    1.98794386    1.49117169    1.07600958
5550    1.87732865    1.28035271    1.13229873
5560    0.45978740    0.50814651    0.69228760
5570    -0.77759226    -0.75160453    -0.02742706
5580    0.41499330    0.67518931    0.42344299
5590    1.78035240    1.26803416    0.75463572
5600    0.95372795    0.97875426    0.32505824
5610    -0.29889900    -0.13424976    -0.47242598
5620    0.69485480    0.44418186    0.25905681
5630    0.64871785    0.56744876    -0.06065689
5640    -0.16367659    -0.53417681    -0.26277719
5650    1.29761379    1.17816782    0.08713570
5660    2.44492548    2.32539942    0.40890240
5670    2.14648362    2.10612045    0.48273787
5680    -1.84779886    -1.81944741    -0.57908674
5690    1.89322684    2.07299323    0.69390253
5700    0.97959036    0.48191775    0.72942617
5710    1.19801986    1.58298293    0.63459118
5720    1.84941344    1.85205706    1.19803601
5730    1.05205962    0.87296808    1.11013401
5740    0.63701190    0.84407307    0.73010740
5750    -0.07728812    -0.22376413    0.53394651
5760    0.87429627    0.79874487    1.01154888
5770    -1.47811941    -2.15816334    -0.08715059
5780    0.30987872    1.08096330    0.88799422
5790    0.26908812    0.54363151    0.61098767
5800    0.15708034    1.04264654    0.71916132
5810    -0.13286590    0.29329506    0.30503483
5820    -0.68530849    -0.59964482    0.29081379
5830    0.68342092    0.90641917    0.52416802
5840    0.35912590    0.55355423    0.50648827
5850    0.79726023    1.77859513    0.67831698
5860    -1.38099644    -2.30499392    -0.32569290
5870    1.31374536    2.47080456    0.68910766
5880    1.00790391    2.04727064    0.69189479
5890    1.02316564    1.92591766    0.75249596
5900    -0.60953538    -0.81411363    -0.28477991
5910    1.09685396    3.07075245    0.88065228
5920    0.41975270    1.39488891    0.75663618
5930    0.32125708    1.39224248    0.52179544
5940    0.45487473    1.18305986    0.29042512
5950    -0.21232178    -0.13347014    0.27584880
5960    -0.11799253    0.05812197    0.56766881
5970    -0.08345294    0.26685795    0.42567601
5980    0.44106272    1.42117480    0.70243374
5990    0.64153753    1.56034803    0.39508766
6000    -0.40597893    -0.14607035    0.46511914
6010    1.12267885    2.69635044    1.18684404
6020    0.34264926    1.71921917    0.67684627
6030    0.52634898    1.05022847    0.50449344
6040    0.72492729    1.91046360    0.93690696
6050    0.37454367    0.72423158    0.29148684
6060    -0.91103201    -1.76770649    -0.22468652
6070    0.60310306    2.39873166    0.78761293
6080    -0.38136896    -0.61511911    0.34314546
6090    0.10318545    0.97383563    0.24687481
6100    0.46987563    2.49118485    0.39105134
6110    0.30839564    1.05234436    0.36057451
6120    -0.49410556    0.13953176    0.00970553
6130    -0.45633483    -0.26942360    -0.20160942
6140    0.11734126    1.20245509    0.40514221
6150    0.72532020    3.24749873    0.60942759
6160    -0.44229051    0.12358911    -0.10311655
6170    -0.10195348    1.72419706    0.62951308
6180    0.09904533    0.17311909    0.52615306
6190    0.72607579    3.11932694    1.12948240
6200    0.91231237    2.45362544    0.88777072
6210    -0.06280493    1.62309060    0.45460509
6220    0.73982313    2.69033531    1.13541070
6230    -0.36444523    1.46206207    0.55617973
6240    -0.16554668    0.03576391    0.37692263
6250    -0.33470030    0.74274817    0.25922538
6260    0.10292350    0.57937233    0.34210254
6270    0.44205732    0.86909482    0.78583281
6280    0.45847508    1.41659925    0.68666747
6290    -0.05990303    1.10105889    0.28491176
6300    0.21703168    1.56001898    0.50985518
6310    -0.09126637    0.88754264    -0.09923484
6320    -0.21122832    -0.30183070    0.01905495
6330    -0.33607491    -1.06050423    -0.31182699
6340    -0.28825603    -2.38259637    -0.02757645
6350    0.30209934    0.38914468    0.04234943
6360    -0.01442718    3.07949800    0.33460402
6370    -0.56466279    -0.00815945    -0.11395298
6380    0.01948125    2.68084588    0.46915664
6390    -0.08213684    1.07034787    0.35875870
6400    -0.36754894    -0.71759834    0.15976376
6410    0.41675632    2.73766803    1.11764279
6420    -0.19854103    -0.57149518    0.42898825
6430    -0.18147102    0.20863947    0.34786843
6440    0.34860001    1.96125599    0.99102463
6450    0.21573721    1.66844835    1.00116982
6460    0.10508095    1.53376594    1.00080099
6470    -0.04355323    2.61563525    0.93599817
6480    0.18804532    -2.08158403    0.79006816
6490    0.21470580    2.59658034    0.75294580
6500    0.07356947    -0.25578385    0.36273545
6510    0.12927015    3.07547799    0.57579129
6520    -0.21895961    0.21370776    0.25832839
6530    0.32048610    1.29117351    0.68394141
6540    0.71388124    -0.23458887    0.43348244
6550    0.74727679    1.12454663    0.57503997
6560    0.13489032    2.54035290    0.35933673
6570    0.35659232    -0.55795003    0.04218745
6580    0.37895673    -1.08236919    0.46307699
6590    -0.03554240    -2.27556060    0.15919215
6600    -0.01182547    2.37932917    0.75595433
6610    -0.26838077    2.74669871    0.53627708
6620    -0.24936385    2.60337808    0.46125680
6630    -0.02021178    2.16618481    0.42294959
6640    -0.17698678    -0.74778531    0.04170291
6650    -0.68533654    3.13043814    0.32679076
6660    -0.62066165    3.06130153    0.19634224
6670    -0.63891949    3.04261770    0.17251434
6680    -0.08612797    2.48785876    -0.07099991
6690    -0.44061198    2.89266367    0.16678069
6700    0.01991215    1.28089368    0.21083648
6710    0.06973983    1.37876586    0.41909459
6720    -0.07632830    -0.38056873    -0.03125209
6730    -0.49061873    1.16301415    0.21511806
6740    -0.23110941    1.00235952    0.45839554
6750    -0.34154459    1.77470175    0.64201051
6760    0.10778961    -0.00799523    0.69942972
6770    -0.52119485    2.61820261    0.90531689
6780    0.30353870    -0.71736920    0.63208050
6790    0.36327807    -0.30639773    0.62152395
6800    -0.40732194    2.38122072    0.62730068
6810    -0.32898777    2.48922772    0.84667980
6820    0.03929353    1.07380123    0.72283001
6830    0.65288391    -1.30042491    0.52669869
6840    -0.60262417    2.43207231    0.58159796
6850    -0.24877723    1.23084299    0.19016500
6860    -1.00033069    2.32631329    0.65258784
6870    0.11186371    -0.18758685    0.45044113
6880    0.54352406    -0.23836849    0.55880124
6890    -1.16560786    2.50989275    0.52943447
6900    -0.39254495    1.68761973    0.43467229
6910    -0.95775998    2.48585400    0.55549376
6920    -0.00950858    1.12630261    0.59783960
6930    -1.06132034    3.00991383    0.67617078
6940    0.37284722    -0.31167816    0.74399521
6950    0.08192341    -0.07579495    0.66325766
6960    -0.65614598    1.36544800    0.47978396
6970    -0.94528620    1.27969526    0.41053496
6980    -0.88141274    1.12422754    0.64188856
6990    0.85128965    -1.69278399    0.40375798
7000    -1.02655256    1.29069196    0.45798068
7010    -0.62945607    1.22845213    0.27295287
7020    -1.22097218    1.96941424    0.18795456
7030    0.13903983    -0.87973341    0.22306743
7040    0.63204583    -0.89232644    0.38628245
7050    -0.27316995    0.96846889    0.40902370
7060    0.27561659    -0.70485558    0.66862592
7070    -0.53900264    0.65752489    0.31104914
7080    -0.60811879    0.54951852    0.36284783
7090    -1.15950378    0.69416276    0.44618373
7100    -1.49334949    2.28268049    0.45205153
7110    -1.43681407    1.21961420    0.55246713
7120    -0.70849335    0.99296147    0.35295802
7130    -0.06094309    -0.17308381    0.64106914
7140    0.15875180    -0.36397068    0.43875967
7150    0.04187698    -0.31079031    0.41084583
7160    -1.86980601    2.66381429    0.17970453
7170    2.80351760    -2.78344082    0.47217621
7180    -1.18986769    1.77349583    0.23625273
7190    -0.78425135    1.64757167    0.22942806
7200    0.14604280    0.45343561    0.02685561
7210    0.68011213    -0.30710389    0.42899046
7220    0.71924012    -0.51738150    0.65976960
7230    -0.09031085    1.27567585    0.45169769
7240    -1.46285291    2.36536816    0.28931606
7250    -1.46341064    2.45408340    0.18413712
7260    -0.34746751    0.59797103    0.50386876
7270    -1.86930968    2.25820328    0.27972578
7280    -2.02768629    2.26009559    0.37449701
7290    -0.70258616    1.00235821    0.50630193
7300    0.80345257    -0.26884760    0.50058134
7310    -0.04447590    -0.26790166    0.56586634
7320    2.30287593    -2.66167394    0.49386513
7330    -0.06987166    -0.42750098    0.73202584
7340    -0.02478228    -0.25977934    0.82587241
7350    0.79354216    -1.58342193    0.75184360
7360    0.16435658    -0.28564747    0.41032276
7370    0.30489116    -0.20794808    0.61712568
7380    0.28397001    -0.47409837    0.46801420
7390    -0.17540254    0.34154753    0.43087322
7400    1.28555492    -1.57273536    0.55166117
7410    -0.27669413    0.48338455    0.33513792
7420    0.45651027    -0.20570013    0.37856689
7430    -0.88118985    1.29223961    -0.06781476
7440    -1.85625994    2.20646283    -0.14295750
7450    -0.63911073    1.43338150    -0.17705550
7460    -1.05980565    1.33038689    0.09710117
7470    -0.62790763    0.12092757    0.39926182
7480    -0.97594879    0.93337627    -0.05122079
7490    0.74886720    -0.04085814    -0.04146349
7500    -1.19965205    0.26595982    0.50030706
7510    0.78638255    -1.35159761    0.94670013
7520    -2.22391868    2.00103142    0.24686577
7530    1.22569217    -0.65501294    0.74407036
7540    0.92002100    -0.41019554    0.49380975
7550    -0.82254044    0.45980104    0.53069190
7560    -1.94846410    1.58561173    0.36967899
7570    0.25800488    -0.83359473    0.94227496
7580    -1.92707936    1.82569631    0.60571218
7590    0.98809281    -0.28088397    1.00222530
7600    -0.04339980    0.87222427    0.38883690
7610    -0.75179216    0.44554885    0.16506650
7620    -0.18647240    0.61951001    0.37507110
7630    -1.75451122    1.47204822    0.13218399
7640    -0.39812001    1.11153069    0.08602207
7650    0.93149670    -0.32298710    0.19260020
7660    3.48133571    -2.33170254    0.87675989
7670    -1.84293177    1.39038696    0.23951845
7680    -0.47093827    0.81830943    0.58183250
7690    -0.98688343    0.63232263    0.62532281
7700    -2.14688696    1.18254666    0.42683298
7710    -1.18245424    0.19548660    0.87399577
7720    -2.48512390    1.23410571    0.43559025
7730    -0.95999530    0.47283621    0.66773639
7740    -0.07321144    -0.45086950    0.83134531
7750    -3.25188726    1.20598096    0.47762828
7760    -2.13671575    0.81789635    0.50796728
7770    -0.49428503    -0.02728636    0.63169607
7780    -1.40111781    0.69872434    0.38416606
7790    -3.34497777    1.19348414    -0.18055438
7800    0.48444115    0.10144073    0.69224457
7810    1.94729951    0.34172644    1.07492813
7820    -2.64092354    1.15800318    0.18001035
7830    -1.83057517    1.11106221    0.25049448
7840    -2.21629860    1.36935397    -0.09901160
7850    1.67770451    0.02612441    0.84698354
7860    -0.33980783    0.76295772    0.44590109
7870    1.21080924    0.08116892    0.92486288
7880    2.61505246    -0.16206019    0.91892325
7890    2.81730221    -0.16071971    0.97671459
7900    2.29099635    -0.25555896    0.85522273
7910    2.79216419    -0.71143513    0.58804154
7920    -0.97831157    0.10980570    0.19677795
7930    3.33559363    -0.35280690    0.83428973
7940    -2.21586652    0.50607875    -0.01177952
7950    -1.78078226    0.25794071    -0.31541965
7960    -2.87226369    0.45828506    -0.42084126
7970    -2.83934145    0.56889891    -0.51208782
7980    -3.15866734    0.82567929    -0.43389750
7990    -2.62645975    0.62517481    -0.47754786
8000    -2.05012445    0.59162866    -0.38131993
8010    -3.21468618    0.74603524    -0.57570712
8020    0.50813773    0.57250534    0.11881194
8030    -3.14420494    0.65558128    -0.33594349
8040    -2.79864650    0.75515379    -0.19959479
8050    -2.86902269    0.86215964    -0.12723404
8060    -2.77739057    0.89659347    -0.09162976
8070    -2.54260308    0.37976528    0.01742686
8080    -2.23727353    0.65002747    0.14761289
8090    -0.98348610    0.50418339    0.14184637
8100    -0.81459169    0.40394406    0.58425870
8110    0.81421779    0.07358399    0.89585217
8120    0.15562094    0.48858554    0.65179693
8130    0.74406204    -0.17710472    0.71342273
8140    -2.52894768    -0.01531193    0.08731471
8150    -0.28465681    0.04803372    0.70569732
8160    -2.64208082    -0.08602102    0.26413062
8170    -1.15005292    -0.25453545    0.59203255
8180    -3.25983393    -0.36562806    0.05257181
8190    -3.06434517    -0.47211019    0.08990170
8200    -3.28839798    -0.36793593    -0.09299287
8210    -0.06164392    0.30208476    0.40434450
8220    -3.49210768    -0.17804572    0.42709381
8230    -3.32115288    -0.04853594    0.35836237
8240    -3.17111341    -0.10486953    0.35222563
8250    -2.93365458    0.27575377    0.09444782
8260    2.82355324    1.12015193    1.16733749
8270    0.74044576    0.38569708    1.25890760
8280    -0.25970399    0.70956126    0.87945805
8290    -2.23158750    0.45209610    0.51070866
8300    -0.31907285    0.53508933    0.69849823
8310    -2.92743311    0.00853900    0.11161652
8320    -2.78542566    0.10514325    0.06542591
8330    -2.17041404    -0.11303383    0.29081310
8340    -1.69321410    -0.09389523    0.34237531
8350    -1.28570598    -0.26141370    0.65092929
8360    0.71478919    0.33146220    0.63269038
8370    -2.96765942    -0.99116252    -0.25433432
8380    0.82474934    0.09344764    0.71690185
8390    -2.69814394    -0.31465573    -0.38955336
8400    -1.31140011    -0.22189581    0.05331562
8410    -0.76922410    0.13179950    0.26042851
8420    2.24186141    0.60510509    0.49954088
8430    -0.87024652    -0.09408193    0.27372158
8440    -2.35969070    -0.21621917    -0.25800859
8450    1.20350852    1.07737047    0.47514623
8460    -2.43270142    -0.16577762    -0.20788160
8470    -2.80987635    -0.39594345    -0.00032519
8480    1.07150951    0.67926564    0.51335565
8490    0.71891495    0.36339552    0.55714357
8500    0.35994884    0.38611549    0.43900752
8510    -2.81164367    -0.12050143    -0.46524245
8520    -2.37286877    -0.20057439    -0.09593420
8530    -1.74128571    -0.06390958    -0.17123875
8540    -1.20779975    0.44440895    -0.35431435
8550    -1.12411411    -0.02902124    -0.38164066
8560    -0.70721024    -0.49679323    -0.39162284
8570    -1.40167185    -0.46731534    -0.26011085
8580    3.09459387    0.90250000    1.19931405
8590    -2.38359892    -0.98143605    -0.21724952
8600    -1.25859750    -0.46607365    0.28538489
8610    -2.53832116    -0.99288951    -0.20429315
8620    -0.91041232    -0.49067685    0.47694603
8630    -2.37414330    -0.23449960    0.13658346
8640    -2.14522087    -0.57820052    0.53854319
8650    -1.39272441    0.19731929    0.41811063
8660    0.46084995    0.42018430    0.84469802
8670    -2.27193494    -0.71444170    0.32924057
8680    -2.35034659    -1.04523705    0.43599295
8690    -2.18092358    -0.97400695    0.48132373
8700    -2.31494636    -0.75316045    0.24489830
8710    0.01090671    0.29270167    0.44256409
8720    -0.17676623    0.67723089    0.14478505
8730    -2.55574544    -1.61579914    0.01199394
8740    0.02574497    0.15048777    0.17986318
8750    -0.18734466    -0.24455390    0.45094560
8760    -1.80913495    -0.95988509    -0.03188677
8770    -0.10054453    0.58778215    0.22824870
8780    -2.66742854    -1.40206063    -0.31269932
8790    -1.28430601    -0.44701270    -0.01328990
8800    -0.14054440    0.51110525    0.25871802
8810    2.27534467    2.57063350    0.79608625
8820    -1.44325793    -0.97627191    0.27537379
8830    1.73715252    1.24508577    0.84665933
8840    -0.45084251    0.12212778    0.04293136
8850    -1.11975399    0.03621641    0.04414865
8860    -1.05542268    -0.35055209    -0.05324651
8870    -0.83273521    0.60729458    -0.14200394
8880    -1.87548518    -1.24650063    -0.14663650
8890    0.03247907    0.27395170    0.32133118
8900    -1.70796686    -0.96499439    -0.03282481
8910    -0.71191645    -0.45957427    0.22667959
8920    -0.30038606    0.54641429    0.47625485
8930    -0.88325410    -1.00615432    0.70271379
8940    -2.06917866    -1.93662466    0.32151758
8950    1.50562194    1.30115150    1.25593758
8960    -1.20660610    -1.03106982    0.72921677
8970    -0.06429546    -0.63369600    0.83114824
8980    -0.73819906    -0.13818303    0.88615626
8990    -2.17784799    -1.84340038    0.65371116
9000    -0.40002880    0.88537886    0.98193651
9010    -1.70693738    -0.58781499    0.62925433
9020    -2.25863071    -1.96171867    0.48635172
9030    -2.15460286    -1.65553496    0.56357104
9040    -1.85581056    -1.09160373    0.49950586
9050    0.45728988    3.08682997    0.89245558
9060    -1.23488279    0.08234623    0.29556703
9070    2.08571148    3.51136913    0.95539625
9080    -0.44621504    0.85419199    0.28647480
9090    -0.19238061    1.52429107    0.06742375
9100    -0.96906329    -0.44314570    0.10040132
9110    -1.55478507    -2.03214126    -0.13147514
9120    -0.67012722    -0.31016447    0.06943549
9130    -0.93235681    -0.65764206    -0.12080529
9140    -1.54484345    -2.27473234    0.02844871
9150    -1.24477398    -2.26182876    0.11525158
9160    1.27855488    1.58010521    0.78921976
9170    0.01033015    -0.67772733    0.40579375
9180    -0.23207755    -0.78045781    0.32836948
9190    1.08759428    1.04063509    0.66804003
9200    2.03649487    3.36515729    1.08786325
9210    1.27702373    1.83073778    1.00242148
9220    -1.35770648    -2.73378750    0.05276925
9230    -1.46228255    -2.18135684    -0.02842113
9240    0.40927229    1.60482459    0.24567051
9250    -1.07767123    -1.09069109    -0.08572174
9260    -1.68506643    -2.22583985    -0.39189166
9270    -1.19881384    -1.00277595    -0.26066426
9280    -1.28637045    -1.51275995    -0.38616584
9290    -1.54307324    -2.29954594    -0.30434630
9300    -1.10148202    -1.11875857    -0.21634924
9310    -0.69431470    -1.11897454    -0.11474619
9320    -0.17341814    0.57287211    0.27347834
9330    -0.07969478    0.45655155    0.48270473
9340    -1.20477587    -2.30135119    0.08264335
9350    -1.09472304    -2.37960192    0.36921366
9360    -0.12290238    -0.74770352    0.74270058
9370    1.48251619    3.24248041    1.43531817
9380    -1.05769987    -2.52037792    0.43494482
9390    -0.35306942    -0.75010923    0.71356547
9400    0.04453189    0.74508872    1.09779519
9410    -0.34008948    -0.67434408    0.67041154
9420    0.66826035    2.04865500    1.19420938
9430    -0.31394516    -0.78827139    0.61939385
9440    -0.72787638    -0.41600475    0.50405258
9450    -1.16167648    -2.78926799    0.01603779
9460    -0.17921604    1.53718963    0.13096786
9470    -0.91198964    -1.19369346    -0.21185633
9480    -1.25514235    -2.64196220    -0.11276167
9490    -1.60994846    -2.81470383    -0.35994877
9500    -0.62089185    -0.10647859    0.18198283
9510    -1.19915936    -1.14676785    -0.42001587
9520    -0.83175938    0.24637151    -0.04421436
9530    -1.25232525    -2.80082153    -0.15575129
9540    0.02310774    2.28900533    0.83344167
9550    0.59534999    3.28856748    0.84364756
9560    -0.35882421    0.01918430    0.34826264
9570    -0.13700331    -1.05173865    0.58342788
9580    0.55148649    1.25520757    0.87735239
9590    0.01624337    -1.08023522    0.63570433
9600    0.23277764    -0.43152097    0.60472552
9610    0.25570259    -0.83464844    0.59964539
9620    0.79983046    1.66219369    0.83341870
9630    0.00119638    -2.26188156    0.35849243
9640    0.06249152    -0.47937942    0.16273157
9650    -0.13873888    -0.31656353    0.29883537
9660    -0.44173879    0.59361536    0.32238148
9670    -0.19082339    0.81017921    0.35791892
9680    -0.44373880    -1.70640635    0.34261673
9690    -0.67318161    -2.67002312    0.27366303
9700    -0.32732582    -1.87284085    0.31106361
9710    0.13895996    -1.19729988    0.78226983
9720    0.09628176    -3.21038942    0.45951462
9730    -0.49702555    -3.49517129    0.56935279
9740    0.05189960    0.22372939    1.07027358
9750    0.05626101    1.39544667    1.13674990
9760    -0.05920194    -2.74011514    0.87754425
9770    -0.34396696    -2.36923650    0.65545477
9780    -0.26741497    0.42112111    1.00533992
9790    -0.37311411    0.41393398    0.83282401
9800    -0.18833345    2.05427908    1.02541328
9810    0.38681867    0.12175030    0.90315891
9820    0.16009874    -2.58751690    0.31019225
9830    0.20960382    -1.97176624    0.48349021
9840    -0.07476441    0.79199477    0.57989165
9850    0.46385933    -0.80048224    0.44485406
9860    -0.11815827    -2.21665845    0.18058565
9870    0.14834247    -2.08162289    0.15309124
9880    -1.07219261    0.66135785    0.41345575
9890    -0.32662878    -2.20001065    0.15339160
9900    -1.01665027    0.03253935    0.16377419
9910    -0.05533369    -0.83666978    0.35302015
9920    0.21644200    -2.65118374    0.03208620
9930    -0.19571872    -1.37200368    0.06757520
9940    -0.81328139    0.48921364    0.21266463
9950    -0.46980212    3.27891516    0.59355498
9960    0.96668201    -3.22755910    0.19478310
9970    0.24785407    -1.55139604    0.23839432
9980    0.26632890    0.71921289    0.49100096
9990    0.55556794    -1.17943034    0.33322774
10000    0.96755080    -1.56471403    0.36181695
10010    -0.26058639    1.43317714    0.49144899
10020    0.42640003    -0.86512251    0.51468595
10030    0.05829551    0.36843522    0.54275406
10040    -0.61975416    2.77353327    0.86830226
10050    0.92821964    -1.11199606    0.64104418
10060    -0.03047746    0.50098894    0.67291186
10070    -0.25826166    2.02976287    0.87812307
10080    0.96403350    -2.39049779    0.67894884
10090    -0.41315697    0.08944644    0.53887205
10100    -0.31079210    0.14775975    0.58781332
10110    0.17885476    -0.74056704    0.30739847
10120    -1.00657172    1.86012020    0.52450366
10130    -0.40590139    0.42865726    0.54597869
10140    0.16505918    -1.60474888    0.21257847
10150    1.13318488    -2.89164776    0.17895371
10160    1.11277636    -3.06043916    0.14592832
10170    1.40691633    -2.88424585    0.12504508
10180    0.97895274    -1.97060978    0.12270388
10190    0.89005629    -2.30016671    0.03463370
10200    1.59058273    -2.83165375    0.19175850
10210    0.71526436    -1.22902533    0.12216439
10220    0.67068068    0.39622176    0.41301167
10230    0.96346170    -1.36211606    0.12072891
10240    1.55062146    -2.58078472    0.32342876
10250    1.86422186    -2.86252028    0.24044044
10260    -1.73489383    4.06049756    0.69253911
10270    1.43340422    -2.25063774    0.36624551
10280    1.52574076    -2.18846175    0.38234613
10290    1.54064005    -2.27021430    0.19978210
10300    0.15929895    0.80591865    0.63611017
10310    0.28142181    0.26865799    0.46868559
10320    0.86939354    -0.82738980    0.54292777
10330    0.62858932    -0.62196860    0.40161040
10340    -0.57875010    1.34848141    0.61238678
10350    -0.21162377    0.92530373    0.43880962
10360    0.51107783    -0.78598244    0.37615963
10370    0.98077507    -2.00161472    0.39961660
10380    1.03409842    -2.56382485    0.55754596
10390    -0.38544804    0.81489840    0.74778801
10400    0.39641774    -1.27673053    0.47731972
10410    1.35814040    -2.32281830    0.50990007
10420    -1.27302324    1.82814925    0.56688714
10430    1.59834700    -2.79155743    0.70819422
10440    1.34535192    -1.49741892    0.81928858
10450    1.21168435    -1.58286205    0.71440679
10460    -0.21864693    0.48885166    1.00636776
10470    1.85870079    -2.43557604    0.91813604
10480    2.04522181    -2.39509161    1.01840305
10490    1.52023474    -2.36848403    1.01295599
10500    0.09191050    0.48057985    0.92956472
10510    2.07113224    -2.21077033    0.83941831
10520    -0.23986858    0.51177129    0.73738718
10530    1.72501485    -1.88144603    0.57685606
10540    0.05475364    0.70334244    0.13988214
10550    -2.17945260    2.92958068    0.24162844
10560    0.88366221    -0.38925505    0.23074479
10570    1.76924587    -1.75199601    0.16187328
10580    0.77384297    -0.48766289    -0.09271087
10590    -1.28966657    1.40667103    0.16027313
10600    -1.12070629    1.55486405    0.13981588
10610    -0.11032252    -0.60855002    0.43646197
10620    0.68145509    -1.01435751    0.37904715
10630    -1.30935631    1.15521394    0.61506764
10640    1.83403087    -2.07773623    0.92449184
10650    1.23489308    -1.02154713    0.98745252
10660    -2.39756379    2.32837978    1.15238301
10670    1.53715495    -0.81047106    1.21145425
10680    1.16651618    -0.91134144    1.14056891
10690    -0.07917914    -0.35286721    0.92663217
10700    -1.18448179    1.01416762    0.93059532
10710    1.21706809    -1.00852609    0.84686257
10720    2.39627803    -1.44970628    0.89237235
10730    1.08083702    -0.57232771    0.88414717
10740    0.04265247    0.43053380    0.40329365
10750    2.68900212    -1.86505294    0.31901996
10760    1.77196145    -0.92270199    0.31750688
10770    2.73289158    -1.34693852    0.13827768
10780    -1.96476862    1.91344045    -0.06929367
10790    0.61737397    0.63777453    0.03969271
10800    1.07488153    0.49255150    0.08306158
10810    -0.77536651    1.00964398    -0.10474989
10820    -3.04539107    3.01760686    -0.09172879
10830    2.09008520    -0.57625612    0.42395361
10840    2.22354473    -0.53418005    0.71726897
10850    0.43455738    -0.10102095    0.70083309
10860    1.30880552    -0.45121966    0.72758109
10870    0.60772275    -0.40946491    0.71183934
10880    2.45766654    -1.33762753    0.70521830
10890    2.91884610    -1.44330916    0.59512248
10900    -0.71045086    -0.14291368    0.18117584
10910    1.83162141    -0.60776297    0.42137955
10920    2.47072346    -1.43364442    0.37701379
10930    2.84770772    -1.58007001    0.37537983
10940    -1.50739145    0.63381811    -0.09676961
10950    -0.13286862    -0.67948627    0.10226101
10960    2.46245861    -1.00190886    0.45977634
10970    2.26089058    -1.10745063    0.45180171
10980    0.94085137    -0.30104361    0.39415729
10990    2.27705562    -0.61344950    0.55953875
11000    -0.03941148    0.50608810    0.34530791
11010    2.57899920    -0.20570019    0.78223979
11020    -0.96171939    1.13123647    0.75958974
11030    -0.42696656    1.05045034    0.72031828
11040    1.29936930    0.59194480    0.61299281
11050    -2.50786189    1.63292825    0.59049888
11060    -0.18562887    1.15270229    0.66849075
11070    -2.11003215    1.26588659    0.55086994
11080    3.15912281    -0.01137114    0.74698142
11090    1.13857644    0.08866130    0.69597309
11100    2.98092744    -0.49604369    0.66292834
11110    -0.45835027    0.49556893    0.40057900
11120    2.85816247    -0.76644985    0.52963334
11130    0.07471923    0.11857714    0.34478985
11140    3.20141592    -1.24380215    0.65117956
11150    1.51866294    -0.70930196    0.50269293
11160    -5.12819054    0.44266704    0.02242385
11170    2.00792336    -0.95697735    0.80060945
11180    -0.75133897    -0.41276028    0.45825907
11190    -0.51232399    -0.19676453    0.76956380
11200    2.48972148    -0.71264186    1.20408571
11210    -0.09271145    0.55500503    0.79124752
11220    0.11101028    -0.15584296    0.92965664
11230    1.36465699    -0.09057034    0.81351611
11240    0.65398205    0.36345338    0.86661993
11250    1.29723200    0.25918684    0.68278707
11260    1.29667807    0.41052033    0.50110189
11270    0.37521103    0.95142132    0.21355877
11280    0.84732364    1.03646152    0.18757550
11290    1.23983955    0.68945435    0.18157070
11300    -0.05135208    1.03965615    0.18554782
11310    -3.26883778    1.49000689    -0.31542080
11320    1.29549312    0.59895130    0.41593315
11330    0.68738274    -0.00253265    0.43657226
11340    1.76651726    0.09106309    0.67671441
11350    -1.46300071    0.06145532    0.43175392
11360    2.40624911    -0.24705094    1.13687189
11370    2.84100180    -0.21828224    1.38485604
11380    -0.19603745    0.15383132    1.03095134
11390    0.66574440    0.17959649    1.07446012
11400    0.73433448    -0.57166986    1.43865941
11410    2.50345366    -0.07791332    1.39461689
11420    -0.57936167    -0.54557754    1.46010965
11430    -0.16424714    -0.59152816    1.23265203
11440    0.89902952    -0.35578745    1.30709305
11450    1.10371566    -0.05910937    0.90073570
11460    0.79846078    0.05513137    0.81258719
11470    -1.30971035    0.78516946    -0.01209411
11480    -2.83308896    0.60907264    -0.37359468
11490    1.57961671    0.72734001    0.51951367
11500    1.14547466    0.74442969    0.31449058
11510    -1.93075260    1.16952753    -0.32294431
11520    2.57000048    1.25075913    0.57409447
11530    0.97056258    1.46945448    0.33391422
11540    2.78679716    1.40344876    0.58399485
11550    0.65963729    0.51481678    0.57978414
11560    -1.88827715    0.11596498    0.31343510
11570    2.37131317    0.63593100    0.66083089
11580    -1.17660029    -0.41066522    0.41951443
11590    1.47473545    0.02858022    0.95013005
11600    -0.66910506    -0.11160145    0.63791870
11610    2.28016709    0.03200113    1.01146470
11620    -2.73833512    -1.14484746    0.29770858
11630    2.49679510    0.38543177    0.85040878
11640    -2.06035603    -0.44981020    0.17027473
11650    2.90277071    0.73924259    0.92967870
11660    -1.88357622    -0.40649166    0.33808306
11670    2.65112586    1.00701361    0.74428559
11680    1.44606120    0.45170623    0.44936939
11690    1.48093538    0.71084507    0.30736588
11700    -0.82325372    -0.12950673    0.22708346
11710    2.32582181    1.23714917    0.57116659
11720    0.61687979    0.88672759    0.45266594
11730    1.92182276    1.35570928    0.59223933
11740    -2.35612670    -0.41958716    -0.15600827
11750    0.65794194    0.90521661    0.33983212
11760    -0.55192872    0.68569625    0.14885370
11770    2.04699328    1.83016677    0.40925008
11780    0.73268121    0.96674300    0.24789865
11790    2.22683065    1.64813062    0.40555377
11800    2.40426442    1.65883976    0.47749639
11810    1.87683069    1.25566684    0.34452326
11820    0.76184406    0.78335258    0.07709835
11830    0.97702508    0.79840856    0.28708117
11840    -1.49682099    -0.58992901    0.03797211
11850    -0.50723533    -0.21973999    0.49374249
11860    2.30859253    2.01503136    0.71946741
11870    2.81780775    1.72582479    0.57316636
11880    -3.64025038    -1.47602016    -0.18155856
11890    -0.72879411    0.15617064    0.59934889
11900    0.51255937    0.33531244    0.88058293
11910    1.12327462    0.71190403    0.70331771
11920    2.31988309    1.62475130    0.80673127
11930    1.31499619    0.89427188    0.66060697
11940    -0.27814059    -0.04612687    0.43455635
11950    2.11287523    1.67197227    0.99728247
11960    -0.45362264    -0.23878366    0.69460187
11970    -0.64143621    -0.12159187    0.52952914
11980    -1.00852184    -0.45241519    0.51175652
11990    0.50728655    0.30828966    0.92030823
12000    0.39454783    0.47444874    0.62158305
12010    1.72999009    1.69509279    0.80205033
12020    -1.98568498    -0.68673697    0.38007696
12030    0.35376346    1.19747416    0.49631002
12040    0.51696520    1.12579907    0.48223186
12050    0.54879812    1.15312938    0.49837830
12060    -4.09186451    -2.50076757    0.03580102
12070    1.98088268    2.40438730    0.68186318
12080    0.16090374    0.84102919    0.73106876
12090    1.66541093    2.11525831    0.87849940
12100    -0.85333897    0.59034078    0.42924197
12110    -0.40775406    1.04425606    0.41633928
12120    2.11754413    2.80826607    0.90960393
12130    0.58656893    2.04053087    0.68012911
12140    0.20774600    0.58153667    0.54794361
12150    -1.67056929    -1.08240576    0.55029241
12160    0.91817004    1.25372528    0.42995522
12170    1.23675857    1.21757246    0.76204978
12180    1.11730088    0.83390794    0.82634987
12190    1.25105613    1.10504631    0.87119648
12200    2.30078734    2.00622653    1.11195802
12210    2.20527483    2.06357043    0.91372932
12220    -0.29184029    -0.59252258    0.52832506
12230    2.00366790    1.49605397    1.12596100
12240    1.78316824    1.55187868    1.17271016
12250    1.10602407    0.47449788    1.06490976
12260    1.63187471    1.24077290    1.22290689
12270    1.59316866    1.87089921    1.00345185
12280    0.68871514    0.92362992    0.76706591
12290    -0.91451340    -0.24455830    0.57800621
12300    1.49143304    2.37631614    0.93348929
12310    0.65221860    1.44137443    0.72960441
12320    1.20705851    2.49336604    0.60544886
12330    -0.80323568    -0.06532471    0.43588481
12340    -0.42522439    0.66189363    0.31794835
12350    0.31872279    1.74514277    0.53746158
12360    1.66334291    2.81038586    0.90374237
12370    -0.10591037    0.95814364    0.55475850
12380    -0.38816766    0.79720567    0.11203358
12390    0.56620605    1.25040877    0.40388983
12400    -0.06315285    0.02815891    0.36392674
12410    0.93131928    1.13280780    0.77959817
12420    -0.40657194    -1.16399021    0.69843680
12430    0.37564441    0.96552568    0.79250550
12440    1.74474421    1.94984331    0.88604083
12450    1.78542822    2.10231446    0.89932099
12460    1.38989905    1.53178048    0.83783753
12470    -1.49094577    -3.41869358    0.17861197
12480    0.32326856    0.50095633    0.72526353
12490    -0.50779244    -0.95759901    0.65964868
12500    0.16914147    0.76421140    0.46888741
12510    1.08931913    2.12565222    0.48440313
12520    0.09460270    0.67442606    0.35602512
12530    0.92764576    2.66191135    0.49145244
12540    -0.63685105    0.06037087    -0.09687437
12550    0.65887149    3.00204456    0.42536863
12560    0.66788678    3.11107646    0.09495429
12570    0.74878688    3.38904983    0.10312081
12580    0.25445076    2.21428037    0.07554608
12590    0.26939362    0.43871966    0.28821733
12600    0.40135719    2.95097318    0.35319673
12610    0.62196571    3.17378797    0.46544029
12620    0.60186758    2.50598697    0.30221010
12630    0.71423257    2.26218037    0.28452621
12640    0.46391699    1.86697213    0.29463244
12650    0.32049274    0.92004464    0.42770173
12660    0.77462242    2.41912853    0.64524301
12670    -0.03814473    0.76883279    0.72132190
12680    0.02647249    -0.42573416    0.66368554
12690    0.61016768    2.64782473    0.81050107
12700    0.11322640    0.87058108    0.55158358
12710    0.20008757    0.57524028    0.61680011
12720    0.47989192    0.90000747    0.81551374
12730    0.46220662    3.12162319    0.85582070
12740    -0.03825086    1.40248841    0.74042918
12750    0.16676721    1.85965719    0.66405035
12760    0.13789135    1.77443880    0.52318738
12770    -0.11579687    2.42471292    0.38679851
12780    0.06806842    -0.15421456    0.27735803
12790    -0.14544107    2.61860188    0.61879111
12800    -0.30427225    -1.33941109    0.37886862
12810    -0.20917328    3.34933997    0.54124718
12820    -0.45453656    1.23705841    0.63038306
12830    -0.05034807    0.50907495    0.69504613
12840    -0.19865278    2.03438675    0.79205761
12850    -0.13786122    -0.76159870    0.72118705
12860    -0.29969117    -0.71747676    0.53635883
12870    -0.17190640    2.46149334    0.58214962
12880    -0.10677154    2.49240832    0.70857568
12890    -0.35030644    -0.77556024    0.59121302
12900    -0.24063766    2.76014236    0.86924383
12910    0.04540852    1.20014177    0.83387866
12920    -0.06953619    2.95789098    0.84987793
12930    -0.10468413    2.79300169    0.67538673
12940    -0.32503220    3.31055140    0.55833168
12950    -0.17197113    -1.62637607    0.39915885
12960    -0.39044155    -1.88931601    0.56097192
12970    -0.35039600    3.67526931    0.67445639
12980    -0.37001903    1.96032037    0.58435426
12990    -0.29274428    3.59437521    0.50064977
13000    -0.06175404    3.21229515    0.71720288
13010    -0.00328627    1.30841249    0.61189800
13020    0.19224554    -0.11346845    0.40268998
13030    -0.17077552    -0.43708854    0.48268018
13040    -0.34538926    1.48138977    0.59917264
13050    -0.22711389    1.74890312    0.33469308
13060    -0.23414761    0.99186145    0.38789680
13070    -0.51843808    2.85811307    0.81719152
13080    -0.28274104    2.45946904    0.76070430
13090    -0.46037742    2.79975485    0.64488334
13100    -0.15093325    -0.15346414    0.49431973
13110    -0.22375764    0.15902712    0.65568848
13120    -0.19540070    0.10302917    0.69386610
13130    -0.12620018    0.54232500    0.77828840
13140    -0.16554808    1.09566880    0.74049951
13150    -0.32839220    2.59425873    0.58461834
13160    -0.57827662    2.55380424    0.73203931
13170    -0.20468134    1.11476469    0.38026879
13180    -0.60699749    -0.10997094    0.71332522
13190    -0.70101914    2.88548525    0.89928499
13200    -0.62962826    3.68232466    0.85304736
13210    -0.26411985    2.10055956    0.72086933
13220    -0.44544918    0.78693931    0.71793560
13230    -0.45994929    0.09759239    0.61241684
13240    -0.41484366    2.06357086    0.84765967
13250    -0.80785065    3.25938052    0.89913124
13260    0.26287364    0.04710983    0.64618266
13270    -0.56569507    1.60394240    0.60414808
13280    -0.32186075    1.33889738    0.72225570
13290    -0.46383782    0.79014845    0.65595635
13300    -0.07275450    0.46952077    0.76703361
13310    -0.47269953    1.21774885    0.36960027
13320    0.15782020    0.25488035    0.63477307
13330    0.11144430    0.37107830    0.49022388
13340    0.02401559    -0.89711483    0.42459230
13350    0.11713410    0.14968225    0.36438479
13360    -0.17518403    0.61560753    0.41131608
13370    -0.53237069    1.35543549    0.39471533
13380    -0.81389778    0.56757262    0.29998101
13390    -0.48638284    0.70707550    0.25142307
13400    -0.86422003    1.90848580    0.35024545
13410    -0.91229436    2.30249785    0.41937009
13420    0.69128723    -0.50727292    0.46985228
13430    -1.58640867    3.00245082    0.54568596
13440    -1.14969531    2.62581245    0.61159980
13450    -0.99115146    2.66513314    0.38752125
13460    -0.08172697    0.02076769    0.15612610
13470    -0.96118135    1.72695121    0.28543989
13480    -1.39106855    2.95798407    0.40248060
13490    -0.91236162    1.03129164    0.48645237
13500    -0.59862411    1.74903958    0.45831627
13510    -0.71347494    1.62362816    0.25539870
13520    -0.15570781    0.11128179    0.15696090
13530    -1.19162023    2.41579984    0.26285183
13540    -0.95477057    2.31827965    0.54226827
13550    -0.30501395    0.96978549    0.69700263
13560    -1.14372066    2.23736224    0.55823640
13570    -1.05492539    2.05450827    0.40100015
13580    -0.50762217    1.17606679    0.33632733
13590    -1.04645208    2.27894185    0.62177439
13600    -0.49889616    1.05712368    0.68648909
13610    -1.06351905    1.05408450    0.46255389
13620    -0.91207301    0.95467747    0.53747080
13630    -0.21010087    0.35327977    0.63395755
13640    0.43641979    -0.54637294    0.23680928
13650    -1.08992744    0.87326732    0.65284328
13660    -1.66651051    1.86888301    0.54439144
13670    -0.73085225    0.71172121    0.68491505
13680    -1.24703756    1.82060420    0.51829495
13690    -0.71276049    0.52658047    0.48982939
13700    -1.63322573    2.27162350    0.36826353
13710    -1.65003370    1.94941089    0.40859839
13720    0.61965038    -0.23203111    0.28993971
13730    -1.40713193    1.80405660    0.64377519
13740    -2.15485112    2.69697443    0.42253446
13750    -1.76398485    2.08077609    0.43023373
13760    -1.81124439    2.29750460    0.42420476
13770    -2.19739521    2.43995397    0.48684328
13780    -1.76026667    1.83394111    0.60190105
13790    -1.83605048    2.30447303    0.77831303
13800    -2.05067821    2.19986976    0.62895269
13810    -0.80788392    0.53508164    0.55551340
13820    -2.39436628    1.98113073    0.34554635
13830    -1.10630402    0.96332464    0.35548794
13840    -0.11060122    -0.38859885    0.81349685
13850    -0.52181221    0.00749718    0.44468906
13860    -2.76303555    1.93229340    0.43131142
13870    -1.51097526    0.87591749    0.40553646
13880    -2.33126356    1.31551850    0.36154215
13890    -2.61956179    1.74664943    0.57662209
13900    -2.29331111    1.28936947    0.59160451
13910    -2.02799877    1.57353541    0.79779854
13920    -0.25850549    -0.19773969    0.42580300
13930    -1.26542350    0.56952702    0.45171948
13940    -2.26985162    1.40413369    0.39446786
13950    -1.57601686    1.14805303    0.54642973
13960    -2.55010640    1.80888240    0.59259723
13970    -0.60426245    0.51308110    0.41433604
13980    -1.90133552    1.75737081    0.27702063
13990    -1.27101566    1.37856201    0.19396562
14000    -2.89979281    1.90245280    0.26787994
14010    -0.84987995    0.72379724    0.55260204
14020    -1.30060420    1.38586036    0.40469917
14030    -2.13328416    1.90398440    0.36292851
14040    -1.27016455    1.52538853    0.41912222
14050    1.70816909    -0.66083065    0.58394595
14060    -1.37217660    0.70135601    0.82818534
14070    -2.69311551    1.82523316    0.67725384
14080    -1.59394746    1.09553909    0.62088681
14090    -2.78950487    1.44942284    0.60608573
14100    -2.64833330    1.31084527    0.61894696
14110    -2.04809539    0.87023089    0.59423664
14120    -0.53642628    -0.16765308    0.67542319
14130    -3.02879618    1.30935029    0.68749230
14140    -1.30620231    0.48203369    0.57053441
14150    -1.33091554    0.30670499    0.53802162
14160    -1.17510968    0.25061790    0.25121852
14170    0.46938823    -0.28484423    0.86024947
14180    -0.97729292    0.32666570    0.47280325
14190    -2.65425518    1.34372148    0.59510085
14200    0.92827403    -0.32364097    0.42735522
14210    -2.27107905    1.42864213    0.28212580
14220    -1.98128061    1.30766512    0.40391362
14230    -2.09683229    1.56495900    0.43483647
14240    -0.55323657    0.68172836    0.49914121
14250    -0.56862894    0.98019686    0.68637376
14260    -2.24433253    1.39239659    0.46220211
14270    -0.66181389    0.99397886    0.30219876
14280    -0.89811913    0.74102740    0.45136749
14290    -1.11489313    0.73617187    0.25924257
14300    -1.11440166    0.97682255    0.27223377
14310    -2.71966270    1.03592406    0.29182352
14320    0.40085327    -0.06861021    0.62683956
14330    -1.27721702    0.05725956    0.35889113
14340    1.17368056    -0.77671636    0.21255001
14350    -1.35784950    0.11339015    0.23596308
14360    -0.87824134    -0.08617623    0.51611141
14370    -1.21844469    0.10431837    0.53620280
14380    -1.04334076    -0.40950057    0.53601639
14390    -2.06724675    0.42177168    0.30782835
14400    -1.95531442    0.50505314    0.15600219
14410    -0.87643563    0.42813561    0.61858301
14420    0.74520664    -0.33555161    0.60521624
14430    -2.22236216    0.65741166    0.71766179
14440    -0.65786039    0.88091126    0.62350510
14450    -2.59833904    0.78918919    0.71027591
14460    -0.96188121    0.39659178    0.66072875
14470    -2.81793368    1.05814150    0.30757584
14480    -2.96359829    1.01592816    0.36124560
14490    -1.54054742    0.58274436    0.60219248
14500    -1.74211358    0.92626556    0.13407567
14510    -2.32000694    0.69603677    0.20751487
14520    -2.78617414    0.92843932    0.01393810
14530    -2.62856431    0.96566229    0.08316279
14540    -1.07975344    -0.12646124    0.49433473
14550    -1.46075463    -0.12535443    0.48139588
14560    -3.20332352    0.18144577    0.41940161
14570    -0.94314833    -0.18866811    0.39598356
14580    -1.14985036    0.16131398    0.41237605
14590    -1.33034347    0.02174267    0.53379527
14600    -2.20659504    -0.07633742    0.74167320
14610    -2.30308575    -0.04054447    0.65559931
14620    -1.94841856    0.10991153    0.54651130
14630    -2.01815229    0.24886001    0.53029367
14640    0.95299941    0.36806192    0.49781342
14650    0.20770839    -0.30862999    0.95698137
14660    0.79304291    0.07502054    0.68633469
14670    -2.44435723    0.13198277    0.70323346
14680    -3.09262206    -0.02431502    0.28197378
14690    -1.27979108    -0.04798462    0.28518271
14700    3.95581160    0.06834879    0.72105573
14710    -1.43345893    0.23925450    0.52890721
14720    2.64182137    0.31712522    0.57826338
14730    -2.75544213    0.11742100    0.26751885
14740    1.73345485    -0.25027049    0.56827073
14750    -2.84229557    -0.19607607    0.08518565
14760    -1.56447246    0.07558344    0.24758347
14770    -1.44485542    -0.21311191    0.60680891
14780    1.95423767    0.58267506    0.58158760
14790    -2.82855760    -0.02344067    0.39174879
14800    -3.10470384    -0.07257915    0.13120719
14810    -2.95002355    0.28221237    0.19425581
14820    0.28864046    0.30110948    0.80953968
14830    -3.12794709    -0.06009910    0.41781008
14840    -2.88371409    0.01197791    0.48224111
14850    -0.80280439    0.25472410    0.65491346
14860    -2.35583896    0.03475209    0.21483689
14870    -2.03366500    -0.03496870    0.27325600
14880    0.91442688    0.77806596    0.54284425
14890    -2.86794344    -0.32276231    0.43835047
14900    2.22381945    0.39422433    0.67667157
14910    -2.62619116    -0.82125821    0.12724611
14920    -2.08329512    -0.63871534    0.10684684
14930    -0.90145852    -0.52535252    0.42185851
14940    -0.23133155    -0.25655409    0.47399462
14950    -1.85266910    -0.78513933    0.44458927
14960    1.82044345    0.37849482    0.58750769
14970    -2.37542301    -0.80260828    0.19999999
14980    -0.12093714    -0.03557562    0.27431116
14990    -2.84022677    -0.95368432    0.38823363
15000    -1.10147554    -0.10490711    0.49367834
15010    -3.25602548    -0.67555827    0.34766827
15020    -1.97975888    -0.67776449    0.50505151
15030    -3.28259437    -0.85060508    0.13574214
15040    -2.90565256    -0.64718269    0.11258482
15050    1.29851409    1.09877587    0.30436042
15060    -2.82077634    -0.31264904    0.21237024
15070    -1.18292746    0.14682193    0.43592575
15080    -2.97026133    -0.58746483    0.12502690
15090    -2.62869316    -0.50509342    0.22345385
15100    -2.71799866    -0.66882757    0.16089728
15110    -2.33667265    -0.60072836    0.37971242
15120    0.93679557    1.08399209    0.80079834
15130    -1.12287570    -0.19830282    0.80110189
15140    2.58334897    1.94894419    0.88822664
15150    -2.42424730    -0.78934949    0.60169160
15160    -0.18921623    0.41901934    0.69333846
15170    -0.22184147    -0.24256630    1.05261348
15180    1.36486658    0.76371045    1.00407687
15190    -0.78011819    -0.52160384    1.13488205
15200    -1.07246056    -0.48169237    0.71618326
15210    -1.98330572    -1.06372673    0.61981895
15220    1.89238071    0.83854921    0.67858159
15230    -1.00932030    -0.38862369    0.31635055
15240    0.58366203    0.12722898    0.52666206
15250    -1.10892538    -0.91281463    0.65251024
15260    -2.64378271    -1.20713259    0.14048612
15270    -0.27314068    0.65713416    -0.03830956
15280    -2.86754835    -1.44020746    -0.02150198
15290    -2.90992257    -1.59811526    0.13408758
15300    -2.87598527    -1.33753584    -0.01245163
15310    -2.79957404    -1.85923069    0.16940778
15320    -1.13844059    -1.03209635    0.29701656
15330    -2.56688404    -1.91906588    0.29360134
15340    -0.88989133    -0.62274040    0.58204233
15350    -1.02330913    -0.64721852    0.60449564
15360    -2.63941862    -1.60270391    0.52626298
15370    -0.45674981    -0.70018238    0.76638418
15380    -0.10147050    0.07262248    0.85696180
15390    -0.73062824    -0.48912036    0.72311810
15400    0.27596218    1.03381156    0.58574808
15410    -1.01241489    -0.37538348    0.84019274
15420    -0.94654477    -0.34196128    0.68814712
15430    -0.96913543    -0.47573981    0.64084994
15440    0.07326001    0.28207077    0.48670563
15450    -1.10671104    -0.22421003    0.53914258
15460    -2.47693549    -1.62439509    0.60877277
15470    -2.37869004    -1.85228072    0.54463697
15480    -0.63329993    0.31893959    0.46552606
15490    -2.48939260    -2.03987489    0.50154862
15500    -1.07206009    -0.72386341    0.67388187
15510    -1.79689608    -1.18407303    0.46936749
15520    -2.60655035    -2.01842554    0.51739917
15530    -2.61676940    -2.10838266    0.46471063
15540    -2.50650746    -1.62194991    0.54816309
15550    -1.84129892    -1.66702010    0.61724851
15560    -1.32375022    -0.02523608    0.49047962
15570    -0.28927630    -0.19284584    0.73555514
15580    -1.39759880    -1.37177175    0.33807855
15590    0.78775498    0.63623059    0.56416592
15600    0.64899093    0.72186525    0.31942367
15610    -0.10325012    -0.11835673    0.40588066
15620    -0.54675176    0.15001919    -0.03756408
15630    -0.67217115    0.17081384    -0.20606347
15640    -1.35746263    -1.65063949    -0.13723507
15650    -0.56651680    -0.39538808    -0.01715331
15660    -1.65391271    -2.43580597    -0.08214919
15670    -1.61120085    -1.76656056    -0.24204229
15680    0.23682137    0.42523191    0.38062563
15690    -1.85541142    -2.25304207    -0.14565794
15700    -1.76799291    -2.71130685    0.20524494
15710    -1.75773819    -2.19663684    0.20636088
15720    -0.61895593    -0.67915455    0.31799609
15730    -1.54843307    -2.11117303    0.41715340
15740    -1.51518301    -2.54926568    0.49066440
15750    0.07469868    0.46026082    0.69986083
15760    0.00189174    0.57878253    0.75541268
15770    -0.80356655    -1.41628411    0.37511663
15780    -0.55526578    -0.90371930    0.21507605
15790    -0.86094147    -2.05587870    0.22810043
15800    -0.30321466    0.02238045    0.06992630
15810    -0.49558200    -0.54251397    0.22312633
15820    -1.09617470    -2.40716432    -0.03915227
15830    -1.17776639    -2.04035528    -0.17892328
15840    -0.55217509    -1.07064054    -0.00438042
15850    -0.58739491    -0.81771555    0.22521395
15860    0.03674914    0.61387897    0.40758190
15870    -0.57269800    -0.88719002    0.17423182
15880    -0.75340451    -1.32792547    0.27733382
15890    -0.83887316    -1.09263511    0.02634926
15900    -1.13939200    -1.20722583    -0.18459178
15910    -0.15519978    0.18366212    0.09614785
15920    -0.66753727    -1.18474037    0.06022667
15930    0.00830755    1.29654953    0.58103221
15940    -1.06608845    -2.30407278    0.25714420
15950    -0.74968509    -0.82312583    0.19588714
15960    -1.08295402    -2.29289405    0.15699233
15970    0.14374893    0.72090863    0.75708005
15980    -1.15323753    -2.57995066    0.09141538
15990    0.32090402    0.88697246    0.52521219
16000    -0.07717969    0.02993144    0.45331608
16010    -0.13226403    -1.02622989    0.51915629
16020    0.13243808    -0.61169107    0.69429520
16030    -0.51645700    -3.22622127    0.23025522
16040    -0.43448811    -2.90055875    0.30575506
16050    0.09129954    0.61488252    0.70578137
16060    -0.43113566    -1.13427614    0.51547608
16070    -0.01601238    -0.51070716    0.67914839
16080    -0.54978187    -3.08134774    0.51127444
16090    -0.69475812    -3.02141392    0.36108301
16100    -0.00479971    0.47469951    0.85842657
16110    -0.64382632    -1.42134747    0.55535883
16120    -0.28576671    -1.07148424    0.59609090
16130    -0.55783674    -1.50060118    0.47150604
16140    -0.65345361    -2.70353722    0.27595992
16150    -0.55213239    -2.27052498    0.25134721
16160    -0.60023054    -1.06312590    0.20563871
16170    -0.32151746    0.49536645    0.32464480
16180    -0.55555269    0.98424308    0.51010606
16190    -0.44146093    2.77519589    0.42713482
16200    -0.57436891    -0.77241425    0.23121837
16210    -0.81377160    1.13815251    0.29027869
16220    -0.82598853    -0.44014846    0.05571136
16230    -0.25312990    -2.27869252    0.16445592
16240    -0.14557924    -2.13914620    0.10764651
16250    -0.01546349    -3.26032011    0.24173425
16260    -0.25853604    -1.31323732    0.24753365
16270    -0.22257704    -2.33478865    0.26506671
16280    0.08601716    -1.48611917    0.62781294
16290    0.02575660    -1.41807555    0.59294621
16300    0.36183993    -1.40569339    0.96129698
16310    0.05712446    -1.10320990    0.68453625
16320    0.32285010    -1.12509232    0.53378557
16330    -0.00303251    1.49330500    0.48850034
16340    -0.04098075    -1.35084554    0.25629546
16350    -0.01554828    0.31478053    0.23078492
16360    0.24264432    -2.45150827    0.09238779
16370    0.08019219    -0.80485961    0.00773559
16380    -0.03489095    -0.00995282    0.12881878
16390    -0.03953246    -0.70790662    0.27627532
16400    -0.07752366    -0.93004297    -0.04278072
16410    -0.47136422    1.38374038    -0.03921933
16420    0.46255959    -2.80963367    0.09997587
16430    0.40256979    -0.67614760    0.52869648
16440    0.98920356    -2.77009830    0.34920728
16450    1.16155395    -3.22650635    0.32093858
16460    1.05910554    -3.04403009    0.26747438
16470    0.95156097    -2.55709120    0.43694613
16480    0.75584449    -2.57115584    0.55517041
16490    0.75630536    -3.16917671    0.45636561
16500    0.82852756    -1.56290815    0.83458011
16510    0.20840483    -1.02040569    0.62371425
16520    0.52146256    -2.46903685    0.53801775
16530    -1.18373440    2.07184586    0.43429040
16540    -0.16022378    -0.15253414    0.42912560
16550    -0.41754248    0.33268439    0.64468722
16560    -0.30958664    -0.33431649    0.51538989
16570    -0.96514660    0.62819251    0.34777067
16580    0.16074469    -2.07799359    0.27675829
16590    0.23788823    -1.64355203    0.17754848
16600    0.32521868    -1.62739006    0.17397791
16610    0.00244659    -0.72864648    0.27379186
16620    -0.61240458    0.33974487    0.27104417
16630    1.15530080    -2.49767268    0.15540325
16640    0.32859567    -0.87227553    0.28010100
16650    1.25768935    -2.78464103    0.24954411
16660    1.23692073    -2.24029770    0.38462054
16670    0.59395060    -1.32759333    0.52737117
16680    0.67668854    -0.79905610    0.49738454
16690    0.83289605    -1.50087761    0.39477689
16700    1.10527073    -2.31574704    0.23902349
16710    1.24181090    -2.47087418    0.49793297
16720    -0.66444064    0.81137735    0.24525641
16730    0.77147850    -1.87724772    0.34494007
16740    0.75830209    -2.38644226    0.06816962
16750    0.90040938    -2.28962819    0.20562896
16760    0.14139835    -0.75862289    0.26647475
16770    0.38919730    -2.33283570    -0.00641736
16780    0.84331275    -2.65453768    -0.05301815
16790    1.15143231    -2.63633868    -0.08292037
16800    1.04182450    -2.64716712    -0.17350207
16810    -1.27314939    1.80221151    0.15110736
16820    1.33511308    -2.65370250    0.06838329
16830    1.45891312    -2.69292991    0.22606590
16840    1.23715960    -2.43895741    0.00302772
16850    -0.19376204    0.37966892    0.41766938
16860    1.45390963    -2.16907794    0.37128491
16870    1.18427513    -2.17528974    0.30162152
16880    0.60779820    -0.11721559    0.54800929
16890    2.19322933    -2.51367548    0.12620517
16900    0.62960413    -0.20072529    0.36925667
16910    -1.26247846    2.36203704    0.75405974
16920    -1.39163982    2.72508101    0.65714057
16930    -0.12689600    0.71133698    0.45209385
16940    -0.31556200    0.99943199    0.61008010
16950    1.39858029    -1.72837151    0.50534602
16960    0.15930826    -0.51416903    0.39596466
16970    0.08513790    -0.62975837    0.35013847
16980    1.14912112    -2.00607390    0.30310285
16990    -1.12749850    0.99917158    0.45919298
17000    -1.87699767    1.31793613    0.51389429
17010    0.95749497    -1.70589441    0.42088622
17020    -0.78869211    1.26116189    0.37891036
17030    0.75519694    -1.36940862    0.28955143
17040    0.24172893    -0.25095562    0.29248992
17050    1.62089078    -2.37224349    0.19843883
17060    0.91692175    -0.99071233    0.18409577
17070    -0.55682645    -0.00559171    0.30553161
17080    0.84644524    -1.00959112    0.42352936
17090    -1.76974579    1.70959729    0.04758103
17100    1.04841250    -0.57803172    0.30491409
17110    0.58106112    -0.42431094    0.00438199
17120    1.09008000    -0.55610920    0.35268356
17130    2.09506262    -1.93425136    0.37349168
17140    2.10384492    -1.57776310    0.35219124
17150    -0.20349909    0.34049757    0.46141648
17160    0.93860256    -0.74338206    0.50872989
17170    2.18002021    -2.18694904    0.68954947
17180    -0.30652582    0.40757686    0.51442062
17190    -0.55716218    0.61167649    0.75522341
17200    0.51078746    -0.77177496    0.71465113
17210    -0.09509700    -0.77067340    0.81660775
17220    -1.23066931    0.85275117    0.64827726
17230    -2.11611138    0.53746523    0.76860325
17240    1.61608905    -2.07774996    0.56483906
17250    1.33989839    -1.93624304    0.43935738
17260    -0.54215236    -0.28667239    0.41703613
17270    1.54505818    -1.72331866    0.26309237
17280    -3.25521529    2.02172233    0.06550367
17290    2.16849113    -1.79072005    0.18484498
17300    1.15666773    -0.72013737    0.30517783
17310    1.01234546    -0.74076516    0.40354720
17320    0.38026816    -0.31269977    0.20739577
17330    1.12130255    -0.44362138    0.53797168
17340    2.74360959    -1.29919719    0.43088898
17350    1.43560363    -0.38895719    0.70732500
17360    2.28024500    -1.13943326    0.64406276
17370    1.24643810    -0.20228478    0.62508129
17380    0.93940782    -0.16971265    0.63813129
17390    2.38612444    -1.03948472    0.68771113
17400    2.27114563    -0.84843338    0.75070353
17410    0.67365318    -0.16664227    0.80316663
17420    -0.78706845    0.70071062    0.76159252
17430    2.08219162    -0.97659061    0.56833688
17440    2.09273007    -0.72016691    0.37324504
17450    0.30797342    -0.18864890    0.65801095
17460    2.54707677    -0.91583126    0.50981871
17470    0.84297507    -0.66766902    0.28718356
17480    0.62740606    0.08232759    0.33928784
17490    2.35471712    -0.78640792    0.13222372
17500    2.73656792    -0.84812883    -0.02241323
17510    1.33771026    -0.39970534    0.19206016
17520    2.61668049    -0.81036554    0.36255916
17530    0.92534334    -0.05775273    0.53233029
17540    1.46661598    -0.61487037    0.38781632
17550    1.35427377    -0.28409730    0.27027079
17560    -0.02868168    -0.00616741    0.53697031
17570    1.15643951    -0.15927251    0.28615111
17580    2.85055607    -0.51730851    0.38252444
17590    -1.75378290    0.63229958    0.53030898
17600    1.37547466    0.02105241    0.60639238
17610    -1.98811728    0.79232783    0.36092726
17620    0.80609039    0.11782975    0.41205931
17630    1.11214101    0.39798314    0.19940919
17640    0.74738378    0.15035130    0.08673688
17650    -0.04925942    0.26526695    0.15507008
17660    -2.71656888    0.50195640    0.23655121
17670    2.42034675    -0.74782117    0.14539715
17680    1.29798721    -0.32880437    0.06212745
17690    1.90414864    -0.33182821    0.14642771
17700    1.23866381    0.01046172    0.13886302
17710    1.39020229    0.40938835    0.26844576
17720    1.86072846    0.11689785    -0.00883045
17730    2.37934221    -0.51258903    0.10705185
17740    2.80435101    -0.27234739    0.34670075
17750    2.35516032    -0.54742055    0.44577084
17760    -0.53388928    0.52721367    0.52678133
17770    0.95457918    0.06279310    0.46153954
17780    -1.10530004    0.65922086    0.39721182
17790    1.22830039    -0.01619805    0.37180266
17800    -0.89681769    0.58172308    0.54785302
17810    2.39615517    0.04523635    0.62905768
17820    2.59029442    -0.33650089    0.78878912
17830    1.13401372    0.50735726    0.22472698
17840    2.51938329    0.00320508    0.56796108
17850    0.99146111    0.01139665    0.56968765
17860    2.72448571    -0.06445040    0.79358778
17870    1.24259412    0.37078187    0.80306279
17880    1.33975453    0.27120816    0.71261277
17890    2.72988942    0.04846756    0.74198151
17900    2.16037540    -0.05544724    0.63553131
17910    1.18388961    0.58498408    0.75057015
17920    1.11074987    0.29697243    0.69874088
17930    0.52454411    0.72983339    0.66430586
17940    2.99704229    0.27026991    0.70336162
17950    1.33364083    0.51593000    0.33524236
17960    1.73388212    0.29859720    0.66439462
17970    3.03553028    0.52372034    0.82852655
17980    -2.12155546    0.54502260    0.36729917
17990    2.15729558    0.13762528    0.60974810
18000    -0.39971435    0.07180486    0.31560464
18010    2.35857249    0.20344263    0.67556789
18020    1.11127090    0.49494140    0.44322857
18030    0.62012519    -0.00649927    0.60485676
18040    2.39358421    0.18186406    0.42873691
18050    2.30142560    0.12841442    0.24063690
18060    -0.27048449    0.06818586    -0.08516685
18070    0.75666069    0.32738051    0.13703448
18080    1.30450591    0.06653656    0.35482180
18090    2.78659642    0.11321341    0.49800273
18100    1.29680698    0.03924171    0.49923541
18110    0.89285310    0.28498789    0.32113782
18120    2.48707644    0.44001619    0.52113374
18130    2.60798749    0.29375280    0.68130493
18140    1.02987041    0.53045337    0.63741651
18150    1.25843319    0.36629114    0.61296405
18160    1.38269067    0.62912371    0.61891879
18170    2.74167111    0.68626027    0.89040526
18180    2.39868154    0.77007626    0.95975669
18190    1.34327002    0.94119941    0.76322724
18200    -1.14922981    0.09111183    0.61454615
18210    2.00356052    1.07944629    0.81987155
18220    2.20340976    1.13125557    0.77962715
18230    2.65504838    1.18388446    0.79031728
18240    1.91394179    1.10194023    0.55427343
18250    2.43520370    1.22525533    0.51980697
18260    1.07282997    0.44733086    0.52695993
18270    1.16750055    0.91562881    0.32574221
18280    0.10617793    0.15514276    0.42435060
18290    -1.88630477    0.02320759    0.10626550
18300    0.99158619    0.93424858    0.29516682
18310    0.81585405    0.70576995    0.41669663
18320    3.12859190    1.34261538    0.50576262
18330    0.97836900    1.15089932    0.51576693
18340    0.91843322    1.06721382    0.61739429
18350    0.87356202    0.87221134    0.57142141
18360    1.18666383    0.55731308    0.61153128
18370    1.09441716    0.47137934    0.57048633
18380    1.94663045    1.10492037    0.71438882
18390    1.23007965    0.46406346    0.75404586
18400    1.87262962    1.19997081    0.64486496
18410    1.94733939    1.33392547    0.57647738
18420    2.28149604    1.47380401    0.20953849
18430    -0.68091062    -0.14239128    0.30275227
18440    0.41145273    0.82082157    0.32269478
18450    0.34044144    0.75228066    0.43386139
18460    0.90355598    0.95115018    0.10478926
18470    2.32706147    1.87862494    0.19897813
18480    2.03787705    1.58100695    -0.02517777
18490    2.40480733    1.92280256    -0.15495539
18500    1.97691065    1.44146833    0.14208727
18510    2.11930016    1.88422809    0.21638152
18520    -0.80114966    -0.04781050    0.16304177
18530    0.84400553    0.93184766    0.10499011
18540    0.85298086    1.29303152    0.02476072
18550    2.55855977    2.35604943    0.02286429
18560    -0.19110354    0.16160907    0.03992418
18570    2.00799726    1.74618687    0.30252644
18580    2.10723660    1.73986899    0.29759625
18590    -0.00809969    -0.03877010    0.20944505
18600    0.50540514    1.12457280    0.28740496
18610    1.54491344    1.66751147    0.17520422
18620    1.94681858    2.44637831    -0.11786109
18630    1.57947171    1.88486882    0.10008569
18640    0.83241638    1.09308950    0.24946355
18650    1.52543898    1.98574896    0.17287953
18660    1.43789972    2.03743721    0.17734198
18670    -0.80507603    0.10375363    0.12823387
18680    0.56161931    1.30621070    0.04662732
18690    1.69511291    2.31430238    0.04071833
18700    0.36674749    1.18599276    0.26162908
18710    0.88754622    1.48447185    0.33831849
18720    0.31970339    0.77053710    0.48026363
18730    1.55121918    2.81635268    0.28311692
18740    -2.15200878    -2.32836200    0.64702843
18750    0.73992847    1.59824005    0.44600496
18760    2.02025683    2.78735401    0.50032129
18770    1.83877813    2.53087529    0.60290975
18780    2.11165949    2.64572597    0.81009820
18790    1.29272274    1.83485502    0.64540306
18800    2.09304064    2.76828963    0.78434685
18810    1.60002543    2.39221365    0.70796307
18820    0.68530383    0.78219261    0.82029683
18830    1.27646739    2.34471487    0.61810644
18840    0.50748721    1.23403295    0.59924669
18850    1.28303253    2.22867242    0.66786439
18860    1.28841725    2.30707539    0.72066844
18870    0.96045200    2.06917257    0.83104616
18880    -0.04547708    0.30025401    0.67224233
18890    -1.56771720    -1.60039936    0.40715363
18900    0.83403813    2.23066828    0.62577766
18910    -0.25911445    1.08247675    0.62470231
18920    0.03301570    1.42531942    0.39568545
18930    1.25672597    2.37875373    0.71827697
18940    1.12940469    2.35297350    0.66235319
18950    1.31731952    2.55250338    1.04825830
18960    1.23474170    2.58020082    0.92384288
18970    0.44294483    1.71283554    0.74559429
18980    1.55547938    2.55956982    0.88262668
18990    1.59116128    2.39683610    1.04856916
19000    1.00282625    1.12155759    1.15935924
19010    0.46985275    1.38126400    1.06665840
19020    0.56091216    1.22784150    1.01009845
19030    1.31144491    2.54632507    0.94463909
19040    1.16005016    2.11071427    0.93029836
19050    0.48572317    1.22207130    0.69270835
19060    -0.93387339    -0.82870710    0.63464754
19070    1.11238204    2.53378781    0.99611452
19080    0.47638684    1.51962411    0.74347246
19090    -0.80235539    -0.49948596    0.18817249
19100    -1.33468266    -2.08377686    -0.09254066
19110    0.53602679    2.61241118    0.58257929
19120    -1.72234574    -2.26556812    0.03293078
19130    -0.26723194    1.32915800    0.27987124
19140    -0.25886178    1.02538471    0.11727050
19150    -0.80523217    -1.47218189    -0.15483355
19160    0.01991227    0.20681678    0.20034820
19170    0.41119232    0.12892641    0.61374860
19180    0.65167934    1.29960250    0.77443489
19190    1.36753011    2.56124689    0.98388896
19200    1.29027001    2.26756857    0.68843827
19210    1.04108647    0.83613879    0.54536650
19220    0.30472898    -0.13078596    0.53564301
19230    0.12173698    -0.15381260    0.41146440
19240    0.55882753    1.64030326    0.55710578
19250    0.36689065    -0.64577083    0.40017101
19260    0.68136292    2.23058441    0.57916887
19270    0.57927561    0.74718768    0.43023861
19280    0.35136000    3.15664238    0.37430145
19290    -0.50600125    0.69038131    0.36190792
19300    0.02297612    2.83925114    0.34089296
19310    -0.28670315    1.61056743    0.34970549
19320    0.08509203    2.65050955    0.21907731
19330    0.05229130    3.02965719    0.03305445
19340    -0.61032251    0.24558588    0.01039388
19350    -0.27952887    3.15976455    0.25805363
19360    -0.43345127    -2.44363655    0.10065514
19370    0.03306060    1.63975509    0.43076312
19380    -0.37776694    -1.35328078    0.35145223
19390    -0.18255940    -0.67102482    0.20029834
19400    0.53691080    1.78296647    0.18039354
19410    0.52545634    1.79389931    0.09975802
19420    -0.24259334    -0.21884477    0.32649938
19430    0.31238103    -0.16182857    0.23824895
19440    0.57824281    2.23945343    0.75123314
19450    0.51591093    2.30601732    0.66953142
19460    0.30646434    2.28478773    0.36122398
19470    -0.02160271    0.50167397    0.33928254
19480    0.27067084    0.71803730    0.31040070
19490    0.00844062    -1.42440258    0.38746493
19500    -0.29145096    2.24168482    0.56096864
19510    -0.36196665    0.54386314    0.58219114
19520    -0.22362399    2.31036260    0.53561355
19530    -0.34245709    2.80695404    0.46252757
19540    -0.43455214    2.56326748    0.49157457
19550    -0.53923102    2.77487591    0.32809718
19560    -0.45215230    2.80191589    0.46504517
19570    0.05115549    -3.25369959    0.21517916
19580    0.21022839    -0.22314571    0.30103260
19590    -0.40476103    1.41958695    0.45818804
19600    -0.38949893    3.22745636    0.28578552
19610    -0.06919638    -0.34850452    0.39336870
19620    0.22172835    0.18763138    0.54548644
19630    -0.10134244    0.11872534    0.32179243
19640    -0.54539552    3.48301377    0.60021583
19650    -0.11224453    1.80291779    0.45217718
19660    -0.21742782    1.57255598    0.58535356
19670    -0.00608935    -0.53043443    0.56259048
19680    -0.05064353    0.19314000    0.84321824
19690    -0.82965989    2.66728114    0.81704870
19700    -0.71524400    1.12080152    0.69275764
19710    -0.25485548    -0.92966429    0.56378573
19720    -1.14895671    2.63307802    0.57937019
19730    0.06158917    -0.36291179    0.66310623
19740    -1.38471455    2.77110284    0.82506752
19750    -0.70330698    0.72780937    0.71706662
19760    -1.12890188    1.22013151    0.67249863
19770    -0.56929023    1.27165046    0.74577212
19780    0.70819856    -2.01519663    0.71608829
19790    -0.50052332    1.40286845    0.85040035
19800    -0.11184398    1.33333447    1.09377672
19810    -0.08611174    1.40347424    0.76550517
19820    -0.24441824    1.50393475    0.60190646
19830    -1.26034802    3.12937229    0.73807308
19840    0.28716374    -0.42975906    0.56916723
19850    -1.34707863    2.76030381    0.75383292
19860    -0.44342814    1.87012290    0.90418779
19870    -0.80820569    2.52872301    0.79668325
19880    -1.09236141    2.80623296    0.80882472
19890    -1.08478197    2.63857847    0.91051682
19900    -1.33414642    2.96685002    0.68274584
19910    -1.13361989    2.04681274    0.84408691
19920    -1.37007171    2.51325328    0.50093699
19930    -0.24146356    -0.68397710    0.32969361
19940    -0.15635369    0.10028059    0.28106984
19950    -0.86695709    0.79854223    0.36413472
19960    -1.52708949    2.46126951    0.38154656
19970    -1.28010440    1.67166904    0.28013026
19980    -1.84379126    2.23027903    0.15954075
19990    0.09943652    -0.70423839    0.34994359
20000    -0.63422196    0.37363369    0.22845049
