0    0.02493033    -1.22271027    0.17728578
10    0.21462534    2.64897587    0.55439155
20    -0.33229987    1.68894591    0.46752373
30    -0.39338804    0.39004991    0.32749694
40    -0.36948974    1.50224740    0.42288741
50    -0.07141797    -1.23882562    0.14025559
60    -0.09883897    0.64553782    0.33246814
70    -0.22755172    2.29425034    0.64670563
80    -0.08858829    0.53082929    0.29310576
90    0.12803177    2.45488560    0.57644610
100    0.19460072    2.72952125    0.57032450
110    0.26705252    0.47261248    0.39529518
120    -0.17199201    1.12987426    0.51535528
130    0.27623104    1.18622977    0.60590599
140    0.35544702    1.13658357    0.54661389
150    0.10156618    0.96040725    0.62560052
160    -0.17756139    2.53805402    0.63432261
170    -0.54297355    3.11493159    0.49084482
180    -0.36638344    4.23146121    0.59566181
190    -0.03680972    1.00029251    0.71178910
200    -0.39276542    2.43451481    0.73601210
210    -0.49224795    3.34778592    0.36953653
220    -0.30307796    1.32062300    0.37918103
230    -0.36288146    1.40608060    0.07006909
240    -0.53476515    1.84567218    0.46062555
250    -0.43931922    2.05690609    0.41090548
260    -0.11067486    0.61862855    0.25822405
270    -0.29260240    1.15099919    0.23995771
280    -0.45847283    1.81329233    0.04348639
290    -0.39607939    1.12448279    0.03585999
300    -0.69456356    2.37992621    0.23299700
310    -0.28300349    1.21057003    0.55374695
320    0.00273056    0.31075515    0.65539216
330    0.05671242    0.54331824    0.30815057
340    -0.06581805    0.01866476    0.77389907
350    0.13021825    0.86205968    0.54554458
360    -0.32457117    1.16928147    0.78954551
370    0.20919961    0.62545386    0.69394136
380    -0.33097916    1.23662485    0.63865942
390    0.46756604    -0.44202994    0.74620717
400    0.75062515    -1.41117126    0.89593697
410    -0.55821605    1.53526933    0.58543115
420    -0.04894873    0.94304976    0.58223272
430    -0.41810890    1.34281783    0.59094394
440    -1.06971568    2.86295386    0.31280533
450    -1.31075008    3.15690041    0.06088437
460    -0.69439725    2.41521355    0.32633162
470    -0.40659481    2.02839901    0.44861165
480    -0.50467639    2.09754906    0.28599781
490    -0.57493438    1.82865224    0.18530603
500    -0.55265738    2.00084864    0.25802719
510    0.25996260    0.30874068    0.38547845
520    0.02698651    0.51733834    0.51401605
530    -0.70789890    2.00707411    0.21416284
540    -0.20426379    0.82396794    0.42507353
550    0.80038154    -1.27174901    0.64774541
560    -0.53384218    1.39610517    0.28352063
570    -0.05728601    0.34317416    0.22507908
580    -0.44747103    0.91647612    0.46803515
590    0.53645871    -1.29673571    0.77434036
600    -0.48852627    0.75387172    0.38774016
610    0.68260021    -1.46181396    0.60088050
620    -0.45796076    1.67645122    -0.04587017
630    -0.31073099    1.33836402    0.15937694
640    -0.58013224    1.98274513    0.15324616
650    -0.66659781    2.30952988    -0.02632993
660    -0.53721995    1.19782708    0.26223148
670    0.03656168    1.09088236    0.15899526
680    -0.03804101    1.11102829    0.17645536
690    -0.59875989    2.33311259    -0.20776650
700    -1.11586737    3.25518294    -0.49306401
710    -0.94184024    2.90531795    -0.24328065
720    -1.18938136    2.59520684    -0.18764794
730    -1.08390703    2.22010356    -0.20277581
740    -0.57001568    0.94942459    0.07955401
750    -1.22524762    2.48534337    -0.71225287
760    -0.03605560    -0.59384627    0.25333392
770    -1.10013719    1.59966003    -0.10319455
780    -0.77522338    0.59773152    0.20519564
790    -1.06691802    1.89900928    -0.13269958
800    -0.50615557    0.00347240    0.40276029
810    -0.93205698    0.31561252    0.25918217
820    -0.59819007    -1.14057787    0.79249700
830    -1.45119479    1.40328207    -0.10413940
840    -0.43856337    0.62323780    0.53508016
850    -0.95651219    0.85057410    0.17144773
860    -1.06141228    1.18946685    -0.03134074
870    -0.41757440    0.50289718    0.38197164
880    -1.13016216    1.50510325    -0.13426879
890    -0.96966236    0.71737462    0.13436448
900    0.40135619    -0.13004775    0.65678461
910    -1.29624681    2.13633435    -0.35105030
920    -0.43947921    1.50496575    -0.47072457
930    -1.35218364    1.93776332    -0.71759835
940    -0.71351960    1.46648443    -0.32195877
950    -1.45563606    1.89645229    -0.55663797
960    -1.11949192    1.83339663    -0.21630809
970    -1.11400200    1.79765575    -0.27014188
980    -1.20425023    2.19050776    -0.31139219
990    -0.98220735    1.76812926    -0.08463889
1000    -2.21086635    2.42674382    -0.24793115
1010    -1.38894865    1.44936438    0.22913782
1020    -1.96504831    1.70419786    0.20484734
1030    -1.96529376    1.48628658    0.19297887
1040    -1.19844183    0.75954497    0.49736654
1050    -1.63014432    1.24559563    0.42389864
1060    -1.98855950    1.60879076    0.33422786
1070    -0.98070891    1.06116574    0.60949843
1080    -1.62079482    1.10436272    0.39278898
1090    -0.49136727    -0.07927445    0.53642914
1100    0.51394862    -0.05333649    0.51971950
1110    -1.77686362    0.80402288    0.09411191
1120    -2.40531530    1.37138276    -0.27008642
1130    -1.21491214    0.89016392    -0.07920443
1140    -1.44448634    1.15839404    -0.29608160
1150    0.73100361    -0.07834781    0.07037480
1160    0.32417474    0.11309893    0.16596990
1170    -1.45476842    0.91511775    -0.12821460
1180    -0.84794096    0.66377539    0.06879044
1190    -1.27357323    0.83451715    0.15280344
1200    -1.66717963    1.19438212    -0.42100046
1210    -2.77560316    1.57171048    -0.44884754
1220    -0.73401631    0.43453214    0.30696215
1230    -1.27539383    0.65729250    0.28161046
1240    -1.06110439    0.28894342    0.65890960
1250    -1.85207134    0.74940373    0.40927943
1260    -2.19185817    0.46221686    0.10145500
1270    0.28868609    -0.08452282    0.77722777
1280    -2.45585760    0.78427938    -0.01853021
1290    -1.95163582    0.62712826    0.22524346
1300    -1.10484496    0.26034609    0.40438974
1310    -1.51341246    0.51592624    0.14031207
1320    -1.27330639    0.52627460    0.08217431
1330    -0.38706612    0.24042704    0.22351221
1340    -1.56575861    0.89703596    -0.09435897
1350    -0.23261715    0.46448222    0.32083326
1360    -1.24081152    0.72789261    -0.32088622
1370    -0.44780036    0.12662509    0.07065307
1380    -2.16374495    0.67531870    -0.47360877
1390    -0.75960732    0.62893975    -0.15247659
1400    -0.58030712    0.35273185    0.03816405
1410    0.24059853    0.45445295    0.20512216
1420    -0.24096520    0.22435363    0.48392059
1430    0.61165171    -0.08185022    1.10116501
1440    0.30028955    0.37887889    0.62932706
1450    -0.61673083    0.24846031    0.42800635
1460    -0.50812466    -0.06918378    0.63588635
1470    -1.22598581    0.49440341    0.21214615
1480    -0.77489636    0.37737385    0.30078065
1490    -2.33309030    0.56538556    -0.19817773
1500    -2.80689964    0.70542447    -0.44945665
1510    -0.11701157    0.09041463    0.53922671
1520    -1.67089967    0.43334806    -0.28055591
1530    -0.24263303    0.23689206    0.08439819
1540    0.50040332    0.07480587    0.59723361
1550    -0.80987876    0.13032735    0.23228588
1560    -1.75838843    0.21124945    -0.54165868
1570    -2.22073254    0.27367363    -0.73728423
1580    -2.47406947    0.34328334    -0.94609691
1590    -1.29341967    0.29891724    -0.42717674
1600    0.53090458    0.14057206    0.68748355
1610    -0.93418886    0.09046749    -0.06703997
1620    -0.55371825    0.16082773    0.16290282
1630    -2.64453280    0.43821842    -0.71538416
1640    -1.37410920    0.35163021    -0.22978610
1650    -2.00796415    0.18346196    -0.30815748
1660    -2.69341375    0.65294188    -0.71613064
1670    -2.04133167    0.58493930    -0.22435732
1680    2.05778667    0.37713428    1.50449735
1690    -0.78937882    0.40916532    0.38279636
1700    -0.59497293    0.45282489    0.49970937
1710    0.09779865    0.38170858    0.62638869
1720    -1.36956221    0.53186299    0.11662097
1730    -0.63660171    0.37517111    0.39163612
1740    -1.94785131    0.43218774    -0.11357647
1750    -0.75750948    0.70747153    0.21935085
1760    -1.05826587    0.67565631    0.06164222
1770    1.43467689    0.37111724    0.79469946
1780    -1.26408043    0.39775771    -0.66624327
1790    -0.92548114    0.00771442    -0.15685756
1800    -2.38743135    0.12965402    -0.77921569
1810    -2.70571337    0.06874146    -0.96490446
1820    -2.18761401    -0.27530379    -1.14635843
1830    -1.91178664    -0.23389395    -0.77206666
1840    -1.15617382    0.09458611    -0.60846252
1850    -2.22454901    -0.51997951    -0.53195330
1860    -2.23278662    -0.03795085    -0.39879571
1870    -0.82802484    -0.07366137    -0.06477303
1880    -0.51834492    0.21948416    0.01940843
1890    0.15198024    0.15927795    0.34751343
1900    0.05295956    0.40865475    0.33762410
1910    -0.59901637    0.23730786    0.69467935
1920    0.48546758    0.17683392    1.32351973
1930    0.44465333    0.50714577    0.77586284
1940    -2.59922001    -0.62318102    -0.11298886
1950    -0.66023978    0.27230264    0.35330402
1960    -1.95187224    -0.24203217    0.45459271
1970    -3.21417259    -0.40991798    -0.39043446
1980    -2.37536080    -0.42690510    -0.11077708
1990    -1.96702435    -0.24677408    -0.02602121
2000    -0.14422784    0.42445512    0.81338971
2010    -2.16013119    -0.61618353    0.08833624
2020    -1.62720310    -0.05947870    0.22215567
2030    -2.18813801    -0.53668697    -0.04202423
2040    -1.50994547    -0.39399136    0.07689818
2050    -2.22044316    -1.00178899    -0.39932721
2060    -1.34786054    -0.49227473    0.23198232
2070    -2.32614207    -1.05392127    -0.39323732
2080    -1.51263345    -0.52002485    0.01853593
2090    -2.25885036    -1.16151027    -0.40221546
2100    -1.32085980    -0.71493889    0.20664023
2110    -1.05686999    -0.67104091    0.29059719
2120    -1.02774398    -0.43696303    0.24533026
2130    -2.41347661    -1.43323830    -0.18897768
2140    -1.61945853    -0.87390292    -0.05358944
2150    -1.18152927    -0.78590913    -0.04833560
2160    -1.00522765    -0.63116114    0.03339949
2170    0.17440325    0.04833033    0.65482878
2180    -2.21311082    -1.09951664    -0.30063225
2190    -1.66096343    -0.66880014    -0.49472958
2200    -2.12821313    -1.37800820    -0.65948336
2210    -1.17343050    -0.66795449    -0.42122869
2220    -0.82238133    -0.34466916    -0.51747412
2230    -1.73394635    -0.55144761    -0.85982602
2240    -0.71182290    0.08148887    -0.20426516
2250    -1.41933536    -0.62978846    -0.79923457
2260    -1.91646380    -1.14414502    -0.93265124
2270    -0.77178573    -0.33217875    -0.50321208
2280    -1.74258391    -1.23365637    -0.87776671
2290    -1.85798568    -1.20780126    -0.89999619
2300    -0.46131523    -0.16228469    -0.01921410
2310    -1.99533758    -1.77415267    -0.24575267
2320    -1.73202311    -1.23940167    -0.43951103
2330    -1.39558452    -1.33731606    -0.16668088
2340    -0.16525985    -0.10146715    0.52528729
2350    -1.10102164    -1.25662642    0.09356673
2360    0.14369314    0.56197613    0.84630225
2370    -0.92917616    -1.09694818    0.23915238
2380    -0.59197094    -0.58493935    0.41130893
2390    -1.50914548    -1.27448756    -0.05809647
2400    -1.18345607    -1.17238559    0.14514667
2410    -0.99037219    -0.96208032    -0.22703750
2420    -1.65378313    -1.56022583    -0.43767732
2430    -1.22715051    -0.86607069    -0.39998129
2440    -1.36599466    -0.99397579    -0.13644486
2450    0.38447885    0.73210923    0.91987666
2460    -1.76241749    -1.52198802    -0.54339859
2470    -0.75618212    -0.32549858    -0.07409363
2480    -1.13794658    -0.77933267    -0.35091957
2490    -0.59167982    -0.49498523    0.03068080
2500    -0.68899771    -0.61682579    0.14411300
2510    -0.99238863    -0.89378399    -0.05628358
2520    -1.97040540    -2.15271128    -0.46752188
2530    -1.21440949    -1.60575947    0.25234555
2540    0.32911811    0.23041503    0.50686768
2550    -0.69325534    -0.61796433    0.38161548
2560    -0.94812292    -1.15426414    0.16976987
2570    -0.31461763    -0.68079122    0.29598027
2580    -0.61900450    -1.03288619    0.08800323
2590    -1.49562929    -2.16197817    -0.57480004
2600    -1.40946250    -2.26537195    -0.52378352
2610    -1.61369491    -2.30703931    -0.44557796
2620    -0.98637902    -1.32755140    -0.10127087
2630    -0.66767609    -0.75179112    -0.15831987
2640    -1.48263955    -1.10530094    -0.43729640
2650    -0.58720460    -0.24567918    0.06862133
2660    -1.63537148    -1.62337084    -0.61335352
2670    -1.09588281    -0.66857635    -0.03046776
2680    -1.34611867    -1.30944359    -0.02320338
2690    -1.61912584    -1.42038008    -0.27773910
2700    -1.32091720    -1.04396279    -0.13228233
2710    -0.78299965    -0.42080469    -0.13487388
2720    -0.39531452    -0.30859329    0.32718859
2730    -1.30270765    -2.15244216    -0.08705822
2740    -1.20358441    -2.18169950    -0.06563971
2750    -0.55161431    -1.81327441    0.17781640
2760    -1.18682262    -2.40683454    -0.23102690
2770    0.05815260    -0.43413139    0.31272408
2780    -0.87179181    -2.14023713    -0.05293602
2790    -0.55141180    -1.49435851    0.08676870
2800    -0.25245856    -0.84591502    0.39544191
2810    0.24990701    -0.90069810    0.48012266
2820    -0.78308840    -1.79866021    -0.00275874
2830    0.21134177    0.44492662    0.68889741
2840    -0.73359771    -1.38784152    0.31579009
2850    -0.76181789    -1.33506569    0.38410647
2860    -0.34935706    -0.73306431    0.45673914
2870    -0.71734900    -0.97932075    0.32368904
2880    0.12822430    -0.03952152    0.54314858
2890    -0.58414336    -1.16420435    0.17388779
2900    -0.62484166    -1.10208558    0.34896492
2910    -0.87318731    -1.40663724    -0.16087161
2920    -1.24665818    -2.54425530    -0.16568247
2930    -0.46250819    -1.42815644    0.00599873
2940    0.92402993    0.77984363    0.80929389
2950    -0.03685271    -0.92019367    -0.03450743
2960    0.26090489    -0.53167586    0.21764032
2970    0.27078172    -0.06294544    -0.00503418
2980    0.46951034    0.30373053    0.12759274
2990    -0.08165557    -0.37128946    0.30820908
3000    0.28313237    0.27334935    0.34969305
3010    0.71634588    1.07727096    0.51669252
3020    -0.01783578    -0.50501149    0.08626772
3030    -0.71130215    -2.23229761    -0.01965245
3040    -0.79039506    -2.09434511    -0.03093827
3050    -0.37096305    -1.13077734    0.31903078
3060    -0.57282563    -1.05976964    0.40553466
3070    -0.34365457    -1.16072149    0.29541782
3080    -0.03963923    1.07153702    1.17389997
3090    -0.16064627    -0.57010837    0.60385782
3100    -0.11865178    0.82226228    0.77321189
3110    -0.24589504    -0.40159535    0.56531939
3120    -0.45186185    -1.46767427    0.29011057
3130    -0.46555813    -2.18828610    0.36788330
3140    0.37837067    -0.72596482    0.38332866
3150    -0.07955962    -0.66880533    0.32242990
3160    -0.28840466    -1.50985424    0.13950835
3170    0.14738817    -1.67356768    0.26872423
3180    0.30130046    -1.02712750    0.14979305
3190    0.27675017    -2.05892590    -0.16622402
3200    0.29876384    0.16112152    -0.00342949
3210    0.40992905    -1.14005574    -0.25632419
3220    0.24374775    -1.15560953    -0.06809839
3230    0.17870278    -1.07989773    -0.27381229
3240    -0.06570522    -0.27537840    -0.10273240
3250    -0.03116468    -2.10869528    -0.38779247
3260    -0.43092289    -0.44638141    -0.26736463
3270    -0.17626568    -1.96746438    -0.23523876
3280    -0.52986061    -1.25181473    -0.11337676
3290    -0.48542180    0.42403899    0.19767382
3300    -0.20031127    -0.77784526    0.17059414
3310    -0.16722187    -0.98529229    0.09393005
3320    -0.23066020    -1.49184286    0.13789014
3330    -0.13257384    -2.83491100    0.33761916
3340    0.36718715    -2.96242687    0.32758793
3350    0.03586177    -1.93268393    0.16037111
3360    0.20050570    -1.18631545    0.31872398
3370    0.35741506    -3.46543535    0.17857642
3380    0.62841863    -2.31425250    0.33947446
3390    0.53293687    -2.68608727    0.23870379
3400    0.53839320    -2.88815127    0.41179142
3410    0.51182362    -0.57534621    0.24295719
3420    0.44085624    -1.59993926    0.37168067
3430    0.94594343    -2.53827332    0.23519534
3440    0.09151764    -0.81191623    0.35318939
3450    0.56236695    -2.06902922    0.42223879
3460    0.15891288    -0.84511800    0.45225346
3470    -0.05195952    0.56817068    0.64028050
3480    -0.02685080    -2.20877398    0.54338558
3490    0.63632650    -0.04319773    0.59970675
3500    -0.01992638    -2.16062007    0.70947306
3510    0.13110042    -0.67084034    0.73865578
3520    0.23906878    0.34475458    0.69719940
3530    0.22871266    -1.76219609    0.66839264
3540    -0.16946773    0.33718407    0.60526315
3550    -0.16313042    -1.34361897    0.68497749
3560    0.77762727    -2.52303717    0.60714839
3570    -0.11530020    -0.00705152    0.52837127
3580    0.33201382    -0.74506109    0.47513965
3590    0.46242645    -1.12312128    0.30378637
3600    0.96415236    -1.61614496    0.40710353
3610    0.18111351    0.09826903    0.20177039
3620    0.80985201    -1.60051782    0.43646744
3630    1.02924022    -2.54555232    0.41586066
3640    0.02827411    0.10728186    0.08202550
3650    1.33264524    -2.48227418    0.44361121
3660    0.52418900    -1.53233607    0.35115607
3670    1.48062468    -2.81080693    0.65496466
3680    0.84187628    -1.21206846    0.44781552
3690    0.75688017    -1.44734780    0.60277031
3700    0.29834852    -1.08625482    0.77682031
3710    1.05208645    -2.38511396    0.78898526
3720    0.52302600    -0.47998201    0.57663628
3730    0.46627301    -0.80117786    0.60582744
3740    0.86647469    -1.47846196    0.76134269
3750    0.90994089    -2.56685352    0.75220742
3760    0.74387513    -1.29491724    0.64095949
3770    -0.48535744    -0.24857817    0.55323196
3780    -0.09084169    0.84680333    0.44035684
3790    0.34184081    -1.28414382    0.38487054
3800    0.29250817    -0.19697892    0.47359365
3810    -1.27137596    1.92046003    0.14675856
3820    -0.67771502    1.78252290    0.41503641
3830    0.23630401    -0.19650669    0.38350526
3840    0.95066674    -1.41385499    0.35900809
3850    0.21315619    -0.03568781    0.07351902
3860    0.90107866    -1.44272508    0.30181384
3870    0.87807281    -1.15114491    0.35969515
3880    0.80547030    -1.39221186    0.55771525
3890    -1.11032637    2.14546015    0.45811340
3900    -0.58197961    1.45542829    0.37500111
3910    0.90213328    -0.40147257    0.34790228
3920    -1.51231470    2.20114267    0.21089794
3930    1.50737217    -1.45272603    0.57438868
3940    1.55084399    -1.94272397    0.57354236
3950    0.56376554    -0.32859951    0.60281609
3960    0.92512257    -0.96165426    0.64261483
3970    -0.09995381    0.37039110    0.41361034
3980    -0.62883640    1.40836384    0.14321077
3990    0.89661250    -0.57869173    0.29501338
4000    0.72788009    -0.37254632    0.26278761
4010    -0.74086883    0.80458939    0.21387445
4020    0.74803234    -0.56120616    0.22458147
4030    0.93027056    -1.19964795    0.32364785
4040    0.19876314    0.09750835    0.10476387
4050    -0.84482177    0.76157327    -0.02797804
4060    0.76152438    -0.55469063    -0.03319556
4070    0.74494439    -0.62561935    0.01940544
4080    0.79301180    -0.56067425    0.19821766
4090    0.59088465    -0.69927373    0.28919375
4100    -0.06443361    -0.40463877    0.12457063
4110    0.21012369    -0.52978457    0.17094109
4120    0.91372434    -1.42274230    0.50579772
4130    0.81861857    -0.78617963    0.48942696
4140    -0.34283285    -0.13931128    0.58099304
4150    0.44774381    -0.60379529    0.68190290
4160    0.24405604    -0.30331455    0.64065754
4170    1.08014494    -0.56494978    0.59284309
4180    1.43411528    -1.14181246    0.82561357
4190    0.67866860    -0.32374051    0.63627889
4200    2.40810507    -1.60731753    1.09952019
4210    1.59523821    -0.45252151    0.71546275
4220    1.66393339    -0.55662166    0.79434604
4230    2.77315028    -1.35322756    1.05896120
4240    2.17408529    -0.75661984    0.94403609
4250    1.50266540    -0.42978438    0.82921844
4260    2.17511088    -0.79181149    0.86568761
4270    1.56419987    -0.48470211    1.05598044
4280    0.84077848    0.35855506    0.46431104
4290    1.79287557    -0.54739766    1.08388836
4300    0.40077195    0.68368290    0.72035936
4310    1.43978454    -0.39862143    1.11255634
4320    1.96035532    -1.02684743    1.39131602
4330    1.32495961    -0.44441256    1.25363164
4340    -0.77005640    1.05688842    0.46099009
4350    1.44507505    -0.49460865    1.16607972
4360    -0.01953838    -0.33103619    0.98213645
4370    0.98312650    -0.28992777    1.10029772
4380    1.44879695    -0.90272287    1.37446779
4390    1.22134216    -0.39862617    1.07465772
4400    0.89509532    -0.51502906    1.11902245
4410    0.19502964    -0.10512343    0.79711451
4420    1.99862346    -1.28650841    1.16509818
4430    2.73192803    -1.34476595    1.07860958
4440    2.04022686    -0.95543433    0.86842340
4450    1.56197199    -0.39128645    0.35930230
4460    2.53756694    -0.93769312    0.75032117
4470    2.06453986    -1.20280165    0.73768020
4480    1.46334165    -0.48687867    0.24801959
4490    1.47163699    -0.28512325    0.09938114
4500    2.76541186    -0.78950125    0.47183699
4510    2.95778111    -1.05298886    0.61961620
4520    2.36857849    -0.87007613    0.63185996
4530    1.51553956    -0.29777642    0.20266275
4540    2.50696015    -0.95474112    0.76932604
4550    1.59104613    -0.55558893    0.53733290
4560    2.17402920    -0.79883817    0.78104304
4570    1.22633970    -0.34441409    0.74147909
4580    0.70711781    -0.38497392    0.61464607
4590    -0.97440528    0.21131841    0.18853514
4600    -0.32836711    0.12748011    0.49898866
4610    -1.32385709    0.06829209    0.14576656
4620    -0.80260421    -0.26959107    0.34234378
4630    1.76419234    -0.96960455    0.85321789
4640    1.95066776    -0.84052811    0.89174145
4650    1.90063050    -0.93419625    0.92165035
4660    -0.98706079    0.19847965    0.13507922
4670    2.50361597    -0.83001946    0.99964075
4680    0.20497580    0.15050681    0.28067403
4690    1.15991600    -0.28699377    0.94157709
4700    1.80678972    -0.12783531    0.80406683
4710    2.27596070    -0.31340373    1.05267795
4720    1.29443753    0.12212601    0.82489504
4730    2.50058447    -0.00000808    1.14375188
4740    0.25225425    0.51049588    0.45536235
4750    0.33324835    0.53677563    0.51904870
4760    1.41929312    0.13244117    0.99059301
4770    -0.75752434    0.66459890    0.25894653
4780    0.43125562    0.45721023    0.46586570
4790    1.10019895    0.09871265    0.79349584
4800    1.61061311    0.06533074    0.76133819
4810    0.57015950    0.20121084    0.37375910
4820    1.38952419    0.08916897    0.60214817
4830    0.52354373    0.22508544    0.17760440
4840    1.70388254    0.21942584    0.39087421
4850    0.83832477    -0.04426249    0.07002975
4860    0.43620352    -0.17876184    -0.10441006
4870    -0.61888072    -0.07685404    -0.47688868
4880    1.35694345    -0.01128318    0.16264846
4890    -1.44817127    -0.19414792    -0.58437995
4900    -3.13616867    -0.26414385    -0.94659982
4910    0.21648706    -0.12927132    0.04786878
4920    0.13481424    -0.21954577    0.17806797
4930    2.68766921    0.20342487    1.08884942
4940    1.73032518    -0.03560498    1.22065113
4950    1.29307424    -0.00511327    1.09866143
4960    1.96432486    0.32131577    1.17079549
4970    0.69087984    0.29033008    0.66061056
4980    1.27456566    0.50857484    1.10145338
4990    1.20466101    0.39668344    1.22955944
5000    1.45594275    0.46904220    1.09054907
5010    2.35498283    1.32757698    1.08493762
5020    1.81371391    0.90881043    0.87100416
5030    1.95560238    1.02413322    0.89832069
5040    0.56533072    1.01832721    0.57114702
5050    2.56935656    1.48837399    1.06814488
5060    1.88385569    1.13676110    1.00282061
5070    -0.16812593    0.85937660    0.28324178
5080    2.07461940    1.10919507    0.71152335
5090    1.36405563    1.14243173    0.79725317
5100    2.00212395    0.99448446    1.02099264
5110    2.12439979    0.91623535    1.06788701
5120    1.83848104    0.80553738    1.04678059
5130    1.76898961    1.00131729    0.81091861
5140    0.80916823    0.34822632    0.65004222
5150    -0.30126602    -0.16751502    0.26910390
5160    2.32602911    1.01345763    1.16425755
5170    2.00157978    0.83500243    0.89749130
5180    1.59174620    0.60060009    0.64081730
5190    1.68462449    0.96678492    0.63650505
5200    2.01669410    0.72301051    0.75690741
5210    1.72155922    0.32155237    0.84731038
5220    0.85348254    0.46903587    0.56573937
5230    1.50192116    0.74642144    0.57434785
5240    1.51342901    0.25941001    0.74640391
5250    1.47410193    0.82883754    0.30949712
5260    1.75399212    0.84779243    0.75012584
5270    1.35034975    0.90625653    0.68601433
5280    1.59221411    0.68108912    0.83387839
5290    1.92865000    0.78415234    1.00831855
5300    1.81137145    0.76111520    0.80563136
5310    -0.29067309    0.22172255    -0.05940043
5320    0.48287703    0.46603842    0.29105209
5330    -0.29702635    0.09794542    -0.09267793
5340    0.08723826    0.36944156    0.13623876
5350    0.27851798    0.96901573    0.10967606
5360    1.25672919    1.11810397    0.43328613
5370    0.24834257    0.59057380    -0.04193582
5380    1.27896801    0.97755950    0.55882773
5390    1.10545446    1.33554324    0.50965353
5400    0.10313826    1.25701332    0.15151991
5410    0.78517209    1.25942076    0.40735663
5420    -0.68993633    0.31115218    -0.13491981
5430    -1.42111379    0.30604400    -0.25316021
5440    0.87901929    1.25824818    0.61735117
5450    1.10033850    0.84274968    0.62492181
5460    0.61912794    0.71442458    0.56850179
5470    1.20595691    0.99628264    0.70389235
5480    1.24127935    0.75652191    0.62496948
5490    2.61997587    1.41913005    1.13525251
5500    2.26137280    1.44196546    1.16210370
5510    0.62066289    -0.31366218    0.57219336
5520    1.36471115    0.43055602    0.73841776
5530    1.05954453    0.32796007    0.71957706
5540    0.64050271    0.32175105    0.73958551
5550    1.57455856    1.12264059    0.88998766
5560    1.67582827    1.14510301    1.03663208
5570    1.78343899    1.02647607    1.24649540
5580    1.84100551    1.09774671    1.10137856
5590    1.41725463    1.18972181    0.98045537
5600    0.49597656    0.50822206    0.65966646
5610    0.75827176    0.97711463    0.79376754
5620    1.42590970    1.64289832    1.02083769
5630    -0.69898428    -0.29342305    0.09618049
5640    -0.59758069    -0.17364751    0.11818825
5650    0.42265454    1.20604891    0.50079244
5660    -0.07655253    0.29383971    0.27297311
5670    0.06393672    0.47025950    0.25984035
5680    1.78738371    2.07643754    1.11906573
5690    1.79818649    2.24628314    0.96556185
5700    0.24523662    0.85483162    0.26941614
5710    0.54040266    1.02967665    0.35716295
5720    -1.21135915    -0.86912346    -0.62287001
5730    -0.75882427    -1.09614814    -0.14317293
5740    0.32226672    0.33631718    0.42549150
5750    0.43448493    0.23632837    0.52190254
5760    1.04904100    1.52937252    0.77147615
5770    1.41930592    1.79658873    0.97374928
5780    1.13699724    1.88090703    0.87695867
5790    0.99925553    1.45579089    0.96062263
5800    1.73513563    2.54569563    1.28626784
5810    1.75075449    2.31633429    1.07790409
5820    0.90796251    1.61330887    0.80523073
5830    1.44467700    2.02004302    1.04283112
5840    0.86318586    1.44878145    0.51152650
5850    0.88975809    1.18470460    0.38411474
5860    0.81290784    1.51612078    0.40027900
5870    -0.72658305    -1.05514695    -0.34830426
5880    -0.15925140    -0.62421373    -0.09881209
5890    0.94688588    1.64359377    0.57961238
5900    0.53370027    0.74848631    0.38489542
5910    -0.29780233    -0.77482894    -0.32792329
5920    1.18633034    2.14878407    1.02471741
5930    0.10894381    0.02023343    0.41836227
5940    -0.46077544    -1.05158558    -0.17818694
5950    0.78317487    1.37493054    0.95077178
5960    1.11867356    2.44473212    1.22631916
5970    0.99223256    1.89952289    0.85573403
5980    0.57078611    2.04273563    0.78953536
5990    1.03237046    2.22508261    1.19801049
6000    -0.00803187    0.51666505    0.43122341
6010    0.71081153    1.54124585    1.05145533
6020    0.48714655    1.72770094    0.95486762
6030    1.09984249    2.39994953    1.32963287
6040    0.20389541    0.93343828    0.44335736
6050    0.96863743    2.39777619    1.17094363
6060    0.87226014    2.01315167    0.95624015
6070    0.47761585    2.26654381    0.61430983
6080    0.25303031    1.26220241    0.33139672
6090    -0.15104787    0.93765478    0.10307882
6100    0.18501052    1.29631329    0.30193095
6110    -0.27017011    0.22786144    -0.12475925
6120    0.42260102    1.15360267    0.08514797
6130    -0.89760805    -0.48436738    -0.79834052
6140    0.56189066    1.49069009    0.26367176
6150    -0.50571639    0.80442108    -0.03524051
6160    -0.30417799    -0.20733634    -0.13864040
6170    -0.17045085    1.25522308    0.02207810
6180    0.21737807    0.93564857    0.23660306
6190    0.32406873    0.09132497    0.22889653
6200    -0.46424670    -0.63327980    0.22532906
6210    0.53798377    1.78213491    1.16279243
6220    -0.09471528    1.75670067    0.82354875
6230    -0.26710952    0.82689482    0.51473089
6240    0.11553177    0.55940157    0.64241156
6250    0.60290227    2.01077807    0.98560191
6260    0.34062901    1.54594863    0.84846815
6270    0.52914398    2.02219016    0.72044534
6280    0.17802249    1.51722374    0.53215029
6290    0.04947275    1.04111922    0.22870901
6300    0.22335797    2.39988072    0.28686832
6310    0.34392552    2.48451889    0.32971499
6320    0.43910166    2.10080473    0.18947067
6330    0.25926692    -0.62959631    -0.16514884
6340    0.53904279    1.76026970    0.24383457
6350    0.22889889    1.67776141    0.37764368
6360    0.58186639    1.60960398    0.49510191
6370    0.20926132    1.99695879    0.36887271
6380    0.09119304    1.53016004    0.44950022
6390    0.18329618    0.85473666    0.99472129
6400    -0.02403067    1.76893097    0.69430785
6410    0.19425925    0.59819397    0.54550804
6420    0.15677960    2.10438066    1.14536226
6430    -0.08517259    0.69872710    0.85270751
6440    -0.25055429    -0.84375627    0.32574289
6450    0.02615168    1.47120470    0.89531695
6460    -0.05198491    0.22928248    0.24648088
6470    0.09252127    2.16249312    0.85939094
6480    -0.08736527    1.23067951    0.51071381
6490    0.11640552    1.53329747    0.74963911
6500    -0.02756884    -0.43439911    0.02171054
6510    0.27017357    1.57142007    0.41894783
6520    -0.06868742    2.76518919    0.73861918
6530    -0.06160663    2.82181594    0.54978830
6540    -0.31772657    1.27171136    0.18740678
6550    0.01167505    2.08455881    0.50617693
6560    0.03586614    1.73094634    0.73905892
6570    0.08981928    0.87881501    0.47571767
6580    0.26118249    1.43105293    0.83510310
6590    0.04503374    2.31376166    1.21083471
6600    0.07778647    1.49387158    0.91440902
6610    0.39830378    1.34068424    1.21791504
6620    0.23029398    2.06120322    1.18078970
6630    -0.20760579    1.84265702    1.06814909
6640    0.02370787    1.23882303    0.95266585
6650    -0.16796253    1.79695682    1.15774198
6660    -0.30657134    1.62157826    1.03400229
6670    -0.26361132    3.03037891    1.13875879
6680    -0.04066626    0.86235261    0.51421140
6690    0.05585941    -0.52414738    -0.23097589
6700    -0.23433471    1.27526593    0.36785012
6710    -0.31225406    2.10381795    0.50537740
6720    0.07470070    -0.07095667    -0.12866160
6730    -0.12200673    2.39215173    0.19440533
6740    -0.05017255    0.75497942    -0.24218584
6750    0.36004804    -1.23655491    -0.70610056
6760    -0.56801131    1.35115576    0.13825236
6770    -0.59667590    1.41918432    0.34283267
6780    -0.27549324    0.65595530    -0.03182849
6790    -0.91212279    2.07747028    0.41215337
6800    -0.08870837    -0.08149387    -0.05662551
6810    -0.22736983    0.64724427    0.43360792
6820    -0.53082746    2.16818520    0.91791114
6830    -0.61129857    2.16283180    0.96956363
6840    -0.08393943    0.39957220    0.50262162
6850    -0.44639930    1.92932981    0.85699786
6860    -0.14801061    -0.01955921    0.03779223
6870    -0.69077422    2.98989947    0.91227170
6880    -0.22276445    1.12843402    0.54585357
6890    0.45467938    0.00802843    0.64676976
6900    -0.94093357    1.79578158    0.67129175
6910    -0.53941541    1.51613673    0.47318477
6920    -0.78949001    1.45181302    0.15117195
6930    0.09565511    -1.38602047    -0.30636074
6940    -0.41362216    0.56231473    -0.00377228
6950    -1.17038720    1.88144908    -0.01763618
6960    -1.22746334    1.66338617    -0.04694706
6970    -0.37467503    1.34397748    -0.18887702
6980    -0.18683386    0.27611027    -0.18497436
6990    -0.32952178    -0.04672624    -0.36205440
7000    -0.76599326    1.94236037    0.56190712
7010    0.57132867    -0.87644112    -0.03892451
7020    -0.09705274    0.72430960    0.40223154
7030    -0.40479414    1.28157984    0.35347276
7040    -1.22306977    2.52912541    0.65405539
7050    -0.28849995    1.01554492    0.70224620
7060    -0.92817198    1.72077209    0.48158004
7070    -1.16615375    2.62566389    0.71705220
7080    0.02368374    0.26210018    0.40507357
7090    -0.93274981    1.31721531    0.27058438
7100    -0.77537776    1.31710286    0.22073071
7110    -0.84116900    1.59299444    0.29217291
7120    -0.47729536    0.60794296    0.20609838
7130    -0.91694380    1.12405243    0.42922243
7140    -1.27760698    1.54961431    0.43627532
7150    -1.29412161    2.06149165    0.53871626
7160    -1.20503457    1.12924522    0.09927858
7170    -0.12646397    0.47423379    0.23791504
7180    -1.75869408    2.00635131    0.81859632
7190    -0.97210058    1.66360728    0.90623826
7200    -0.03182099    -0.12709685    0.49495241
7210    -0.88084042    1.24673038    0.79430699
7220    -0.33542641    0.44028599    0.20987713
7230    -0.33293826    0.63606444    0.80722724
7240    -1.13951560    1.77354213    1.10286428
7250    -0.84461210    1.50650913    1.22464741
7260    -0.76254989    1.51165885    0.84431529
7270    -0.92320919    1.27282234    0.52923765
7280    -1.17678945    1.74841452    0.59286091
7290    -0.22018051    0.81261767    0.35416977
7300    -1.55991162    2.03559351    0.56824276
7310    -0.85808914    1.01655439    0.44667568
7320    -0.25778563    0.13561846    -0.05689429
7330    -0.31560526    0.32448177    -0.35766684
7340    0.67093112    -0.90675531    -0.36603069
7350    -1.51313179    1.48772389    -0.30487819
7360    -1.77745533    1.60422191    0.11974808
7370    -1.81085973    1.57081416    0.06852044
7380    -1.36823687    1.14068040    -0.02899381
7390    1.00139483    -1.11937554    -0.49517602
7400    -1.67583287    1.67491573    0.12466040
7410    -0.00730978    0.23595848    0.20719345
7420    0.87728930    -0.93901395    0.28548905
7430    -1.52829961    1.33985337    0.65534891
7440    1.73432873    -1.64414666    0.12559100
7450    0.85730512    -0.40777409    0.25982316
7460    -0.00792028    0.07854940    0.26094250
7470    -0.70854425    0.86726241    0.30294531
7480    -0.97312217    1.29342444    0.65521235
7490    0.00935993    0.12551790    0.51615005
7500    0.68875273    -0.49608943    0.24902117
7510    0.13235236    -0.27313432    0.01101433
7520    0.45884306    -0.28847948    -0.36910097
7530    1.31539362    -1.24853391    -0.09784494
7540    -0.00685490    -0.17711961    0.20344136
7550    2.19324942    -1.87025237    0.66143934
7560    -1.50032111    1.15375112    0.23051657
7570    -0.94041738    0.45542825    0.10867528
7580    -2.45699968    1.86649938    0.19055324
7590    -0.90946496    0.30359950    0.36616027
7600    -0.48190782    0.04001364    0.59067528
7610    -0.60348964    0.33037619    0.69953104
7620    0.12294727    -0.13053938    0.69245348
7630    -0.72296017    0.56502449    0.43123953
7640    -0.46525968    -0.12185226    0.03499781
7650    -2.12340378    1.57915826    -0.01069500
7660    -0.39375553    0.48081980    0.32384259
7670    1.05300288    -0.72167868    0.31001751
7680    -0.08327213    -0.05607986    0.44896806
7690    -0.69427901    0.37071897    0.36912897
7700    -0.78570498    0.90382726    -0.07569364
7710    -1.71991497    1.29498320    -0.13001665
7720    0.40954017    -0.12321448    -0.22548593
7730    -1.58054431    0.66941746    -0.07085803
7740    0.26592250    -0.32660628    0.11503362
7750    1.27469856    -0.88335194    0.17208035
7760    -0.67105682    0.28631325    0.13857357
7770    -0.93406081    0.36803167    -0.19317686
7780    -0.71334917    0.36772704    -0.19246301
7790    1.27492300    -0.59917045    -0.04728027
7800    -2.75420796    1.62264982    0.01355440
7810    0.24367393    0.02546438    0.22157522
7820    -0.37735739    0.42814431    0.05879229
7830    -0.03693294    0.23310029    -0.21898743
7840    0.18440993    0.52087755    -0.22254059
7850    -2.36590270    1.30320318    -0.24435049
7860    -1.07620056    0.86165708    0.06936260
7870    -3.16132382    1.33624083    0.17322743
7880    -1.10791724    0.28755581    0.18241970
7890    -1.48597116    0.52926956    0.10868844
7900    -1.06681922    0.26205407    0.28743540
7910    -1.43626533    0.39254021    -0.04965052
7920    -0.97356428    0.03824002    0.27215249
7930    -2.02675289    0.44166274    0.56419692
7940    -1.75203716    0.08896313    0.31521793
7950    -0.04391850    -0.15623289    0.34552386
7960    -0.10968233    -0.04973368    0.14909631
7970    -1.04687154    0.07655721    0.29972614
7980    -0.11060560    0.24075643    0.45163540
7990    -0.27669061    -0.02137375    0.61286062
8000    0.04793760    0.34883068    0.48482276
8010    -0.91191933    0.27370137    0.31027724
8020    -0.38513364    0.28692717    -0.08519705
8030    -1.11613943    0.30486736    -0.05032819
8040    -2.57705907    0.58626459    -0.20571157
8050    -2.42360008    0.42731295    0.22492749
8060    -2.91267956    0.33790162    0.03229217
8070    -2.36318765    0.44268219    -0.24282007
8080    -0.67348742    0.03719229    -0.20285932
8090    -1.39253015    0.10853871    -0.30233187
8100    -1.52125747    0.27914148    -0.06215485
8110    -1.66655217    0.26886098    0.07873071
8120    -0.69934247    0.19566743    0.37184989
8130    -0.55724702    0.00019532    0.33969775
8140    2.06018396    -0.17798587    0.28779431
8150    -0.60955929    -0.17626622    0.13760870
8160    -0.50771254    -0.57215242    0.32277059
8170    -1.95940865    -0.22006347    0.54503858
8180    0.54030299    0.23992237    0.64095905
8190    -2.41707443    -0.11988882    0.33543114
8200    -1.63325886    -0.06124802    -0.06984621
8210    -2.47189488    0.01835258    -0.10833740
8220    -1.34757206    0.27251109    -0.40641509
8230    -1.90920606    -0.07786786    -0.00969465
8240    -3.10873504    0.06749169    -0.40951533
8250    -0.37017764    0.51972830    -0.14463780
8260    -1.91766907    0.11257851    -0.66515441
8270    -1.81235958    0.30902503    -0.37702879
8280    -1.67702051    0.48586678    -0.34830145
8290    -1.98996706    0.34896023    -0.07469308
8300    -2.35905525    0.22299731    -0.16758010
8310    -2.10767559    0.01227940    0.08205984
8320    -1.96103204    0.14371982    -0.08617110
8330    -1.06803361    -0.13844390    -0.15914609
8340    -1.84003312    -0.68645769    -0.05912962
8350    -0.52089656    0.29282428    0.40333160
8360    -2.52469500    -0.32714602    0.23925483
8370    -0.62517129    0.27210964    0.38104389
8380    -2.47604928    -0.58445293    0.17853869
8390    -1.60198683    -0.42266027    -0.15223162
8400    -2.31867683    -0.12032868    -0.10599763
8410    0.05696791    -0.19479428    0.42983812
8420    -2.55926074    -0.35977371    -0.01276154
8430    -2.14356474    0.04412283    0.16520498
8440    -0.54331458    0.24281100    -0.02201314
8450    -2.46025081    -0.51590316    -0.15832511
8460    -0.53069293    0.41671015    0.02580510
8470    -1.11502365    0.02469692    0.04481340
8480    -2.85750734    0.00279321    -0.10451877
8490    0.03930370    0.80179211    0.29464830
8500    -0.36089685    0.09263844    0.13994077
8510    1.42634296    0.45687857    0.35375111
8520    -0.79417813    -0.19883073    0.04538114
8530    -0.62477911    -0.19848782    0.25099360
8540    -1.13925448    0.27644728    0.07221539
8550    -2.47661560    -0.93593922    -0.04530211
8560    0.68758846    0.45873849    0.14587282
8570    -1.76279774    -1.09001789    -0.14184411
8580    -0.36745558    -0.40674777    0.15404733
8590    -0.03734670    -0.00878461    0.06327283
8600    -1.22054584    -0.39572012    0.20012732
8610    -1.19698764    -0.22636362    -0.12179783
8620    0.05894900    -0.10336017    -0.26420920
8630    -1.14093273    -0.28943249    -0.35763223
8640    -0.89717231    -0.61381238    -0.09800993
8650    -1.05700603    -0.22898697    -0.09656501
8660    -2.14712541    -0.80006212    -0.17248788
8670    -2.71051385    -1.13003631    -0.30612651
8680    -1.65625548    -0.37984421    -0.39751364
8690    -2.46291113    -1.18232199    -0.52744945
8700    -2.45993488    -1.29040485    -0.29600357
8710    -1.43067832    -0.70364703    -0.10313188
8720    -2.54900835    -1.25901616    0.02603743
8730    -1.62580809    -1.06464334    0.05244292
8740    -2.85523781    -1.82145701    -0.14642051
8750    -1.05506117    -1.01603012    0.19307427
8760    -1.56286121    -0.91100154    0.28567468
8770    -1.58502634    -1.08338322    0.19681407
8780    -2.61280765    -1.68249177    0.22173340
8790    -1.62001552    -1.32852697    0.46559984
8800    -1.39326573    -1.03389984    0.22882142
8810    -0.54102559    -0.54649899    0.37694174
8820    2.16873592    1.49810073    0.43565735
8830    -1.92708979    -1.51397668    0.33757508
8840    -0.72880427    -0.68227626    0.18307027
8850    -2.38944919    -1.92077694    -0.08929741
8860    -0.81432942    -0.49885412    -0.06199753
8870    -1.44188541    -0.65869587    -0.16065374
8880    0.52219573    0.86301581    0.43893265
8890    -0.90085019    -1.11074372    -0.28578231
8900    -1.88298226    -1.49112924    0.07531177
8910    -0.82756375    -0.37401976    -0.11101353
8920    -0.30333528    -0.27818454    0.03465242
8930    -2.03527037    -1.61194232    0.06957943
8940    -1.45548244    -1.34444152    0.02820029
8950    -1.50207801    -1.80373527    0.20416989
8960    -1.28276789    -1.53393876    0.17181193
8970    -1.25823056    -1.33976577    0.28465837
8980    1.64619804    0.81368218    0.46984957
8990    0.31591302    0.13489005    0.35264874
9000    0.24483523    -0.34638461    0.32005189
9010    -1.70933277    -2.35836998    -0.05411133
9020    -1.03131685    -1.03087645    0.01623715
9030    -1.80320898    -2.31724923    -0.37007569
9040    -0.96651289    -1.15027096    -0.10812849
9050    -0.96683762    -1.10580281    -0.41436736
9060    -1.17854738    -0.84855450    -0.52425962
9070    -1.15752394    -0.81029589    -0.46386235
9080    -1.16668773    -1.07774587    -0.21165310
9090    -1.19515341    -1.20292551    -0.43394493
9100    -1.77979885    -1.92978176    -0.54531957
9110    0.61428296    1.57717425    -0.02027240
9120    -1.23614981    -1.42509348    -0.18984447
9130    -1.66218100    -1.78095673    -0.29241668
9140    -1.21021399    -2.18477742    0.04144291
9150    -0.28436863    -1.03238017    0.18380415
9160    0.88096938    0.66650938    0.60161499
9170    -0.35530341    -1.09386685    0.33820355
9180    -1.46234052    -2.57376717    0.10623059
9190    0.82786185    0.19168170    0.84986006
9200    -0.59515885    -1.49931536    0.48576712
9210    -0.92909191    -2.24782834    0.09735852
9220    -0.72171624    -1.86937222    0.04533395
9230    0.89052672    0.12551795    0.61657379
9240    0.49572791    0.57459228    0.27575394
9250    -0.23037316    -0.66631403    0.13779431
9260    -0.89623488    -1.75675059    -0.03382438
9270    0.80857853    0.43779101    0.37899110
9280    -0.83413712    -1.89571099    -0.45866863
9290    0.06762025    -1.42660144    -0.32931521
9300    0.64463509    0.41703849    0.16771045
9310    -1.36057389    -2.57879945    -0.33411172
9320    -0.56216690    -0.23705311    0.11065541
9330    -1.59933878    -2.71353709    -0.26388068
9340    -0.76119676    -1.14438803    -0.02062331
9350    -0.07033036    -0.59508271    0.13467811
9360    -0.29830488    -1.29783324    0.44303797
9370    -1.39347623    -2.44594188    0.21608932
9380    -0.90041119    -1.88882156    0.22300116
9390    -1.47072003    -2.39814956    0.06933051
9400    -1.18497192    -1.78072373    0.10757026
9410    -0.65186895    -1.06590998    0.11381268
9420    -0.59038892    -0.68790098    0.23578345
9430    -1.17428544    -2.58306458    -0.08367778
9440    -0.48260175    -1.52303844    -0.08803765
9450    -0.16761241    -0.30044631    0.02945787
9460    -0.74667104    -0.95447069    -0.18172056
9470    -0.00437773    -0.42990614    -0.23232961
9480    -0.64848352    -2.18597640    -0.19945243
9490    -0.55297088    -2.69193959    -0.01218346
9500    -0.24825588    -1.00687585    -0.11985740
9510    -0.06663034    -0.92452158    -0.08161080
9520    -0.22218165    -1.87356763    0.10017364
9530    0.08936259    -0.31959805    0.15378140
9540    -0.42559248    -2.38161951    0.19135066
9550    -0.68138873    -2.71906788    0.19064196
9560    -0.79352641    -2.55982067    0.25289943
9570    -0.61572571    -2.51264624    0.26886160
9580    -0.44180171    -1.19679790    0.22257984
9590    -0.45070075    -2.93722564    0.31311633
9600    -0.40825175    -2.90648567    0.46150643
9610    -0.69039510    -2.59364351    0.15221258
9620    -0.22735688    -0.93235529    0.20880666
9630    -0.56718056    -1.59361190    -0.14910009
9640    -0.42115287    -2.87960820    -0.14616438
9650    -0.15937702    -2.22478875    -0.00979363
9660    0.35348841    -2.75280753    0.17674565
9670    0.18864451    -1.78244049    0.05374975
9680    0.15718459    -2.39266447    0.09351319
9690    -0.09060899    -1.62063754    0.21289900
9700    0.08747761    -1.72731185    0.13780175
9710    0.03037495    -1.53744656    0.25560595
9720    0.08022079    -0.32909788    0.22574906
9730    0.02262511    -2.94334601    0.11765857
9740    0.14092198    -2.16247278    0.22013124
9750    0.19688964    -1.78944721    0.34848790
9760    0.02175417    -1.28272771    0.30487814
9770    0.13862993    -0.13278204    0.25270359
9780    0.09579955    -1.65868622    0.27670531
9790    -0.01018584    -0.29338549    0.28512018
9800    0.41825288    -2.10054859    0.37143689
9810    0.23473115    -0.27193335    0.29424746
9820    0.28040645    -1.61581427    0.11887477
9830    0.16020183    -0.57152673    0.08233254
9840    0.09480207    -1.64647811    0.11329627
9850    0.18484730    -1.54047717    -0.01918091
9860    0.02142217    0.65929225    -0.19799299
9870    0.39614875    -2.15705353    -0.15130069
9880    0.30539961    -1.50095492    -0.16449311
9890    0.56493726    -1.16344452    -0.28055349
9900    0.31675093    -1.66143693    -0.21081906
9910    0.09605693    -1.80114977    -0.35422919
9920    0.30878773    -2.63355522    -0.18673984
9930    0.29213287    -1.60340312    -0.10277695
9940    0.52759224    -1.79808256    -0.14077203
9950    -0.00033322    0.13478572    0.04554778
9960    0.02643362    0.24434777    -0.23085220
9970    0.25684871    -1.16092582    0.02439633
9980    -0.14317080    1.71990130    0.15333204
9990    0.28135605    -1.56004602    0.34103458
10000    0.05560833    -1.02602452    0.32797809
10010    0.56000195    -1.28467229    0.09972212
10020    0.66687741    -1.48231240    0.05656037
10030    0.75008782    -1.54838430    -0.14334790
10040    0.91882019    -1.27896962    0.01560147
10050    0.54520024    -0.55889277    0.01929567
10060    0.54203224    -1.31405305    -0.02988375
10070    0.85860850    -1.66501349    -0.00081767
10080    0.61600628    -2.02460150    -0.24061871
10090    0.61286489    -1.60835715    -0.21934938
10100    0.29930299    -1.14587980    -0.18845622
10110    0.23676297    -0.67379057    -0.04160091
10120    -0.02400099    -0.19282429    -0.12449848
10130    -0.09036658    0.94555410    -0.15557204
10140    0.40504610    -1.87770250    0.19078088
10150    0.65440929    -1.61314482    0.13339378
10160    0.70457304    -2.17324257    0.27728402
10170    0.25981203    -1.33979624    0.57649715
10180    -0.19324093    0.29091257    0.75065352
10190    1.05839222    -2.71034425    0.63538848
10200    -0.12843458    0.60589001    0.54830225
10210    0.28277850    -0.25054928    0.36602117
10220    1.18535760    -1.90061599    0.59201423
10230    0.92121056    -1.59010737    0.67855435
10240    1.84826983    -2.71450168    0.48730407
10250    2.00652869    -2.55949321    0.57996678
10260    2.20669415    -2.48048428    0.32088209
10270    1.53396287    -1.50170727    0.22366731
10280    0.45151149    0.04546209    0.19670682
10290    1.24938324    -1.13808750    0.44100974
10300    1.66666159    -2.15927944    0.32911001
10310    2.19852468    -2.48270430    0.33832839
10320    0.49127236    -0.36860900    0.08811280
10330    0.84610712    -0.74159478    0.29536891
10340    1.66637805    -2.37259945    0.19708689
10350    -0.56270100    0.64666726    0.44648444
10360    -1.26667876    1.46236454    0.04942884
10370    0.54095491    -1.24532277    0.08870984
10380    0.61450265    -1.42445298    0.17269480
10390    0.20340874    -0.76462568    -0.05390870
10400    0.76942130    -1.33617515    -0.16594140
10410    1.44168045    -2.11686469    -0.27920989
10420    0.01602346    -0.13938807    -0.58055605
10430    0.51590763    -1.51753964    -0.52267965
10440    1.14775992    -1.81793742    -0.22175961
10450    1.16355614    -1.65265561    -0.14648086
10460    1.46991745    -1.83697312    0.04296474
10470    0.57824598    -0.53337599    0.13793516
10480    1.38139792    -1.48766195    0.19318235
10490    0.99383380    -0.84210811    0.07462994
10500    0.95400794    -0.70875119    0.37010309
10510    1.56692836    -0.84942904    0.46207020
10520    1.48310709    -1.26472197    0.73827699
10530    0.98899681    -0.94540759    0.81572975
10540    1.74682010    -1.11284869    0.64961401
10550    0.60022749    0.44487359    0.48694126
10560    1.48398916    -0.94401768    0.44011942
10570    1.90476657    -1.43321879    0.30251238
10580    1.84084480    -0.89439180    0.03035512
10590    0.66967233    -0.11204403    0.41494270
10600    1.86711157    -1.71228190    0.46713245
10610    0.45436575    -0.61184667    0.15924635
10620    0.97091749    -1.15259449    -0.04672365
10630    0.35103527    -0.06829479    -0.16858318
10640    1.20900921    -1.34454382    0.13729458
10650    -0.00592385    -0.33801510    0.42219267
10660    1.00252772    -1.45755878    0.50853998
10670    1.02345315    -1.46905901    0.41357756
10680    -1.34663164    0.74741633    0.09322283
10690    -0.52744892    0.02062533    0.17376725
10700    1.01548776    -0.92996526    0.42871784
10710    0.28698119    -0.06162341    0.45941622
10720    1.15925423    -0.59814695    0.65542799
10730    -0.90946782    0.59852475    0.71241194
10740    2.04561213    -1.36826795    0.55160469
10750    1.12554585    -0.23267702    0.14205016
10760    0.97731100    -0.43889986    0.20817646
10770    2.22199945    -0.76195004    0.28169451
10780    2.59591666    -1.16586771    0.27754020
10790    1.97240691    -0.83942643    0.21732342
10800    1.29795328    -0.27369109    -0.29316139
10810    2.32190833    -0.77170870    -0.21835991
10820    1.48622277    -0.61425249    -0.28107465
10830    3.11303897    -0.88320965    -0.01667125
10840    1.92165950    -0.26279395    -0.25756225
10850    1.79606135    -0.44006475    -0.27768932
10860    2.46507928    -0.99340920    -0.19224246
10870    2.22283176    -0.91853939    0.23648124
10880    0.87397530    -0.36745364    0.04761421
10890    1.10476505    -0.31982694    0.37675668
10900    2.09141437    -0.78914969    0.59020220
10910    2.17149817    -1.07779844    0.79997927
10920    0.21801902    -0.26904106    0.43299442
10930    2.11359033    -1.22852194    0.78576063
10940    2.16609248    -0.97926743    0.76776099
10950    2.47787570    -1.20525493    0.85711439
10960    1.90343037    -0.93935794    1.11722293
10970    0.49277887    -0.42964708    0.68453054
10980    -0.65350033    0.22090472    0.13047199
10990    2.55058070    -0.88822101    0.56556763
11000    2.26127350    -0.73252763    0.58221257
11010    0.23923360    -0.08070908    0.72479501
11020    2.01560811    -0.28100093    0.52241366
11030    0.52036945    0.02601630    0.16899972
11040    1.57238856    -0.27222267    -0.11650425
11050    0.61756592    -0.02722131    0.04190403
11060    -0.04418823    0.66756096    0.10143875
11070    1.83231233    -0.06654781    0.14994015
11080    2.16698282    0.12883598    0.27787573
11090    1.50567205    0.11576626    0.22495556
11100    2.22601111    -0.17308671    0.29551799
11110    1.80489875    -0.19120069    0.44365809
11120    2.21304006    0.00110997    0.36720349
11130    1.55253688    0.16992693    0.49950049
11140    0.62280817    -0.01136904    0.61609474
11150    -1.14742299    0.47130932    0.05876906
11160    -1.11365461    -0.04725384    0.42331329
11170    -0.01675507    -0.17760385    0.71255160
11180    0.36637353    0.04433065    0.18925767
11190    2.36621595    -0.55014817    0.76088455
11200    -1.79178957    0.19451769    0.15658009
11210    -0.47750543    0.03494405    -0.30405288
11220    1.66909678    -0.23180949    0.28026751
11230    3.18223276    -0.33740074    0.55128234
11240    1.75342832    -0.28726600    0.07385333
11250    1.69082060    -0.14422890    0.18245285
11260    0.46675097    0.23603676    0.01924499
11270    1.70439088    -0.06939285    0.44392017
11280    2.41936029    0.28737663    0.47772055
11290    0.93216771    0.36932550    0.22793906
11300    1.66766244    0.20732534    0.27068166
11310    1.52210823    0.20648482    0.41857198
11320    1.04512691    0.31729490    0.45296969
11330    1.80096555    -0.07892682    0.31588318
11340    1.05974846    0.22934477    -0.04817443
11350    0.23397531    0.07938066    0.43262157
11360    1.14121198    -0.20364719    0.38739228
11370    1.68619031    -0.11814285    0.51730272
11380    1.01867746    -0.20979121    0.17930704
11390    0.83349051    -0.19124642    0.10815215
11400    1.93807901    -0.14297801    0.39994059
11410    1.57136070    0.10374335    0.57280495
11420    2.26117366    0.02999544    0.42361796
11430    0.94466444    -0.13904789    -0.04046454
11440    1.40148884    0.02904041    0.21379001
11450    0.70108540    -0.12935651    -0.26600570
11460    0.31890665    0.04400525    -0.14279389
11470    -0.68686516    -0.04363237    0.16373149
11480    1.45341000    0.37728371    -0.01029136
11490    0.55135892    0.27195774    -0.39728997
11500    -1.50699126    0.09784287    -0.64580675
11510    0.22739236    0.20766409    -0.29887637
11520    -1.04141791    0.45909713    -0.58742471
11530    2.97196636    0.97580081    0.31124475
11540    2.06269058    1.02068414    -0.05869786
11550    1.86006837    0.57397057    0.25931264
11560    3.16373680    0.90571367    0.34978702
11570    2.03860078    0.59167626    0.25217534
11580    2.60779524    0.96287290    0.28984368
11590    2.83868852    0.76865258    0.65085868
11600    1.86125819    0.33632970    0.63106434
11610    1.66734059    0.27580510    0.55344585
11620    2.22866610    0.53525517    0.02590227
11630    0.89829382    -0.05330260    0.40086153
11640    1.56544354    0.20997200    0.48527370
11650    0.37050888    0.22206148    0.19583037
11660    2.16783958    0.97142760    0.46484044
11670    1.65831319    1.01793802    0.24206071
11680    1.56398685    0.90642616    0.39996443
11690    0.30608901    0.43949036    -0.00900502
11700    1.32214158    1.02900243    0.05195336
11710    0.71727206    0.97764147    -0.29367919
11720    -0.64760066    0.39604735    -0.42835022
11730    0.24344552    0.83819334    0.01199802
11740    1.89197742    1.40827862    0.32882147
11750    1.76551540    1.30347901    0.11494138
11760    -0.12749452    0.51087819    -0.22533097
11770    1.33538288    0.97274088    0.61870541
11780    1.90510556    1.68762543    0.65968108
11790    1.32897948    0.92111411    0.54220688
11800    -0.30164029    -0.08237419    0.21984132
11810    0.69225529    0.47300025    0.42005490
11820    1.66464969    1.13004746    0.18693823
11830    1.81222886    1.12804832    0.44795249
11840    2.80156884    1.61583096    0.90609668
11850    -0.41700499    -0.57561203    -0.15591086
11860    0.69081340    -0.06022447    0.28551628
11870    1.33744929    1.24329346    0.50212717
11880    0.37777336    0.54923460    0.40577071
11890    1.25814726    1.24189767    0.38232049
11900    1.10171234    1.32001316    0.37393092
11910    -0.31884558    0.20784745    0.14144886
11920    1.08543563    1.52757797    0.50940151
11930    -0.15325978    0.41981081    0.43032938
11940    1.27933483    1.99414638    0.62547386
11950    -2.51413348    -1.61048937    -0.00721869
11960    -1.17617052    -0.20340272    0.22921016
11970    0.37346637    1.02384853    0.09806417
11980    1.84984836    2.17932731    0.56120648
11990    1.01430592    1.20909685    0.39615673
12000    1.31158346    1.13614741    0.63779819
12010    1.31000382    1.40074646    0.21405856
12020    1.97115347    1.76513807    0.54047615
12030    2.16339003    1.86695802    0.61859070
12040    0.59283181    0.52166631    0.67589986
12050    1.86635806    1.85546825    0.75071462
12060    1.62189974    1.95952956    0.61745854
12070    1.28004036    1.33994980    0.44320487
12080    1.53737271    1.83586474    0.54461694
12090    0.90344926    1.26273474    0.42379634
12100    0.97787793    1.46492643    0.54270548
12110    0.57278801    1.61898771    0.44917001
12120    0.93513602    1.93933434    0.49951270
12130    -0.47861197    0.75972664    0.21978059
12140    0.24056717    1.06344383    0.16438084
12150    -0.61477063    0.09546167    -0.23511212
12160    -0.15285049    1.06694681    0.23639785
12170    -0.29870776    0.48034636    0.38139797
12180    -0.16655566    0.53115698    -0.16053430
12190    0.74039887    1.15403916    0.37493935
12200    1.07634141    1.36318064    0.48726599
12210    0.09773552    -0.18360251    0.39470282
12220    1.62442448    1.94249108    0.77995257
12230    -0.40324331    -0.79462461    -0.08533444
12240    1.45766322    1.60683486    0.57374388
12250    0.97712214    0.59460026    0.41193633
12260    1.18197119    0.86084040    0.31101199
12270    0.03524168    -0.45036351    -0.32991171
12280    2.08328853    1.99592025    0.89939374
12290    1.51340486    1.92789180    0.67221195
12300    0.51498275    1.25216306    0.33430213
12310    0.59109101    1.33903214    -0.21971783
12320    1.11040372    1.95309580    0.27488546
12330    1.05386268    2.31871878    0.25111622
12340    -1.08108688    -0.46015272    -0.51688181
12350    1.08388527    2.04586337    0.43491025
12360    -0.28282678    0.79770320    -0.04260666
12370    -0.20989988    0.45441184    -0.00017635
12380    1.15917120    2.33731043    0.47027396
12390    -0.45497640    -0.64429333    0.03345499
12400    0.66381354    1.17299588    0.53339979
12410    0.46682231    1.01606647    0.71354758
12420    0.58045588    0.58769625    0.61697547
12430    0.18688111    0.22917082    0.53883586
12440    -0.58092622    -1.21631254    -0.39550885
12450    1.00898945    1.84873514    0.52539003
12460    0.86534214    1.11631528    0.60099196
12470    0.88874027    1.12416525    0.57228176
12480    0.72840968    0.76162370    0.61963426
12490    0.80291522    1.44974484    0.66366792
12500    0.80635147    1.81673698    0.38918898
12510    0.51628088    1.70683730    0.32369769
12520    0.55907420    2.49972431    0.36455453
12530    0.09615810    1.16842181    0.17104649
12540    -0.22437375    1.68665261    0.29530972
12550    -0.42169826    0.81074222    -0.21497243
12560    -0.49631069    0.80850659    -0.08621381
12570    0.07305000    1.17969587    0.08861276
12580    -0.03722959    1.52921006    0.31088682
12590    0.38689236    2.26106138    0.62734565
12600    0.36904755    2.10075076    0.82917936
12610    0.27124361    1.38921857    0.76780572
12620    0.34047100    1.51632863    0.61206434
12630    0.41827036    1.46631746    0.82488949
12640    0.02758422    -0.92904672    0.43062740
12650    0.06010823    1.11920280    0.94749030
12660    0.00844951    2.48499699    1.03707230
12670    0.26952282    2.47858488    0.86216804
12680    0.15298320    1.11901613    0.75839762
12690    0.05138419    0.19594434    0.46632208
12700    0.11971977    2.75402603    0.92849266
12710    -0.37815953    0.69067692    0.09816753
12720    0.03999586    1.60294527    0.69563978
12730    -0.45725394    0.15727895    -0.29961271
12740    -0.08447987    3.13843874    0.42598855
12750    -0.18072291    2.19712695    0.40141019
12760    -0.20810306    0.07870646    0.11427020
12770    -0.44036984    1.89053790    0.08016124
12780    -0.33687432    0.75523200    0.18113063
12790    -0.27270209    0.64883533    0.13422231
12800    -0.35559225    1.79096775    0.53298214
12810    -0.24544068    1.96933001    0.47410802
12820    0.11673854    1.04733738    0.60354592
12830    -0.12112168    0.79562368    0.29230119
12840    0.00728466    2.72240286    0.97993129
12850    -0.19716566    2.97897160    0.88349454
12860    -0.16387196    0.98811216    0.39739408
12870    -0.36491101    2.60928903    0.72373379
12880    -0.16304885    1.51478297    0.75738753
12890    0.07208804    0.95072224    0.43337205
12900    -0.36575255    2.50278513    0.48098598
12910    -0.52371325    2.10550904    0.74955807
12920    -0.21304659    0.78364231    0.13992773
12930    -0.47420090    1.44942167    0.34822144
12940    -0.32237982    0.98883724    0.67219736
12950    -0.66425996    1.10294446    0.48505668
12960    0.00422393    -0.04595542    0.43444958
12970    -0.72654604    0.96289068    0.48779941
12980    -0.47608596    0.83104056    0.36325297
12990    -0.28163487    0.59451660    0.48040104
13000    -0.67955460    1.71025076    0.83413434
13010    -0.43176001    1.26840116    0.61708023
13020    -0.62718240    2.25541725    0.87327947
13030    -0.19481857    1.38379084    0.43624503
13040    0.03110072    0.01098428    0.08065465
13050    -0.32386897    2.18940578    0.56919153
13060    -0.35051477    2.72246897    0.65386446
13070    0.06561869    1.20811470    0.27052141
13080    -0.43559477    1.15600041    -0.00713585
13090    -0.60635157    2.38114025    0.15697697
13100    -0.33289998    1.17896938    0.06331556
13110    -0.30168169    0.84452001    0.01202862
13120    -0.28613665    0.79435098    -0.00752171
13130    -0.49778546    1.10043396    0.18650944
13140    -0.71589122    1.94054090    0.37873282
13150    -0.15195464    -0.73992436    -0.22896918
13160    -0.56293838    1.10166382    0.48216044
13170    -0.80535372    2.05437874    0.53474253
13180    -0.83606556    1.81737588    0.54964231
13190    -1.16653678    2.19049338    0.84842482
13200    -0.19438009    -0.15194851    0.20758894
13210    -0.02705191    0.08375395    -0.02591577
13220    0.03986300    -0.16089894    -0.19539728
13230    -0.73894561    2.55199840    0.26622003
13240    -0.92153429    2.89479440    0.47559592
13250    -0.38989907    1.09514022    0.07059256
13260    -1.23771657    3.02557455    0.36337470
13270    -0.86603179    2.91844745    0.36678844
13280    -0.44369903    2.18510711    0.32633012
13290    -0.81428637    2.90687665    0.30936323
13300    0.05935340    -0.05524676    -0.11030897
13310    -0.49525256    1.16941817    0.29155880
13320    -0.71480296    1.24433191    0.72443237
13330    -0.98122375    2.02420922    0.88909967
13340    -0.84264072    0.92470784    0.69175148
13350    -0.54345039    0.02809506    0.65180943
13360    -1.33207628    1.81041402    1.23823130
13370    -1.26361900    1.87582787    1.08238247
13380    -1.25999696    1.12947343    0.93337594
13390    -0.89016303    1.10128433    0.96013475
13400    -0.82732700    1.46060550    0.85034316
13410    -1.08007862    1.38713834    0.76345390
13420    -0.73556779    1.18499669    0.37183768
13430    -1.24284959    1.87590910    0.67733433
13440    -0.81228778    1.62236912    0.60298513
13450    -0.92707786    1.23170100    0.40329231
13460    -1.35184213    2.58322886    0.73747024
13470    -0.84167541    1.66400232    0.21231225
13480    -0.70252526    1.72765749    0.83512525
13490    -0.49775186    1.36362317    0.19352574
13500    -0.45854270    1.17031307    0.60345153
13510    -0.50387926    0.75106802    0.40507054
13520    -1.09736712    1.69962523    0.98889837
13530    -1.22361684    1.75520352    0.91558877
13540    -1.19063943    1.41369165    0.61039431
13550    -1.03447507    1.24293352    0.66134905
13560    0.35738269    -0.46206216    0.22604720
13570    -1.73853668    1.77629103    1.02495009
13580    -0.72762684    1.10834007    0.66219152
13590    -0.75659019    0.67825292    0.28630454
13600    -1.44759492    1.26309865    0.61669889
13610    -0.37783644    0.36112213    0.25845206
13620    -0.92820324    0.94472139    0.50313286
13630    -1.22029116    0.90636185    0.21329409
13640    -0.92989512    1.44082742    0.91626236
13650    -0.40966839    0.55300711    0.70317513
13660    -2.07886677    2.21678651    1.11853286
13670    -0.16684788    0.08913058    0.27569237
13680    -1.29603767    1.69652246    1.04268494
13690    -0.97547207    1.70371023    1.17595535
13700    -0.52662263    1.19993146    0.94560513
13710    -1.60785141    1.54174418    0.94748861
13720    0.00035100    0.39873886    0.55109424
13730    -1.26162345    1.29681061    0.77328630
13740    -0.79130818    1.02516863    0.80000308
13750    -0.94426460    0.78063089    0.55063140
13760    -1.10179495    0.86111062    0.59173329
13770    -0.49335855    0.26925196    0.45486937
13780    -1.61158816    0.89802595    0.20221812
13790    0.16462349    -0.12233729    -0.24219970
13800    -1.38402157    0.54862180    0.24526640
13810    -0.51549209    0.32170404    0.10549650
13820    -1.51071493    1.04718605    0.36623821
13830    -2.04767954    1.41047521    0.53242963
13840    -0.63828012    0.20296347    0.23268324
13850    -1.62256760    1.03244590    0.52217217
13860    -1.87371207    1.06477022    0.05162877
13870    -0.71448143    0.54082598    0.26870695
13880    -1.91941389    1.64829903    0.62609900
13890    -1.62697028    1.31612235    0.39235317
13900    -1.83660622    1.47875637    0.42862575
13910    -1.54827404    1.20082399    0.30343965
13920    -1.64901093    1.55407581    0.43062696
13930    0.17078957    0.38359275    0.00295542
13940    -0.56191701    0.62124363    -0.02763188
13950    -2.14256488    1.68979195    0.58101097
13960    -1.40962888    1.23081343    0.18334721
13970    -1.55620575    0.99333338    0.38033413
13980    -0.00176319    0.17455062    0.05334470
13990    -1.22822724    0.80336695    0.08717103
14000    -2.28663262    1.22237582    0.50059043
14010    -0.14455872    -0.01247018    0.31433473
14020    0.44053567    -0.42574979    0.29567967
14030    -2.00661878    0.69500126    0.53006997
14040    -2.29050565    0.80716023    0.60177588
14050    -1.30485328    0.18109976    0.58530452
14060    -1.46660172    -0.03489345    0.59175629
14070    -2.78154808    0.81525665    0.97556654
14080    -0.96484198    -0.06376499    0.41887288
14090    -1.33217164    0.09217657    0.61476646
14100    0.11074125    -0.12489917    0.45271696
14110    -0.93569330    0.15507238    0.49777034
14120    -1.06873109    0.25323472    0.32134267
14130    -2.17917931    1.24487262    0.64668509
14140    -1.32609909    0.97278756    0.42053031
14150    -0.32582110    0.37799888    0.16483963
14160    -1.14591489    1.26154347    0.35845023
14170    -1.37604395    0.98948858    -0.01100420
14180    -1.11895613    1.40091895    0.24713004
14190    -1.83896681    1.30690735    0.59115016
14200    -1.69683473    1.50541677    0.83545658
14210    -0.72946512    0.86825617    0.48291800
14220    -0.06166691    0.45732537    0.26189069
14230    0.15176057    0.60108413    0.73303850
14240    1.58708263    0.18908865    0.56183517
14250    -0.76333719    0.22493420    0.69773883
14260    -1.54011578    0.79635375    0.76462665
14270    -2.61240935    0.77818847    0.97748410
14280    -1.83445609    0.46848631    0.72207776
14290    -1.93396866    0.40002178    0.45989137
14300    -2.00599745    0.20075112    0.55368095
14310    -1.50954360    -0.03619568    0.47080996
14320    0.92007270    -0.66778213    0.15405005
14330    -2.62062088    0.48890338    0.67700495
14340    0.87553825    -0.28069871    0.02840191
14350    -1.24717861    0.07485629    0.41853118
14360    -1.18401142    0.25567643    0.47650853
14370    -1.09826084    0.39037531    0.48008529
14380    -0.09781036    0.48972066    0.10111124
14390    -1.64337195    0.29371983    0.59804816
14400    -1.11755168    0.14583631    0.26009061
14410    -2.16348207    0.77574560    0.57345602
14420    -1.78431008    0.59248661    0.55683503
14430    -1.83536535    0.55020778    0.83092241
14440    -2.33937633    0.68109667    0.80908773
14450    -2.32214579    0.60940351    0.65999830
14460    -0.79339888    0.16864020    0.32518096
14470    -2.29307749    0.47709352    0.84981927
14480    -0.02118461    0.65432705    0.41867203
14490    -0.86699466    0.34728083    0.40078632
14500    1.05057292    0.39220062    0.09678717
14510    -1.81321851    0.24049858    0.48290541
14520    -1.64192550    0.47847568    0.64306338
14530    -1.85824318    0.25715841    0.78532499
14540    -2.46051835    -0.04371966    1.02899138
14550    -0.82589746    -0.29038726    0.71380163
14560    -1.78962338    -0.15434139    0.88095323
14570    -1.32391933    0.05641941    0.75495273
14580    -1.87675193    -0.06602237    0.88095993
14590    -0.65121710    -0.17129968    0.66422034
14600    -1.10240440    0.25600478    0.69209082
14610    2.35540429    0.24760156    -0.15956146
14620    -1.05903357    0.11719131    0.38463245
14630    0.10339600    0.50464181    0.23231899
14640    0.16464774    0.01971790    0.13296844
14650    -1.04040033    0.56224904    0.41036317
14660    -1.80477530    0.19042697    0.40202646
14670    1.71990636    0.04234333    0.23186131
14680    -1.42765636    0.62272955    0.15651999
14690    -0.02071498    0.18805989    0.23355051
14700    -0.35336561    0.16259218    0.07672181
14710    -0.05991308    0.17493408    0.10114669
14720    3.43697097    0.69436923    -0.09111907
14730    0.10343434    -0.01680208    0.11625203
14740    -1.25030993    -0.06915196    0.29459307
14750    -0.63422740    -0.41664825    0.05058457
14760    0.21235051    -0.22768540    0.07139402
14770    -1.47004095    -0.48173007    0.41968754
14780    -0.86647315    -0.66238441    0.14192997
14790    -0.57105641    -0.69195616    0.33137476
14800    -0.40689024    -0.81589714    0.01231600
14810    0.28364465    -0.30879426    -0.09363497
14820    -3.34671500    -1.17766495    0.54068640
14830    1.06020670    0.00396335    0.04387061
14840    -0.15453125    -0.34151335    0.22334785
14850    0.97450595    -0.02393068    -0.02321669
14860    -0.55538020    -0.28377918    0.12250439
14870    1.62009247    0.71547363    -0.35477206
14880    0.63345983    -0.03042291    -0.09128609
14890    -1.91309350    0.03539310    0.31232038
14900    0.18193590    0.26358911    -0.12835734
14910    -2.50529138    -0.06336070    0.26458210
14920    1.93981023    1.09250082    -0.25115318
14930    -0.72739230    0.57484482    0.12838506
14940    -0.49303943    0.17183956    -0.06358123
14950    0.50240238    0.93688532    0.09687260
14960    -0.58190154    0.40188418    0.13760135
14970    -1.60936838    -0.33907074    0.34918861
14980    -0.32249523    0.13075163    -0.02902008
14990    -1.77723659    -0.58330308    0.52629573
15000    0.50176833    0.46213991    -0.01768653
15010    1.76276730    0.64305991    -0.17258036
15020    -0.91752380    -0.53562221    0.33724484
15030    0.17468020    -0.32887726    0.09527160
15040    0.90415632    0.03932601    0.08102611
15050    -1.11126560    -0.68554669    0.39120950
15060    -2.28566292    -1.28312621    0.37657289
15070    -2.15271830    -0.76680960    0.31080985
15080    -2.48792656    -1.14276678    0.64036917
15090    -2.53322516    -0.67780225    0.34877971
15100    -1.55840321    -0.56373733    0.50380780
15110    -1.64751308    -0.41794469    0.27975437
15120    -1.26134667    0.04231405    0.40491127
15130    -2.51597683    -0.49442559    0.48603567
15140    -2.38051696    -0.85010325    0.63614900
15150    -0.58639351    0.61457609    0.44586487
15160    -2.71932044    -1.05777091    0.80412701
15170    -2.24202414    -0.45234143    0.86234611
15180    -2.24773446    -0.62627330    0.91608344
15190    -2.75006710    -1.45081354    1.22438959
15200    -1.42415141    -0.77152926    0.70664254
15210    -0.63463206    -0.49749224    0.84028930
15220    -2.16045102    -1.66209908    0.98441398
15230    -1.74581342    -1.40395171    0.87390959
15240    -2.44544849    -1.78119211    1.03369620
15250    -1.39945101    -1.24940704    0.48943669
15260    -1.80455660    -1.39765801    0.81538878
15270    -1.87184978    -1.19107786    0.53721434
15280    -1.31676602    -1.14416807    0.56541371
15290    -2.15903350    -1.39060840    0.24838380
15300    -2.11901346    -1.36839894    0.63969379
15310    -2.24474784    -1.60380351    0.49984855
15320    -1.50939374    -0.96021228    0.48849127
15330    -2.08766614    -1.60989428    0.37172017
15340    -0.48781174    -0.27710408    0.21589032
15350    -2.11239742    -1.55354415    0.47616146
15360    -0.96011703    -0.69759940    0.28463533
15370    -1.04858056    -0.59933647    0.41163310
15380    -0.51629910    -0.64379637    0.54944902
15390    -0.97586352    -1.30657877    0.42785015
15400    -0.04618237    -0.76943272    0.34300430
15410    0.03217131    -0.60337481    0.60886767
15420    -1.96398227    -1.78964647    0.74886850
15430    -0.45725011    -0.77849183    0.65137641
15440    -0.02638210    -0.05864995    0.20404205
15450    -1.48580280    -1.60457280    0.63284456
15460    -0.06059292    0.66502098    0.24070557
15470    -1.06689249    -0.57623544    0.48411071
15480    -1.61357360    -1.46410635    0.76491758
15490    -0.73046115    -0.16409484    0.32770653
15500    -1.50574839    -1.24804062    0.48869685
15510    -1.30961094    -0.74015648    0.36439442
15520    -0.62171502    -0.73012787    0.45952446
15530    0.43455379    0.87745481    -0.01782370
15540    -0.59406430    -0.76741979    0.26455496
15550    -0.22982613    -0.04587929    -0.00782786
15560    1.10783222    1.47627816    -0.00351625
15570    -0.20856818    -0.76766853    0.06804803
15580    1.01755093    0.90530573    0.05281047
15590    0.88893161    1.26303410    -0.10368338
15600    1.57362340    1.50850871    -0.02723811
15610    -0.39104792    -0.86084422    0.21967582
15620    -0.02863065    -0.74295091    0.07991144
15630    0.06114931    -0.29969542    0.22042285
15640    -1.18329502    -2.30535679    0.40640993
15650    0.07769874    -0.72128752    0.43540028
15660    -1.33364838    -2.27619991    0.64330576
15670    -1.03481447    -2.05984939    0.59530997
15680    -0.80391829    -1.15572850    0.29956132
15690    -0.48274862    -0.71453978    0.27980239
15700    -0.43306152    -0.50431128    0.15615842
15710    -0.28951338    0.16687087    0.11201647
15720    -1.08441501    -1.30042539    0.51705934
15730    -1.16849537    -1.43762986    0.51680037
15740    -0.92082330    -1.15348820    0.13875259
15750    -1.25053190    -1.83144068    0.11699702
15760    -0.41622376    -0.67087287    -0.10936763
15770    -0.70706951    -1.32957623    0.21290993
15780    0.65822671    0.46005361    0.33516649
15790    0.20527525    -0.16423966    0.32544713
15800    0.11976527    -1.09872685    0.24960380
15810    -0.01468510    -1.23764005    0.16697277
15820    0.34384633    -1.44885592    0.15570687
15830    -0.02277393    -1.10597613    0.36767832
15840    0.10292877    -1.65468781    0.49530764
15850    -0.40107208    -2.41919525    0.62249352
15860    -0.26891889    -1.20649841    0.32722525
15870    -0.34822450    -1.38886913    0.34361383
15880    -0.43239995    -1.09933878    0.02101580
15890    -0.86036344    -1.95922125    0.14619090
15900    -0.83106454    -1.54083612    0.04785393
15910    -0.92892705    -1.83454765    0.18591788
15920    -1.29167210    -2.68411672    0.10001953
15930    -1.14481727    -2.82465875    -0.00327487
15940    -0.63264870    -0.67778527    -0.15583481
15950    -0.42004887    -0.39485253    -0.13384437
15960    -0.98396555    -1.49951069    -0.08940053
15970    -1.16401503    -2.92821422    0.40984392
15980    -0.62298666    -2.20580469    0.37827721
15990    0.40618873    -0.31648121    0.17719243
16000    -0.12844408    -1.82398314    0.39342752
16010    -0.07016731    -1.86145542    0.72696797
16020    0.16316001    -1.24178295    0.80238153
16030    -0.23035450    -1.03287338    0.78236228
16040    0.10352591    -0.84070683    0.89607216
16050    -0.06084437    -1.21393395    0.74600667
16060    0.05919898    -1.60810218    0.79295724
16070    -0.25836879    -1.14688603    0.64853231
16080    -0.03343279    -1.24146234    0.53525925
16090    -0.42092310    -0.34985994    0.33250542
16100    -0.10978406    -1.46985814    0.31363504
16110    -0.21817399    -2.49364585    0.35857696
16120    -0.39407973    -1.65213054    0.30328524
16130    -0.32750132    -2.55673289    0.48475209
16140    -0.28786129    -1.70790818    0.23019936
16150    -0.05375308    -2.47826226    0.35488793
16160    -0.25696084    -0.91278707    -0.06422764
16170    -0.24476558    -1.84268684    0.19369183
16180    -0.27803353    -1.70249040    0.08482418
16190    0.20806869    -2.32412156    0.49888204
16200    -0.03143910    -1.40529618    0.30068736
16210    0.10475485    -1.84126408    0.40273429
16220    0.08782243    -1.73215919    0.36563216
16230    0.16425839    -1.35869519    0.70096255
16240    0.11852889    -1.47772914    0.55139538
16250    0.03453804    -1.41742209    0.27473494
16260    0.22165726    -1.35995487    0.23000316
16270    0.26531711    -1.73118234    0.22170487
16280    0.28706079    -1.82474786    0.30722316
16290    0.23225309    -1.56411305    0.32941364
16300    -0.00643296    -1.34739756    0.04405802
16310    0.64460732    -2.52438291    0.33532977
16320    0.81003727    -1.62738143    0.17154100
16330    0.75824872    -2.15878682    0.48248557
16340    0.37544515    -1.99224899    0.75703961
16350    0.79142073    -1.37702920    0.89338701
16360    -0.06853350    0.89453672    0.54291966
16370    0.04011545    0.38624117    0.11984299
16380    0.41861595    -1.15679846    0.62660286
16390    0.11550106    -0.44399055    0.62089400
16400    -0.00640849    0.73698653    0.13089320
16410    0.97261693    -1.42212536    0.56004144
16420    0.52092624    -1.31969924    0.21937566
16430    -0.15713568    0.25453826    0.17745461
16440    -0.11160909    1.57378932    -0.23215876
16450    0.43891582    0.13817202    -0.08630873
16460    0.19466686    -1.10800539    0.24820273
16470    0.63141443    -1.81310037    0.19747111
16480    0.04515621    0.05134607    -0.06840167
16490    0.18971088    -1.03189923    0.02174670
16500    -0.91196084    1.28006398    -0.30151796
16510    0.36367643    -2.03483850    -0.06615775
16520    0.10210954    -0.18590487    0.03414339
16530    0.67641858    -2.45545295    0.15122431
16540    0.14745589    0.95512593    -0.24885277
16550    0.69377073    -1.52278514    0.01759989
16560    1.01780330    -1.40591916    0.07011928
16570    1.63980776    -1.88209550    0.32353147
16580    1.45720039    -1.94298802    0.31187222
16590    1.71916490    -2.61357648    0.33715245
16600    1.30916877    -1.20500439    0.32172339
16610    1.08824255    -0.93688575    0.34022448
16620    0.95637831    -1.03017870    0.14580269
16630    0.99878400    -0.94384695    0.13051101
16640    0.22388835    -0.54554684    0.00449931
16650    0.86925477    -0.85187324    0.38451789
16660    0.17642753    0.22616700    0.22596305
16670    0.87953057    -1.76906463    0.27046089
16680    -0.16144141    -0.04201972    0.16990724
16690    -0.36941387    0.61355985    0.05653258
16700    1.10628735    -1.30083031    0.14421651
16710    -0.12163410    -0.01478104    0.25335625
16720    -1.37090107    1.26674377    0.14097428
16730    -0.02609452    0.21976620    0.02299031
16740    1.06576906    -1.94430351    0.26479366
16750    0.46721917    -0.46955317    0.03386412
16760    1.73310062    -2.23888697    0.47339354
16770    1.42399674    -1.56905432    0.46359740
16780    1.68264653    -2.25035537    0.36853578
16790    0.62480469    -0.41826971    0.14052398
16800    1.12066574    -1.29723241    0.40177500
16810    2.33969732    -2.81588304    0.57003851
16820    0.74206590    -0.84772873    0.52837246
16830    1.96387262    -2.26139970    0.69555596
16840    0.41261210    -0.30187316    0.43009925
16850    0.92728298    -1.02973955    0.42210064
16860    1.19365689    -1.43363366    0.46505314
16870    1.61783856    -1.50681058    0.68487778
16880    1.16827278    -1.03434825    0.86228362
16890    0.92263850    -0.84127465    0.64392465
16900    1.98160149    -1.92352965    0.69087068
16910    0.99398891    -1.40234405    0.65033367
16920    -1.01349977    1.14293621    0.33458419
16930    0.57025336    -0.71292456    0.42198408
16940    1.68048066    -1.73414528    0.42737196
16950    -0.56422167    0.06243362    0.12627725
16960    1.21759294    -0.83250821    0.20827472
16970    -0.78790131    0.51255720    -0.11954529
16980    1.50374341    -1.12896566    0.17320773
16990    -0.24697169    0.23783654    0.15894003
17000    0.33493170    -0.51003508    0.15299104
17010    1.05441149    -0.69079137    0.02733499
17020    2.53081166    -1.58652456    -0.01953592
17030    -0.59044938    0.84736699    0.00399987
17040    1.80127946    -1.55172482    0.19759817
17050    1.56725479    -1.56427545    0.17686019
17060    0.15798787    -0.58138831    0.15484475
17070    -0.01455498    -0.39914385    0.17795513
17080    1.00757864    -1.13277341    0.28001321
17090    2.07408534    -1.81688310    0.30907873
17100    1.22000305    -1.42610541    0.41856584
17110    1.39055205    -1.66262685    0.48219898
17120    -0.00688222    -0.23118219    0.66476271
17130    0.61297346    -0.99584963    0.52354415
17140    0.37413734    -0.52612245    0.46874918
17150    1.74922154    -1.49902300    0.65770828
17160    0.29218535    0.04910626    0.59673900
17170    1.96759740    -1.32807271    0.49930170
17180    1.52271533    -0.77121688    0.34846009
17190    2.73247757    -1.15116819    0.42028332
17200    0.02005214    0.44793624    0.14401527
17210    1.25433163    0.13756682    0.30193967
17220    2.00372814    -0.32329776    -0.08362496
17230    1.83667780    0.10674739    0.19563388
17240    0.76725959    0.44838484    0.10751576
17250    0.75356648    0.37146561    0.27581045
17260    2.37181608    -0.80127602    0.28301450
17270    -0.14906507    0.54249795    0.23536372
17280    -0.25652462    0.46893726    0.11618608
17290    -0.50600057    0.42303446    0.61868186
17300    0.97717111    -0.45617495    0.52245034
17310    -0.80592823    0.11644011    0.57073625
17320    0.80742164    -0.33082073    0.10701476
17330    1.40463431    -0.88767910    0.11530133
17340    0.82243278    -0.68441393    0.39654717
17350    1.14538525    -0.76778750    0.41521192
17360    2.23181516    -0.75379872    0.20260895
17370    1.08980115    -1.16152095    0.23236551
17380    2.09494678    -0.66334730    -0.01900066
17390    1.29881665    -1.01499819    0.07132865
17400    -0.24772824    -0.18253594    0.18988866
17410    2.56590447    -0.38991759    -0.15424401
17420    1.33971682    -0.31253932    -0.15642784
17430    1.90281028    -0.30097559    0.14754766
17440    -0.44260799    0.17350256    0.11832579
17450    -0.54816484    0.61832032    0.14115756
17460    -0.99103141    0.27049411    0.25930321
17470    0.60467212    0.17307145    0.19993279
17480    -0.86154406    0.84975129    -0.30153354
17490    -2.33425052    0.78121510    0.27387299
17500    0.73887375    0.25900990    0.08780597
17510    -0.95173053    1.14432315    -0.31400725
17520    -0.53061627    0.89216483    -0.30909867
17530    -1.29317698    0.59656779    -0.09171084
17540    0.59045887    0.47616113    -0.35313598
17550    1.24827187    0.19762969    -0.00741327
17560    0.33940926    0.31325360    0.01969667
17570    1.89648668    0.12943207    -0.15819668
17580    3.01458629    0.07242579    -0.15621620
17590    3.14255973    -0.00223915    -0.18280911
17600    2.75084094    0.25350935    -0.09518692
17610    2.90765743    0.23356825    -0.24370936
17620    2.75691272    -0.08090176    0.05126063
17630    2.88323120    -0.12434092    0.15408251
17640    2.19151071    -0.38593119    0.50705725
17650    3.21554427    -0.16624606    0.33306539
17660    1.59407599    -0.37939218    0.66056816
17670    2.81132521    -0.26000098    0.44885692
17680    2.38255852    -0.35885397    0.59687247
17690    2.45683489    -0.34268227    0.48072166
17700    2.52627856    -0.17064965    0.53268528
17710    3.27217034    -0.09324580    0.45889151
17720    -0.87535455    0.12027351    0.29024217
17730    1.79279752    0.11910645    0.34978960
17740    2.29838643    0.20210660    0.41216626
17750    1.42643588    0.41425520    0.35647017
17760    1.49597841    0.81629864    0.13720932
17770    0.87789883    0.55993786    0.44344359
17780    -1.01133661    0.77151882    0.07292285
17790    1.72470293    0.76960051    0.12106277
17800    0.23148581    0.99805819    0.20510740
17810    0.70256049    0.80825677    0.33692202
17820    1.97745655    0.70709315    0.40244464
17830    2.35057468    0.94835631    0.20726733
17840    1.08577398    0.71890916    0.00967378
17850    0.98416244    0.77464268    -0.02239772
17860    0.38467460    -0.04161057    0.49237300
17870    0.84799104    0.44307680    0.00866995
17880    1.20402577    0.30425847    0.23172853
17890    1.61741265    0.60824062    0.07345422
17900    2.07912794    0.15263095    -0.03934938
17910    -0.17250360    -0.04394062    -0.13925968
17920    2.52262771    -0.23826417    0.50009608
17930    2.44792428    0.18539561    0.27606206
17940    1.04294892    -0.46684350    0.29301247
17950    2.39325455    0.00039307    0.24850958
17960    0.78873026    -0.16886564    0.24002954
17970    1.00031556    -0.10891840    0.14404117
17980    0.49190153    -0.05209052    0.49804185
17990    2.71469443    0.22431729    0.48187802
18000    2.56498521    0.40672676    0.21214552
18010    1.55465794    0.42350370    0.35073389
18020    0.72705285    0.47493610    -0.02329026
18030    1.11906926    0.73443732    -0.05042429
18040    0.67801158    0.72334940    0.04988234
18050    2.28618306    1.06962454    0.02176998
18060    -1.27719674    -0.12852964    0.01908820
18070    0.84819875    0.49509884    -0.06274092
18080    2.16840839    0.80525092    -0.05282936
18090    1.47945598    0.88219010    -0.12631686
18100    -2.16362705    -0.27896792    0.14555266
18110    -1.20524619    -0.41109303    0.52382716
18120    0.19573455    -0.33103202    0.61583165
18130    -0.04285615    -0.03283174    0.15359286
18140    2.89874648    0.87344890    0.26747925
18150    0.26331579    0.00150245    0.51833474
18160    1.09502719    0.43423744    0.62191271
18170    0.90751719    0.46091490    0.25691974
18180    2.71016239    1.21300494    0.18432744
18190    -1.38645402    -0.69218101    -0.01614925
18200    -0.78595734    -0.46773345    0.44301206
18210    1.39781815    0.59046780    0.19408322
18220    1.32396237    0.57659614    -0.15396199
18230    3.18159863    1.70954231    -0.18244066
18240    1.06751300    0.49342927    -0.30211231
18250    -0.51364429    -0.13844984    -0.26101148
18260    1.82364374    1.09341002    -0.18401806
18270    2.23708063    1.27028599    -0.32403230
18280    2.28394698    1.51218222    -0.22316866
18290    -0.29718187    0.13433994    -0.01871791
18300    0.18343261    0.48690023    -0.08852415
18310    0.87591040    0.93135992    -0.26104375
18320    -1.12911559    -0.55656085    -0.25606732
18330    -1.89301371    -0.63524464    0.10324416
18340    0.09213331    0.71959718    0.18885418
18350    0.03989630    0.23118446    0.40184243
18360    -1.59292497    -0.82224891    0.53137156
18370    -0.63642642    -0.30333587    -0.00416438
18380    -0.37652886    0.14917077    0.52880481
18390    -1.16121458    -0.49119202    0.46141668
18400    1.10006779    1.17461485    0.54161256
18410    -0.34923213    0.11224351    0.51334401
18420    0.72551650    0.64826275    0.34880056
18430    0.37419806    0.37499936    0.45850846
18440    2.23297977    1.68254112    0.33044156
18450    1.32319479    1.39369076    0.49497318
18460    0.90805837    0.72566750    0.59685889
18470    1.59498430    1.51707264    0.07292816
18480    1.60630647    1.36971190    0.34482004
18490    2.06084382    1.63712130    0.42459324
18500    1.44971243    1.32469825    0.29066750
18510    1.81187049    1.93252478    0.01504227
18520    0.83730537    0.81323920    0.45502533
18530    -0.41718300    -0.62704299    0.82036049
18540    0.57883416    0.57781884    0.42550508
18550    0.92784507    1.15707551    0.39830871
18560    1.47599652    1.66739242    0.45842041
18570    0.26230466    1.01865593    -0.04754500
18580    -0.19606974    -0.00308464    0.59999094
18590    1.39778993    2.00874806    0.09616947
18600    0.83672170    1.31774653    0.25127428
18610    0.45697320    1.10914002    -0.02349263
18620    -0.58585581    -0.69663702    0.09231412
18630    1.53561593    2.48491176    -0.40655419
18640    1.71182625    2.24962283    -0.17925626
18650    1.27664748    1.78084230    -0.33398985
18660    0.20057045    0.58797633    -0.30256651
18670    1.04088397    1.04379259    -0.54174102
18680    0.35844240    -0.22099476    -0.21528652
18690    1.88791825    2.27634625    -0.16649224
18700    0.56619560    0.38469041    -0.18854309
18710    1.09576432    0.92226220    0.13293121
18720    1.82852062    2.40923247    -0.15848420
18730    1.53262683    1.80242571    0.09166103
18740    1.24559565    1.72926490    0.14939451
18750    1.23528828    1.82895584    0.56353527
18760    0.88519470    1.46544698    0.13542518
18770    1.04125837    1.89358683    0.31475509
18780    0.35809284    0.37168803    0.43264066
18790    0.71337763    1.88157185    0.21968187
18800    -0.03688777    0.12825894    0.37097861
18810    -0.12591346    0.65355622    0.15708740
18820    -0.18375647    0.01768235    0.25486845
18830    -1.14965811    -1.40194928    0.14017871
18840    -0.39210010    0.22790332    -0.09740730
18850    -1.09963710    -0.43094137    0.01727231
18860    0.02784787    1.12426495    0.15520605
18870    -0.60560094    0.44703202    -0.20303900
18880    0.16361515    1.11788378    -0.23142345
18890    0.15218693    0.97046680    -0.31714644
18900    0.17086596    0.57825398    -0.12339483
18910    -0.61394335    -1.36111457    0.11772558
18920    -0.53151236    -0.21371861    0.17412832
18930    -0.77677229    -0.20773973    0.04082944
18940    0.50837344    1.29680852    0.20798249
18950    0.96584748    1.64855130    0.13223133
18960    0.75230295    1.59769657    0.31931677
18970    0.12406095    0.92996057    -0.03858008
18980    0.32068820    0.97468658    0.23336203
18990    0.84846272    1.93983523    0.24305025
19000    0.26154622    0.72033177    0.20809456
19010    0.99296060    1.82513731    0.10093960
19020    0.58264748    1.60831312    0.24304188
19030    0.55659984    1.86402592    0.22575165
19040    0.79802531    2.90730127    0.16406318
19050    -0.28153786    -0.22566180    0.48116943
19060    0.61568261    1.72527626    -0.03425906
19070    0.33321321    1.27033745    0.18509297
19080    0.13013820    -0.02114091    0.22749261
19090    0.28094570    1.44185804    -0.25530482
19100    0.75368924    2.56104350    -0.15398061
19110    0.27596010    2.32781565    0.01552344
19120    0.03880685    1.22892251    -0.14669228
19130    -0.39447688    -0.83424762    -0.04265298
19140    0.02719057    2.11511981    -0.11391416
19150    -0.03802901    1.07138050    0.17287078
19160    -0.20362787    0.49184145    0.49907693
19170    -0.08785106    0.97866656    -0.01081292
19180    -0.10739852    0.41366536    0.13246817
19190    -0.49842660    -1.60202495    0.01900755
19200    0.04820527    1.82097834    0.39219323
19210    0.49854741    2.35375982    0.68962412
19220    0.24264564    2.01159723    0.36567375
19230    0.02557441    1.74100884    0.25119794
19240    0.43343621    1.65069173    0.40754121
19250    0.41651168    2.20462062    0.43067593
19260    0.27670894    2.40992894    0.47627381
19270    0.07676147    0.82930791    0.59756106
19280    0.39982200    2.69053528    0.67659237
19290    -0.19228338    0.82546559    -0.01823373
19300    0.00423249    1.79864902    0.16357416
19310    -0.27247215    1.67258423    0.06398733
19320    -0.44520858    0.13754709    -0.19048792
19330    -0.47250578    2.71980614    0.17523391
19340    -0.37484802    1.62437544    0.11593535
19350    -0.30281100    2.00457794    -0.04243457
19360    -0.59381780    0.48769784    -0.11717520
19370    -0.81075138    1.69391818    -0.29138317
19380    -0.65532412    1.88915832    -0.21405469
19390    -0.35149243    1.69627141    0.19410654
19400    -0.35547385    0.05292872    -0.14867493
19410    -0.59908107    2.75039225    0.03054825
19420    -0.43951310    2.17508680    -0.09311256
19430    -0.59691160    2.98010108    0.02794432
19440    -0.41096546    0.55144572    0.41223975
19450    0.14209036    -1.41675139    0.04792670
19460    -0.10627843    -0.02903775    -0.13740963
19470    -0.27954768    1.07912678    0.11012557
19480    -0.76418530    1.75909379    0.00612780
19490    -0.87343552    2.52870114    0.18322366
19500    -0.47626510    0.98762348    0.15346884
19510    -0.73971330    1.71035086    0.05712431
19520    -0.29526638    0.85453705    0.25449836
19530    -0.87903949    2.43497207    0.15843991
19540    -0.08980302    0.56603469    0.41310756
19550    -1.33318817    3.72558652    0.01681002
19560    -0.20385180    0.91506132    0.25099723
19570    -0.09893242    -0.04118783    0.33322204
19580    -1.07077698    1.84537822    0.15808254
19590    0.36729994    -0.71648936    0.16411093
19600    -0.47944804    1.15842467    -0.13289906
19610    0.29393315    -0.88464102    -0.01598023
19620    -0.34912666    0.26614140    -0.06567940
19630    -0.61418722    1.81392090    -0.27400777
19640    -0.21541762    0.24299903    -0.22832707
19650    -0.06313786    0.13934331    -0.06185103
19660    -1.06738169    1.63630601    -0.43049777
19670    -1.27977694    2.35663899    -0.25574300
19680    -1.42572457    2.79332900    -0.38408164
19690    -1.05309520    2.10650628    -0.35995909
19700    -0.74141709    1.57159885    -0.40960819
19710    -0.20087711    0.12346791    -0.25456025
19720    -1.03666396    1.82117170    -0.06361044
19730    0.16988406    -1.34492034    -0.20080821
19740    -0.59013306    0.99713375    0.28444377
19750    -1.14652539    1.95260513    0.14254954
19760    -0.70145196    0.83359932    0.11063227
19770    -1.34416047    1.79407291    -0.05461305
19780    -1.71214555    2.67597681    0.05111060
19790    -1.12395990    1.17623234    0.04080966
19800    -1.81121880    2.61225702    0.16124431
19810    -1.54160629    1.73744096    -0.01447042
19820    -0.87290362    1.16477741    0.02536946
19830    -0.98450861    1.69489273    0.02708613
19840    0.05543654    -0.62850694    -0.02563543
19850    -0.69820403    1.20125016    -0.13027967
19860    -0.81836660    1.37503078    -0.12015588
19870    -0.65528140    1.41315242    -0.05862528
19880    -0.46287503    0.81102711    -0.25714018
19890    0.33617144    -0.18649086    0.03108403
19900    -1.03013703    1.96693313    0.18268717
19910    -1.03075212    1.67899254    0.23364300
19920    -0.07161860    -0.67403206    0.05456048
19930    -0.35905270    0.21385142    0.43380525
19940    -1.14266899    1.19332238    0.48785606
19950    -0.64363525    -0.03010201    0.40919127
19960    -2.00413974    1.64670929    0.56345002
19970    -1.67284631    0.88991579    0.62278382
19980    -0.80805331    -0.05247021    0.52571747
19990    -1.79792105    1.26601636    0.69033182
20000    -0.81180101    0.30640419    0.96072660
